This is pdfTeX, Version 3.141592653-2.6-1.40.22 (TeX Live 2021) (preloaded format=pdflatex 2021.9.14)  20 NOV 2021 15:21
entering extended mode
 restricted \write18 enabled.
 %&-line parsing enabled.
**IGE344.tex
(./IGE344.tex
LaTeX2e <2020-10-01> patch level 4
L3 programming layer <2021-02-18>
\symAMSb=\mathgroup4

(/usr/local/texlive/2021/texmf-dist/tex/latex/base/report.cls
Document Class: report 2020/04/10 v1.4m Standard LaTeX document class
(/usr/local/texlive/2021/texmf-dist/tex/latex/base/size10.clo
File: size10.clo 2020/04/10 v1.4m Standard LaTeX file (size option)
)
\c@part=\count179
\c@chapter=\count180
\c@section=\count181
\c@subsection=\count182
\c@subsubsection=\count183
\c@paragraph=\count184
\c@subparagraph=\count185
\c@figure=\count186
\c@table=\count187
\abovecaptionskip=\skip47
\belowcaptionskip=\skip48
\bibindent=\dimen138
)
(./IGNrapport.sty
Package: IGNrapport 1998/09/18
 (/usr/local/texlive/2021/texmf-dist/tex/latex/tools/array.sty
Package: array 2020/10/01 v2.5c Tabular extension package (FMi)
\col@sep=\dimen139
\ar@mcellbox=\box47
\extrarowheight=\dimen140
\NC@list=\toks15
\extratabsurround=\skip49
\backup@length=\skip50
\ar@cellbox=\box48
) (/usr/local/texlive/2021/texmf-dist/tex/latex/cite/cite.sty
LaTeX Info: Redefining \cite on input line 302.
LaTeX Info: Redefining \nocite on input line 332.
Package: cite 2015/02/27  v 5.5
)
(/usr/local/texlive/2021/texmf-dist/tex/latex/tools/indentfirst.sty
Package: indentfirst 1995/11/23 v1.03 Indent first paragraph (DPC)
)
(/usr/local/texlive/2021/texmf-dist/tex/latex/graphics/epsfig.sty
Package: epsfig 2017/06/25 v1.7b (e)psfig emulation (SPQR)

(/usr/local/texlive/2021/texmf-dist/tex/latex/graphics/graphicx.sty
Package: graphicx 2020/09/09 v1.2b Enhanced LaTeX Graphics (DPC,SPQR)

(/usr/local/texlive/2021/texmf-dist/tex/latex/graphics/keyval.sty
Package: keyval 2014/10/28 v1.15 key=value parser (DPC)
\KV@toks@=\toks16
)
(/usr/local/texlive/2021/texmf-dist/tex/latex/graphics/graphics.sty
Package: graphics 2020/08/30 v1.4c Standard LaTeX Graphics (DPC,SPQR)

(/usr/local/texlive/2021/texmf-dist/tex/latex/graphics/trig.sty
Package: trig 2016/01/03 v1.10 sin cos tan (DPC)
)
(/usr/local/texlive/2021/texmf-dist/tex/latex/graphics-cfg/graphics.cfg
File: graphics.cfg 2016/06/04 v1.11 sample graphics configuration
)
Package graphics Info: Driver file: pdftex.def on input line 105.

(/usr/local/texlive/2021/texmf-dist/tex/latex/graphics-def/pdftex.def
File: pdftex.def 2020/10/05 v1.2a Graphics/color driver for pdftex
))
\Gin@req@height=\dimen141
\Gin@req@width=\dimen142
)
\epsfxsize=\dimen143
\epsfysize=\dimen144
)
(/usr/local/texlive/2021/texmf-dist/tex/latex/base/fleqn.sty

LaTeX Warning: inputting `fleqn.clo' instead of obsolete `fleqn.sty'.

(/usr/local/texlive/2021/texmf-dist/tex/latex/base/fleqn.clo
File: fleqn.clo 2016/12/29 v1.2b Standard LaTeX option (flush left equations)
\mathindent=\skip51
Applying: [2015/01/01] Make \[ robust on input line 50.
LaTeX Info: Redefining \[ on input line 51.
Already applied: [0000/00/00] Make \[ robust on input line 62.
Applying: [2015/01/01] Make \] robust on input line 74.
LaTeX Info: Redefining \] on input line 75.
Already applied: [0000/00/00] Make \] robust on input line 83.
))
(/usr/local/texlive/2021/texmf-dist/tex/latex/hyperref/hyperref.sty
Package: hyperref 2021-02-27 v7.00k Hypertext links for LaTeX

(/usr/local/texlive/2021/texmf-dist/tex/generic/ltxcmds/ltxcmds.sty
Package: ltxcmds 2020-05-10 v1.25 LaTeX kernel commands for general use (HO)
)
(/usr/local/texlive/2021/texmf-dist/tex/generic/iftex/iftex.sty
Package: iftex 2020/03/06 v1.0d TeX engine tests
)
(/usr/local/texlive/2021/texmf-dist/tex/generic/pdftexcmds/pdftexcmds.sty
Package: pdftexcmds 2020-06-27 v0.33 Utility functions of pdfTeX for LuaTeX (HO
)

(/usr/local/texlive/2021/texmf-dist/tex/generic/infwarerr/infwarerr.sty
Package: infwarerr 2019/12/03 v1.5 Providing info/warning/error messages (HO)
)
Package pdftexcmds Info: \pdf@primitive is available.
Package pdftexcmds Info: \pdf@ifprimitive is available.
Package pdftexcmds Info: \pdfdraftmode found.
)
(/usr/local/texlive/2021/texmf-dist/tex/generic/kvsetkeys/kvsetkeys.sty
Package: kvsetkeys 2019/12/15 v1.18 Key value parser (HO)
)
(/usr/local/texlive/2021/texmf-dist/tex/generic/kvdefinekeys/kvdefinekeys.sty
Package: kvdefinekeys 2019-12-19 v1.6 Define keys (HO)
)
(/usr/local/texlive/2021/texmf-dist/tex/generic/pdfescape/pdfescape.sty
Package: pdfescape 2019/12/09 v1.15 Implements pdfTeX's escape features (HO)
)
(/usr/local/texlive/2021/texmf-dist/tex/latex/hycolor/hycolor.sty
Package: hycolor 2020-01-27 v1.10 Color options for hyperref/bookmark (HO)
)
(/usr/local/texlive/2021/texmf-dist/tex/latex/letltxmacro/letltxmacro.sty
Package: letltxmacro 2019/12/03 v1.6 Let assignment for LaTeX macros (HO)
)
(/usr/local/texlive/2021/texmf-dist/tex/latex/auxhook/auxhook.sty
Package: auxhook 2019-12-17 v1.6 Hooks for auxiliary files (HO)
)
(/usr/local/texlive/2021/texmf-dist/tex/latex/kvoptions/kvoptions.sty
Package: kvoptions 2020-10-07 v3.14 Key value format for package options (HO)
)
\@linkdim=\dimen145
\Hy@linkcounter=\count188
\Hy@pagecounter=\count189

(/usr/local/texlive/2021/texmf-dist/tex/latex/hyperref/pd1enc.def
File: pd1enc.def 2021-02-27 v7.00k Hyperref: PDFDocEncoding definition (HO)
Now handling font encoding PD1 ...
... no UTF-8 mapping file for font encoding PD1
)
(/usr/local/texlive/2021/texmf-dist/tex/latex/hyperref/hyperref-langpatches.def
File: hyperref-langpatches.def 2021-02-27 v7.00k Hyperref: patches for babel la
nguages
) (/usr/local/texlive/2021/texmf-dist/tex/generic/intcalc/intcalc.sty
Package: intcalc 2019/12/15 v1.3 Expandable calculations with integers (HO)
)
(/usr/local/texlive/2021/texmf-dist/tex/generic/etexcmds/etexcmds.sty
Package: etexcmds 2019/12/15 v1.7 Avoid name clashes with e-TeX commands (HO)
)
\Hy@SavedSpaceFactor=\count190

(/usr/local/texlive/2021/texmf-dist/tex/latex/hyperref/puenc.def
File: puenc.def 2021-02-27 v7.00k Hyperref: PDF Unicode definition (HO)
Now handling font encoding PU ...
... no UTF-8 mapping file for font encoding PU
)
Package hyperref Info: Hyper figures OFF on input line 4192.
Package hyperref Info: Link nesting OFF on input line 4197.
Package hyperref Info: Hyper index ON on input line 4200.
Package hyperref Info: Plain pages OFF on input line 4207.
Package hyperref Info: Backreferencing OFF on input line 4212.
Package hyperref Info: Implicit mode ON; LaTeX internals redefined.
Package hyperref Info: Bookmarks ON on input line 4445.
\c@Hy@tempcnt=\count191

(/usr/local/texlive/2021/texmf-dist/tex/latex/url/url.sty
\Urlmuskip=\muskip16
Package: url 2013/09/16  ver 3.4  Verb mode for urls, etc.
)
LaTeX Info: Redefining \url on input line 4804.
\XeTeXLinkMargin=\dimen146

(/usr/local/texlive/2021/texmf-dist/tex/generic/bitset/bitset.sty
Package: bitset 2019/12/09 v1.3 Handle bit-vector datatype (HO)

(/usr/local/texlive/2021/texmf-dist/tex/generic/bigintcalc/bigintcalc.sty
Package: bigintcalc 2019/12/15 v1.5 Expandable calculations on big integers (HO
)
))
\Fld@menulength=\count192
\Field@Width=\dimen147
\Fld@charsize=\dimen148
Package hyperref Info: Hyper figures OFF on input line 6075.
Package hyperref Info: Link nesting OFF on input line 6080.
Package hyperref Info: Hyper index ON on input line 6083.
Package hyperref Info: backreferencing OFF on input line 6090.
Package hyperref Info: Link coloring OFF on input line 6095.
Package hyperref Info: Link coloring with OCG OFF on input line 6100.
Package hyperref Info: PDF/A mode OFF on input line 6105.
LaTeX Info: Redefining \ref on input line 6145.
LaTeX Info: Redefining \pageref on input line 6149.

(/usr/local/texlive/2021/texmf-dist/tex/latex/base/atbegshi-ltx.sty
Package: atbegshi-ltx 2020/08/17 v1.0a Emulation of the original atbegshi packa
ge
with kernel methods
)
\Hy@abspage=\count193
\c@Item=\count194
\c@Hfootnote=\count195
)
Package hyperref Info: Driver (autodetected): hpdftex.

(/usr/local/texlive/2021/texmf-dist/tex/latex/hyperref/hpdftex.def
File: hpdftex.def 2021-02-27 v7.00k Hyperref driver for pdfTeX

(/usr/local/texlive/2021/texmf-dist/tex/latex/base/atveryend-ltx.sty
Package: atveryend-ltx 2020/08/19 v1.0a Emulation of the original atvery packag
e
with kernel methods
)
\Fld@listcount=\count196
\c@bookmark@seq@number=\count197

(/usr/local/texlive/2021/texmf-dist/tex/latex/rerunfilecheck/rerunfilecheck.sty
Package: rerunfilecheck 2019/12/05 v1.9 Rerun checks for auxiliary files (HO)

(/usr/local/texlive/2021/texmf-dist/tex/generic/uniquecounter/uniquecounter.sty
Package: uniquecounter 2019/12/15 v1.4 Provide unlimited unique counter (HO)
)
Package uniquecounter Info: New unique counter `rerunfilecheck' on input line 2
86.
)
\Hy@SectionHShift=\skip52
)
Package hyperref Info: Option `colorlinks' set `true' on input line 9.
\@indexfile=\write3
\openout3 = `IGE344.idx'.


Writing index file IGE344.idx
\c@nblank=\count198
) (./GuideBW.sty
Package: GuideBW 1999/09/07
 (/usr/local/texlive/2021/texmf-dist/tex/latex/base/ifthen.sty
Package: ifthen 2014/09/29 v1.1c Standard LaTeX ifthen package (DPC)
) (/usr/local/texlive/2021/texmf-dist/tex/latex/tools/longtable.sty
Package: longtable 2020/01/07 v4.13 Multi-page Table package (DPC)
\LTleft=\skip53
\LTright=\skip54
\LTpre=\skip55
\LTpost=\skip56
\LTchunksize=\count199
\LTcapwidth=\dimen149
\LT@head=\box49
\LT@firsthead=\box50
\LT@foot=\box51
\LT@lastfoot=\box52
\LT@cols=\count266
\LT@rows=\count267
\c@LT@tables=\count268
\c@LT@chunks=\count269
\LT@p@ftn=\toks17
)
\NotationLength=\skip57
\DescriptionLength=\skip58
)
(/usr/local/texlive/2021/texmf-dist/tex/latex/base/makeidx.sty
Package: makeidx 2014/09/29 v1.0m Standard LaTeX package
)
(/usr/local/texlive/2021/texmf-dist/tex/latex/amsmath/amsmath.sty
Package: amsmath 2020/09/23 v2.17i AMS math features
\@mathmargin=\skip59

For additional information on amsmath, use the `?' option.
(/usr/local/texlive/2021/texmf-dist/tex/latex/amsmath/amstext.sty
Package: amstext 2000/06/29 v2.01 AMS text

(/usr/local/texlive/2021/texmf-dist/tex/latex/amsmath/amsgen.sty
File: amsgen.sty 1999/11/30 v2.0 generic functions
\@emptytoks=\toks18
\ex@=\dimen150
))
(/usr/local/texlive/2021/texmf-dist/tex/latex/amsmath/amsbsy.sty
Package: amsbsy 1999/11/29 v1.2d Bold Symbols
\pmbraise@=\dimen151
)
(/usr/local/texlive/2021/texmf-dist/tex/latex/amsmath/amsopn.sty
Package: amsopn 2016/03/08 v2.02 operator names
)
\inf@bad=\count270
LaTeX Info: Redefining \frac on input line 234.
\uproot@=\count271
\leftroot@=\count272
LaTeX Info: Redefining \overline on input line 399.
\classnum@=\count273
\DOTSCASE@=\count274
LaTeX Info: Redefining \ldots on input line 496.
LaTeX Info: Redefining \dots on input line 499.
LaTeX Info: Redefining \cdots on input line 620.
\Mathstrutbox@=\box53
\strutbox@=\box54
\big@size=\dimen152
LaTeX Font Info:    Redeclaring font encoding OML on input line 743.
LaTeX Font Info:    Redeclaring font encoding OMS on input line 744.
\macc@depth=\count275
\c@MaxMatrixCols=\count276
\dotsspace@=\muskip17
\c@parentequation=\count277
\dspbrk@lvl=\count278
\tag@help=\toks19
\row@=\count279
\column@=\count280
\maxfields@=\count281
\andhelp@=\toks20
\eqnshift@=\dimen153
\alignsep@=\dimen154
\tagshift@=\dimen155
\tagwidth@=\dimen156
\totwidth@=\dimen157
\lineht@=\dimen158
\@envbody=\toks21
\multlinegap=\skip60
\multlinetaggap=\skip61
\mathdisplay@stack=\toks22
LaTeX Info: Redefining \[ on input line 2923.
LaTeX Info: Redefining \] on input line 2924.
)
(/usr/local/texlive/2021/texmf-dist/tex/latex/tools/multicol.sty
Package: multicol 2019/12/09 v1.8y multicolumn formatting (FMi)
\c@tracingmulticols=\count282
\mult@box=\box55
\multicol@leftmargin=\dimen159
\c@unbalance=\count283
\c@collectmore=\count284
\doublecol@number=\count285
\multicoltolerance=\count286
\multicolpretolerance=\count287
\full@width=\dimen160
\page@free=\dimen161
\premulticols=\dimen162
\postmulticols=\dimen163
\multicolsep=\skip62
\multicolbaselineskip=\skip63
\partial@page=\box56
\last@line=\box57
\maxbalancingoverflow=\dimen164
\mult@rightbox=\box58
\mult@grightbox=\box59
\mult@gfirstbox=\box60
\mult@firstbox=\box61
\@tempa=\box62
\@tempa=\box63
\@tempa=\box64
\@tempa=\box65
\@tempa=\box66
\@tempa=\box67
\@tempa=\box68
\@tempa=\box69
\@tempa=\box70
\@tempa=\box71
\@tempa=\box72
\@tempa=\box73
\@tempa=\box74
\@tempa=\box75
\@tempa=\box76
\@tempa=\box77
\@tempa=\box78
\@tempa=\box79
\@tempa=\box80
\@tempa=\box81
\@tempa=\box82
\@tempa=\box83
\@tempa=\box84
\@tempa=\box85
\@tempa=\box86
\@tempa=\box87
\@tempa=\box88
\@tempa=\box89
\@tempa=\box90
\@tempa=\box91
\@tempa=\box92
\@tempa=\box93
\@tempa=\box94
\@tempa=\box95
\@tempa=\box96
\@tempa=\box97
\@tempa=\box98
\c@minrows=\count288
\c@columnbadness=\count289
\c@finalcolumnbadness=\count290
\last@try=\dimen165
\multicolovershoot=\dimen166
\multicolundershoot=\dimen167
\mult@nat@firstbox=\box99
\colbreak@box=\box100
\mc@col@check@num=\count291
)
(/usr/local/texlive/2021/texmf-dist/tex/latex/supertabular/supertabular.sty
Package: supertabular 2020/02/02 v4.1g the supertabular environment
\c@tracingst=\count292
\ST@wd=\dimen168
\ST@rightskip=\skip64
\ST@leftskip=\skip65
\ST@parfillskip=\skip66
\ST@pageleft=\dimen169
\ST@headht=\dimen170
\ST@tailht=\dimen171
\ST@pagesofar=\dimen172
\ST@pboxht=\dimen173
\ST@lineht=\dimen174
\ST@prevht=\dimen175
\ST@toadd=\dimen176
\ST@dimen=\dimen177
\ST@pbox=\box101
)
(/usr/local/texlive/2021/texmf-dist/tex/latex/l3backend/l3backend-pdftex.def
File: l3backend-pdftex.def 2021-03-18 L3 backend support: PDF output (pdfTeX)
\l__color_backend_stack_int=\count293
\l__pdf_internal_box=\box102
)
(./IGE344.aux

LaTeX Warning: Label `sect:tinst' multiply defined.


LaTeX Warning: Label `sect:strtinst' multiply defined.


LaTeX Warning: Label `sect:flpow' multiply defined.


LaTeX Warning: Label `sect:descintf' multiply defined.


LaTeX Warning: Label `sect:descdepld' multiply defined.


LaTeX Warning: Label `sect:lnsr_data' multiply defined.


LaTeX Warning: Label `sect:devicestate' multiply defined.


LaTeX Warning: Label `sect:detectdir' multiply defined.


LaTeX Warning: Label `tabl:tabrodgroup' multiply defined.


LaTeX Warning: Label `sect:devicestate' multiply defined.


LaTeX Warning: Label `sect:intdetecdir' multiply defined.

)
\openout1 = `IGE344.aux'.

LaTeX Font Info:    Checking defaults for OML/cmm/m/it on input line 28.
LaTeX Font Info:    ... okay on input line 28.
LaTeX Font Info:    Checking defaults for OMS/cmsy/m/n on input line 28.
LaTeX Font Info:    ... okay on input line 28.
LaTeX Font Info:    Checking defaults for OT1/cmr/m/n on input line 28.
LaTeX Font Info:    ... okay on input line 28.
LaTeX Font Info:    Checking defaults for T1/cmr/m/n on input line 28.
LaTeX Font Info:    ... okay on input line 28.
LaTeX Font Info:    Checking defaults for TS1/cmr/m/n on input line 28.
LaTeX Font Info:    ... okay on input line 28.
LaTeX Font Info:    Checking defaults for OMX/cmex/m/n on input line 28.
LaTeX Font Info:    ... okay on input line 28.
LaTeX Font Info:    Checking defaults for U/cmr/m/n on input line 28.
LaTeX Font Info:    ... okay on input line 28.
LaTeX Font Info:    Checking defaults for PD1/pdf/m/n on input line 28.
LaTeX Font Info:    ... okay on input line 28.
LaTeX Font Info:    Checking defaults for PU/pdf/m/n on input line 28.
LaTeX Font Info:    ... okay on input line 28.
 (/usr/local/texlive/2021/texmf-dist/tex/context/base/mkii/supp-pdf.mkii
[Loading MPS to PDF converter (version 2006.09.02).]
\scratchcounter=\count294
\scratchdimen=\dimen178
\scratchbox=\box103
\nofMPsegments=\count295
\nofMParguments=\count296
\everyMPshowfont=\toks23
\MPscratchCnt=\count297
\MPscratchDim=\dimen179
\MPnumerator=\count298
\makeMPintoPDFobject=\count299
\everyMPtoPDFconversion=\toks24
) (/usr/local/texlive/2021/texmf-dist/tex/latex/epstopdf-pkg/epstopdf-base.sty
Package: epstopdf-base 2020-01-24 v2.11 Base part for package epstopdf
Package epstopdf-base Info: Redefining graphics rule for `.eps' on input line 4
85.

(/usr/local/texlive/2021/texmf-dist/tex/latex/latexconfig/epstopdf-sys.cfg
File: epstopdf-sys.cfg 2010/07/13 v1.3 Configuration of (r)epstopdf for TeX Liv
e
))
(/usr/local/texlive/2021/texmf-dist/tex/latex/graphics/color.sty
Package: color 2020/02/24 v1.2b Standard LaTeX Color (DPC)

(/usr/local/texlive/2021/texmf-dist/tex/latex/graphics-cfg/color.cfg
File: color.cfg 2016/01/02 v1.6 sample color configuration
)
Package color Info: Driver file: pdftex.def on input line 147.
)
Package hyperref Info: Link coloring ON on input line 28.

(/usr/local/texlive/2021/texmf-dist/tex/latex/hyperref/nameref.sty
Package: nameref 2021-04-02 v2.47 Cross-referencing by name of section

(/usr/local/texlive/2021/texmf-dist/tex/latex/refcount/refcount.sty
Package: refcount 2019/12/15 v3.6 Data extraction from label references (HO)
)
(/usr/local/texlive/2021/texmf-dist/tex/generic/gettitlestring/gettitlestring.s
ty
Package: gettitlestring 2019/12/15 v1.6 Cleanup title references (HO)
)
\c@section@level=\count300
)
LaTeX Info: Redefining \ref on input line 28.
LaTeX Info: Redefining \pageref on input line 28.
LaTeX Info: Redefining \nameref on input line 28.
 (./IGE344.out) (./IGE344.out)
\@outlinefile=\write4
\openout4 = `IGE344.out'.

LaTeX Font Info:    Trying to load font information for U+msb on input line 36.


(/usr/local/texlive/2021/texmf-dist/tex/latex/amsfonts/umsb.fd
File: umsb.fd 2013/01/14 v3.01 AMS symbols B
)
Underfull \hbox (badness 10000) in paragraph at lines 36--36

 []

Package epstopdf Info: Source file: <64_bit.eps>
(epstopdf)                    date: 2021-11-10 20:42:38
(epstopdf)                    size: 174986 bytes
(epstopdf)             Output file: <64_bit-eps-converted-to.pdf>
(epstopdf)                    date: 2021-11-10 21:44:33
(epstopdf)                    size: 13963 bytes
(epstopdf)             Command: <repstopdf --outfile=64_bit-eps-converted-to.pd
f 64_bit.eps>
(epstopdf)             \includegraphics on input line 36.
Package epstopdf Info: Output file is already uptodate.
<64_bit-eps-converted-to.pdf, id=607, 150.5625pt x 177.66376pt>
File: 64_bit-eps-converted-to.pdf Graphic file (type pdf)
<use 64_bit-eps-converted-to.pdf>
Package pdftex.def Info: 64_bit-eps-converted-to.pdf  used on input line 36.
(pdftex.def)             Requested size: 48.22462pt x 56.9055pt.
[1

{/usr/local/texlive/2021/texmf-var/fonts/map/pdftex/updmap/pdftex.map} <./64_bi
t-eps-converted-to.pdf>] (./IGE344.toc)
\tf@toc=\write5
\openout5 = `IGE344.toc'.

 [2



] (./IGE344.lot)
\tf@lot=\write6
\openout6 = `IGE344.lot'.

 [3


] (./IGE344.lof)
\tf@lof=\write7
\openout7 = `IGE344.lof'.

[4


] (./Intro.tex
Section  1.

LaTeX Warning: Citation `PIP2016' on page 1 undefined on input line 4.


LaTeX Warning: Citation `v4' on page 1 undefined on input line 9.


LaTeX Warning: Citation `gan1' on page 1 undefined on input line 9.


LaTeX Warning: Citation `ganlib5' on page 1 undefined on input line 11.


LaTeX Warning: Citation `dragon' on page 1 undefined on input line 14.


LaTeX Warning: Citation `trivac' on page 1 undefined on input line 14.


LaTeX Warning: Citation `ah1' on page 1 undefined on input line 20.


LaTeX Warning: Citation `ah2' on page 1 undefined on input line 20.


LaTeX Warning: Citation `ah3' on page 1 undefined on input line 20.


LaTeX Warning: Citation `ah4' on page 1 undefined on input line 20.


LaTeX Warning: Citation `ah5' on page 1 undefined on input line 20.


LaTeX Warning: Citation `ah6' on page 1 undefined on input line 20.


LaTeX Warning: Citation `donjon' on page 1 undefined on input line 30.


LaTeX Warning: Citation `donjstruc' on page 1 undefined on input line 30.


LaTeX Warning: Citation `rozon' on page 1 undefined on input line 49.

) (./General.tex [1


] [2]
Section  2.
(./GenModul.tex

LaTeX Warning: Citation `dragon' on page 3 undefined on input line 13.


LaTeX Warning: Citation `trivac' on page 3 undefined on input line 14.


LaTeX Warning: Citation `gan1' on page 3 undefined on input line 16.


LaTeX Warning: Citation `dragon' on page 3 undefined on input line 16.


Underfull \hbox (badness 10000) in paragraph at lines 4--21

 []

[3

]

LaTeX Warning: Citation `hst' on page 4 undefined on input line 157.


LaTeX Warning: Citation `Chambon2014' on page 4 undefined on input line 159.


LaTeX Warning: Citation `Fliscounakis2011' on page 4 undefined on input line 15
9.

) (./GenObject.tex

LaTeX Warning: Citation `dragstruc' on page 4 undefined on input line 9.


Underfull \hbox (badness 10000) in paragraph at lines 4--12

 []

[4]
Overfull \hbox (7.55423pt too wide) in paragraph at lines 49--52
[]\OT1/cmr/m/n/10 data struc-ture con-tain-ing the de-vices spec-i-fi-ca-tion. 
This ob-ject has a sig-na-ture \OT1/cmtt/m/n/10 L[]DEVICE\OT1/cmr/m/n/10 ;
 []

) (./GenSpecif.tex

LaTeX Warning: Citation `cle2000' on page 5 undefined on input line 5.


LaTeX Warning: Citation `gan2' on page 5 undefined on input line 5.


Overfull \hbox (6.56502pt too wide) in paragraph at lines 4--7
[]\OT1/cmr/m/n/10 The in-put data to any mod-ule is read in free for-mat us-ing
 the sub-rou-tine \OT1/cmtt/m/n/10 REDGET\OT1/cmr/m/n/10 . CLE-2000 variables$[
]$
 []

[5]) (./GenGlobal.tex

LaTeX Warning: Citation `gan1' on page 6 undefined on input line 4.


LaTeX Warning: Citation `gan2' on page 6 undefined on input line 4.


Underfull \hbox (badness 10000) in alignment at lines 15--15
[]
 []


Underfull \hbox (badness 10000) in alignment at lines 15--15
[]
 []


Underfull \hbox (badness 10000) in alignment at lines 15--15
[]
 []


Underfull \hbox (badness 10000) in alignment at lines 15--15
[]
 []


Underfull \hbox (badness 10000) in alignment at lines 15--23
[]
 []

[6])) (./Modules.tex [7]
Section  3.
(./SectRESINI.tex
LaTeX Font Info:    Font shape `OT1/cmtt/bx/n' in size <10> not available
(Font)              Font shape `OT1/cmtt/m/n' tried instead on input line 1.

Underfull \hbox (badness 10000) in alignment at lines 60--60
[]
 []


Underfull \hbox (badness 10000) in alignment at lines 60--60
[]
 []


Underfull \hbox (badness 10000) in alignment at lines 60--60
[]
 []


Underfull \hbox (badness 10000) in alignment at lines 60--60
[]
 []


Underfull \hbox (badness 10000) in alignment at lines 60--65
[]
 []

[8

]
Underfull \hbox (badness 10000) in paragraph at lines 97--99

 []


Underfull \hbox (badness 10000) in alignment at lines 100--100
[]
 []


Underfull \hbox (badness 10000) in alignment at lines 100--100
[]
 []


Underfull \hbox (badness 10000) in alignment at lines 100--100
[]
 []


Underfull \hbox (badness 10000) in alignment at lines 100--100
[]
 []


Underfull \hbox (badness 10000) in alignment at lines 100--117
[]
 []

[9]

LaTeX Warning: Citation `dragon' on page 10 undefined on input line 147.

[10] [11]
Underfull \hbox (badness 10000) in alignment at lines 301--301
[]
 []


Underfull \hbox (badness 10000) in alignment at lines 301--301
[]
 []


Underfull \hbox (badness 10000) in alignment at lines 301--301
[]
 []


Underfull \hbox (badness 10000) in alignment at lines 301--301
[]
 []


Underfull \hbox (badness 10000) in alignment at lines 301--318
[]
 []

[12] [13] [14]

LaTeX Warning: Citation `tajmouati' on page 15 undefined on input line 496.

[15]) (./SectUSPLIT.tex
Underfull \hbox (badness 10000) in paragraph at lines 4--11

 []


Underfull \hbox (badness 10000) in alignment at lines 15--15
[]
 []


Underfull \hbox (badness 10000) in alignment at lines 15--15
[]
 []


Underfull \hbox (badness 10000) in alignment at lines 15--15
[]
 []


Underfull \hbox (badness 10000) in alignment at lines 15--15
[]
 []


Underfull \hbox (badness 10000) in alignment at lines 15--18
[]
 []


Underfull \hbox (badness 10000) in alignment at lines 44--44
[]
 []


Underfull \hbox (badness 10000) in alignment at lines 44--44
[]
 []


Underfull \hbox (badness 10000) in alignment at lines 44--44
[]
 []


Underfull \hbox (badness 10000) in alignment at lines 44--44
[]
 []


Underfull \hbox (badness 10000) in alignment at lines 44--52
[]
 []

[16

] [17]) (./SectMACINI.tex
Underfull \hbox (badness 10000) in paragraph at lines 19--26

 []


Underfull \hbox (badness 10000) in alignment at lines 30--30
[]
 []


Underfull \hbox (badness 10000) in alignment at lines 30--30
[]
 []


Underfull \hbox (badness 10000) in alignment at lines 30--30
[]
 []


Underfull \hbox (badness 10000) in alignment at lines 30--30
[]
 []


Underfull \hbox (badness 10000) in alignment at lines 30--34
[]
 []


LaTeX Warning: Citation `dragon' on page 18 undefined on input line 49.


LaTeX Warning: Citation `dragon' on page 18 undefined on input line 53.

[18

]) (./SectDEVINI.tex
Underfull \hbox (badness 10000) in paragraph at lines 4--12

 []


Underfull \hbox (badness 10000) in paragraph at lines 13--19

 []


Underfull \hbox (badness 10000) in alignment at lines 23--23
[]
 []


Underfull \hbox (badness 10000) in alignment at lines 23--23
[]
 []


Underfull \hbox (badness 10000) in alignment at lines 23--23
[]
 []


Underfull \hbox (badness 10000) in alignment at lines 23--23
[]
 []


Underfull \hbox (badness 10000) in alignment at lines 23--26
[]
 []

Package epstopdf Info: Source file: <Figures/rod.eps>
(epstopdf)                    date: 2021-11-10 20:42:57
(epstopdf)                    size: 485164 bytes
(epstopdf)             Output file: <Figures/rod-eps-converted-to.pdf>
(epstopdf)                    date: 2021-11-10 21:44:35
(epstopdf)                    size: 23458 bytes
(epstopdf)             Command: <repstopdf --outfile=Figures/rod-eps-converted-
to.pdf Figures/rod.eps>
(epstopdf)             \includegraphics on input line 54.
Package epstopdf Info: Output file is already uptodate.
<Figures/rod-eps-converted-to.pdf, id=748, 618.31pt x 323.2075pt>
File: Figures/rod-eps-converted-to.pdf Graphic file (type pdf)
<use Figures/rod-eps-converted-to.pdf>
Package pdftex.def Info: Figures/rod-eps-converted-to.pdf  used on input line 5
4.
(pdftex.def)             Requested size: 432.81404pt x 226.2437pt.

LaTeX Warning: `!h' float specifier changed to `!ht'.


Underfull \hbox (badness 10000) in alignment at lines 59--59
[]
 []


Underfull \hbox (badness 10000) in alignment at lines 59--59
[]
 []


Underfull \hbox (badness 10000) in alignment at lines 59--59
[]
 []


Underfull \hbox (badness 10000) in alignment at lines 59--59
[]
 []


Underfull \hbox (badness 10000) in alignment at lines 59--65
[]
 []

[19

]
Underfull \hbox (badness 10000) in alignment at lines 107--107
[]
 []


Underfull \hbox (badness 10000) in alignment at lines 107--107
[]
 []


Underfull \hbox (badness 10000) in alignment at lines 107--107
[]
 []


Underfull \hbox (badness 10000) in alignment at lines 107--107
[]
 []


Underfull \hbox (badness 10000) in alignment at lines 107--118
[]
 []

[20 <./Figures/rod-eps-converted-to.pdf>] [21]
Underfull \hbox (badness 10000) in alignment at lines 205--205
[]
 []


Underfull \hbox (badness 10000) in alignment at lines 205--205
[]
 []


Underfull \hbox (badness 10000) in alignment at lines 205--205
[]
 []


Underfull \hbox (badness 10000) in alignment at lines 205--205
[]
 []


Underfull \hbox (badness 10000) in alignment at lines 205--210
[]
 []

[22]) (./SectDETINI.tex
Underfull \hbox (badness 10000) in paragraph at lines 4--6

 []


Underfull \hbox (badness 10000) in alignment at lines 10--10
[]
 []


Underfull \hbox (badness 10000) in alignment at lines 10--10
[]
 []


Underfull \hbox (badness 10000) in alignment at lines 10--10
[]
 []


Underfull \hbox (badness 10000) in alignment at lines 10--10
[]
 []


Underfull \hbox (badness 10000) in alignment at lines 10--13
[]
 []


Underfull \hbox (badness 10000) in paragraph at lines 31--33

 []


Underfull \hbox (badness 10000) in alignment at lines 33--33
[]
 []


Underfull \hbox (badness 10000) in alignment at lines 33--33
[]
 []


Underfull \hbox (badness 10000) in alignment at lines 33--33
[]
 []


Underfull \hbox (badness 10000) in alignment at lines 33--33
[]
 []


Underfull \hbox (badness 10000) in alignment at lines 33--44
[]
 []

[23

]
Underfull \hbox (badness 10000) in alignment at lines 121--121
[]
 []


Underfull \hbox (badness 10000) in alignment at lines 121--121
[]
 []


Underfull \hbox (badness 10000) in alignment at lines 121--121
[]
 []


Underfull \hbox (badness 10000) in alignment at lines 121--121
[]
 []


Underfull \hbox (badness 10000) in alignment at lines 121--127
[]
 []

[24] [25]) (./SectLZC.tex
Underfull \hbox (badness 10000) in paragraph at lines 3--10

 []


Underfull \hbox (badness 10000) in paragraph at lines 11--19

 []


Underfull \hbox (badness 10000) in alignment at lines 23--23
[]
 []


Underfull \hbox (badness 10000) in alignment at lines 23--23
[]
 []


Underfull \hbox (badness 10000) in alignment at lines 23--23
[]
 []


Underfull \hbox (badness 10000) in alignment at lines 23--23
[]
 []


Underfull \hbox (badness 10000) in alignment at lines 23--26
[]
 []


Underfull \hbox (badness 10000) in alignment at lines 57--57
[]
 []


Underfull \hbox (badness 10000) in alignment at lines 57--57
[]
 []


Underfull \hbox (badness 10000) in alignment at lines 57--57
[]
 []


Underfull \hbox (badness 10000) in alignment at lines 57--57
[]
 []


Underfull \hbox (badness 10000) in alignment at lines 57--63
[]
 []

[26

]
Underfull \hbox (badness 10000) in alignment at lines 102--102
[]
 []


Underfull \hbox (badness 10000) in alignment at lines 102--102
[]
 []


Underfull \hbox (badness 10000) in alignment at lines 102--102
[]
 []


Underfull \hbox (badness 10000) in alignment at lines 102--102
[]
 []


Underfull \hbox (badness 10000) in alignment at lines 102--112
[]
 []

[27] [28]
Underfull \hbox (badness 10000) in alignment at lines 184--184
[]
 []


Underfull \hbox (badness 10000) in alignment at lines 184--184
[]
 []


Underfull \hbox (badness 10000) in alignment at lines 184--184
[]
 []


Underfull \hbox (badness 10000) in alignment at lines 184--184
[]
 []


Underfull \hbox (badness 10000) in alignment at lines 184--187
[]
 []

[29

]) (./SectDSET.tex
Underfull \hbox (badness 10000) in paragraph at lines 4--13

 []


Underfull \hbox (badness 10000) in alignment at lines 17--17
[]
 []


Underfull \hbox (badness 10000) in alignment at lines 17--17
[]
 []


Underfull \hbox (badness 10000) in alignment at lines 17--17
[]
 []


Underfull \hbox (badness 10000) in alignment at lines 17--17
[]
 []


Underfull \hbox (badness 10000) in alignment at lines 17--20
[]
 []


Underfull \hbox (badness 10000) in alignment at lines 41--41
[]
 []


Underfull \hbox (badness 10000) in alignment at lines 41--41
[]
 []


Underfull \hbox (badness 10000) in alignment at lines 41--41
[]
 []


Underfull \hbox (badness 10000) in alignment at lines 41--41
[]
 []


Underfull \hbox (badness 10000) in alignment at lines 41--50
[]
 []

[30

] [31]) (./SectMCC.tex
Underfull \hbox (badness 10000) in paragraph at lines 3--4

 []


Underfull \hbox (badness 10000) in paragraph at lines 5--6

 []


Underfull \hbox (badness 10000) in paragraph at lines 7--8

 []


Underfull \hbox (badness 10000) in alignment at lines 11--11
[]
 []


Underfull \hbox (badness 10000) in alignment at lines 11--11
[]
 []


Underfull \hbox (badness 10000) in alignment at lines 11--11
[]
 []


Underfull \hbox (badness 10000) in alignment at lines 11--11
[]
 []


Underfull \hbox (badness 10000) in alignment at lines 11--14
[]
 []


Underfull \hbox (badness 10000) in alignment at lines 34--34
[]
 []


Underfull \hbox (badness 10000) in alignment at lines 34--34
[]
 []


Underfull \hbox (badness 10000) in alignment at lines 34--34
[]
 []


Underfull \hbox (badness 10000) in alignment at lines 34--34
[]
 []


Underfull \hbox (badness 10000) in alignment at lines 34--39
[]
 []

[32

] [33]) (./SectMOVDEV.tex
Underfull \hbox (badness 10000) in paragraph at lines 4--13

 []


Underfull \hbox (badness 10000) in alignment at lines 17--17
[]
 []


Underfull \hbox (badness 10000) in alignment at lines 17--17
[]
 []


Underfull \hbox (badness 10000) in alignment at lines 17--17
[]
 []


Underfull \hbox (badness 10000) in alignment at lines 17--17
[]
 []


Underfull \hbox (badness 10000) in alignment at lines 17--20
[]
 []


Underfull \hbox (badness 10000) in alignment at lines 44--44
[]
 []


Underfull \hbox (badness 10000) in alignment at lines 44--44
[]
 []


Underfull \hbox (badness 10000) in alignment at lines 44--44
[]
 []


Underfull \hbox (badness 10000) in alignment at lines 44--44
[]
 []


Underfull \hbox (badness 10000) in alignment at lines 44--54
[]
 []

[34] [35]) (./SectNEWMAC.tex
Underfull \hbox (badness 10000) in paragraph at lines 4--13

 []


Underfull \hbox (badness 10000) in alignment at lines 17--17
[]
 []


Underfull \hbox (badness 10000) in alignment at lines 17--17
[]
 []


Underfull \hbox (badness 10000) in alignment at lines 17--17
[]
 []


Underfull \hbox (badness 10000) in alignment at lines 17--17
[]
 []


Underfull \hbox (badness 10000) in alignment at lines 17--21
[]
 []

[36

]) (./SectFLPOW.tex
Underfull \hbox (badness 10000) in paragraph at lines 4--11

 []


Underfull \hbox (badness 10000) in paragraph at lines 12--19

 []


Underfull \hbox (badness 10000) in paragraph at lines 20--26

 []


Underfull \hbox (badness 10000) in alignment at lines 30--30
[]
 []


Underfull \hbox (badness 10000) in alignment at lines 30--30
[]
 []


Underfull \hbox (badness 10000) in alignment at lines 30--30
[]
 []


Underfull \hbox (badness 10000) in alignment at lines 30--30
[]
 []


Underfull \hbox (badness 10000) in alignment at lines 30--41
[]
 []

[37

]
Underfull \hbox (badness 10000) in paragraph at lines 96--98

 []


Underfull \hbox (badness 10000) in alignment at lines 99--99
[]
 []


Underfull \hbox (badness 10000) in alignment at lines 99--99
[]
 []


Underfull \hbox (badness 10000) in alignment at lines 99--99
[]
 []


Underfull \hbox (badness 10000) in alignment at lines 99--99
[]
 []


Underfull \hbox (badness 10000) in alignment at lines 99--108
[]
 []

[38] [39]) (./SectTAVG.tex
Underfull \hbox (badness 10000) in paragraph at lines 4--11

 []


Underfull \hbox (badness 10000) in paragraph at lines 12--18

 []


Underfull \hbox (badness 10000) in alignment at lines 22--22
[]
 []


Underfull \hbox (badness 10000) in alignment at lines 22--22
[]
 []


Underfull \hbox (badness 10000) in alignment at lines 22--22
[]
 []


Underfull \hbox (badness 10000) in alignment at lines 22--22
[]
 []


Underfull \hbox (badness 10000) in alignment at lines 22--25
[]
 []


Underfull \hbox (badness 10000) in paragraph at lines 48--50

 []


Underfull \hbox (badness 10000) in alignment at lines 51--51
[]
 []


Underfull \hbox (badness 10000) in alignment at lines 51--51
[]
 []


Underfull \hbox (badness 10000) in alignment at lines 51--51
[]
 []


Underfull \hbox (badness 10000) in alignment at lines 51--51
[]
 []


Underfull \hbox (badness 10000) in alignment at lines 51--56
[]
 []

[40

]
Underfull \hbox (badness 10000) in paragraph at lines 88--99

 []

[41] [42]) (./SectTINST.tex
Underfull \hbox (badness 10000) in paragraph at lines 4--7

 []


Underfull \hbox (badness 10000) in alignment at lines 11--11
[]
 []


Underfull \hbox (badness 10000) in alignment at lines 11--11
[]
 []


Underfull \hbox (badness 10000) in alignment at lines 11--11
[]
 []


Underfull \hbox (badness 10000) in alignment at lines 11--11
[]
 []


Underfull \hbox (badness 10000) in alignment at lines 11--19
[]
 []

[43

]
Underfull \hbox (badness 10000) in paragraph at lines 55--57

 []


Underfull \hbox (badness 10000) in alignment at lines 58--58
[]
 []


Underfull \hbox (badness 10000) in alignment at lines 58--58
[]
 []


Underfull \hbox (badness 10000) in alignment at lines 58--58
[]
 []


Underfull \hbox (badness 10000) in alignment at lines 58--58
[]
 []


Underfull \hbox (badness 10000) in alignment at lines 58--68
[]
 []

[44

] [45]) (./SectSIM.tex
Underfull \hbox (badness 10000) in alignment at lines 17--17
[]
 []


Underfull \hbox (badness 10000) in alignment at lines 17--17
[]
 []


Underfull \hbox (badness 10000) in alignment at lines 17--17
[]
 []


Underfull \hbox (badness 10000) in alignment at lines 17--17
[]
 []


Underfull \hbox (badness 10000) in alignment at lines 17--20
[]
 []


Underfull \hbox (badness 10000) in alignment at lines 53--53
[]
 []


Underfull \hbox (badness 10000) in alignment at lines 53--53
[]
 []


Underfull \hbox (badness 10000) in alignment at lines 53--53
[]
 []


Underfull \hbox (badness 10000) in alignment at lines 53--53
[]
 []


Underfull \hbox (badness 10000) in alignment at lines 53--73
[]
 []

[46

] [47] [48] [49]) (./SectXENON.tex
Underfull \hbox (badness 10000) in alignment at lines 24--24
[]
 []


Underfull \hbox (badness 10000) in alignment at lines 24--24
[]
 []


Underfull \hbox (badness 10000) in alignment at lines 24--24
[]
 []


Underfull \hbox (badness 10000) in alignment at lines 24--24
[]
 []


Underfull \hbox (badness 10000) in alignment at lines 24--28
[]
 []


Underfull \hbox (badness 10000) in alignment at lines 51--51
[]
 []


Underfull \hbox (badness 10000) in alignment at lines 51--51
[]
 []


Underfull \hbox (badness 10000) in alignment at lines 51--51
[]
 []


Underfull \hbox (badness 10000) in alignment at lines 51--51
[]
 []


Underfull \hbox (badness 10000) in alignment at lines 51--55
[]
 []

[50

] [51]) (./SectDETECT.tex
Underfull \hbox (badness 10000) in alignment at lines 10--10
[]
 []


Underfull \hbox (badness 10000) in alignment at lines 10--10
[]
 []


Underfull \hbox (badness 10000) in alignment at lines 10--10
[]
 []


Underfull \hbox (badness 10000) in alignment at lines 10--10
[]
 []


Underfull \hbox (badness 10000) in alignment at lines 10--14
[]
 []


Underfull \hbox (badness 10000) in paragraph at lines 45--47

 []


Underfull \hbox (badness 10000) in alignment at lines 48--48
[]
 []


Underfull \hbox (badness 10000) in alignment at lines 48--48
[]
 []


Underfull \hbox (badness 10000) in alignment at lines 48--48
[]
 []


Underfull \hbox (badness 10000) in alignment at lines 48--48
[]
 []


Underfull \hbox (badness 10000) in alignment at lines 48--56
[]
 []

[52

] [53]) (./SectCVR.tex
Underfull \hbox (badness 10000) in paragraph at lines 4--14

 []


Underfull \hbox (badness 10000) in alignment at lines 18--18
[]
 []


Underfull \hbox (badness 10000) in alignment at lines 18--18
[]
 []


Underfull \hbox (badness 10000) in alignment at lines 18--18
[]
 []


Underfull \hbox (badness 10000) in alignment at lines 18--18
[]
 []


Underfull \hbox (badness 10000) in alignment at lines 18--20
[]
 []


Underfull \hbox (badness 10000) in paragraph at lines 42--44

 []


Underfull \hbox (badness 10000) in alignment at lines 45--45
[]
 []


Underfull \hbox (badness 10000) in alignment at lines 45--45
[]
 []


Underfull \hbox (badness 10000) in alignment at lines 45--45
[]
 []


Underfull \hbox (badness 10000) in alignment at lines 45--45
[]
 []


Underfull \hbox (badness 10000) in alignment at lines 45--53
[]
 []

[54

] [55] [56]) (./SectHST.tex

LaTeX Warning: Citation `hst' on page 57 undefined on input line 4.


Underfull \hbox (badness 10000) in alignment at lines 11--11
[]
 []


Underfull \hbox (badness 10000) in alignment at lines 11--11
[]
 []


Underfull \hbox (badness 10000) in alignment at lines 11--11
[]
 []


Underfull \hbox (badness 10000) in alignment at lines 11--11
[]
 []


LaTeX Font Warning: Font shape `OT1/cmr/m/scsl' undefined
(Font)              using `OT1/cmr/m/sc' instead on input line 12.


LaTeX Font Warning: Font shape `OT1/cmr/m/scsl' undefined
(Font)              using `OT1/cmr/m/sc' instead on input line 12.


LaTeX Font Warning: Font shape `OT1/cmr/m/scsl' undefined
(Font)              using `OT1/cmr/m/sc' instead on input line 12.


Underfull \hbox (badness 10000) in alignment at lines 11--14
[]
 []


Underfull \hbox (badness 10000) in alignment at lines 16--16
[]
 []


Underfull \hbox (badness 10000) in alignment at lines 16--16
[]
 []


Underfull \hbox (badness 10000) in alignment at lines 16--16
[]
 []


Underfull \hbox (badness 10000) in alignment at lines 16--16
[]
 []


LaTeX Font Warning: Font shape `OT1/cmr/m/scsl' undefined
(Font)              using `OT1/cmr/m/sc' instead on input line 17.


LaTeX Font Warning: Font shape `OT1/cmr/m/scsl' undefined
(Font)              using `OT1/cmr/m/sc' instead on input line 17.


LaTeX Font Warning: Font shape `OT1/cmr/m/scsl' undefined
(Font)              using `OT1/cmr/m/sc' instead on input line 17.


Underfull \hbox (badness 10000) in alignment at lines 16--22
[]
 []


Underfull \hbox (badness 10000) in alignment at lines 23--23
[]
 []


Underfull \hbox (badness 10000) in alignment at lines 23--23
[]
 []


Underfull \hbox (badness 10000) in alignment at lines 23--23
[]
 []


Underfull \hbox (badness 10000) in alignment at lines 23--23
[]
 []


LaTeX Font Warning: Font shape `OT1/cmr/m/scsl' undefined
(Font)              using `OT1/cmr/m/sc' instead on input line 24.


LaTeX Font Warning: Font shape `OT1/cmr/m/scsl' undefined
(Font)              using `OT1/cmr/m/sc' instead on input line 24.


Underfull \hbox (badness 10000) in alignment at lines 23--31
[]
 []


Underfull \hbox (badness 10000) in alignment at lines 33--33
[]
 []


Underfull \hbox (badness 10000) in alignment at lines 33--33
[]
 []


Underfull \hbox (badness 10000) in alignment at lines 33--33
[]
 []


Underfull \hbox (badness 10000) in alignment at lines 33--33
[]
 []


LaTeX Font Warning: Font shape `OT1/cmr/m/scsl' undefined
(Font)              using `OT1/cmr/m/sc' instead on input line 34.


LaTeX Font Warning: Font shape `OT1/cmr/m/scsl' undefined
(Font)              using `OT1/cmr/m/sc' instead on input line 34.


LaTeX Font Warning: Font shape `OT1/cmr/m/scsl' undefined
(Font)              using `OT1/cmr/m/sc' instead on input line 34.


Underfull \hbox (badness 10000) in alignment at lines 33--35
[]
 []


LaTeX Font Warning: Font shape `OT1/cmr/m/scsl' undefined
(Font)              using `OT1/cmr/m/sc' instead on input line 41.

[57

]

LaTeX Font Warning: Font shape `OT1/cmr/m/scsl' undefined
(Font)              using `OT1/cmr/m/sc' instead on input line 43.


LaTeX Font Warning: Font shape `OT1/cmr/m/scsl' undefined
(Font)              using `OT1/cmr/m/sc' instead on input line 45.


Underfull \hbox (badness 10000) in alignment at lines 80--80
[]
 []


Underfull \hbox (badness 10000) in alignment at lines 80--80
[]
 []


Underfull \hbox (badness 10000) in alignment at lines 80--80
[]
 []


Underfull \hbox (badness 10000) in alignment at lines 80--80
[]
 []


Underfull \hbox (badness 10000) in alignment at lines 80--85
[]
 []

[58]
Underfull \hbox (badness 10000) in alignment at lines 124--124
[]
 []


Underfull \hbox (badness 10000) in alignment at lines 124--124
[]
 []


Underfull \hbox (badness 10000) in alignment at lines 124--124
[]
 []


Underfull \hbox (badness 10000) in alignment at lines 124--124
[]
 []


Underfull \hbox (badness 10000) in alignment at lines 124--126
[]
 []


Underfull \hbox (badness 10000) in alignment at lines 143--143
[]
 []


Underfull \hbox (badness 10000) in alignment at lines 143--143
[]
 []


Underfull \hbox (badness 10000) in alignment at lines 143--143
[]
 []


Underfull \hbox (badness 10000) in alignment at lines 143--143
[]
 []


Underfull \hbox (badness 10000) in alignment at lines 143--145
[]
 []

[59] [60] [61] [62] [63]) (./SectROD.tex
Underfull \hbox (badness 10000) in paragraph at lines 3--4

 []


Underfull \hbox (badness 10000) in alignment at lines 7--7
[]
 []


Underfull \hbox (badness 10000) in alignment at lines 7--7
[]
 []


Underfull \hbox (badness 10000) in alignment at lines 7--7
[]
 []


Underfull \hbox (badness 10000) in alignment at lines 7--7
[]
 []


Underfull \hbox (badness 10000) in alignment at lines 7--9
[]
 []

Package epstopdf Info: Source file: <Figures/rod_pwr.eps>
(epstopdf)                    date: 2021-11-10 20:42:57
(epstopdf)                    size: 513260 bytes
(epstopdf)             Output file: <Figures/rod_pwr-eps-converted-to.pdf>
(epstopdf)                    date: 2021-11-10 21:44:38
(epstopdf)                    size: 22479 bytes
(epstopdf)             Command: <repstopdf --outfile=Figures/rod_pwr-eps-conver
ted-to.pdf Figures/rod_pwr.eps>
(epstopdf)             \includegraphics on input line 27.
Package epstopdf Info: Output file is already uptodate.
<Figures/rod_pwr-eps-converted-to.pdf, id=1034, 401.5pt x 180.675pt>
File: Figures/rod_pwr-eps-converted-to.pdf Graphic file (type pdf)
<use Figures/rod_pwr-eps-converted-to.pdf>
Package pdftex.def Info: Figures/rod_pwr-eps-converted-to.pdf  used on input li
ne 27.
(pdftex.def)             Requested size: 321.20042pt x 144.54018pt.
[64

 <./Figures/rod_pwr-eps-converted-to.pdf>]
Underfull \hbox (badness 10000) in alignment at lines 51--51
[]
 []


Underfull \hbox (badness 10000) in alignment at lines 51--51
[]
 []


Underfull \hbox (badness 10000) in alignment at lines 51--51
[]
 []


Underfull \hbox (badness 10000) in alignment at lines 51--51
[]
 []


Underfull \hbox (badness 10000) in alignment at lines 51--67
[]
 []

[65] [66]) (./SectIDET.tex
Underfull \hbox (badness 10000) in alignment at lines 11--11
[]
 []


Underfull \hbox (badness 10000) in alignment at lines 11--11
[]
 []


Underfull \hbox (badness 10000) in alignment at lines 11--11
[]
 []


Underfull \hbox (badness 10000) in alignment at lines 11--11
[]
 []


Underfull \hbox (badness 10000) in alignment at lines 11--14
[]
 []


Underfull \hbox (badness 10000) in alignment at lines 42--42
[]
 []


Underfull \hbox (badness 10000) in alignment at lines 42--42
[]
 []


Underfull \hbox (badness 10000) in alignment at lines 42--42
[]
 []


Underfull \hbox (badness 10000) in alignment at lines 42--42
[]
 []


Underfull \hbox (badness 10000) in alignment at lines 42--50
[]
 []

[67]
Overfull \hbox (0.29796pt too wide) in paragraph at lines 76--77
[]\OT1/cmr/m/n/10 ending po-si-tion (real num-ber) of the de-tec-tor along $\OM
L/cmm/m/it/10 X$ \OT1/cmr/m/n/10 axis. We must have \OT1/cmr/m/sl/10 valx1[]$\O
ML/cmm/m/it/10 <$\OT1/cmr/m/sl/10 valx2[]\OT1/cmr/m/n/10 . 
 []

[68])
Section  4.
(./SectCRE.tex
Underfull \hbox (badness 10000) in paragraph at lines 3--8

 []


Underfull \hbox (badness 10000) in paragraph at lines 26--34

 []


Underfull \hbox (badness 10000) in alignment at lines 38--38
[]
 []


Underfull \hbox (badness 10000) in alignment at lines 38--38
[]
 []


Underfull \hbox (badness 10000) in alignment at lines 38--38
[]
 []


Underfull \hbox (badness 10000) in alignment at lines 38--38
[]
 []


Underfull \hbox (badness 10000) in alignment at lines 38--43
[]
 []

[69


]
Underfull \hbox (badness 10000) in alignment at lines 72--72
[]
 []


Underfull \hbox (badness 10000) in alignment at lines 72--72
[]
 []


Underfull \hbox (badness 10000) in alignment at lines 72--72
[]
 []


Underfull \hbox (badness 10000) in alignment at lines 72--72
[]
 []


Underfull \hbox (badness 10000) in alignment at lines 72--77
[]
 []


Underfull \hbox (badness 10000) in alignment at lines 79--79
[]
 []


Underfull \hbox (badness 10000) in alignment at lines 79--79
[]
 []


Underfull \hbox (badness 10000) in alignment at lines 79--79
[]
 []


Underfull \hbox (badness 10000) in alignment at lines 79--79
[]
 []


Underfull \hbox (badness 10000) in alignment at lines 79--83
[]
 []


Underfull \hbox (badness 10000) in alignment at lines 122--122
[]
 []


Underfull \hbox (badness 10000) in alignment at lines 122--122
[]
 []


Underfull \hbox (badness 10000) in alignment at lines 122--122
[]
 []


Underfull \hbox (badness 10000) in alignment at lines 122--122
[]
 []


Underfull \hbox (badness 10000) in alignment at lines 122--127
[]
 []

[70]
Underfull \hbox (badness 10000) in alignment at lines 129--129
[]
 []


Underfull \hbox (badness 10000) in alignment at lines 129--129
[]
 []


Underfull \hbox (badness 10000) in alignment at lines 129--129
[]
 []


Underfull \hbox (badness 10000) in alignment at lines 129--129
[]
 []


Underfull \hbox (badness 10000) in alignment at lines 129--134
[]
 []


LaTeX Warning: Citation `chambon' on page 71 undefined on input line 170.


Package amsmath Warning: Foreign command \over;
(amsmath)                \frac or \genfrac should be used instead
(amsmath)                 on input line 172.

[71] [72]) (./SectNCR.tex
Underfull \hbox (badness 10000) in alignment at lines 12--12
[]
 []


Underfull \hbox (badness 10000) in alignment at lines 12--12
[]
 []


Underfull \hbox (badness 10000) in alignment at lines 12--12
[]
 []


Underfull \hbox (badness 10000) in alignment at lines 12--12
[]
 []


Underfull \hbox (badness 10000) in alignment at lines 12--14
[]
 []


Underfull \hbox (badness 10000) in alignment at lines 41--41
[]
 []


Underfull \hbox (badness 10000) in alignment at lines 41--41
[]
 []


Underfull \hbox (badness 10000) in alignment at lines 41--41
[]
 []


Underfull \hbox (badness 10000) in alignment at lines 41--41
[]
 []


Underfull \hbox (badness 10000) in alignment at lines 41--49
[]
 []

[73

]

LaTeX Warning: Citation `Intech2011' on page 74 undefined on input line 75.


Overfull \hbox (8.33792pt too wide) in paragraph at lines 94--96
[]\OT1/cmr/m/n/10 access the \OT1/cmr/m/sc/10 mul-ti-compo \OT1/cmr/m/n/10 stru
c-ture of \OT1/cmr/m/sl/10 CPONAM[] \OT1/cmr/m/n/10 from the sub-directory name
d \OT1/cmr/m/sl/10 NAMDIR[]\OT1/cmr/m/n/10 .
 []


Overfull \hbox (3.39511pt too wide) in paragraph at lines 97--99
[]\OT1/cmr/m/n/10 name of the pa-ram-e-ter for bur-nup (or ir-ra-di-a-tion) in 
the sub-directory named \OT1/cmr/m/sl/10 NAMDIR[]\OT1/cmr/m/n/10 .
 []

[74]
Underfull \hbox (badness 10000) in alignment at lines 112--112
[]
 []


Underfull \hbox (badness 10000) in alignment at lines 112--112
[]
 []


Underfull \hbox (badness 10000) in alignment at lines 112--112
[]
 []


Underfull \hbox (badness 10000) in alignment at lines 112--112
[]
 []


Underfull \hbox (badness 10000) in alignment at lines 112--119
[]
 []


LaTeX Warning: Citation `chambon' on page 75 undefined on input line 140.

[75]

LaTeX Warning: Citation `Intech2011' on page 76 undefined on input line 164.

[76] [77] [78]
Underfull \hbox (badness 10000) in paragraph at lines 237--238

 []


Underfull \hbox (badness 10000) in paragraph at lines 262--263
[]\OT1/cmr/m/n/10 GRID
 []


Underfull \hbox (badness 10000) in paragraph at lines 283--283
[]\OT1/cmr/m/n/10 PLANE
 []

[79

]
Underfull \hbox (badness 10000) in paragraph at lines 414--414
[]\OT1/cmr/m/n/10 GRID
 []


Underfull \hbox (badness 10000) in paragraph at lines 434--434
[]\OT1/cmr/m/n/10 PLANE
 []

[80] [81]
Package epstopdf Info: Source file: <Interpolation-GRID-INS.eps>
(epstopdf)                    date: 2021-11-10 20:42:39
(epstopdf)                    size: 1998677 bytes
(epstopdf)             Output file: <Interpolation-GRID-INS-eps-converted-to.pd
f>
(epstopdf)                    date: 2021-11-10 21:44:41
(epstopdf)                    size: 28197 bytes
(epstopdf)             Command: <repstopdf --outfile=Interpolation-GRID-INS-eps
-converted-to.pdf Interpolation-GRID-INS.eps>
(epstopdf)             \includegraphics on input line 537.
Package epstopdf Info: Output file is already uptodate.
<Interpolation-GRID-INS-eps-converted-to.pdf, id=1185, 433.62pt x 433.62pt>
File: Interpolation-GRID-INS-eps-converted-to.pdf Graphic file (type pdf)
<use Interpolation-GRID-INS-eps-converted-to.pdf>
Package pdftex.def Info: Interpolation-GRID-INS-eps-converted-to.pdf  used on i
nput line 537.
(pdftex.def)             Requested size: 173.44492pt x 173.44492pt.
Package epstopdf Info: Source file: <Interpolation-GRID-TA.eps>
(epstopdf)                    date: 2021-11-10 20:42:39
(epstopdf)                    size: 2050995 bytes
(epstopdf)             Output file: <Interpolation-GRID-TA-eps-converted-to.pdf
>
(epstopdf)                    date: 2021-11-10 21:44:44
(epstopdf)                    size: 29392 bytes
(epstopdf)             Command: <repstopdf --outfile=Interpolation-GRID-TA-eps-
converted-to.pdf Interpolation-GRID-TA.eps>
(epstopdf)             \includegraphics on input line 545.
Package epstopdf Info: Output file is already uptodate.
<Interpolation-GRID-TA-eps-converted-to.pdf, id=1186, 433.62pt x 433.62pt>
File: Interpolation-GRID-TA-eps-converted-to.pdf Graphic file (type pdf)
<use Interpolation-GRID-TA-eps-converted-to.pdf>
Package pdftex.def Info: Interpolation-GRID-TA-eps-converted-to.pdf  used on in
put line 545.
(pdftex.def)             Requested size: 173.44492pt x 173.44492pt.
Package epstopdf Info: Source file: <Interpolation-PLANE-INS.eps>
(epstopdf)                    date: 2021-11-10 20:42:39
(epstopdf)                    size: 2044462 bytes
(epstopdf)             Output file: <Interpolation-PLANE-INS-eps-converted-to.p
df>
(epstopdf)                    date: 2021-11-10 21:44:47
(epstopdf)                    size: 45833 bytes
(epstopdf)             Command: <repstopdf --outfile=Interpolation-PLANE-INS-ep
s-converted-to.pdf Interpolation-PLANE-INS.eps>
(epstopdf)             \includegraphics on input line 553.
Package epstopdf Info: Output file is already uptodate.
<Interpolation-PLANE-INS-eps-converted-to.pdf, id=1187, 433.62pt x 433.62pt>
File: Interpolation-PLANE-INS-eps-converted-to.pdf Graphic file (type pdf)
<use Interpolation-PLANE-INS-eps-converted-to.pdf>
Package pdftex.def Info: Interpolation-PLANE-INS-eps-converted-to.pdf  used on 
input line 553.
(pdftex.def)             Requested size: 173.44492pt x 173.44492pt.
Package epstopdf Info: Source file: <Interpolation-PLANE-TA.eps>
(epstopdf)                    date: 2021-11-10 20:42:40
(epstopdf)                    size: 2101601 bytes
(epstopdf)             Output file: <Interpolation-PLANE-TA-eps-converted-to.pd
f>
(epstopdf)                    date: 2021-11-10 21:44:50
(epstopdf)                    size: 29892 bytes
(epstopdf)             Command: <repstopdf --outfile=Interpolation-PLANE-TA-eps
-converted-to.pdf Interpolation-PLANE-TA.eps>
(epstopdf)             \includegraphics on input line 561.
Package epstopdf Info: Output file is already uptodate.
<Interpolation-PLANE-TA-eps-converted-to.pdf, id=1188, 433.62pt x 433.62pt>
File: Interpolation-PLANE-TA-eps-converted-to.pdf Graphic file (type pdf)
<use Interpolation-PLANE-TA-eps-converted-to.pdf>
Package pdftex.def Info: Interpolation-PLANE-TA-eps-converted-to.pdf  used on i
nput line 561.
(pdftex.def)             Requested size: 173.44492pt x 173.44492pt.
Package epstopdf Info: Source file: <Interpolation-AXE-INS.eps>
(epstopdf)                    date: 2021-11-10 20:42:38
(epstopdf)                    size: 2002192 bytes
(epstopdf)             Output file: <Interpolation-AXE-INS-eps-converted-to.pdf
>
(epstopdf)                    date: 2021-11-10 21:44:52
(epstopdf)                    size: 18456 bytes
(epstopdf)             Command: <repstopdf --outfile=Interpolation-AXE-INS-eps-
converted-to.pdf Interpolation-AXE-INS.eps>
(epstopdf)             \includegraphics on input line 569.
Package epstopdf Info: Output file is already uptodate.
<Interpolation-AXE-INS-eps-converted-to.pdf, id=1189, 433.62pt x 433.62pt>
File: Interpolation-AXE-INS-eps-converted-to.pdf Graphic file (type pdf)
<use Interpolation-AXE-INS-eps-converted-to.pdf>
Package pdftex.def Info: Interpolation-AXE-INS-eps-converted-to.pdf  used on in
put line 569.
(pdftex.def)             Requested size: 173.44492pt x 173.44492pt.
Package epstopdf Info: Source file: <Interpolation-AXE-TA.eps>
(epstopdf)                    date: 2021-11-10 20:42:39
(epstopdf)                    size: 2078797 bytes
(epstopdf)             Output file: <Interpolation-AXE-TA-eps-converted-to.pdf>

(epstopdf)                    date: 2021-11-10 21:44:54
(epstopdf)                    size: 38227 bytes
(epstopdf)             Command: <repstopdf --outfile=Interpolation-AXE-TA-eps-c
onverted-to.pdf Interpolation-AXE-TA.eps>
(epstopdf)             \includegraphics on input line 577.
Package epstopdf Info: Output file is already uptodate.
<Interpolation-AXE-TA-eps-converted-to.pdf, id=1190, 433.62pt x 433.62pt>
File: Interpolation-AXE-TA-eps-converted-to.pdf Graphic file (type pdf)
<use Interpolation-AXE-TA-eps-converted-to.pdf>
Package pdftex.def Info: Interpolation-AXE-TA-eps-converted-to.pdf  used on inp
ut line 577.
(pdftex.def)             Requested size: 173.44492pt x 173.44492pt.
Package epstopdf Info: Source file: <Interpolation-AXE-INSbis.eps>
(epstopdf)                    date: 2021-11-10 20:42:38
(epstopdf)                    size: 2067529 bytes
(epstopdf)             Output file: <Interpolation-AXE-INSbis-eps-converted-to.
pdf>
(epstopdf)                    date: 2021-11-10 21:44:56
(epstopdf)                    size: 45417 bytes
(epstopdf)             Command: <repstopdf --outfile=Interpolation-AXE-INSbis-e
ps-converted-to.pdf Interpolation-AXE-INSbis.eps>
(epstopdf)             \includegraphics on input line 585.
Package epstopdf Info: Output file is already uptodate.
<Interpolation-AXE-INSbis-eps-converted-to.pdf, id=1191, 433.62pt x 433.62pt>
File: Interpolation-AXE-INSbis-eps-converted-to.pdf Graphic file (type pdf)
<use Interpolation-AXE-INSbis-eps-converted-to.pdf>
Package pdftex.def Info: Interpolation-AXE-INSbis-eps-converted-to.pdf  used on
 input line 585.
(pdftex.def)             Requested size: 173.44492pt x 173.44492pt.
 [82

 <./Interpolation-GRID-INS-eps-converted-to.pdf> <./Interpolation-GRID-TA-eps-c
onverted-to.pdf> <./Interpolation-PLANE-INS-eps-converted-to.pdf> <./Interpolat
ion-PLANE-TA-eps-converted-to.pdf> <./Interpolation-AXE-INS-eps-converted-to.pd
f> <./Interpolation-AXE-TA-eps-converted-to.pdf>]
Package epstopdf Info: Source file: <Interpolation-PLAX-INS.eps>
(epstopdf)                    date: 2021-11-10 20:42:40
(epstopdf)                    size: 2011802 bytes
(epstopdf)             Output file: <Interpolation-PLAX-INS-eps-converted-to.pd
f>
(epstopdf)                    date: 2021-11-10 21:44:57
(epstopdf)                    size: 23821 bytes
(epstopdf)             Command: <repstopdf --outfile=Interpolation-PLAX-INS-eps
-converted-to.pdf Interpolation-PLAX-INS.eps>
(epstopdf)             \includegraphics on input line 593.
Package epstopdf Info: Output file is already uptodate.
<Interpolation-PLAX-INS-eps-converted-to.pdf, id=1235, 433.62pt x 433.62pt>
File: Interpolation-PLAX-INS-eps-converted-to.pdf Graphic file (type pdf)
<use Interpolation-PLAX-INS-eps-converted-to.pdf>
Package pdftex.def Info: Interpolation-PLAX-INS-eps-converted-to.pdf  used on i
nput line 593.
(pdftex.def)             Requested size: 173.44492pt x 173.44492pt.
Package epstopdf Info: Source file: <Interpolation-PLAX-TA.eps>
(epstopdf)                    date: 2021-11-10 20:42:40
(epstopdf)                    size: 2082526 bytes
(epstopdf)             Output file: <Interpolation-PLAX-TA-eps-converted-to.pdf
>
(epstopdf)                    date: 2021-11-10 21:44:59
(epstopdf)                    size: 26072 bytes
(epstopdf)             Command: <repstopdf --outfile=Interpolation-PLAX-TA-eps-
converted-to.pdf Interpolation-PLAX-TA.eps>
(epstopdf)             \includegraphics on input line 601.
Package epstopdf Info: Output file is already uptodate.
<Interpolation-PLAX-TA-eps-converted-to.pdf, id=1236, 433.62pt x 433.62pt>
File: Interpolation-PLAX-TA-eps-converted-to.pdf Graphic file (type pdf)
<use Interpolation-PLAX-TA-eps-converted-to.pdf>
Package pdftex.def Info: Interpolation-PLAX-TA-eps-converted-to.pdf  used on in
put line 601.
(pdftex.def)             Requested size: 173.44492pt x 173.44492pt.
Package epstopdf Info: Source file: <Interpolation-PLAX-INSbis.eps>
(epstopdf)                    date: 2021-11-10 20:42:40
(epstopdf)                    size: 2057316 bytes
(epstopdf)             Output file: <Interpolation-PLAX-INSbis-eps-converted-to
.pdf>
(epstopdf)                    date: 2021-11-10 21:45:01
(epstopdf)                    size: 46245 bytes
(epstopdf)             Command: <repstopdf --outfile=Interpolation-PLAX-INSbis-
eps-converted-to.pdf Interpolation-PLAX-INSbis.eps>
(epstopdf)             \includegraphics on input line 609.
Package epstopdf Info: Output file is already uptodate.
<Interpolation-PLAX-INSbis-eps-converted-to.pdf, id=1237, 433.62pt x 433.62pt>
File: Interpolation-PLAX-INSbis-eps-converted-to.pdf Graphic file (type pdf)
<use Interpolation-PLAX-INSbis-eps-converted-to.pdf>
Package pdftex.def Info: Interpolation-PLAX-INSbis-eps-converted-to.pdf  used o
n input line 609.
(pdftex.def)             Requested size: 173.44492pt x 173.44492pt.
 [83 <./Interpolation-AXE-INSbis-eps-converted-to.pdf> <./Interpolation-PLAX-IN
S-eps-converted-to.pdf> <./Interpolation-PLAX-TA-eps-converted-to.pdf> <./Inter
polation-PLAX-INSbis-eps-converted-to.pdf>]) (./SectSCR.tex

LaTeX Warning: Citation `apollo2' on page 84 undefined on input line 5.


Underfull \hbox (badness 10000) in alignment at lines 12--12
[]
 []


Underfull \hbox (badness 10000) in alignment at lines 12--12
[]
 []


Underfull \hbox (badness 10000) in alignment at lines 12--12
[]
 []


Underfull \hbox (badness 10000) in alignment at lines 12--12
[]
 []


Underfull \hbox (badness 10000) in alignment at lines 12--14
[]
 []


Underfull \hbox (badness 10000) in alignment at lines 48--48
[]
 []


Underfull \hbox (badness 10000) in alignment at lines 48--48
[]
 []


Underfull \hbox (badness 10000) in alignment at lines 48--48
[]
 []


Underfull \hbox (badness 10000) in alignment at lines 48--48
[]
 []


Underfull \hbox (badness 10000) in alignment at lines 48--56
[]
 []


Overfull \vbox (12.64035pt too high) has occurred while \output is active []


[84

]

LaTeX Warning: Citation `Intech2011' on page 85 undefined on input line 78.

[85]
Underfull \hbox (badness 10000) in alignment at lines 124--124
[]
 []


Underfull \hbox (badness 10000) in alignment at lines 124--124
[]
 []


Underfull \hbox (badness 10000) in alignment at lines 124--124
[]
 []


Underfull \hbox (badness 10000) in alignment at lines 124--124
[]
 []


Underfull \hbox (badness 10000) in alignment at lines 124--131
[]
 []


LaTeX Warning: Citation `chambon' on page 86 undefined on input line 152.

[86]

LaTeX Warning: Citation `Intech2011' on page 87 undefined on input line 176.

[87]
Underfull \hbox (badness 10000) in alignment at lines 222--222
[]
 []


Underfull \hbox (badness 10000) in alignment at lines 222--222
[]
 []


Underfull \hbox (badness 10000) in alignment at lines 222--222
[]
 []


Underfull \hbox (badness 10000) in alignment at lines 222--222
[]
 []


Underfull \hbox (badness 10000) in alignment at lines 222--229
[]
 []

[88] [89]
Overfull \hbox (0.42252pt too wide) in paragraph at lines 318--318
[]$\OML/cmm/m/it/10 f \OT1/cmr/m/n/10 = \OML/cmm/m/it/10 f\OT1/cmr/m/n/10 (\OML
/cmm/m/it/10 V[]; V\OT1/cmr/m/n/10 ) [] \OMS/cmsy/m/n/10 ^^Y  []\OML/cmm/m/it/1
0 f\OT1/cmr/m/n/10 (\OML/cmm/m/it/10 V[]; V[]\OT1/cmr/m/n/10 ) + (\OML/cmm/m/it
/10 f\OT1/cmr/m/n/10 (\OML/cmm/m/it/10 V[]; V[]\OT1/cmr/m/n/10 ) \OMS/cmsy/m/n/
10 ^^@ \OML/cmm/m/it/10 f\OT1/cmr/m/n/10 (\OML/cmm/m/it/10 V[]; V[]\OT1/cmr/m/n
/10 )) + (\OML/cmm/m/it/10 f\OT1/cmr/m/n/10 (\OML/cmm/m/it/10 V[]; V[]\OT1/cmr/
m/n/10 ) \OMS/cmsy/m/n/10 ^^@ \OML/cmm/m/it/10 f\OT1/cmr/m/n/10 (\OML/cmm/m/it/
10 V[]; V[]\OT1/cmr/m/n/10 )) = \OML/cmm/m/it/10 f\OT1/cmr/m/n/10 (\OML/cmm/m/i
t/10 V[]; V[]\OT1/cmr/m/n/10 ) +
 []

[90]
Underfull \hbox (badness 10000) in paragraph at lines 357--358
[]\OT1/cmr/m/n/10 GRID
 []


Underfull \hbox (badness 10000) in paragraph at lines 378--378
[]\OT1/cmr/m/n/10 PLANE
 []

[91

]
Underfull \hbox (badness 10000) in paragraph at lines 509--509
[]\OT1/cmr/m/n/10 GRID
 []


Underfull \hbox (badness 10000) in paragraph at lines 529--529
[]\OT1/cmr/m/n/10 PLANE
 []

[92] [93]) (./SectPCR.tex

LaTeX Warning: Citation `GENPMAXS' on page 94 undefined on input line 4.


Underfull \hbox (badness 10000) in alignment at lines 11--11
[]
 []


Underfull \hbox (badness 10000) in alignment at lines 11--11
[]
 []


Underfull \hbox (badness 10000) in alignment at lines 11--11
[]
 []


Underfull \hbox (badness 10000) in alignment at lines 11--11
[]
 []


Underfull \hbox (badness 10000) in alignment at lines 11--13
[]
 []


Underfull \hbox (badness 10000) in alignment at lines 37--37
[]
 []


Underfull \hbox (badness 10000) in alignment at lines 37--37
[]
 []


Underfull \hbox (badness 10000) in alignment at lines 37--37
[]
 []


Underfull \hbox (badness 10000) in alignment at lines 37--37
[]
 []


Underfull \hbox (badness 10000) in alignment at lines 37--45
[]
 []

[94

]

LaTeX Warning: Citation `Intech2011' on page 95 undefined on input line 61.


Underfull \hbox (badness 10000) in alignment at lines 92--92
[]
 []


Underfull \hbox (badness 10000) in alignment at lines 92--92
[]
 []


Underfull \hbox (badness 10000) in alignment at lines 92--92
[]
 []


Underfull \hbox (badness 10000) in alignment at lines 92--92
[]
 []


Underfull \hbox (badness 10000) in alignment at lines 92--99
[]
 []

[95]

LaTeX Warning: Citation `chambon' on page 96 undefined on input line 114.


LaTeX Warning: Citation `Intech2011' on page 96 undefined on input line 138.

[96]
Underfull \hbox (badness 10000) in alignment at lines 172--172
[]
 []


Underfull \hbox (badness 10000) in alignment at lines 172--172
[]
 []


Underfull \hbox (badness 10000) in alignment at lines 172--172
[]
 []


Underfull \hbox (badness 10000) in alignment at lines 172--172
[]
 []


Underfull \hbox (badness 10000) in alignment at lines 172--179
[]
 []

[97] [98]) (./SectAFM.tex

LaTeX Warning: Citation `sissaoui' on page 99 undefined on input line 5.


LaTeX Warning: Citation `dragstruc' on page 99 undefined on input line 7.


Underfull \hbox (badness 10000) in alignment at lines 21--21
[]
 []


Underfull \hbox (badness 10000) in alignment at lines 21--21
[]
 []


Underfull \hbox (badness 10000) in alignment at lines 21--21
[]
 []


Underfull \hbox (badness 10000) in alignment at lines 21--21
[]
 []


Underfull \hbox (badness 10000) in alignment at lines 21--25
[]
 []


Underfull \hbox (badness 10000) in alignment at lines 50--50
[]
 []


Underfull \hbox (badness 10000) in alignment at lines 50--50
[]
 []


Underfull \hbox (badness 10000) in alignment at lines 50--50
[]
 []


Underfull \hbox (badness 10000) in alignment at lines 50--50
[]
 []


Underfull \hbox (badness 10000) in alignment at lines 50--72
[]
 []

[99

] [100]
Overfull \hbox (6.21451pt too wide) in paragraph at lines 188--191
[]\OT1/cmr/m/n/10 keyword used to spec-ify that the Nep-tu-nium con-cen-tra-tio
ns as com-puted with DRAGON
 []

[101]
LaTeX Font Info:    Trying to load font information for OMS+cmr on input line 2
32.
 (/usr/local/texlive/2021/texmf-dist/tex/latex/base/omscmr.fd
File: omscmr.fd 2019/12/16 v2.5j Standard LaTeX font definitions
)
LaTeX Font Info:    Font shape `OMS/cmr/m/n' in size <10> not available
(Font)              Font shape `OMS/cmsy/m/n' tried instead on input line 232.

Underfull \hbox (badness 10000) in paragraph at lines 240--240
[]|\OT1/cmr/m/n/10 MAP with-out
 []


Underfull \hbox (badness 10000) in paragraph at lines 240--240
\OT1/cmr/m/n/10 lo-cal pa-ram-e-
 []


LaTeX Warning: `!h' float specifier changed to `!ht'.

[102] [103]) (./SectT16CPO.tex

LaTeX Warning: Citation `Griffiths94' on page 104 undefined on input line 4.


Underfull \hbox (badness 10000) in alignment at lines 32--32
[]
 []


Underfull \hbox (badness 10000) in alignment at lines 32--32
[]
 []


Underfull \hbox (badness 10000) in alignment at lines 32--32
[]
 []


Underfull \hbox (badness 10000) in alignment at lines 32--32
[]
 []


Underfull \hbox (badness 10000) in alignment at lines 32--34
[]
 []

[104

]
Underfull \hbox (badness 10000) in alignment at lines 79--79
[]
 []


Underfull \hbox (badness 10000) in alignment at lines 79--79
[]
 []


Underfull \hbox (badness 10000) in alignment at lines 79--79
[]
 []


Underfull \hbox (badness 10000) in alignment at lines 79--79
[]
 []


Underfull \hbox (badness 10000) in alignment at lines 79--91
[]
 []

[105]

LaTeX Warning: Citation `Donnelly97a' on page 106 undefined on input line 171.


LaTeX Warning: Citation `Donnelly97a' on page 106 undefined on input line 185.

[106] [107]) (./SectD2P.tex

LaTeX Warning: Citation `PARCS' on page 108 undefined on input line 3.


LaTeX Warning: Citation `GENPMAXS' on page 108 undefined on input line 21.

[108

]

LaTeX Warning: Citation `GENPMAXS' on page 109 undefined on input line 56.


LaTeX Warning: Citation `GENPMAXS' on page 109 undefined on input line 60.

[109]
Overfull \hbox (42.11684pt too wide) in paragraph at lines 153--154
\OT1/cmr/m/n/10 This block con-tains the nec-es-sary in-for-ma-tion for 1 bur-n
up point and for each en-ergy group \OT1/cmtt/m/n/10 Chi,inV/YLD/Bet/Lam/[]\OT1
/cmr/m/n/10 . 
 []


Overfull \hbox (9.1472pt too wide) in paragraph at lines 163--197
[] 
 []

[110]
Underfull \hbox (badness 10000) in alignment at lines 216--216
[]
 []


Underfull \hbox (badness 10000) in alignment at lines 216--216
[]
 []


Underfull \hbox (badness 10000) in alignment at lines 216--216
[]
 []


Underfull \hbox (badness 10000) in alignment at lines 216--216
[]
 []


Underfull \hbox (badness 10000) in alignment at lines 216--225
[]
 []

[111]
Underfull \hbox (badness 10000) in alignment at lines 265--265
[]
 []


Underfull \hbox (badness 10000) in alignment at lines 265--265
[]
 []


Underfull \hbox (badness 10000) in alignment at lines 265--265
[]
 []


Underfull \hbox (badness 10000) in alignment at lines 265--265
[]
 []


Underfull \hbox (badness 10000) in alignment at lines 265--298
[]
 []


Underfull \hbox (badness 10000) in alignment at lines 298--318
[]
 []


Underfull \hbox (badness 10000) in alignment at lines 318--320
[]
 []

[112] [113]
Overfull \hbox (5.56862pt too wide) in paragraph at lines 404--406
[]\OT1/cmr/m/n/10 name of Pm 148m iso-tope in the \OT1/cmtt/m/n/10 SAP[] \OT1/c
mr/m/n/10 (or \OT1/cmtt/m/n/10 MCO[]\OT1/cmr/m/n/10 ) ob-ject. De-fault \OT1/cm
r/m/sl/10 pm48nam[] \OT1/cmr/m/n/10 = \OT1/cmr/m/sl/10 'PM148MPF'[]\OT1/cmr/m/n
/10 . 
 []

[114] [115] [116]
Overfull \hbox (13.00613pt too wide) in paragraph at lines 479--480
[]\OT1/cmr/m/n/10 This cor-rec-tion is recom-manded for com-par-i-son with othe
r core codes or with exp^^Serimental
 []


LaTeX Warning: Citation `GENPMAXS' on page 117 undefined on input line 497.


LaTeX Warning: Citation `GENPMAXS' on page 117 undefined on input line 522.

[117]

LaTeX Warning: Citation `GENPMAXS' on page 118 undefined on input line 542.


Overfull \hbox (18.54796pt too wide) in paragraph at lines 548--550
[]\OT1/cmr/m/n/10 starting po-si-tion of first row rods (cm), i.e. wa-ter gap t
hick-ness. By de-fault, \OT1/cmr/m/sl/10 ybe[]\OT1/cmr/m/n/10 =7.21350E-
 []


LaTeX Warning: Citation `GENPMAXS' on page 118 undefined on input line 551.


Overfull \hbox (40.90666pt too wide) in paragraph at lines 564--565
[]\OT1/cmtt/m/n/10 character*16 \OT1/cmr/m/n/10 name of the PMAXS file cre-ated
 by the \OT1/cmtt/m/n/10 D2P:[] \OT1/cmr/m/n/10 mod-ule. De-fault: \OT1/cmr/m/s
l/10 jobtit[]\OT1/cmr/m/n/10 ='\OT1/cmtt/m/n/10 D2P.PMAX[]\OT1/cmr/m/n/10 ' 
 []


LaTeX Warning: Citation `GENPMAXS' on page 118 undefined on input line 582.

[118]

LaTeX Warning: Citation `GENPMAXS' on page 119 undefined on input line 623.


LaTeX Warning: Citation `GENPMAXS' on page 119 undefined on input line 625.


LaTeX Warning: Citation `GENPMAXS' on page 119 undefined on input line 627.

[119] [120])
Section  5.
(./SectTHM.tex

LaTeX Warning: Citation `freesteam' on page 121 undefined on input line 10.


LaTeX Warning: Citation `fehri' on page 121 undefined on input line 14.


LaTeX Warning: Citation `gallet' on page 121 undefined on input line 15.


LaTeX Warning: Citation `bowring' on page 121 undefined on input line 16.


LaTeX Warning: Citation `saha-zuber' on page 121 undefined on input line 17.


Underfull \hbox (badness 10000) in alignment at lines 29--29
[]
 []


Underfull \hbox (badness 10000) in alignment at lines 29--29
[]
 []


Underfull \hbox (badness 10000) in alignment at lines 29--29
[]
 []


Underfull \hbox (badness 10000) in alignment at lines 29--29
[]
 []


Underfull \hbox (badness 10000) in alignment at lines 29--32
[]
 []


Underfull \hbox (badness 10000) in alignment at lines 55--55
[]
 []


Underfull \hbox (badness 10000) in alignment at lines 55--55
[]
 []


Underfull \hbox (badness 10000) in alignment at lines 55--55
[]
 []


Underfull \hbox (badness 10000) in alignment at lines 55--55
[]
 []


Underfull \hbox (badness 10000) in alignment at lines 55--76
[]
 []


Underfull \hbox (badness 10000) in alignment at lines 76--80
[]
 []

[121


] [122]

LaTeX Font Warning: Command \sl invalid in math mode on input line 142.


LaTeX Font Warning: Command \sl invalid in math mode on input line 142.


LaTeX Font Warning: Command \sl invalid in math mode on input line 147.


LaTeX Font Warning: Command \sl invalid in math mode on input line 147.

Package epstopdf Info: Source file: <Figures/cluster.eps>
(epstopdf)                    date: 2021-11-10 20:42:57
(epstopdf)                    size: 694593 bytes
(epstopdf)             Output file: <Figures/cluster-eps-converted-to.pdf>
(epstopdf)                    date: 2021-11-10 21:45:03
(epstopdf)                    size: 474827 bytes
(epstopdf)             Command: <repstopdf --outfile=Figures/cluster-eps-conver
ted-to.pdf Figures/cluster.eps>
(epstopdf)             \includegraphics on input line 171.
Package epstopdf Info: Output file is already uptodate.
<Figures/cluster-eps-converted-to.pdf, id=1525, 279.0425pt x 184.69pt>
File: Figures/cluster-eps-converted-to.pdf Graphic file (type pdf)
<use Figures/cluster-eps-converted-to.pdf>
Package pdftex.def Info: Figures/cluster-eps-converted-to.pdf  used on input li
ne 171.
(pdftex.def)             Requested size: 195.3284pt x 129.2821pt.

LaTeX Warning: `!h' float specifier changed to `!ht'.

[123] [124 <./Figures/cluster-eps-converted-to.pdf>]

LaTeX Warning: Citation `Rowlands' on page 125 undefined on input line 258.

[125]
Overfull \hbox (18.11731pt too wide) in paragraph at lines 280--282
[]\OT1/cmr/m/n/10 integer value set to the num-ber of dis-creti-sa-tion points 
in the whole pin-cell (fuel+cladding).
 []


LaTeX Warning: Citation `bowring' on page 126 undefined on input line 288.


LaTeX Warning: Citation `lahey' on page 126 undefined on input line 290.

[126] [127])
Section  6.
(./SectPKINI.tex
Underfull \hbox (badness 10000) in alignment at lines 15--15
[]
 []


Underfull \hbox (badness 10000) in alignment at lines 15--15
[]
 []


Underfull \hbox (badness 10000) in alignment at lines 15--15
[]
 []


Underfull \hbox (badness 10000) in alignment at lines 15--15
[]
 []


Underfull \hbox (badness 10000) in alignment at lines 15--17
[]
 []


Underfull \hbox (badness 10000) in alignment at lines 34--34
[]
 []


Underfull \hbox (badness 10000) in alignment at lines 34--34
[]
 []


Underfull \hbox (badness 10000) in alignment at lines 34--34
[]
 []


Underfull \hbox (badness 10000) in alignment at lines 34--34
[]
 []


Underfull \hbox (badness 10000) in alignment at lines 34--48
[]
 []

[128


]

LaTeX Warning: Citation `Intech2011' on page 129 undefined on input line 103.

[129] [130]) (./SectPKINS.tex
Underfull \hbox (badness 10000) in alignment at lines 14--14
[]
 []


Underfull \hbox (badness 10000) in alignment at lines 14--14
[]
 []


Underfull \hbox (badness 10000) in alignment at lines 14--14
[]
 []


Underfull \hbox (badness 10000) in alignment at lines 14--14
[]
 []


Underfull \hbox (badness 10000) in alignment at lines 14--16
[]
 []


Underfull \hbox (badness 10000) in alignment at lines 34--34
[]
 []


Underfull \hbox (badness 10000) in alignment at lines 34--34
[]
 []


Underfull \hbox (badness 10000) in alignment at lines 34--34
[]
 []


Underfull \hbox (badness 10000) in alignment at lines 34--34
[]
 []


Underfull \hbox (badness 10000) in alignment at lines 34--40
[]
 []

[131

] [132])
Section  7.

LaTeX Warning: Citation `optex1' on page 133 undefined on input line 72.


LaTeX Warning: Citation `optex2' on page 133 undefined on input line 72.


LaTeX Warning: Citation `PIP2016' on page 133 undefined on input line 73.

(./SectDLEAK.tex
Underfull \hbox (badness 10000) in alignment at lines 14--14
[]
 []


Underfull \hbox (badness 10000) in alignment at lines 14--14
[]
 []


Underfull \hbox (badness 10000) in alignment at lines 14--14
[]
 []


Underfull \hbox (badness 10000) in alignment at lines 14--14
[]
 []


Underfull \hbox (badness 10000) in alignment at lines 14--16
[]
 []


Underfull \hbox (badness 10000) in alignment at lines 40--40
[]
 []


Underfull \hbox (badness 10000) in alignment at lines 40--40
[]
 []


Underfull \hbox (badness 10000) in alignment at lines 40--40
[]
 []


Underfull \hbox (badness 10000) in alignment at lines 40--40
[]
 []


Underfull \hbox (badness 10000) in alignment at lines 40--47
[]
 []


Overfull \vbox (4.25728pt too high) has occurred while \output is active []


[133


] [134]) (./SectDSPH.tex
Underfull \hbox (badness 10000) in alignment at lines 11--11
[]
 []


Underfull \hbox (badness 10000) in alignment at lines 11--11
[]
 []


Underfull \hbox (badness 10000) in alignment at lines 11--11
[]
 []


Underfull \hbox (badness 10000) in alignment at lines 11--11
[]
 []


Underfull \hbox (badness 10000) in alignment at lines 11--13
[]
 []


Underfull \hbox (badness 10000) in alignment at lines 37--37
[]
 []


Underfull \hbox (badness 10000) in alignment at lines 37--37
[]
 []


Underfull \hbox (badness 10000) in alignment at lines 37--37
[]
 []


Underfull \hbox (badness 10000) in alignment at lines 37--37
[]
 []


Underfull \hbox (badness 10000) in alignment at lines 37--42
[]
 []

[135

] [136]) (./SectDREF.tex

LaTeX Warning: Citation `optex3' on page 137 undefined on input line 13.


LaTeX Warning: Citation `sph2019' on page 137 undefined on input line 56.

[137

]

LaTeX Warning: Citation `inl' on page 138 undefined on input line 94.

[138] [139] [140]
Underfull \hbox (badness 10000) in alignment at lines 339--339
[]
 []


Underfull \hbox (badness 10000) in alignment at lines 339--339
[]
 []


Underfull \hbox (badness 10000) in alignment at lines 339--339
[]
 []


Underfull \hbox (badness 10000) in alignment at lines 339--339
[]
 []


Underfull \hbox (badness 10000) in alignment at lines 339--343
[]
 []


Overfull \vbox (5.74434pt too high) has occurred while \output is active []


[141] [142]) (./SectGRAD.tex
Underfull \hbox (badness 10000) in alignment at lines 17--17
[]
 []


Underfull \hbox (badness 10000) in alignment at lines 17--17
[]
 []


Underfull \hbox (badness 10000) in alignment at lines 17--17
[]
 []


Underfull \hbox (badness 10000) in alignment at lines 17--17
[]
 []


Underfull \hbox (badness 10000) in alignment at lines 17--19
[]
 []


Underfull \hbox (badness 10000) in alignment at lines 41--41
[]
 []


Underfull \hbox (badness 10000) in alignment at lines 41--41
[]
 []


Underfull \hbox (badness 10000) in alignment at lines 41--41
[]
 []


Underfull \hbox (badness 10000) in alignment at lines 41--41
[]
 []


Underfull \hbox (badness 10000) in alignment at lines 41--52
[]
 []

[143] [144]) (./SectPLQ.tex

LaTeX Warning: Citation `optex1' on page 145 undefined on input line 3.


LaTeX Warning: Citation `optex2' on page 145 undefined on input line 3.


LaTeX Warning: Citation `optex3' on page 145 undefined on input line 3.


LaTeX Warning: Citation `PIP2016' on page 145 undefined on input line 3.


LaTeX Font Warning: Command \sl invalid in math mode on input line 7.


Underfull \hbox (badness 10000) in alignment at lines 22--22
[]
 []


Underfull \hbox (badness 10000) in alignment at lines 22--22
[]
 []


Underfull \hbox (badness 10000) in alignment at lines 22--22
[]
 []


Underfull \hbox (badness 10000) in alignment at lines 22--22
[]
 []


Underfull \hbox (badness 10000) in alignment at lines 22--24
[]
 []


Underfull \hbox (badness 10000) in alignment at lines 40--40
[]
 []


Underfull \hbox (badness 10000) in alignment at lines 40--40
[]
 []


Underfull \hbox (badness 10000) in alignment at lines 40--40
[]
 []


Underfull \hbox (badness 10000) in alignment at lines 40--40
[]
 []


Underfull \hbox (badness 10000) in alignment at lines 40--53
[]
 []


Overfull \vbox (2.90863pt too high) has occurred while \output is active []


[145

]

LaTeX Warning: Citation `ferland' on page 146 undefined on input line 75.

[146] [147]) (./SectLNSR.tex

LaTeX Warning: Citation `recipie' on page 148 undefined on input line 4.


LaTeX Warning: Citation `armijo' on page 148 undefined on input line 4.

Package epstopdf Info: Source file: <Figures/lnsr.eps>
(epstopdf)                    date: 2021-11-10 20:42:57
(epstopdf)                    size: 716786 bytes
(epstopdf)             Output file: <Figures/lnsr-eps-converted-to.pdf>
(epstopdf)                    date: 2021-11-10 21:45:05
(epstopdf)                    size: 25601 bytes
(epstopdf)             Command: <repstopdf --outfile=Figures/lnsr-eps-converted
-to.pdf Figures/lnsr.eps>
(epstopdf)             \includegraphics on input line 11.
Package epstopdf Info: Output file is already uptodate.
<Figures/lnsr-eps-converted-to.pdf, id=1719, 202.7575pt x 367.3725pt>
File: Figures/lnsr-eps-converted-to.pdf Graphic file (type pdf)
<use Figures/lnsr-eps-converted-to.pdf>
Package pdftex.def Info: Figures/lnsr-eps-converted-to.pdf  used on input line 
11.
(pdftex.def)             Requested size: 172.34468pt x 312.26808pt.

Underfull \hbox (badness 10000) in alignment at lines 18--18
[]
 []


Underfull \hbox (badness 10000) in alignment at lines 18--18
[]
 []


Underfull \hbox (badness 10000) in alignment at lines 18--18
[]
 []


Underfull \hbox (badness 10000) in alignment at lines 18--18
[]
 []


Underfull \hbox (badness 10000) in alignment at lines 18--20
[]
 []


Underfull \hbox (badness 10000) in alignment at lines 37--37
[]
 []


Underfull \hbox (badness 10000) in alignment at lines 37--37
[]
 []


Underfull \hbox (badness 10000) in alignment at lines 37--37
[]
 []


Underfull \hbox (badness 10000) in alignment at lines 37--37
[]
 []


Underfull \hbox (badness 10000) in alignment at lines 37--47
[]
 []

[148

 <./Figures/lnsr-eps-converted-to.pdf>]

LaTeX Warning: Citation `recipie' on page 149 undefined on input line 88.


LaTeX Warning: Citation `nocedal' on page 149 undefined on input line 90.

[149]

LaTeX Warning: Citation `sph1981' on page 150 undefined on input line 95.

[150]) (./SectFPSPH.tex
Package epstopdf Info: Source file: <Figures/fpsph.eps>
(epstopdf)                    date: 2021-11-10 20:42:57
(epstopdf)                    size: 588170 bytes
(epstopdf)             Output file: <Figures/fpsph-eps-converted-to.pdf>
(epstopdf)                    date: 2021-11-10 21:45:07
(epstopdf)                    size: 24504 bytes
(epstopdf)             Command: <repstopdf --outfile=Figures/fpsph-eps-converte
d-to.pdf Figures/fpsph.eps>
(epstopdf)             \includegraphics on input line 11.
Package epstopdf Info: Output file is already uptodate.
<Figures/fpsph-eps-converted-to.pdf, id=1751, 155.58125pt x 191.71625pt>
File: Figures/fpsph-eps-converted-to.pdf Graphic file (type pdf)
<use Figures/fpsph-eps-converted-to.pdf>
Package pdftex.def Info: Figures/fpsph-eps-converted-to.pdf  used on input line
 11.
(pdftex.def)             Requested size: 132.24467pt x 162.95956pt.
Package epstopdf Info: Source file: <Figures/flow_newton.eps>
(epstopdf)                    date: 2021-11-10 20:42:57
(epstopdf)                    size: 629806 bytes
(epstopdf)             Output file: <Figures/flow_newton-eps-converted-to.pdf>
(epstopdf)                    date: 2021-11-10 21:45:08
(epstopdf)                    size: 24970 bytes
(epstopdf)             Command: <repstopdf --outfile=Figures/flow_newton-eps-co
nverted-to.pdf Figures/flow_newton.eps>
(epstopdf)             \includegraphics on input line 18.
Package epstopdf Info: Output file is already uptodate.
<Figures/flow_newton-eps-converted-to.pdf, id=1752, 155.58125pt x 277.035pt>
File: Figures/flow_newton-eps-converted-to.pdf Graphic file (type pdf)
<use Figures/flow_newton-eps-converted-to.pdf>
Package pdftex.def Info: Figures/flow_newton-eps-converted-to.pdf  used on inpu
t line 18.
(pdftex.def)             Requested size: 132.24467pt x 235.48085pt.
 [151

 <./Figures/fpsph-eps-converted-to.pdf> <./Figures/flow_newton-eps-converted-to
.pdf>]
Underfull \hbox (badness 10000) in alignment at lines 27--27
[]
 []


Underfull \hbox (badness 10000) in alignment at lines 27--27
[]
 []


Underfull \hbox (badness 10000) in alignment at lines 27--27
[]
 []


Underfull \hbox (badness 10000) in alignment at lines 27--27
[]
 []


Underfull \hbox (badness 10000) in alignment at lines 27--29
[]
 []


Underfull \hbox (badness 10000) in alignment at lines 52--52
[]
 []


Underfull \hbox (badness 10000) in alignment at lines 52--52
[]
 []


Underfull \hbox (badness 10000) in alignment at lines 52--52
[]
 []


Underfull \hbox (badness 10000) in alignment at lines 52--52
[]
 []


Underfull \hbox (badness 10000) in alignment at lines 52--60
[]
 []

[152

] [153])
Section  8.

LaTeX Warning: Citation `Chambon2014' on page 154 undefined on input line 92.


LaTeX Warning: Citation `Fliscounakis2011' on page 154 undefined on input line 
92.

(./SectNAP.tex

LaTeX Warning: Citation `Chambon2014' on page 154 undefined on input line 4.


LaTeX Warning: Citation `Fliscounakis2011' on page 154 undefined on input line 
4.


Underfull \hbox (badness 10000) in alignment at lines 6--6
[]
 []


Underfull \hbox (badness 10000) in alignment at lines 6--6
[]
 []


Underfull \hbox (badness 10000) in alignment at lines 6--6
[]
 []


Underfull \hbox (badness 10000) in alignment at lines 6--6
[]
 []


Underfull \hbox (badness 10000) in alignment at lines 6--10
[]
 []

[154


]
Underfull \hbox (badness 10000) in alignment at lines 56--56
[]
 []


Underfull \hbox (badness 10000) in alignment at lines 56--56
[]
 []


Underfull \hbox (badness 10000) in alignment at lines 56--56
[]
 []


Underfull \hbox (badness 10000) in alignment at lines 56--56
[]
 []


Underfull \hbox (badness 10000) in alignment at lines 56--63
[]
 []

[155]
Underfull \hbox (badness 10000) in alignment at lines 99--99
[]
 []


Underfull \hbox (badness 10000) in alignment at lines 99--99
[]
 []


Underfull \hbox (badness 10000) in alignment at lines 99--99
[]
 []


Underfull \hbox (badness 10000) in alignment at lines 99--99
[]
 []


Underfull \hbox (badness 10000) in alignment at lines 99--108
[]
 []

[156]
Underfull \hbox (badness 10000) in alignment at lines 150--150
[]
 []


Underfull \hbox (badness 10000) in alignment at lines 150--150
[]
 []


Underfull \hbox (badness 10000) in alignment at lines 150--150
[]
 []


Underfull \hbox (badness 10000) in alignment at lines 150--150
[]
 []


Underfull \hbox (badness 10000) in alignment at lines 150--158
[]
 []

[157

] [158])) (./Structure.tex
Section  9.
(./SectDFMAP.tex [159

]
Overfull \hbox (16.11368pt too wide) in alignment at lines 101--101
[] [] [] [] []
 []


Overfull \hbox (16.11368pt too wide) in alignment at lines 101--101
[] [] [] [] []
 []


Overfull \hbox (16.11368pt too wide) in alignment at lines 101--101
[] [] [] [] []
 []


Overfull \hbox (16.11368pt too wide) in alignment at lines 101--101
[] [] [] [] []
 []


Underfull \hbox (badness 3758) in paragraph at lines 105--106
[]|\OT1/cmr/m/n/10 Signature of the /fmap/[] data struc-ture
 []


Overfull \hbox (16.11368pt too wide) in alignment at lines 101--188
[] [] [] [] []
 []

LaTeX Font Info:    Font shape `OMS/cmr/m/sl' in size <10> not available
(Font)              Font shape `OMS/cmsy/m/n' tried instead on input line 230.

Overfull \hbox (16.11368pt too wide) in alignment at lines 188--297
[] [] [] [] []
 []

[160]
LaTeX Font Info:    Trying to load font information for OMS+cmtt on input line 
312.
LaTeX Font Info:    No file OMScmtt.fd. on input line 312.


LaTeX Font Warning: Font shape `OMS/cmtt/m/n' undefined
(Font)              using `OMS/cmsy/m/n' instead
(Font)              for symbol `textbraceleft' on input line 312.


Overfull \hbox (16.11368pt too wide) in alignment at lines 297--324
[] [] [] [] []
 []

[161] [162] [163]
Overfull \hbox (14.21924pt too wide) in alignment at lines 391--391
[] [] [] [] []
 []


Overfull \hbox (14.21924pt too wide) in alignment at lines 391--391
[] [] [] [] []
 []


Overfull \hbox (14.21924pt too wide) in alignment at lines 391--391
[] [] [] [] []
 []


Overfull \hbox (14.21924pt too wide) in alignment at lines 391--391
[] [] [] [] []
 []


Underfull \hbox (badness 1331) in paragraph at lines 399--400
[]|\OT1/cmr/m/n/10 Depletion time cor-re-spond-ing to in-stan-ta-
 []


Overfull \hbox (14.21924pt too wide) in alignment at lines 391--441
[] [] [] [] []
 []

[164] [165]
Overfull \hbox (4.05853pt too wide) in paragraph at lines 473--474
[][]| 
 []

[166

]
Overfull \hbox (14.65689pt too wide) in alignment at lines 545--545
[] [] [] [] []
 []


Overfull \hbox (14.65689pt too wide) in alignment at lines 545--545
[] [] [] [] []
 []


Overfull \hbox (14.65689pt too wide) in alignment at lines 545--545
[] [] [] [] []
 []


Overfull \hbox (14.65689pt too wide) in alignment at lines 545--545
[] [] [] [] []
 []


Overfull \hbox (14.65689pt too wide) in alignment at lines 545--566
[] [] [] [] []
 []

[167] [168]) (./SectMATEX.tex
Underfull \hbox (badness 2073) in paragraph at lines 55--56
[]|\OT1/cmr/m/n/10 Signature of the /ma-tex/[] data struc-ture
 []

[169

] [170]) (./SectDEVICE.tex
Underfull \hbox (badness 2073) in paragraph at lines 50--51
[]|\OT1/cmr/m/n/10 Signature of the /de-vice/[] data struc-ture
 []

[171

] [172] [173]) (./SectDDETECT.tex [174]
Underfull \hbox (badness 2150) in paragraph at lines 53--54
[]|\OT1/cmr/m/n/10 Signature of the /de-tect/[] data struc-ture
 []

[175] [176]) (./SectPOWER.tex
Overfull \hbox (37.76161pt too wide) in alignment at lines 38--38
[] [] [] [] []
 []


Overfull \hbox (37.76161pt too wide) in alignment at lines 38--38
[] [] [] [] []
 []


Overfull \hbox (37.76161pt too wide) in alignment at lines 38--38
[] [] [] [] []
 []


Overfull \hbox (37.76161pt too wide) in alignment at lines 38--38
[] [] [] [] []
 []


Underfull \hbox (badness 2384) in paragraph at lines 41--42
[]|\OT1/cmr/m/n/10 Signature of the /power/[] data struc-ture
 []


Underfull \hbox (badness 1721) in paragraph at lines 95--96
[]|\OT1/cmr/m/n/10 The ra-dial power-form fac-tor, de-fined as
 []


Underfull \hbox (badness 1019) in paragraph at lines 99--100
[]|\OT1/cmr/m/n/10 The over-all power-form fac-tor, de-fined as
 []


Overfull \hbox (37.76161pt too wide) in alignment at lines 38--104
[] [] [] [] []
 []

[177

] [178]) (./SectDHST.tex [179

]

LaTeX Warning: Citation `Marleau2004a' on page 180 undefined on input line 75.


Overfull \vbox (18.14844pt too high) has occurred while \output is active []


[180] [181]) (./SectDTHM.tex
Overfull \hbox (33.55484pt too wide) in alignment at lines 9--9
[] [] [] [] []
 []


Overfull \hbox (33.55484pt too wide) in alignment at lines 9--9
[] [] [] [] []
 []


Overfull \hbox (33.55484pt too wide) in alignment at lines 9--9
[] [] [] [] []
 []


Overfull \hbox (33.55484pt too wide) in alignment at lines 9--9
[] [] [] [] []
 []


Overfull \hbox (33.55484pt too wide) in alignment at lines 9--70
[] [] [] [] []
 []


Overfull \hbox (33.55484pt too wide) in alignment at lines 70--89
[] [] [] [] []
 []

[182

]
Overfull \hbox (11.49234pt too wide) detected at line 131
\OMS/cmtt/m/n/10 S[] \OT1/cmr/m/n/10 = []
 []

[183] [184] [185]
Overfull \hbox (4.08485pt too wide) in alignment at lines 243--243
[] [] [] [] []
 []


Overfull \hbox (4.08485pt too wide) in alignment at lines 243--243
[] [] [] [] []
 []


Overfull \hbox (4.08485pt too wide) in alignment at lines 243--243
[] [] [] [] []
 []


Overfull \hbox (4.08485pt too wide) in alignment at lines 243--243
[] [] [] [] []
 []


Overfull \hbox (4.08485pt too wide) in alignment at lines 243--277
[] [] [] [] []
 []

[186]) (./SectDOPTIMIZE.tex [187

]
Underfull \hbox (badness 2591) in paragraph at lines 187--188
[]|\OT1/cmr/m/n/10 Double pre-ci-sion val-ues used by mod-ule
 []

[188]
Overfull \hbox (10.02968pt too wide) in paragraph at lines 198--205
[][] 
 []

[189] [190]) (./SectDD2P.tex [191

] [192]
Underfull \hbox (badness 10000) in paragraph at lines 182--183
[]|\OT1/cmr/m/n/10 Correspondance of in-dices be-tween
 []


Underfull \hbox (badness 5533) in paragraph at lines 182--183
\OT1/cmr/m/n/10 SAP/MCO and GenPMAXS state vari-
 []

[193

] [194]

LaTeX Warning: Citation `GENPMAXS' on page 195 undefined on input line 280.


LaTeX Warning: Citation `GENPMAXS' on page 195 undefined on input line 284.

[195]
Underfull \hbox (badness 6032) in paragraph at lines 326--326
[]\OT1/cmr/m/n/10 Table 132: Records and sub-directories in sub-directory
 []

[196]
Overfull \hbox (6.66238pt too wide) in alignment at lines 395--395
[] [] [] [] []
 []


Overfull \hbox (6.66238pt too wide) in alignment at lines 395--395
[] [] [] [] []
 []


Overfull \hbox (6.66238pt too wide) in alignment at lines 395--395
[] [] [] [] []
 []


Overfull \hbox (6.66238pt too wide) in alignment at lines 395--395
[] [] [] [] []
 []


Overfull \hbox (6.66238pt too wide) in alignment at lines 395--439
[] [] [] [] []
 []

[197] [198]) (./SectDINTDETEC.tex [199

])) (./Exampl.tex
Section  10.
Package epstopdf Info: Source file: <Figures/FaceView.eps>
(epstopdf)                    date: 2021-11-10 20:42:50
(epstopdf)                    size: 59382253 bytes
(epstopdf)             Output file: <Figures/FaceView-eps-converted-to.pdf>
(epstopdf)                    date: 2021-11-10 21:45:10
(epstopdf)                    size: 202801 bytes
(epstopdf)             Command: <repstopdf --outfile=Figures/FaceView-eps-conve
rted-to.pdf Figures/FaceView.eps>
(epstopdf)             \includegraphics on input line 10.
Package epstopdf Info: Output file is already uptodate.
<Figures/FaceView-eps-converted-to.pdf, id=2043, 2395.95125pt x 3070.47125pt>
File: Figures/FaceView-eps-converted-to.pdf Graphic file (type pdf)
<use Figures/FaceView-eps-converted-to.pdf>
Package pdftex.def Info: Figures/FaceView-eps-converted-to.pdf  used on input l
ine 10.
(pdftex.def)             Requested size: 287.50174pt x 368.44066pt.
[200


 <./Figures/FaceView-eps-converted-to.pdf>]
! I can't find file `Example1.x2m'.
\listing ...m\begingroup \setupverbatim \input #1 
                                                  \endgroup 
l.28 \listing{Example1.x2m}
                           
(Press Enter to retry, or Control-D to exit)
Please type another input file name
! Emergency stop.
\listing ...m\begingroup \setupverbatim \input #1 
                                                  \endgroup 
l.28 \listing{Example1.x2m}
                           
*** (job aborted, file error in nonstop mode)

 
Here is how much of TeX's memory you used:
 10697 strings out of 478994
 155296 string characters out of 5858184
 488459 words of memory out of 5000000
 27243 multiletter control sequences out of 15000+600000
 413972 words of font info for 64 fonts, out of 8000000 for 9000
 1141 hyphenation exceptions out of 8191
 98i,17n,102p,976b,561s stack positions out of 5000i,500n,10000p,200000b,80000s
!  ==> Fatal error occurred, no output PDF file produced!
