\BOOKMARK [1][-]{section*.1}{\376\377\000C\000o\000n\000t\000e\000n\000t\000s\000\040}{}% 1
\BOOKMARK [1][-]{section*.2}{\376\377\000L\000i\000s\000t\000\040\000o\000f\000\040\000T\000a\000b\000l\000e\000s\000\040}{}% 2
\BOOKMARK [1][-]{section*.3}{\376\377\000L\000i\000s\000t\000\040\000o\000f\000\040\000F\000i\000g\000u\000r\000e\000s\000\040}{}% 3
\BOOKMARK [1][-]{section.0.1}{\376\377\000I\000N\000T\000R\000O\000D\000U\000C\000T\000I\000O\000N\000\040}{}% 4
\BOOKMARK [1][-]{section.0.2}{\376\377\000G\000E\000N\000E\000R\000A\000L\000\040\000S\000P\000E\000C\000I\000F\000I\000C\000A\000T\000I\000O\000N\000\040\000O\000F\000\040\000D\000O\000N\000J\000O\000N\000\040}{}% 5
\BOOKMARK [2][-]{subsection.0.2.1}{\376\377\000M\000o\000d\000u\000l\000e\000s}{section.0.2}% 6
\BOOKMARK [2][-]{subsection.0.2.2}{\376\377\000D\000a\000t\000a\000\040\000s\000t\000r\000u\000c\000t\000u\000r\000e\000s}{section.0.2}% 7
\BOOKMARK [2][-]{subsection.0.2.3}{\376\377\000S\000y\000n\000t\000a\000c\000t\000i\000c\000\040\000r\000u\000l\000e\000s\000\040\000f\000o\000r\000\040\000i\000n\000p\000u\000t\000\040\000s\000p\000e\000c\000i\000f\000i\000c\000a\000t\000i\000o\000n}{section.0.2}% 8
\BOOKMARK [2][-]{subsection.0.2.4}{\376\377\000G\000e\000n\000e\000r\000a\000l\000\040\000i\000n\000p\000u\000t\000\040\000s\000t\000r\000u\000c\000t\000u\000r\000e}{section.0.2}% 9
\BOOKMARK [1][-]{section.0.3}{\376\377\000G\000E\000N\000E\000R\000A\000L\000\040\000C\000O\000R\000E\000-\000D\000E\000S\000C\000R\000I\000P\000T\000I\000O\000N\000\040\000M\000O\000D\000U\000L\000E\000S\000\040}{}% 10
\BOOKMARK [2][-]{subsection.0.3.1}{\376\377\000T\000h\000e\000\040\000R\000E\000S\000I\000N\000I\000:\000\040\000m\000o\000d\000u\000l\000e}{section.0.3}% 11
\BOOKMARK [3][-]{subsubsection.0.3.1.1}{\376\377\000M\000a\000i\000n\000\040\000i\000n\000p\000u\000t\000\040\000d\000a\000t\000a\000\040\000t\000o\000\040\000t\000h\000e\000\040\000R\000E\000S\000I\000N\000I\000:\000\040\000m\000o\000d\000u\000l\000e}{subsection.0.3.1}% 12
\BOOKMARK [3][-]{subsubsection.0.3.1.2}{\376\377\000I\000n\000p\000u\000t\000\040\000o\000f\000\040\000g\000l\000o\000b\000a\000l\000\040\000a\000n\000d\000\040\000l\000o\000c\000a\000l\000\040\000p\000a\000r\000a\000m\000e\000t\000e\000r\000s}{subsection.0.3.1}% 13
\BOOKMARK [2][-]{subsection.0.3.2}{\376\377\000T\000h\000e\000\040\000U\000S\000P\000L\000I\000T\000:\000\040\000m\000o\000d\000u\000l\000e}{section.0.3}% 14
\BOOKMARK [3][-]{subsubsection.0.3.2.1}{\376\377\000I\000n\000p\000u\000t\000\040\000d\000a\000t\000a\000\040\000t\000o\000\040\000t\000h\000e\000\040\000U\000S\000P\000L\000I\000T\000:\000\040\000m\000o\000d\000u\000l\000e}{subsection.0.3.2}% 15
\BOOKMARK [2][-]{subsection.0.3.3}{\376\377\000T\000h\000e\000\040\000M\000A\000C\000I\000N\000I\000:\000\040\000m\000o\000d\000u\000l\000e}{section.0.3}% 16
\BOOKMARK [2][-]{subsection.0.3.4}{\376\377\000T\000h\000e\000\040\000D\000E\000V\000I\000N\000I\000:\000\040\000m\000o\000d\000u\000l\000e}{section.0.3}% 17
\BOOKMARK [3][-]{subsubsection.0.3.4.1}{\376\377\000I\000n\000p\000u\000t\000\040\000d\000a\000t\000a\000\040\000t\000o\000\040\000t\000h\000e\000\040\000D\000E\000V\000I\000N\000I\000:\000\040\000m\000o\000d\000u\000l\000e}{subsection.0.3.4}% 18
\BOOKMARK [3][-]{subsubsection.0.3.4.2}{\376\377\000D\000e\000s\000c\000r\000i\000p\000t\000i\000o\000n\000\040\000o\000f\000\040\000d\000e\000v\000-\000r\000o\000d\000\040\000i\000n\000p\000u\000t\000\040\000s\000t\000r\000u\000c\000t\000u\000r\000e}{subsection.0.3.4}% 19
\BOOKMARK [3][-]{subsubsection.0.3.4.3}{\376\377\000D\000e\000s\000c\000r\000i\000p\000t\000i\000o\000n\000\040\000o\000f\000\040\000r\000o\000d\000-\000g\000r\000o\000u\000p\000\040\000i\000n\000p\000u\000t\000\040\000s\000t\000r\000u\000c\000t\000u\000r\000e}{subsection.0.3.4}% 20
\BOOKMARK [2][-]{subsection.0.3.5}{\376\377\000T\000h\000e\000\040\000D\000E\000T\000I\000N\000I\000:\000\040\000m\000o\000d\000u\000l\000e}{section.0.3}% 21
\BOOKMARK [3][-]{subsubsection.0.3.5.1}{\376\377\000I\000n\000p\000u\000t\000\040\000d\000a\000t\000a\000\040\000t\000o\000\040\000t\000h\000e\000\040\000D\000E\000T\000I\000N\000I\000:\000\040\000m\000o\000d\000u\000l\000e}{subsection.0.3.5}% 22
\BOOKMARK [3][-]{subsubsection.0.3.5.2}{\376\377\000D\000e\000s\000c\000r\000i\000p\000t\000i\000o\000n\000\040\000o\000f\000\040\000t\000h\000e\000\040\000d\000e\000t\000e\000c\000t\000o\000r\000\040\000d\000a\000t\000a}{subsection.0.3.5}% 23
\BOOKMARK [2][-]{subsection.0.3.6}{\376\377\000T\000h\000e\000\040\000L\000Z\000C\000:\000\040\000m\000o\000d\000u\000l\000e}{section.0.3}% 24
\BOOKMARK [3][-]{subsubsection.0.3.6.1}{\376\377\000I\000n\000p\000u\000t\000\040\000d\000a\000t\000a\000\040\000t\000o\000\040\000t\000h\000e\000\040\000L\000Z\000C\000:\000\040\000m\000o\000d\000u\000l\000e}{subsection.0.3.6}% 25
\BOOKMARK [3][-]{subsubsection.0.3.6.2}{\376\377\000D\000e\000s\000c\000r\000i\000p\000t\000i\000o\000n\000\040\000o\000f\000\040\000d\000e\000v\000-\000l\000z\000c\000\040\000i\000n\000p\000u\000t\000\040\000s\000t\000r\000u\000c\000t\000u\000r\000e}{subsection.0.3.6}% 26
\BOOKMARK [3][-]{subsubsection.0.3.6.3}{\376\377\000D\000e\000s\000c\000r\000i\000p\000t\000i\000o\000n\000\040\000o\000f\000\040\000l\000z\000c\000-\000g\000r\000o\000u\000p\000\040\000i\000n\000p\000u\000t\000\040\000s\000t\000r\000u\000c\000t\000u\000r\000e}{subsection.0.3.6}% 27
\BOOKMARK [2][-]{subsection.0.3.7}{\376\377\000T\000h\000e\000\040\000D\000S\000E\000T\000:\000\040\000m\000o\000d\000u\000l\000e}{section.0.3}% 28
\BOOKMARK [3][-]{subsubsection.0.3.7.1}{\376\377\000I\000n\000p\000u\000t\000\040\000d\000a\000t\000a\000\040\000t\000o\000\040\000t\000h\000e\000\040\000D\000S\000E\000T\000:\000\040\000m\000o\000d\000u\000l\000e}{subsection.0.3.7}% 29
\BOOKMARK [2][-]{subsection.0.3.8}{\376\377\000T\000h\000e\000\040\000M\000C\000C\000:\000\040\000m\000o\000d\000u\000l\000e}{section.0.3}% 30
\BOOKMARK [3][-]{subsubsection.0.3.8.1}{\376\377\000M\000a\000i\000n\000\040\000i\000n\000p\000u\000t\000\040\000d\000a\000t\000a\000\040\000t\000o\000\040\000t\000h\000e\000\040\000M\000C\000C\000:\000\040\000m\000o\000d\000u\000l\000e}{subsection.0.3.8}% 31
\BOOKMARK [2][-]{subsection.0.3.9}{\376\377\000T\000h\000e\000\040\000M\000O\000V\000D\000E\000V\000:\000\040\000m\000o\000d\000u\000l\000e}{section.0.3}% 32
\BOOKMARK [3][-]{subsubsection.0.3.9.1}{\376\377\000I\000n\000p\000u\000t\000\040\000d\000a\000t\000a\000\040\000t\000o\000\040\000t\000h\000e\000\040\000M\000O\000V\000D\000E\000V\000:\000\040\000m\000o\000d\000u\000l\000e}{subsection.0.3.9}% 33
\BOOKMARK [2][-]{subsection.0.3.10}{\376\377\000T\000h\000e\000\040\000N\000E\000W\000M\000A\000C\000:\000\040\000m\000o\000d\000u\000l\000e}{section.0.3}% 34
\BOOKMARK [2][-]{subsection.0.3.11}{\376\377\000T\000h\000e\000\040\000F\000L\000P\000O\000W\000:\000\040\000m\000o\000d\000u\000l\000e}{section.0.3}% 35
\BOOKMARK [3][-]{subsubsection.0.3.11.1}{\376\377\000I\000n\000p\000u\000t\000\040\000d\000a\000t\000a\000\040\000t\000o\000\040\000t\000h\000e\000\040\000F\000L\000P\000O\000W\000:\000\040\000m\000o\000d\000u\000l\000e}{subsection.0.3.11}% 36
\BOOKMARK [2][-]{subsection.0.3.12}{\376\377\000T\000h\000e\000\040\000T\000A\000V\000G\000:\000\040\000m\000o\000d\000u\000l\000e}{section.0.3}% 37
\BOOKMARK [3][-]{subsubsection.0.3.12.1}{\376\377\000I\000n\000p\000u\000t\000\040\000d\000a\000t\000a\000\040\000t\000o\000\040\000t\000h\000e\000\040\000T\000A\000V\000G\000:\000\040\000m\000o\000d\000u\000l\000e}{subsection.0.3.12}% 38
\BOOKMARK [3][-]{subsubsection.0.3.12.2}{\376\377\000T\000i\000m\000e\000-\000a\000v\000e\000r\000a\000g\000e\000\040\000c\000a\000l\000c\000u\000l\000a\000t\000i\000o\000n\000\040\000u\000s\000i\000n\000g\000\040\000D\000O\000N\000J\000O\000N}{subsection.0.3.12}% 39
\BOOKMARK [2][-]{subsection.0.3.13}{\376\377\000T\000h\000e\000\040\000T\000I\000N\000S\000T\000:\000\040\000m\000o\000d\000u\000l\000e}{section.0.3}% 40
\BOOKMARK [3][-]{subsubsection.0.3.13.1}{\376\377\000I\000n\000p\000u\000t\000\040\000d\000a\000t\000a\000\040\000t\000o\000\040\000t\000h\000e\000\040\000T\000I\000N\000S\000T\000:\000\040\000m\000o\000d\000u\000l\000e}{subsection.0.3.13}% 41
\BOOKMARK [2][-]{subsection.0.3.14}{\376\377\000T\000h\000e\000\040\000S\000I\000M\000:\000\040\000m\000o\000d\000u\000l\000e}{section.0.3}% 42
\BOOKMARK [3][-]{subsubsection.0.3.14.1}{\376\377\000I\000n\000p\000u\000t\000\040\000d\000a\000t\000a\000\040\000t\000o\000\040\000t\000h\000e\000\040\000S\000I\000M\000:\000\040\000m\000o\000d\000u\000l\000e}{subsection.0.3.14}% 43
\BOOKMARK [2][-]{subsection.0.3.15}{\376\377\000T\000h\000e\000\040\000X\000E\000N\000O\000N\000:\000\040\000m\000o\000d\000u\000l\000e}{section.0.3}% 44
\BOOKMARK [3][-]{subsubsection.0.3.15.1}{\376\377\000I\000n\000p\000u\000t\000\040\000d\000a\000t\000a\000\040\000t\000o\000\040\000t\000h\000e\000\040\000X\000E\000N\000O\000N\000:\000\040\000m\000o\000d\000u\000l\000e}{subsection.0.3.15}% 45
\BOOKMARK [2][-]{subsection.0.3.16}{\376\377\000T\000h\000e\000\040\000D\000E\000T\000E\000C\000T\000:\000\040\000m\000o\000d\000u\000l\000e}{section.0.3}% 46
\BOOKMARK [3][-]{subsubsection.0.3.16.1}{\376\377\000I\000n\000p\000u\000t\000\040\000d\000a\000t\000a\000\040\000t\000o\000\040\000t\000h\000e\000\040\000D\000E\000T\000E\000C\000T\000:\000\040\000m\000o\000d\000u\000l\000e}{subsection.0.3.16}% 47
\BOOKMARK [2][-]{subsection.0.3.17}{\376\377\000T\000h\000e\000\040\000C\000V\000R\000:\000\040\000m\000o\000d\000u\000l\000e}{section.0.3}% 48
\BOOKMARK [3][-]{subsubsection.0.3.17.1}{\376\377\000I\000n\000p\000u\000t\000\040\000d\000a\000t\000a\000\040\000t\000o\000\040\000t\000h\000e\000\040\000C\000V\000R\000:\000\040\000m\000o\000d\000u\000l\000e}{subsection.0.3.17}% 49
\BOOKMARK [2][-]{subsection.0.3.18}{\376\377\000T\000h\000e\000\040\000H\000S\000T\000:\000\040\000m\000o\000d\000u\000l\000e}{section.0.3}% 50
\BOOKMARK [3][-]{subsubsection.0.3.18.1}{\376\377\000E\000x\000a\000m\000p\000l\000e}{subsection.0.3.18}% 51
\BOOKMARK [2][-]{subsection.0.3.19}{\376\377\000T\000h\000e\000\040\000R\000O\000D\000:\000\040\000m\000o\000d\000u\000l\000e}{section.0.3}% 52
\BOOKMARK [3][-]{subsubsection.0.3.19.1}{\376\377\000M\000a\000i\000n\000\040\000i\000n\000p\000u\000t\000\040\000d\000a\000t\000a\000\040\000t\000o\000\040\000t\000h\000e\000\040\000R\000O\000D\000:\000\040\000m\000o\000d\000u\000l\000e}{subsection.0.3.19}% 53
\BOOKMARK [2][-]{subsection.0.3.20}{\376\377\000T\000h\000e\000\040\000I\000D\000E\000T\000:\000\040\000m\000o\000d\000u\000l\000e}{section.0.3}% 54
\BOOKMARK [3][-]{subsubsection.0.3.20.1}{\376\377\000I\000n\000p\000u\000t\000\040\000d\000a\000t\000a\000\040\000t\000o\000\040\000t\000h\000e\000\040\000I\000D\000E\000T\000:\000\040\000m\000o\000d\000u\000l\000e}{subsection.0.3.20}% 55
\BOOKMARK [1][-]{section.0.4}{\376\377\000C\000R\000O\000S\000S\000-\000S\000E\000C\000T\000I\000O\000N\000\040\000I\000N\000T\000E\000R\000P\000O\000L\000A\000T\000I\000O\000N\000\040\000M\000O\000D\000U\000L\000E\000S\000\040}{}% 56
\BOOKMARK [2][-]{subsection.0.4.1}{\376\377\000T\000h\000e\000\040\000C\000R\000E\000:\000\040\000m\000o\000d\000u\000l\000e}{section.0.4}% 57
\BOOKMARK [3][-]{subsubsection.0.4.1.1}{\376\377\000I\000n\000p\000u\000t\000\040\000d\000a\000t\000a\000\040\000f\000o\000r\000\040\000t\000h\000e\000\040\000C\000R\000E\000:\000\040\000m\000o\000d\000u\000l\000e}{subsection.0.4.1}% 58
\BOOKMARK [2][-]{subsection.0.4.2}{\376\377\000T\000h\000e\000\040\000N\000C\000R\000:\000\040\000m\000o\000d\000u\000l\000e}{section.0.4}% 59
\BOOKMARK [3][-]{subsubsection.0.4.2.1}{\376\377\000I\000n\000t\000e\000r\000p\000o\000l\000a\000t\000i\000o\000n\000\040\000d\000a\000t\000a\000\040\000i\000n\000p\000u\000t\000\040\000f\000o\000r\000\040\000m\000o\000d\000u\000l\000e\000\040\000N\000C\000R\000:}{subsection.0.4.2}% 60
\BOOKMARK [3][-]{subsubsection.0.4.2.2}{\376\377\000D\000e\000f\000i\000n\000i\000n\000g\000\040\000l\000o\000c\000a\000l\000\040\000a\000n\000d\000\040\000g\000l\000o\000b\000a\000l\000\040\000p\000a\000r\000a\000m\000e\000t\000e\000r\000s}{subsection.0.4.2}% 61
\BOOKMARK [3][-]{subsubsection.0.4.2.3}{\376\377\000I\000n\000t\000e\000r\000p\000o\000l\000a\000t\000i\000o\000n\000\040\000i\000n\000\040\000t\000h\000e\000\040\000p\000a\000r\000a\000m\000e\000t\000e\000r\000\040\000g\000r\000i\000d}{subsection.0.4.2}% 62
\BOOKMARK [2][-]{subsection.0.4.3}{\376\377\000T\000h\000e\000\040\000S\000C\000R\000:\000\040\000m\000o\000d\000u\000l\000e}{section.0.4}% 63
\BOOKMARK [3][-]{subsubsection.0.4.3.1}{\376\377\000I\000n\000t\000e\000r\000p\000o\000l\000a\000t\000i\000o\000n\000\040\000d\000a\000t\000a\000\040\000i\000n\000p\000u\000t\000\040\000f\000o\000r\000\040\000m\000o\000d\000u\000l\000e\000\040\000S\000C\000R\000:}{subsection.0.4.3}% 64
\BOOKMARK [3][-]{subsubsection.0.4.3.2}{\376\377\000D\000e\000f\000i\000n\000i\000n\000g\000\040\000g\000l\000o\000b\000a\000l\000\040\000p\000a\000r\000a\000m\000e\000t\000e\000r\000s}{subsection.0.4.3}% 65
\BOOKMARK [3][-]{subsubsection.0.4.3.3}{\376\377\000D\000e\000p\000l\000e\000t\000i\000o\000n\000\040\000d\000a\000t\000a\000\040\000s\000t\000r\000u\000c\000t\000u\000r\000e}{subsection.0.4.3}% 66
\BOOKMARK [3][-]{subsubsection.0.4.3.4}{\376\377\000I\000n\000t\000e\000r\000p\000o\000l\000a\000t\000i\000o\000n\000\040\000i\000n\000\040\000t\000h\000e\000\040\000p\000a\000r\000a\000m\000e\000t\000e\000r\000\040\000g\000r\000i\000d}{subsection.0.4.3}% 67
\BOOKMARK [2][-]{subsection.0.4.4}{\376\377\000T\000h\000e\000\040\000P\000C\000R\000:\000\040\000m\000o\000d\000u\000l\000e}{section.0.4}% 68
\BOOKMARK [3][-]{subsubsection.0.4.4.1}{\376\377\000I\000n\000t\000e\000r\000p\000o\000l\000a\000t\000i\000o\000n\000\040\000d\000a\000t\000a\000\040\000i\000n\000p\000u\000t\000\040\000f\000o\000r\000\040\000m\000o\000d\000u\000l\000e\000\040\000P\000C\000R\000:}{subsection.0.4.4}% 69
\BOOKMARK [3][-]{subsubsection.0.4.4.2}{\376\377\000D\000e\000f\000i\000n\000i\000n\000g\000\040\000p\000a\000r\000a\000m\000e\000t\000e\000r\000s}{subsection.0.4.4}% 70
\BOOKMARK [3][-]{subsubsection.0.4.4.3}{\376\377\000D\000e\000p\000l\000e\000t\000i\000o\000n\000\040\000d\000a\000t\000a\000\040\000s\000t\000r\000u\000c\000t\000u\000r\000e}{subsection.0.4.4}% 71
\BOOKMARK [2][-]{subsection.0.4.5}{\376\377\000T\000h\000e\000\040\000A\000F\000M\000:\000\040\000m\000o\000d\000u\000l\000e}{section.0.4}% 72
\BOOKMARK [3][-]{subsubsection.0.4.5.1}{\376\377\000I\000n\000p\000u\000t\000\040\000d\000a\000t\000a\000\040\000t\000o\000\040\000t\000h\000e\000\040\000A\000F\000M\000:\000\040\000m\000o\000d\000u\000l\000e}{subsection.0.4.5}% 73
\BOOKMARK [2][-]{subsection.0.4.6}{\376\377\000T\000h\000e\000\040\000T\0001\0006\000C\000P\000O\000:\000\040\000m\000o\000d\000u\000l\000e}{section.0.4}% 74
\BOOKMARK [3][-]{subsubsection.0.4.6.1}{\376\377\000I\000n\000p\000u\000t\000\040\000d\000a\000t\000a\000\040\000f\000o\000r\000\040\000t\000h\000e\000\040\000T\0001\0006\000C\000P\000O\000:\000\040\000m\000o\000d\000u\000l\000e}{subsection.0.4.6}% 75
\BOOKMARK [2][-]{subsection.0.4.7}{\376\377\000T\000h\000e\000\040\000D\0002\000P\000:\000\040\000m\000o\000d\000u\000l\000e}{section.0.4}% 76
\BOOKMARK [3][-]{subsubsection.0.4.7.1}{\376\377\000T\000h\000e\000\040\000P\000M\000A\000X\000S\000\040\000f\000o\000r\000m\000a\000t}{subsection.0.4.7}% 77
\BOOKMARK [3][-]{subsubsection.0.4.7.2}{\376\377\000G\000e\000n\000e\000r\000a\000l\000\040\000f\000o\000r\000m\000a\000t\000\040\000o\000f\000\040\000t\000h\000e\000\040\000m\000o\000d\000u\000l\000e}{subsection.0.4.7}% 78
\BOOKMARK [1][-]{section.0.5}{\376\377\000T\000H\000E\000R\000M\000A\000L\000-\000H\000Y\000D\000R\000A\000U\000L\000I\000C\000S\000\040\000M\000O\000D\000U\000L\000E\000S\000\040}{}% 79
\BOOKMARK [2][-]{subsection.0.5.1}{\376\377\000T\000h\000e\000\040\000T\000H\000M\000:\000\040\000m\000o\000d\000u\000l\000e}{section.0.5}% 80
\BOOKMARK [3][-]{subsubsection.0.5.1.1}{\376\377\000I\000n\000p\000u\000t\000\040\000d\000a\000t\000a\000\040\000t\000o\000\040\000t\000h\000e\000\040\000T\000H\000M\000:\000\040\000m\000o\000d\000u\000l\000e}{subsection.0.5.1}% 81
\BOOKMARK [1][-]{section.0.6}{\376\377\000P\000O\000I\000N\000T\000\040\000K\000I\000N\000E\000T\000I\000C\000S\000\040\000M\000O\000D\000U\000L\000E\000S\000\040}{}% 82
\BOOKMARK [2][-]{subsection.0.6.1}{\376\377\000T\000h\000e\000\040\000P\000K\000I\000N\000I\000:\000\040\000m\000o\000d\000u\000l\000e}{section.0.6}% 83
\BOOKMARK [3][-]{subsubsection.0.6.1.1}{\376\377\000I\000n\000p\000u\000t\000\040\000d\000a\000t\000a\000\040\000t\000o\000\040\000t\000h\000e\000\040\000P\000K\000I\000N\000I\000:\000\040\000m\000o\000d\000u\000l\000e}{subsection.0.6.1}% 84
\BOOKMARK [2][-]{subsection.0.6.2}{\376\377\000T\000h\000e\000\040\000P\000K\000I\000N\000S\000:\000\040\000m\000o\000d\000u\000l\000e}{section.0.6}% 85
\BOOKMARK [3][-]{subsubsection.0.6.2.1}{\376\377\000I\000n\000p\000u\000t\000\040\000d\000a\000t\000a\000\040\000t\000o\000\040\000t\000h\000e\000\040\000P\000K\000I\000N\000S\000:\000\040\000m\000o\000d\000u\000l\000e}{subsection.0.6.2}% 86
\BOOKMARK [1][-]{section.0.7}{\376\377\000O\000P\000T\000I\000M\000I\000Z\000A\000T\000I\000O\000N\000\040\000M\000O\000D\000U\000L\000E\000S\000\040}{}% 87
\BOOKMARK [2][-]{subsection.0.7.1}{\376\377\000T\000h\000e\000\040\000D\000L\000E\000A\000K\000:\000\040\000m\000o\000d\000u\000l\000e}{section.0.7}% 88
\BOOKMARK [3][-]{subsubsection.0.7.1.1}{\376\377\000D\000a\000t\000a\000\040\000i\000n\000p\000u\000t\000\040\000f\000o\000r\000\040\000m\000o\000d\000u\000l\000e\000\040\000D\000L\000E\000A\000K\000:}{subsection.0.7.1}% 89
\BOOKMARK [2][-]{subsection.0.7.2}{\376\377\000T\000h\000e\000\040\000D\000S\000P\000H\000:\000\040\000m\000o\000d\000u\000l\000e}{section.0.7}% 90
\BOOKMARK [3][-]{subsubsection.0.7.2.1}{\376\377\000D\000a\000t\000a\000\040\000i\000n\000p\000u\000t\000\040\000f\000o\000r\000\040\000m\000o\000d\000u\000l\000e\000\040\000D\000S\000P\000H\000:}{subsection.0.7.2}% 91
\BOOKMARK [2][-]{subsection.0.7.3}{\376\377\000T\000h\000e\000\040\000D\000R\000E\000F\000:\000\040\000m\000o\000d\000u\000l\000e}{section.0.7}% 92
\BOOKMARK [3][-]{subsubsection.0.7.3.1}{\376\377\000M\000i\000n\000i\000m\000i\000z\000i\000n\000g\000\040\000t\000h\000e\000\040\000R\000M\000S\000\040\000e\000r\000r\000o\000r\000\040\000o\000f\000\040\000p\000o\000w\000e\000r\000\040\000d\000i\000s\000t\000r\000i\000b\000u\000t\000i\000o\000n}{subsection.0.7.3}% 93
\BOOKMARK [3][-]{subsubsection.0.7.3.2}{\376\377\000M\000i\000n\000i\000m\000i\000z\000i\000n\000g\000\040\000t\000h\000e\000\040\000R\000M\000S\000\040\000e\000r\000r\000o\000r\000\040\000a\000s\000s\000o\000c\000i\000a\000t\000e\000d\000\040\000w\000i\000t\000h\000\040\000S\000P\000H\000\040\000f\000a\000c\000t\000o\000r\000\040\000c\000a\000l\000c\000u\000l\000a\000t\000i\000o\000n}{subsection.0.7.3}% 94
\BOOKMARK [3][-]{subsubsection.0.7.3.3}{\376\377\000C\000a\000l\000l\000i\000n\000g\000\040\000s\000p\000e\000c\000i\000f\000i\000c\000a\000t\000i\000o\000n\000s}{subsection.0.7.3}% 95
\BOOKMARK [2][-]{subsection.0.7.4}{\376\377\000T\000h\000e\000\040\000G\000R\000A\000D\000:\000\040\000m\000o\000d\000u\000l\000e}{section.0.7}% 96
\BOOKMARK [3][-]{subsubsection.0.7.4.1}{\376\377\000D\000a\000t\000a\000\040\000i\000n\000p\000u\000t\000\040\000f\000o\000r\000\040\000m\000o\000d\000u\000l\000e\000\040\000G\000R\000A\000D\000:}{subsection.0.7.4}% 97
\BOOKMARK [2][-]{subsection.0.7.5}{\376\377\000T\000h\000e\000\040\000P\000L\000Q\000:\000\040\000m\000o\000d\000u\000l\000e}{section.0.7}% 98
\BOOKMARK [3][-]{subsubsection.0.7.5.1}{\376\377\000D\000a\000t\000a\000\040\000i\000n\000p\000u\000t\000\040\000f\000o\000r\000\040\000m\000o\000d\000u\000l\000e\000\040\000P\000L\000Q\000:}{subsection.0.7.5}% 99
\BOOKMARK [2][-]{subsection.0.7.6}{\376\377\000T\000h\000e\000\040\000L\000N\000S\000R\000:\000\040\000m\000o\000d\000u\000l\000e}{section.0.7}% 100
\BOOKMARK [3][-]{subsubsection.0.7.6.1}{\376\377\000D\000a\000t\000a\000\040\000i\000n\000p\000u\000t\000\040\000f\000o\000r\000\040\000m\000o\000d\000u\000l\000e\000\040\000L\000N\000S\000R\000:}{subsection.0.7.6}% 101
\BOOKMARK [2][-]{subsection.0.7.7}{\376\377\000T\000h\000e\000\040\000F\000P\000S\000P\000H\000:\000\040\000m\000o\000d\000u\000l\000e}{section.0.7}% 102
\BOOKMARK [3][-]{subsubsection.0.7.7.1}{\376\377\000D\000a\000t\000a\000\040\000i\000n\000p\000u\000t\000\040\000f\000o\000r\000\040\000m\000o\000d\000u\000l\000e\000\040\000F\000P\000S\000P\000H\000:}{subsection.0.7.7}% 103
\BOOKMARK [1][-]{section.0.8}{\376\377\000P\000I\000N\000-\000P\000O\000W\000E\000R\000\040\000R\000E\000C\000O\000N\000S\000T\000R\000U\000C\000T\000I\000O\000N\000\040\000M\000O\000D\000U\000L\000E\000S\000\040}{}% 104
\BOOKMARK [2][-]{subsection.0.8.1}{\376\377\000T\000h\000e\000\040\000N\000A\000P\000:\000\040\000m\000o\000d\000u\000l\000e}{section.0.8}% 105
\BOOKMARK [3][-]{subsubsection.0.8.1.1}{\376\377\000A\000d\000d\000i\000t\000i\000o\000n\000a\000l\000\040\000p\000r\000o\000p\000e\000r\000t\000i\000e\000s\000\040\000c\000a\000l\000c\000u\000l\000a\000t\000i\000o\000n\000s}{subsection.0.8.1}% 106
\BOOKMARK [3][-]{subsubsection.0.8.1.2}{\376\377\000P\000i\000n\000\040\000p\000o\000w\000e\000r\000\040\000r\000e\000c\000o\000n\000s\000t\000r\000u\000c\000t\000i\000o\000n}{subsection.0.8.1}% 107
\BOOKMARK [3][-]{subsubsection.0.8.1.3}{\376\377\000H\000e\000t\000e\000r\000o\000g\000e\000n\000e\000o\000u\000s\000\040\000a\000s\000s\000e\000m\000b\000l\000y\000\040\000g\000e\000o\000m\000e\000t\000r\000y\000\040\000d\000e\000f\000i\000n\000i\000t\000i\000o\000n}{subsection.0.8.1}% 108
\BOOKMARK [1][-]{section.0.9}{\376\377\000\040\000D\000O\000N\000J\000O\000N\000\040\000D\000A\000T\000A\000\040\000S\000T\000R\000U\000C\000T\000U\000R\000E\000S\000\040}{}% 109
\BOOKMARK [2][-]{subsection.0.9.1}{\376\377\000C\000o\000n\000t\000e\000n\000t\000s\000\040\000o\000f\000\040\000/\000f\000m\000a\000p\000/\000\040\000d\000a\000t\000a\000\040\000s\000t\000r\000u\000c\000t\000u\000r\000e}{section.0.9}% 110
\BOOKMARK [3][-]{subsubsection.0.9.1.1}{\376\377\000T\000h\000e\000\040\000s\000t\000a\000t\000e\000-\000v\000e\000c\000t\000o\000r\000\040\000c\000o\000n\000t\000e\000n\000t}{subsection.0.9.1}% 111
\BOOKMARK [3][-]{subsubsection.0.9.1.2}{\376\377\000T\000h\000e\000\040\000m\000a\000i\000n\000\040\000/\000f\000m\000a\000p\000/\000\040\000d\000i\000r\000e\000c\000t\000o\000r\000y}{subsection.0.9.1}% 112
\BOOKMARK [3][-]{subsubsection.0.9.1.3}{\376\377\000T\000h\000e\000\040\000F\000U\000E\000L\000\040\000s\000u\000b\000-\000d\000i\000r\000e\000c\000t\000o\000r\000i\000e\000s}{subsection.0.9.1}% 113
\BOOKMARK [3][-]{subsubsection.0.9.1.4}{\376\377\000T\000h\000e\000\040\000\173\000h\000c\000y\000c\000l\000e\000\175\000\040\000s\000u\000b\000-\000d\000i\000r\000e\000c\000t\000o\000r\000i\000e\000s}{subsection.0.9.1}% 114
\BOOKMARK [3][-]{subsubsection.0.9.1.5}{\376\377\000T\000h\000e\000\040\000P\000A\000R\000A\000M\000\040\000s\000u\000b\000-\000d\000i\000r\000e\000c\000t\000o\000r\000i\000e\000s}{subsection.0.9.1}% 115
\BOOKMARK [3][-]{subsubsection.0.9.1.6}{\376\377\000T\000h\000e\000\040\000R\000O\000D\000-\000I\000N\000F\000O\000\040\000s\000u\000b\000-\000d\000i\000r\000e\000c\000t\000o\000r\000y}{subsection.0.9.1}% 116
\BOOKMARK [3][-]{subsubsection.0.9.1.7}{\376\377\000T\000h\000e\000\040\000A\000S\000S\000E\000M\000B\000L\000Y\000\040\000s\000u\000b\000-\000d\000i\000r\000e\000c\000t\000o\000r\000y}{subsection.0.9.1}% 117
\BOOKMARK [2][-]{subsection.0.9.2}{\376\377\000C\000o\000n\000t\000e\000n\000t\000s\000\040\000o\000f\000\040\000/\000m\000a\000t\000e\000x\000/\000\040\000d\000a\000t\000a\000\040\000s\000t\000r\000u\000c\000t\000u\000r\000e}{section.0.9}% 118
\BOOKMARK [3][-]{subsubsection.0.9.2.1}{\376\377\000T\000h\000e\000\040\000s\000t\000a\000t\000e\000-\000v\000e\000c\000t\000o\000r\000\040\000c\000o\000n\000t\000e\000n\000t}{subsection.0.9.2}% 119
\BOOKMARK [3][-]{subsubsection.0.9.2.2}{\376\377\000T\000h\000e\000\040\000/\000m\000a\000t\000e\000x\000/\000\040\000d\000i\000r\000e\000c\000t\000o\000r\000y}{subsection.0.9.2}% 120
\BOOKMARK [2][-]{subsection.0.9.3}{\376\377\000C\000o\000n\000t\000e\000n\000t\000s\000\040\000o\000f\000\040\000/\000d\000e\000v\000i\000c\000e\000/\000\040\000d\000a\000t\000a\000\040\000s\000t\000r\000u\000c\000t\000u\000r\000e}{section.0.9}% 121
\BOOKMARK [3][-]{subsubsection.0.9.3.1}{\376\377\000T\000h\000e\000\040\000s\000t\000a\000t\000e\000-\000v\000e\000c\000t\000o\000r\000\040\000c\000o\000n\000t\000e\000n\000t}{subsection.0.9.3}% 122
\BOOKMARK [3][-]{subsubsection.0.9.3.2}{\376\377\000T\000h\000e\000\040\000m\000a\000i\000n\000\040\000/\000d\000e\000v\000i\000c\000e\000/\000\040\000d\000i\000r\000e\000c\000t\000o\000r\000y}{subsection.0.9.3}% 123
\BOOKMARK [3][-]{subsubsection.0.9.3.3}{\376\377\000T\000h\000e\000\040\000D\000E\000V\000-\000R\000O\000D\000\040\000s\000u\000b\000-\000d\000i\000r\000e\000c\000t\000o\000r\000i\000e\000s}{subsection.0.9.3}% 124
\BOOKMARK [3][-]{subsubsection.0.9.3.4}{\376\377\000T\000h\000e\000\040\000R\000O\000D\000-\000G\000R\000O\000U\000P\000\040\000s\000u\000b\000-\000d\000i\000r\000e\000c\000t\000o\000r\000i\000e\000s}{subsection.0.9.3}% 125
\BOOKMARK [3][-]{subsubsection.0.9.3.5}{\376\377\000T\000h\000e\000\040\000D\000E\000V\000-\000L\000Z\000C\000\040\000s\000u\000b\000-\000d\000i\000r\000e\000c\000t\000o\000r\000i\000e\000s}{subsection.0.9.3}% 126
\BOOKMARK [3][-]{subsubsection.0.9.3.6}{\376\377\000T\000h\000e\000\040\000L\000Z\000C\000-\000G\000R\000O\000U\000P\000\040\000s\000u\000b\000-\000d\000i\000r\000e\000c\000t\000o\000r\000i\000e\000s}{subsection.0.9.3}% 127
\BOOKMARK [2][-]{subsection.0.9.4}{\376\377\000C\000o\000n\000t\000e\000n\000t\000s\000\040\000o\000f\000\040\000a\000\040\000/\000d\000e\000t\000e\000c\000t\000/\000\040\000d\000a\000t\000a\000\040\000s\000t\000r\000u\000c\000t\000u\000r\000e}{section.0.9}% 128
\BOOKMARK [3][-]{subsubsection.0.9.4.1}{\376\377\000T\000h\000e\000\040\000s\000t\000a\000t\000e\000-\000v\000e\000c\000t\000o\000r\000\040\000c\000o\000n\000t\000e\000n\000t}{subsection.0.9.4}% 129
\BOOKMARK [3][-]{subsubsection.0.9.4.2}{\376\377\000T\000h\000e\000\040\000m\000a\000i\000n\000\040\000/\000d\000e\000t\000e\000c\000t\000/\000\040\000d\000i\000r\000e\000c\000t\000o\000r\000y}{subsection.0.9.4}% 130
\BOOKMARK [3][-]{subsubsection.0.9.4.3}{\376\377\000T\000h\000e\000\040\000/\000n\000a\000m\000e\000\137\000t\000y\000p\000e\000/\000\040\000s\000u\000b\000-\000d\000i\000r\000e\000c\000t\000o\000r\000i\000e\000s}{subsection.0.9.4}% 131
\BOOKMARK [3][-]{subsubsection.0.9.4.4}{\376\377\000T\000h\000e\000\040\000/\000n\000a\000m\000e\000\137\000d\000e\000t\000e\000c\000t\000/\000\040\000s\000u\000b\000-\000d\000i\000r\000e\000c\000t\000o\000r\000i\000e\000s}{subsection.0.9.4}% 132
\BOOKMARK [2][-]{subsection.0.9.5}{\376\377\000C\000o\000n\000t\000e\000n\000t\000s\000\040\000o\000f\000\040\000/\000p\000o\000w\000e\000r\000/\000\040\000d\000a\000t\000a\000\040\000s\000t\000r\000u\000c\000t\000u\000r\000e}{section.0.9}% 133
\BOOKMARK [3][-]{subsubsection.0.9.5.1}{\376\377\000T\000h\000e\000\040\000s\000t\000a\000t\000e\000-\000v\000e\000c\000t\000o\000r\000\040\000c\000o\000n\000t\000e\000n\000t}{subsection.0.9.5}% 134
\BOOKMARK [3][-]{subsubsection.0.9.5.2}{\376\377\000T\000h\000e\000\040\000/\000p\000o\000w\000e\000r\000/\000\040\000d\000i\000r\000e\000c\000t\000o\000r\000y}{subsection.0.9.5}% 135
\BOOKMARK [2][-]{subsection.0.9.6}{\376\377\000C\000o\000n\000t\000e\000n\000t\000s\000\040\000o\000f\000\040\000/\000h\000i\000s\000t\000o\000r\000y\000/\000\040\000d\000a\000t\000a\000\040\000s\000t\000r\000u\000c\000t\000u\000r\000e}{section.0.9}% 136
\BOOKMARK [3][-]{subsubsection.0.9.6.1}{\376\377\000T\000h\000e\000\040\000m\000a\000i\000n\000\040\000d\000i\000r\000e\000c\000t\000o\000r\000y}{subsection.0.9.6}% 137
\BOOKMARK [3][-]{subsubsection.0.9.6.2}{\376\377\000T\000h\000e\000\040\000f\000u\000e\000l\000\040\000t\000y\000p\000e\000\040\000s\000u\000b\000-\000d\000i\000r\000e\000c\000t\000o\000r\000y}{subsection.0.9.6}% 138
\BOOKMARK [3][-]{subsubsection.0.9.6.3}{\376\377\000T\000h\000e\000\040\000c\000e\000l\000l\000\040\000t\000y\000p\000e\000\040\000s\000u\000b\000-\000d\000i\000r\000e\000c\000t\000o\000r\000y}{subsection.0.9.6}% 139
\BOOKMARK [2][-]{subsection.0.9.7}{\376\377\000C\000o\000n\000t\000e\000n\000t\000s\000\040\000o\000f\000\040\000/\000t\000h\000m\000/\000\040\000d\000a\000t\000a\000\040\000s\000t\000r\000u\000c\000t\000u\000r\000e}{section.0.9}% 140
\BOOKMARK [3][-]{subsubsection.0.9.7.1}{\376\377\000T\000h\000e\000\040\000m\000a\000i\000n\000\040\000/\000t\000h\000m\000/\000\040\000d\000i\000r\000e\000c\000t\000o\000r\000y}{subsection.0.9.7}% 141
\BOOKMARK [3][-]{subsubsection.0.9.7.2}{\376\377\000T\000h\000e\000\040\000H\000I\000S\000T\000O\000R\000Y\000-\000D\000A\000T\000A\000\040\000s\000u\000b\000-\000d\000i\000r\000e\000c\000t\000o\000r\000y}{subsection.0.9.7}% 142
\BOOKMARK [2][-]{subsection.0.9.8}{\376\377\000C\000o\000n\000t\000e\000n\000t\000s\000\040\000o\000f\000\040\000a\000\040\000/\000o\000p\000t\000i\000m\000i\000z\000e\000/\000\040\000d\000a\000t\000a\000\040\000s\000t\000r\000u\000c\000t\000u\000r\000e}{section.0.9}% 143
\BOOKMARK [3][-]{subsubsection.0.9.8.1}{\376\377\000T\000h\000e\000\040\000s\000u\000b\000-\000d\000i\000r\000e\000c\000t\000o\000r\000y\000\040\000/\000O\000L\000D\000-\000V\000A\000L\000U\000E\000/\000\040\000i\000n\000\040\000/\000o\000p\000t\000i\000m\000i\000z\000e\000/}{subsection.0.9.8}% 144
\BOOKMARK [2][-]{subsection.0.9.9}{\376\377\000C\000o\000n\000t\000e\000n\000t\000s\000\040\000o\000f\000\040\000/\000d\0002\000p\000\137\000i\000n\000f\000o\000/\000\040\000d\000a\000t\000a\000\040\000s\000t\000r\000u\000c\000t\000u\000r\000e}{section.0.9}% 145
\BOOKMARK [3][-]{subsubsection.0.9.9.1}{\376\377\000T\000h\000e\000\040\000s\000t\000a\000t\000e\000-\000v\000e\000c\000t\000o\000r\000\040\000c\000o\000n\000t\000e\000n\000t}{subsection.0.9.9}% 146
\BOOKMARK [2][-]{subsection.0.9.10}{\376\377\000C\000o\000n\000t\000e\000n\000t\000s\000\040\000o\000f\000\040\000a\000\040\000/\000i\000n\000t\000d\000e\000t\000e\000c\000/\000\040\000d\000a\000t\000a\000\040\000s\000t\000r\000u\000c\000t\000u\000r\000e}{section.0.9}% 147
\BOOKMARK [3][-]{subsubsection.0.9.10.1}{\376\377\000T\000h\000e\000\040\000s\000t\000a\000t\000e\000-\000v\000e\000c\000t\000o\000r\000\040\000c\000o\000n\000t\000e\000n\000t}{subsection.0.9.10}% 148
\BOOKMARK [3][-]{subsubsection.0.9.10.2}{\376\377\000T\000h\000e\000\040\000m\000a\000i\000n\000\040\000/\000i\000n\000t\000d\000e\000t\000e\000c\000/\000\040\000d\000i\000r\000e\000c\000t\000o\000r\000y}{subsection.0.9.10}% 149
\BOOKMARK [1][-]{section.0.10}{\376\377\000E\000X\000A\000M\000P\000L\000E\000S\000\040}{}% 150
