This is pdfTeX, Version 3.141592653-2.6-1.40.22 (TeX Live 2021) (preloaded format=pdflatex 2021.9.14)  20 JAN 2022 13:25
entering extended mode
 restricted \write18 enabled.
 %&-line parsing enabled.
**IGE351.tex
(./IGE351.tex
LaTeX2e <2020-10-01> patch level 4
L3 programming layer <2021-02-18>
(/usr/local/texlive/2021/texmf-dist/tex/latex/base/report.cls
Document Class: report 2020/04/10 v1.4m Standard LaTeX document class
(/usr/local/texlive/2021/texmf-dist/tex/latex/base/size10.clo
File: size10.clo 2020/04/10 v1.4m Standard LaTeX file (size option)
)
\c@part=\count179
\c@chapter=\count180
\c@section=\count181
\c@subsection=\count182
\c@subsubsection=\count183
\c@paragraph=\count184
\c@subparagraph=\count185
\c@figure=\count186
\c@table=\count187
\abovecaptionskip=\skip47
\belowcaptionskip=\skip48
\bibindent=\dimen138
)
(./IGNrapport.sty
Package: IGNrapport 1998/09/18
 (/usr/local/texlive/2021/texmf-dist/tex/latex/tools/array.sty
Package: array 2020/10/01 v2.5c Tabular extension package (FMi)
\col@sep=\dimen139
\ar@mcellbox=\box47
\extrarowheight=\dimen140
\NC@list=\toks15
\extratabsurround=\skip49
\backup@length=\skip50
\ar@cellbox=\box48
) (/usr/local/texlive/2021/texmf-dist/tex/latex/cite/cite.sty
LaTeX Info: Redefining \cite on input line 302.
LaTeX Info: Redefining \nocite on input line 332.
Package: cite 2015/02/27  v 5.5
)
(/usr/local/texlive/2021/texmf-dist/tex/latex/tools/indentfirst.sty
Package: indentfirst 1995/11/23 v1.03 Indent first paragraph (DPC)
)
(/usr/local/texlive/2021/texmf-dist/tex/latex/graphics/epsfig.sty
Package: epsfig 2017/06/25 v1.7b (e)psfig emulation (SPQR)

(/usr/local/texlive/2021/texmf-dist/tex/latex/graphics/graphicx.sty
Package: graphicx 2020/09/09 v1.2b Enhanced LaTeX Graphics (DPC,SPQR)

(/usr/local/texlive/2021/texmf-dist/tex/latex/graphics/keyval.sty
Package: keyval 2014/10/28 v1.15 key=value parser (DPC)
\KV@toks@=\toks16
)
(/usr/local/texlive/2021/texmf-dist/tex/latex/graphics/graphics.sty
Package: graphics 2020/08/30 v1.4c Standard LaTeX Graphics (DPC,SPQR)

(/usr/local/texlive/2021/texmf-dist/tex/latex/graphics/trig.sty
Package: trig 2016/01/03 v1.10 sin cos tan (DPC)
)
(/usr/local/texlive/2021/texmf-dist/tex/latex/graphics-cfg/graphics.cfg
File: graphics.cfg 2016/06/04 v1.11 sample graphics configuration
)
Package graphics Info: Driver file: pdftex.def on input line 105.

(/usr/local/texlive/2021/texmf-dist/tex/latex/graphics-def/pdftex.def
File: pdftex.def 2020/10/05 v1.2a Graphics/color driver for pdftex
))
\Gin@req@height=\dimen141
\Gin@req@width=\dimen142
)
\epsfxsize=\dimen143
\epsfysize=\dimen144
)
(/usr/local/texlive/2021/texmf-dist/tex/latex/base/fleqn.sty

LaTeX Warning: inputting `fleqn.clo' instead of obsolete `fleqn.sty'.

(/usr/local/texlive/2021/texmf-dist/tex/latex/base/fleqn.clo
File: fleqn.clo 2016/12/29 v1.2b Standard LaTeX option (flush left equations)
\mathindent=\skip51
Applying: [2015/01/01] Make \[ robust on input line 50.
LaTeX Info: Redefining \[ on input line 51.
Already applied: [0000/00/00] Make \[ robust on input line 62.
Applying: [2015/01/01] Make \] robust on input line 74.
LaTeX Info: Redefining \] on input line 75.
Already applied: [0000/00/00] Make \] robust on input line 83.
))
(/usr/local/texlive/2021/texmf-dist/tex/latex/hyperref/hyperref.sty
Package: hyperref 2021-02-27 v7.00k Hypertext links for LaTeX

(/usr/local/texlive/2021/texmf-dist/tex/generic/ltxcmds/ltxcmds.sty
Package: ltxcmds 2020-05-10 v1.25 LaTeX kernel commands for general use (HO)
)
(/usr/local/texlive/2021/texmf-dist/tex/generic/iftex/iftex.sty
Package: iftex 2020/03/06 v1.0d TeX engine tests
)
(/usr/local/texlive/2021/texmf-dist/tex/generic/pdftexcmds/pdftexcmds.sty
Package: pdftexcmds 2020-06-27 v0.33 Utility functions of pdfTeX for LuaTeX (HO
)

(/usr/local/texlive/2021/texmf-dist/tex/generic/infwarerr/infwarerr.sty
Package: infwarerr 2019/12/03 v1.5 Providing info/warning/error messages (HO)
)
Package pdftexcmds Info: \pdf@primitive is available.
Package pdftexcmds Info: \pdf@ifprimitive is available.
Package pdftexcmds Info: \pdfdraftmode found.
)
(/usr/local/texlive/2021/texmf-dist/tex/generic/kvsetkeys/kvsetkeys.sty
Package: kvsetkeys 2019/12/15 v1.18 Key value parser (HO)
)
(/usr/local/texlive/2021/texmf-dist/tex/generic/kvdefinekeys/kvdefinekeys.sty
Package: kvdefinekeys 2019-12-19 v1.6 Define keys (HO)
)
(/usr/local/texlive/2021/texmf-dist/tex/generic/pdfescape/pdfescape.sty
Package: pdfescape 2019/12/09 v1.15 Implements pdfTeX's escape features (HO)
)
(/usr/local/texlive/2021/texmf-dist/tex/latex/hycolor/hycolor.sty
Package: hycolor 2020-01-27 v1.10 Color options for hyperref/bookmark (HO)
)
(/usr/local/texlive/2021/texmf-dist/tex/latex/letltxmacro/letltxmacro.sty
Package: letltxmacro 2019/12/03 v1.6 Let assignment for LaTeX macros (HO)
)
(/usr/local/texlive/2021/texmf-dist/tex/latex/auxhook/auxhook.sty
Package: auxhook 2019-12-17 v1.6 Hooks for auxiliary files (HO)
)
(/usr/local/texlive/2021/texmf-dist/tex/latex/kvoptions/kvoptions.sty
Package: kvoptions 2020-10-07 v3.14 Key value format for package options (HO)
)
\@linkdim=\dimen145
\Hy@linkcounter=\count188
\Hy@pagecounter=\count189

(/usr/local/texlive/2021/texmf-dist/tex/latex/hyperref/pd1enc.def
File: pd1enc.def 2021-02-27 v7.00k Hyperref: PDFDocEncoding definition (HO)
Now handling font encoding PD1 ...
... no UTF-8 mapping file for font encoding PD1
)
(/usr/local/texlive/2021/texmf-dist/tex/latex/hyperref/hyperref-langpatches.def
File: hyperref-langpatches.def 2021-02-27 v7.00k Hyperref: patches for babel la
nguages
) (/usr/local/texlive/2021/texmf-dist/tex/generic/intcalc/intcalc.sty
Package: intcalc 2019/12/15 v1.3 Expandable calculations with integers (HO)
)
(/usr/local/texlive/2021/texmf-dist/tex/generic/etexcmds/etexcmds.sty
Package: etexcmds 2019/12/15 v1.7 Avoid name clashes with e-TeX commands (HO)
)
\Hy@SavedSpaceFactor=\count190

(/usr/local/texlive/2021/texmf-dist/tex/latex/hyperref/puenc.def
File: puenc.def 2021-02-27 v7.00k Hyperref: PDF Unicode definition (HO)
Now handling font encoding PU ...
... no UTF-8 mapping file for font encoding PU
)
Package hyperref Info: Hyper figures OFF on input line 4192.
Package hyperref Info: Link nesting OFF on input line 4197.
Package hyperref Info: Hyper index ON on input line 4200.
Package hyperref Info: Plain pages OFF on input line 4207.
Package hyperref Info: Backreferencing OFF on input line 4212.
Package hyperref Info: Implicit mode ON; LaTeX internals redefined.
Package hyperref Info: Bookmarks ON on input line 4445.
\c@Hy@tempcnt=\count191

(/usr/local/texlive/2021/texmf-dist/tex/latex/url/url.sty
\Urlmuskip=\muskip16
Package: url 2013/09/16  ver 3.4  Verb mode for urls, etc.
)
LaTeX Info: Redefining \url on input line 4804.
\XeTeXLinkMargin=\dimen146

(/usr/local/texlive/2021/texmf-dist/tex/generic/bitset/bitset.sty
Package: bitset 2019/12/09 v1.3 Handle bit-vector datatype (HO)

(/usr/local/texlive/2021/texmf-dist/tex/generic/bigintcalc/bigintcalc.sty
Package: bigintcalc 2019/12/15 v1.5 Expandable calculations on big integers (HO
)
))
\Fld@menulength=\count192
\Field@Width=\dimen147
\Fld@charsize=\dimen148
Package hyperref Info: Hyper figures OFF on input line 6075.
Package hyperref Info: Link nesting OFF on input line 6080.
Package hyperref Info: Hyper index ON on input line 6083.
Package hyperref Info: backreferencing OFF on input line 6090.
Package hyperref Info: Link coloring OFF on input line 6095.
Package hyperref Info: Link coloring with OCG OFF on input line 6100.
Package hyperref Info: PDF/A mode OFF on input line 6105.
LaTeX Info: Redefining \ref on input line 6145.
LaTeX Info: Redefining \pageref on input line 6149.

(/usr/local/texlive/2021/texmf-dist/tex/latex/base/atbegshi-ltx.sty
Package: atbegshi-ltx 2020/08/17 v1.0a Emulation of the original atbegshi packa
ge
with kernel methods
)
\Hy@abspage=\count193
\c@Item=\count194
\c@Hfootnote=\count195
)
Package hyperref Info: Driver (autodetected): hpdftex.

(/usr/local/texlive/2021/texmf-dist/tex/latex/hyperref/hpdftex.def
File: hpdftex.def 2021-02-27 v7.00k Hyperref driver for pdfTeX

(/usr/local/texlive/2021/texmf-dist/tex/latex/base/atveryend-ltx.sty
Package: atveryend-ltx 2020/08/19 v1.0a Emulation of the original atvery packag
e
with kernel methods
)
\Fld@listcount=\count196
\c@bookmark@seq@number=\count197

(/usr/local/texlive/2021/texmf-dist/tex/latex/rerunfilecheck/rerunfilecheck.sty
Package: rerunfilecheck 2019/12/05 v1.9 Rerun checks for auxiliary files (HO)

(/usr/local/texlive/2021/texmf-dist/tex/generic/uniquecounter/uniquecounter.sty
Package: uniquecounter 2019/12/15 v1.4 Provide unlimited unique counter (HO)
)
Package uniquecounter Info: New unique counter `rerunfilecheck' on input line 2
86.
)
\Hy@SectionHShift=\skip52
)
Package hyperref Info: Option `colorlinks' set `true' on input line 9.
\@indexfile=\write3
\openout3 = `IGE351.idx'.


Writing index file IGE351.idx
\c@nblank=\count198
) (/usr/local/texlive/2021/texmf-dist/tex/latex/amsmath/amstext.sty
Package: amstext 2000/06/29 v2.01 AMS text

(/usr/local/texlive/2021/texmf-dist/tex/latex/amsmath/amsgen.sty
File: amsgen.sty 1999/11/30 v2.0 generic functions
\@emptytoks=\toks17
\ex@=\dimen149
))
(./GuideBW.sty
Package: GuideBW 1999/09/07
 (/usr/local/texlive/2021/texmf-dist/tex/latex/base/ifthen.sty
Package: ifthen 2014/09/29 v1.1c Standard LaTeX ifthen package (DPC)
)
(/usr/local/texlive/2021/texmf-dist/tex/latex/tools/longtable.sty
Package: longtable 2020/01/07 v4.13 Multi-page Table package (DPC)
\LTleft=\skip53
\LTright=\skip54
\LTpre=\skip55
\LTpost=\skip56
\LTchunksize=\count199
\LTcapwidth=\dimen150
\LT@head=\box49
\LT@firsthead=\box50
\LT@foot=\box51
\LT@lastfoot=\box52
\LT@cols=\count266
\LT@rows=\count267
\c@LT@tables=\count268
\c@LT@chunks=\count269
\LT@p@ftn=\toks18
)
\NotationLength=\skip57
\DescriptionLength=\skip58
)
(/usr/local/texlive/2021/texmf-dist/tex/latex/base/makeidx.sty
Package: makeidx 2014/09/29 v1.0m Standard LaTeX package
)
(/usr/local/texlive/2021/texmf-dist/tex/latex/tools/multicol.sty
Package: multicol 2019/12/09 v1.8y multicolumn formatting (FMi)
\c@tracingmulticols=\count270
\mult@box=\box53
\multicol@leftmargin=\dimen151
\c@unbalance=\count271
\c@collectmore=\count272
\doublecol@number=\count273
\multicoltolerance=\count274
\multicolpretolerance=\count275
\full@width=\dimen152
\page@free=\dimen153
\premulticols=\dimen154
\postmulticols=\dimen155
\multicolsep=\skip59
\multicolbaselineskip=\skip60
\partial@page=\box54
\last@line=\box55
\maxbalancingoverflow=\dimen156
\mult@rightbox=\box56
\mult@grightbox=\box57
\mult@gfirstbox=\box58
\mult@firstbox=\box59
\@tempa=\box60
\@tempa=\box61
\@tempa=\box62
\@tempa=\box63
\@tempa=\box64
\@tempa=\box65
\@tempa=\box66
\@tempa=\box67
\@tempa=\box68
\@tempa=\box69
\@tempa=\box70
\@tempa=\box71
\@tempa=\box72
\@tempa=\box73
\@tempa=\box74
\@tempa=\box75
\@tempa=\box76
\@tempa=\box77
\@tempa=\box78
\@tempa=\box79
\@tempa=\box80
\@tempa=\box81
\@tempa=\box82
\@tempa=\box83
\@tempa=\box84
\@tempa=\box85
\@tempa=\box86
\@tempa=\box87
\@tempa=\box88
\@tempa=\box89
\@tempa=\box90
\@tempa=\box91
\@tempa=\box92
\@tempa=\box93
\@tempa=\box94
\@tempa=\box95
\@tempa=\box96
\c@minrows=\count276
\c@columnbadness=\count277
\c@finalcolumnbadness=\count278
\last@try=\dimen157
\multicolovershoot=\dimen158
\multicolundershoot=\dimen159
\mult@nat@firstbox=\box97
\colbreak@box=\box98
\mc@col@check@num=\count279
)
(/usr/local/texlive/2021/texmf-dist/tex/latex/supertabular/supertabular.sty
Package: supertabular 2020/02/02 v4.1g the supertabular environment
\c@tracingst=\count280
\ST@wd=\dimen160
\ST@rightskip=\skip61
\ST@leftskip=\skip62
\ST@parfillskip=\skip63
\ST@pageleft=\dimen161
\ST@headht=\dimen162
\ST@tailht=\dimen163
\ST@pagesofar=\dimen164
\ST@pboxht=\dimen165
\ST@lineht=\dimen166
\ST@prevht=\dimen167
\ST@toadd=\dimen168
\ST@dimen=\dimen169
\ST@pbox=\box99
)
(/usr/local/texlive/2021/texmf-dist/tex/latex/l3backend/l3backend-pdftex.def
File: l3backend-pdftex.def 2021-03-18 L3 backend support: PDF output (pdfTeX)
\l__color_backend_stack_int=\count281
\l__pdf_internal_box=\box100
)
(./IGE351.aux (./SectIntroduction.aux) (./SectStructure.aux)
(./SectDmacrolib.aux) (./SectDmicrolib.aux) (./SectDgeometry.aux)
(./SectDtracking.aux) (./SectDasminfo.aux) (./SectDsystem.aux)
(./SectDkinet.aux) (./SectDfluxunk.aux) (./SectDsource.aux) (./SectDdepos.aux)
(./SectDedition.aux) (./SectDburnup.aux) (./SectDcompo.aux) (./SectDcpo.aux

LaTeX Warning: Label `sect:cpodirmain' multiply defined.

) (./SectDsaphyb.aux) (./SectDmc.aux) (./SectDdraglib.aux) (./SectDfview.aux)
(./Bibliography.aux))
\openout1 = `IGE351.aux'.

LaTeX Font Info:    Checking defaults for OML/cmm/m/it on input line 23.
LaTeX Font Info:    ... okay on input line 23.
LaTeX Font Info:    Checking defaults for OMS/cmsy/m/n on input line 23.
LaTeX Font Info:    ... okay on input line 23.
LaTeX Font Info:    Checking defaults for OT1/cmr/m/n on input line 23.
LaTeX Font Info:    ... okay on input line 23.
LaTeX Font Info:    Checking defaults for T1/cmr/m/n on input line 23.
LaTeX Font Info:    ... okay on input line 23.
LaTeX Font Info:    Checking defaults for TS1/cmr/m/n on input line 23.
LaTeX Font Info:    ... okay on input line 23.
LaTeX Font Info:    Checking defaults for OMX/cmex/m/n on input line 23.
LaTeX Font Info:    ... okay on input line 23.
LaTeX Font Info:    Checking defaults for U/cmr/m/n on input line 23.
LaTeX Font Info:    ... okay on input line 23.
LaTeX Font Info:    Checking defaults for PD1/pdf/m/n on input line 23.
LaTeX Font Info:    ... okay on input line 23.
LaTeX Font Info:    Checking defaults for PU/pdf/m/n on input line 23.
LaTeX Font Info:    ... okay on input line 23.

(/usr/local/texlive/2021/texmf-dist/tex/context/base/mkii/supp-pdf.mkii
[Loading MPS to PDF converter (version 2006.09.02).]
\scratchcounter=\count282
\scratchdimen=\dimen170
\scratchbox=\box101
\nofMPsegments=\count283
\nofMParguments=\count284
\everyMPshowfont=\toks19
\MPscratchCnt=\count285
\MPscratchDim=\dimen171
\MPnumerator=\count286
\makeMPintoPDFobject=\count287
\everyMPtoPDFconversion=\toks20
) (/usr/local/texlive/2021/texmf-dist/tex/latex/epstopdf-pkg/epstopdf-base.sty
Package: epstopdf-base 2020-01-24 v2.11 Base part for package epstopdf
Package epstopdf-base Info: Redefining graphics rule for `.eps' on input line 4
85.

(/usr/local/texlive/2021/texmf-dist/tex/latex/latexconfig/epstopdf-sys.cfg
File: epstopdf-sys.cfg 2010/07/13 v1.3 Configuration of (r)epstopdf for TeX Liv
e
))
(/usr/local/texlive/2021/texmf-dist/tex/latex/graphics/color.sty
Package: color 2020/02/24 v1.2b Standard LaTeX Color (DPC)

(/usr/local/texlive/2021/texmf-dist/tex/latex/graphics-cfg/color.cfg
File: color.cfg 2016/01/02 v1.6 sample color configuration
)
Package color Info: Driver file: pdftex.def on input line 147.
)
Package hyperref Info: Link coloring ON on input line 23.

(/usr/local/texlive/2021/texmf-dist/tex/latex/hyperref/nameref.sty
Package: nameref 2021-04-02 v2.47 Cross-referencing by name of section

(/usr/local/texlive/2021/texmf-dist/tex/latex/refcount/refcount.sty
Package: refcount 2019/12/15 v3.6 Data extraction from label references (HO)
)
(/usr/local/texlive/2021/texmf-dist/tex/generic/gettitlestring/gettitlestring.s
ty
Package: gettitlestring 2019/12/15 v1.6 Cleanup title references (HO)
)
\c@section@level=\count288
)
LaTeX Info: Redefining \ref on input line 23.
LaTeX Info: Redefining \pageref on input line 23.
LaTeX Info: Redefining \nameref on input line 23.
 (./IGE351.out) (./IGE351.out)
\@outlinefile=\write4
\openout4 = `IGE351.out'.

LaTeX Font Info:    External font `cmex10' loaded for size
(Font)              <7> on input line 31.
LaTeX Font Info:    External font `cmex10' loaded for size
(Font)              <5> on input line 31.

Underfull \hbox (badness 10000) in paragraph at lines 31--31

 []

Package epstopdf Info: Source file: <64_bit.eps>
(epstopdf)                    date: 2022-01-04 13:09:46
(epstopdf)                    size: 174986 bytes
(epstopdf)             Output file: <64_bit-eps-converted-to.pdf>
(epstopdf)                    date: 2022-01-20 13:15:02
(epstopdf)                    size: 13963 bytes
(epstopdf)             Command: <repstopdf --outfile=64_bit-eps-converted-to.pd
f 64_bit.eps>
(epstopdf)             \includegraphics on input line 31.
Package epstopdf Info: Output file is already uptodate.
<64_bit-eps-converted-to.pdf, id=434, 150.5625pt x 177.66376pt>
File: 64_bit-eps-converted-to.pdf Graphic file (type pdf)
<use 64_bit-eps-converted-to.pdf>
Package pdftex.def Info: 64_bit-eps-converted-to.pdf  used on input line 31.
(pdftex.def)             Requested size: 48.22462pt x 56.9055pt.
[1

{/usr/local/texlive/2021/texmf-var/fonts/map/pdftex/updmap/pdftex.map} <./64_bi
t-eps-converted-to.pdf>] (./Summary.tex) [2


] (./IGE351.toc [3


] [4])
\tf@toc=\write5
\openout5 = `IGE351.toc'.

 [5]
(./IGE351.lot [6


]
LaTeX Font Info:    Trying to load font information for OMS+cmr on input line 7
3.
 (/usr/local/texlive/2021/texmf-dist/tex/latex/base/omscmr.fd
File: omscmr.fd 2019/12/16 v2.5j Standard LaTeX font definitions
)
LaTeX Font Info:    Font shape `OMS/cmr/m/n' in size <10> not available
(Font)              Font shape `OMS/cmsy/m/n' tried instead on input line 73.
)
\tf@lot=\write6
\openout6 = `IGE351.lot'.

 [7] (./IGE351.lof)
\tf@lof=\write7
\openout7 = `IGE351.lof'.

 [8


]
\openout2 = `SectIntroduction.aux'.


No file SectIntroduction.tex.
\openout2 = `SectStructure.aux'.

No file SectStructure.tex.
\openout2 = `SectDmacrolib.aux'.

(./SectDmacrolib.tex
Section  1.

Overfull \hbox (32.36743pt too wide) detected at line 71
$ []$ 
 []

[1









]
Overfull \hbox (2.27808pt too wide) detected at line 114
$ []$ 
 []


Overfull \hbox (46.21765pt too wide) in alignment at lines 138--138
[] [] [] [] []
 []


Overfull \hbox (46.21765pt too wide) in alignment at lines 138--138
[] [] [] [] []
 []


Overfull \hbox (46.21765pt too wide) in alignment at lines 138--138
[] [] [] [] []
 []


Overfull \hbox (46.21765pt too wide) in alignment at lines 138--138
[] [] [] [] []
 []


Underfull \hbox (badness 10000) in paragraph at lines 141--142
[]|\OT1/cmr/m/n/10 Signature of the /macrolib/[] data struc-ture
 []


Overfull \hbox (46.21765pt too wide) in alignment at lines 138--208
[] [] [] [] []
 []

LaTeX Font Info:    Font shape `OMS/cmr/m/sl' in size <10> not available
(Font)              Font shape `OMS/cmsy/m/n' tried instead on input line 226.

Overfull \hbox (46.21765pt too wide) in alignment at lines 208--248
[] [] [] [] []
 []

[2] [3]
LaTeX Font Info:    Font shape `OT1/cmtt/bx/n' in size <10> not available
(Font)              Font shape `OT1/cmtt/m/n' tried instead on input line 250.

Overfull \hbox (37.21434pt too wide) in alignment at lines 257--257
[] [] [] [] []
 []


Overfull \hbox (37.21434pt too wide) in alignment at lines 257--257
[] [] [] [] []
 []


Overfull \hbox (37.21434pt too wide) in alignment at lines 257--257
[] [] [] [] []
 []


Overfull \hbox (37.21434pt too wide) in alignment at lines 257--257
[] [] [] [] []
 []


Overfull \hbox (37.21434pt too wide) in alignment at lines 257--332
[] [] [] [] []
 []


Underfull \hbox (badness 1997) in paragraph at lines 340--341
[]|\OT1/cmr/m/n/10 Set of cross sec-tion records spec-i-fied by
 []


Overfull \hbox (37.21434pt too wide) in alignment at lines 332--341
[] [] [] [] []
 []

[4]
Overfull \hbox (6.12447pt too wide) in alignment at lines 356--356
[] [] [] [] []
 []


Overfull \hbox (6.12447pt too wide) in alignment at lines 356--356
[] [] [] [] []
 []


Overfull \hbox (6.12447pt too wide) in alignment at lines 356--356
[] [] [] [] []
 []


Overfull \hbox (6.12447pt too wide) in alignment at lines 356--356
[] [] [] [] []
 []


Overfull \hbox (6.12447pt too wide) in alignment at lines 356--377
[] [] [] [] []
 []

[5] [6]
Package epstopdf Info: Source file: <scat.eps>
(epstopdf)                    date: 2022-01-04 13:09:47
(epstopdf)                    size: 27634 bytes
(epstopdf)             Output file: <scat-eps-converted-to.pdf>
(epstopdf)                    date: 2022-01-20 13:15:04
(epstopdf)                    size: 11734 bytes
(epstopdf)             Command: <repstopdf --outfile=scat-eps-converted-to.pdf 
scat.eps>
(epstopdf)             \includegraphics on input line 449.
Package epstopdf Info: Output file is already uptodate.
<scat-eps-converted-to.pdf, id=859, 390.45876pt x 337.26pt>
File: scat-eps-converted-to.pdf Graphic file (type pdf)
<use scat-eps-converted-to.pdf>
Package pdftex.def Info: scat-eps-converted-to.pdf  used on input line 449.
(pdftex.def)             Requested size: 227.62204pt x 196.60928pt.
 [7 <./scat-eps-converted-to.pdf>]
Underfull \hbox (badness 1975) in paragraph at lines 523--524
[]|\OT1/cmr/m/n/10 Number of en-ergy groups for which the
 []


Underfull \hbox (badness 1502) in paragraph at lines 555--556
[]|\OT1/cmr/m/n/10 Location in the lin-early anisotropic com-
 []

[8]
Underfull \hbox (badness 1655) in paragraph at lines 580--581
[]|\OT1/cmr/m/n/10 Multigroup bound-ary cur-rents $\OML/cmm/m/it/10 J[]$ \OT1/c
mr/m/n/10 and $\OML/cmm/m/it/10 J[]$\OT1/cmr/m/n/10 .
 []


Overfull \hbox (13.1842pt too wide) in alignment at lines 594--594
[] [] [] [] []
 []


Overfull \hbox (13.1842pt too wide) in alignment at lines 594--594
[] [] [] [] []
 []


Overfull \hbox (13.1842pt too wide) in alignment at lines 594--594
[] [] [] [] []
 []


Overfull \hbox (13.1842pt too wide) in alignment at lines 594--594
[] [] [] [] []
 []


Overfull \hbox (13.1842pt too wide) in alignment at lines 594--620
[] [] [] [] []
 []

[9]
LaTeX Font Info:    Trying to load font information for TS1+cmtt on input line 
641.
 (/usr/local/texlive/2021/texmf-dist/tex/latex/base/ts1cmtt.fd
File: ts1cmtt.fd 2019/12/16 v2.5j Standard LaTeX font definitions
) [10]
[11] [12] [13] [14] [15])
\openout2 = `SectDmicrolib.aux'.

 (./SectDmicrolib.tex
Section  2.
[16




] [17]
Overfull \hbox (9.58961pt too wide) detected at line 168
$ []$ 
 []

[18]
Overfull \hbox (4.34303pt too wide) in alignment at lines 186--186
[] [] [] [] []
 []


Overfull \hbox (4.34303pt too wide) in alignment at lines 186--186
[] [] [] [] []
 []


Overfull \hbox (4.34303pt too wide) in alignment at lines 186--186
[] [] [] [] []
 []


Overfull \hbox (4.34303pt too wide) in alignment at lines 186--186
[] [] [] [] []
 []


Underfull \hbox (badness 2205) in paragraph at lines 214--215
[]|\OT1/cmr/m/n/10 Alias name as-so-ci-ated with each iso-tope
 []


Underfull \hbox (badness 1990) in paragraph at lines 236--237
[]|\OT1/cmr/m/n/10 Type in-dex as-so-ci-ated with each iso-tope
 []


Overfull \hbox (4.34303pt too wide) in alignment at lines 186--255
[] [] [] [] []
 []


Overfull \hbox (4.34303pt too wide) in alignment at lines 255--326
[] [] [] [] []
 []

[19

]
Underfull \hbox (badness 1655) in paragraph at lines 350--351
[]|\OT1/cmr/m/n/10 Directory con-tain-ing in-dex-ing or table-of-
 []


Overfull \hbox (4.34303pt too wide) in alignment at lines 326--351
[] [] [] [] []
 []

[20] [21] [22]
Overfull \hbox (21.92354pt too wide) in alignment at lines 429--429
[] [] [] [] []
 []


Overfull \hbox (21.92354pt too wide) in alignment at lines 429--429
[] [] [] [] []
 []


Overfull \hbox (21.92354pt too wide) in alignment at lines 429--429
[] [] [] [] []
 []


Overfull \hbox (21.92354pt too wide) in alignment at lines 429--429
[] [] [] [] []
 []


Overfull \hbox (21.92354pt too wide) in alignment at lines 429--465
[] [] [] [] []
 []

[23] [24]
Overfull \hbox (0.19977pt too wide) detected at line 618
$ []$ 
 []

[25] [26]
Underfull \hbox (badness 1325) in paragraph at lines 756--757
[]|\OT1/cmr/m/n/10 Vector $\OML/cmm/m/it/10 ^^T[]$ \OT1/cmr/m/n/10 to iden-tify
 the var-i-ous type of
 []

[27

] [28] [29] [30] [31] [32]
Underfull \hbox (badness 1975) in paragraph at lines 1109--1110
[]|\OT1/cmr/m/n/10 Number of en-ergy groups for which the
 []

[33]
Underfull \hbox (badness 1122) in paragraph at lines 1207--1208
[]|\OT1/cmr/m/n/10 Highest en-ergy group num-ber for which the
 []

[34] [35] [36])
\openout2 = `SectDgeometry.aux'.

 (./SectDgeometry.tex
Section  3.
[37




] [38]
Package epstopdf Info: Source file: <radius.eps>
(epstopdf)                    date: 2022-01-04 13:09:46
(epstopdf)                    size: 22690 bytes
(epstopdf)             Output file: <radius-eps-converted-to.pdf>
(epstopdf)                    date: 2022-01-20 13:15:05
(epstopdf)                    size: 9557 bytes
(epstopdf)             Command: <repstopdf --outfile=radius-eps-converted-to.pd
f radius.eps>
(epstopdf)             \includegraphics on input line 149.
Package epstopdf Info: Output file is already uptodate.
<radius-eps-converted-to.pdf, id=1072, 241.90375pt x 241.90375pt>
File: radius-eps-converted-to.pdf Graphic file (type pdf)
<use radius-eps-converted-to.pdf>
Package pdftex.def Info: radius-eps-converted-to.pdf  used on input line 149.
(pdftex.def)             Requested size: 156.49014pt x 156.49733pt.
Package epstopdf Info: Source file: <rect3c.eps>
(epstopdf)                    date: 2022-01-04 13:09:46
(epstopdf)                    size: 590190 bytes
(epstopdf)             Output file: <rect3c-eps-converted-to.pdf>
(epstopdf)                    date: 2022-01-20 13:15:06
(epstopdf)                    size: 31148 bytes
(epstopdf)             Command: <repstopdf --outfile=rect3c-eps-converted-to.pd
f rect3c.eps>
(epstopdf)             \includegraphics on input line 159.
Package epstopdf Info: Output file is already uptodate.
<rect3c-eps-converted-to.pdf, id=1073, 797.98125pt x 342.27875pt>
File: rect3c-eps-converted-to.pdf Graphic file (type pdf)
<use rect3c-eps-converted-to.pdf>
Package pdftex.def Info: rect3c-eps-converted-to.pdf  used on input line 159.
(pdftex.def)             Requested size: 455.24408pt x 195.26802pt.
Package epstopdf Info: Source file: <hexa3c.eps>
(epstopdf)                    date: 2022-01-04 13:09:47
(epstopdf)                    size: 506807 bytes
(epstopdf)             Output file: <hexa3c-eps-converted-to.pdf>
(epstopdf)                    date: 2022-01-20 13:15:07
(epstopdf)                    size: 21421 bytes
(epstopdf)             Command: <repstopdf --outfile=hexa3c-eps-converted-to.pd
f hexa3c.eps>
(epstopdf)             \includegraphics on input line 165.
Package epstopdf Info: Output file is already uptodate.
<hexa3c-eps-converted-to.pdf, id=1074, 606.265pt x 180.675pt>
File: hexa3c-eps-converted-to.pdf Graphic file (type pdf)
<use hexa3c-eps-converted-to.pdf>
Package pdftex.def Info: hexa3c-eps-converted-to.pdf  used on input line 165.
(pdftex.def)             Requested size: 369.88582pt x 110.23088pt.
 [39 <./radius-eps-converted-to.pdf> <./rect3c-eps-converted-to.pdf>]
Overfull \hbox (40.86656pt too wide) in alignment at lines 177--177
[] [] [] [] []
 []


Overfull \hbox (40.86656pt too wide) in alignment at lines 177--177
[] [] [] [] []
 []


Overfull \hbox (40.86656pt too wide) in alignment at lines 177--177
[] [] [] [] []
 []


Overfull \hbox (40.86656pt too wide) in alignment at lines 177--177
[] [] [] [] []
 []


Underfull \hbox (badness 10000) in paragraph at lines 180--181
[]|\OT1/cmr/m/n/10 Signature of the data struc-ture
 []


Underfull \hbox (badness 2103) in paragraph at lines 229--230
[]|\OT1/cmr/m/n/10 value $\OML/cmm/m/it/10 S[]$ \OT1/cmr/m/n/10 of the lozenge 
mesh split-ting for
 []


Overfull \hbox (40.86656pt too wide) in alignment at lines 177--249
[] [] [] [] []
 []


Underfull \hbox (badness 2452) in paragraph at lines 276--277
[]|\OT1/cmr/m/n/10 Directory con-tain-ing double-heterogeneity re-
 []


Overfull \hbox (40.86656pt too wide) in alignment at lines 249--310
[] [] [] [] []
 []

[40 <./hexa3c-eps-converted-to.pdf>]
Overfull \hbox (40.86656pt too wide) in alignment at lines 310--310
[] [] [] [] []
 []

[41]
Package epstopdf Info: Source file: <Fig6.eps>
(epstopdf)                    date: 2022-01-04 13:09:47
(epstopdf)                    size: 22085 bytes
(epstopdf)             Output file: <Fig6-eps-converted-to.pdf>
(epstopdf)                    date: 2022-01-20 13:15:08
(epstopdf)                    size: 9241 bytes
(epstopdf)             Command: <repstopdf --outfile=Fig6-eps-converted-to.pdf 
Fig6.eps>
(epstopdf)             \includegraphics on input line 319.
Package epstopdf Info: Output file is already uptodate.
<Fig6-eps-converted-to.pdf, id=1117, 192.72pt x 164.615pt>
File: Fig6-eps-converted-to.pdf Graphic file (type pdf)
<use Fig6-eps-converted-to.pdf>
Package pdftex.def Info: Fig6-eps-converted-to.pdf  used on input line 319.
(pdftex.def)             Requested size: 142.26378pt x 121.51678pt.
 [42]
Package epstopdf Info: Source file: <hexs30.eps>
(epstopdf)                    date: 2022-01-04 13:09:46
(epstopdf)                    size: 104116 bytes
(epstopdf)             Output file: <hexs30-eps-converted-to.pdf>
(epstopdf)                    date: 2022-01-20 13:15:08
(epstopdf)                    size: 12736 bytes
(epstopdf)             Command: <repstopdf --outfile=hexs30-eps-converted-to.pd
f hexs30.eps>
(epstopdf)             \includegraphics on input line 359.
Package epstopdf Info: Output file is already uptodate.
<hexs30-eps-converted-to.pdf, id=1123, 469.00218pt x 228.855pt>
File: hexs30-eps-converted-to.pdf Graphic file (type pdf)
<use hexs30-eps-converted-to.pdf>
Package pdftex.def Info: hexs30-eps-converted-to.pdf  used on input line 359.
(pdftex.def)             Requested size: 256.0748pt x 124.95222pt.
Package epstopdf Info: Source file: <hexcomp.eps>
(epstopdf)                    date: 2022-01-04 13:09:46
(epstopdf)                    size: 195915 bytes
(epstopdf)             Output file: <hexcomp-eps-converted-to.pdf>
(epstopdf)                    date: 2022-01-20 13:15:09
(epstopdf)                    size: 17224 bytes
(epstopdf)             Command: <repstopdf --outfile=hexcomp-eps-converted-to.p
df hexcomp.eps>
(epstopdf)             \includegraphics on input line 364.
Package epstopdf Info: Output file is already uptodate.
<hexcomp-eps-converted-to.pdf, id=1124, 332.62268pt x 336.00531pt>
File: hexcomp-eps-converted-to.pdf Graphic file (type pdf)
<use hexcomp-eps-converted-to.pdf>
Package pdftex.def Info: hexcomp-eps-converted-to.pdf  used on input line 364.
(pdftex.def)             Requested size: 170.71652pt x 172.45761pt.
 [43 <./Fig6-eps-converted-to.pdf>]
Overfull \hbox (20.64738pt too wide) detected at line 413
$ []$ 
 []

[44 <./hexs30-eps-converted-to.pdf> <./hexcomp-eps-converted-to.pdf>]
Package epstopdf Info: Source file: <oricart.eps>
(epstopdf)                    date: 2022-01-04 13:09:47
(epstopdf)                    size: 30388 bytes
(epstopdf)             Output file: <oricart-eps-converted-to.pdf>
(epstopdf)                    date: 2022-01-20 13:15:10
(epstopdf)                    size: 10812 bytes
(epstopdf)             Command: <repstopdf --outfile=oricart-eps-converted-to.p
df oricart.eps>
(epstopdf)             \includegraphics on input line 428.
Package epstopdf Info: Output file is already uptodate.
<oricart-eps-converted-to.pdf, id=1154, 329.23pt x 202.7575pt>
File: oricart-eps-converted-to.pdf Graphic file (type pdf)
<use oricart-eps-converted-to.pdf>
Package pdftex.def Info: oricart-eps-converted-to.pdf  used on input line 428.
(pdftex.def)             Requested size: 227.62204pt x 140.18436pt.
Package epstopdf Info: Source file: <orihex.eps>
(epstopdf)                    date: 2022-01-04 13:09:46
(epstopdf)                    size: 53880 bytes
(epstopdf)             Output file: <orihex-eps-converted-to.pdf>
(epstopdf)                    date: 2022-01-20 13:15:11
(epstopdf)                    size: 11440 bytes
(epstopdf)             Command: <repstopdf --outfile=orihex-eps-converted-to.pd
f orihex.eps>
(epstopdf)             \includegraphics on input line 436.
Package epstopdf Info: Output file is already uptodate.
<orihex-eps-converted-to.pdf, id=1155, 546.04pt x 161.60374pt>
File: orihex-eps-converted-to.pdf Graphic file (type pdf)
<use orihex-eps-converted-to.pdf>
Package pdftex.def Info: orihex-eps-converted-to.pdf  used on input line 436.
(pdftex.def)             Requested size: 284.52756pt x 84.20703pt.
 [45 <./oricart-eps-converted-to.pdf>]
Underfull \hbox (badness 4647) in paragraph at lines 494--495
[]|\OT1/cmr/m/n/10 The num-ber of sub-regions in the micro-
 []


Underfull \hbox (badness 1210) in paragraph at lines 510--511
[]|\OT1/cmr/m/n/10 The vol-u-met-ric con-cen-tra-tion of each micro-
 []

[46 <./orihex-eps-converted-to.pdf>] [47])
\openout2 = `SectDtracking.aux'.

 (./SectDtracking.tex
Section  4.

Underfull \hbox (badness 10000) in paragraph at lines 50--51
[]|\OT1/cmr/m/n/10 Signature of the data struc-ture
 []


Underfull \hbox (badness 2181) in paragraph at lines 79--80
[]|\OT1/cmr/m/n/10 Directory con-tain-ing Bickey or/and ex-po-nen-tial
 []

[48





] (./SectDsybil.tex
Overfull \vbox (30.2075pt too high) has occurred while \output is active []


[49] [50]
Overfull \hbox (1.7933pt too wide) in alignment at lines 146--146
[] [] [] [] []
 []


Overfull \hbox (1.7933pt too wide) in alignment at lines 146--146
[] [] [] [] []
 []


Overfull \hbox (1.7933pt too wide) in alignment at lines 146--146
[] [] [] [] []
 []


Overfull \hbox (1.7933pt too wide) in alignment at lines 146--146
[] [] [] [] []
 []


Overfull \hbox (1.7933pt too wide) in alignment at lines 146--166
[] [] [] [] []
 []

[51]
Underfull \hbox (badness 3492) in paragraph at lines 217--218
[]|\OT1/cmr/m/n/10 Radius of the tubes in each gen-er-at-ing cell.
 []

[52

] [53]) (./SectDexcell.tex
Overfull \hbox (11.03978pt too wide) detected at line 54
$ []$ 
 []

[54] [55] [56]
Overfull \hbox (26.7054pt too wide) in alignment at lines 213--213
[] [] [] [] []
 []


Overfull \hbox (26.7054pt too wide) in alignment at lines 213--213
[] [] [] [] []
 []


Overfull \hbox (26.7054pt too wide) in alignment at lines 213--213
[] [] [] [] []
 []


Overfull \hbox (26.7054pt too wide) in alignment at lines 213--213
[] [] [] [] []
 []


Overfull \hbox (26.7054pt too wide) in alignment at lines 213--251
[] [] [] [] []
 []

[57] [58]
Package epstopdf Info: Source file: <HexAssmbR.eps>
(epstopdf)                    date: 2022-01-20 13:10:28
(epstopdf)                    size: 441981 bytes
(epstopdf)             Output file: <HexAssmbR-eps-converted-to.pdf>
(epstopdf)                    date: 2022-01-20 13:15:12
(epstopdf)                    size: 27755 bytes
(epstopdf)             Command: <repstopdf --outfile=HexAssmbR-eps-converted-to
.pdf HexAssmbR.eps>
(epstopdf)             \includegraphics on input line 302.
Package epstopdf Info: Output file is already uptodate.
<HexAssmbR-eps-converted-to.pdf, id=1233, 255.95625pt x 231.86626pt>
File: HexAssmbR-eps-converted-to.pdf Graphic file (type pdf)
<use HexAssmbR-eps-converted-to.pdf>
Package pdftex.def Info: HexAssmbR-eps-converted-to.pdf  used on input line 302
.
(pdftex.def)             Requested size: 170.71652pt x 154.64905pt.
Package epstopdf Info: Source file: <HexFaces.eps>
(epstopdf)                    date: 2022-01-20 13:10:28
(epstopdf)                    size: 406722 bytes
(epstopdf)             Output file: <HexFaces-eps-converted-to.pdf>
(epstopdf)                    date: 2022-01-20 13:15:13
(epstopdf)                    size: 18365 bytes
(epstopdf)             Command: <repstopdf --outfile=HexFaces-eps-converted-to.
pdf HexFaces.eps>
(epstopdf)             \includegraphics on input line 302.
Package epstopdf Info: Output file is already uptodate.
<HexFaces-eps-converted-to.pdf, id=1234, 295.1025pt x 187.70125pt>
File: HexFaces-eps-converted-to.pdf Graphic file (type pdf)
<use HexFaces-eps-converted-to.pdf>
Package pdftex.def Info: HexFaces-eps-converted-to.pdf  used on input line 302.

(pdftex.def)             Requested size: 170.71652pt x 108.58612pt.
 [59] [60 <./HexAssmbR-eps-converted-to.pdf> <./HexFaces-eps-converted-to.pdf>]

Overfull \hbox (31.1637pt too wide) in alignment at lines 388--388
[] [] [] [] []
 []


Overfull \hbox (31.1637pt too wide) in alignment at lines 388--388
[] [] [] [] []
 []


Overfull \hbox (31.1637pt too wide) in alignment at lines 388--388
[] [] [] [] []
 []


Overfull \hbox (31.1637pt too wide) in alignment at lines 388--388
[] [] [] [] []
 []


Overfull \hbox (31.1637pt too wide) in alignment at lines 388--429
[] [] [] [] []
 []

[61] [62]
Overfull \hbox (30.49701pt too wide) in alignment at lines 515--515
[] [] [] [] []
 []


Overfull \hbox (30.49701pt too wide) in alignment at lines 515--515
[] [] [] [] []
 []


Overfull \hbox (30.49701pt too wide) in alignment at lines 515--515
[] [] [] [] []
 []


Overfull \hbox (30.49701pt too wide) in alignment at lines 515--515
[] [] [] [] []
 []


Overfull \hbox (30.49701pt too wide) in alignment at lines 515--550
[] [] [] [] []
 []

[63] [64]
Overfull \hbox (24.66808pt too wide) in alignment at lines 611--611
[] [] [] [] []
 []


Overfull \hbox (24.66808pt too wide) in alignment at lines 611--611
[] [] [] [] []
 []


Overfull \hbox (24.66808pt too wide) in alignment at lines 611--611
[] [] [] [] []
 []


Overfull \hbox (24.66808pt too wide) in alignment at lines 611--611
[] [] [] [] []
 []


Overfull \hbox (24.66808pt too wide) in alignment at lines 611--643
[] [] [] [] []
 []

[65] [66]) (./SectDmccg.tex [67

]
Overfull \hbox (34.52127pt too wide) detected at line 117
$ []$ 
 []


Overfull \hbox (29.46396pt too wide) in alignment at lines 152--152
[] [] [] [] []
 []


Overfull \hbox (29.46396pt too wide) in alignment at lines 152--152
[] [] [] [] []
 []


Overfull \hbox (29.46396pt too wide) in alignment at lines 152--152
[] [] [] [] []
 []


Overfull \hbox (29.46396pt too wide) in alignment at lines 152--152
[] [] [] [] []
 []


Overfull \hbox (29.46396pt too wide) in alignment at lines 152--215
[] [] [] [] []
 []

[68]
Underfull \hbox (badness 1112) in paragraph at lines 224--225
[]|\OT1/cmr/m/n/10 Connection ma-trix for non-diagonal el-e-ments of
 []


Underfull \hbox (badness 1112) in paragraph at lines 227--228
[]|\OT1/cmr/m/n/10 Connection ma-trix for non-diagonal el-e-ments of
 []


Overfull \hbox (29.46396pt too wide) in alignment at lines 215--229
[] [] [] [] []
 []

[69]
Overfull \hbox (4.01994pt too wide) in alignment at lines 251--251
[] [] [] [] []
 []


Overfull \hbox (4.01994pt too wide) in alignment at lines 251--251
[] [] [] [] []
 []


Overfull \hbox (4.01994pt too wide) in alignment at lines 251--251
[] [] [] [] []
 []


Overfull \hbox (4.01994pt too wide) in alignment at lines 251--251
[] [] [] [] []
 []


Overfull \hbox (4.01994pt too wide) in alignment at lines 251--262
[] [] [] [] []
 []

[70]) (./SectDsn.tex
Overfull \hbox (16.73451pt too wide) detected at line 45
$ []$ 
 []

[71]
Overfull \hbox (23.8178pt too wide) detected at line 145
$ []$ 
 []


Overfull \hbox (18.5679pt too wide) detected at line 184
$ []$ 
 []


Overfull \hbox (28.06654pt too wide) in alignment at lines 190--190
[] [] [] [] []
 []


Overfull \hbox (28.06654pt too wide) in alignment at lines 190--190
[] [] [] [] []
 []


Overfull \hbox (28.06654pt too wide) in alignment at lines 190--190
[] [] [] [] []
 []


Overfull \hbox (28.06654pt too wide) in alignment at lines 190--190
[] [] [] [] []
 []


Overfull \hbox (28.06654pt too wide) in alignment at lines 190--210
[] [] [] [] []
 []

[72] [73]
Overfull \hbox (11.3166pt too wide) in alignment at lines 242--242
[] [] [] [] []
 []


Overfull \hbox (11.3166pt too wide) in alignment at lines 242--242
[] [] [] [] []
 []


Overfull \hbox (11.3166pt too wide) in alignment at lines 242--242
[] [] [] [] []
 []


Overfull \hbox (11.3166pt too wide) in alignment at lines 242--242
[] [] [] [] []
 []


Overfull \hbox (11.3166pt too wide) in alignment at lines 242--267
[] [] [] [] []
 []

[74

]
Overfull \hbox (27.4486pt too wide) in alignment at lines 308--308
[] [] [] [] []
 []


Overfull \hbox (27.4486pt too wide) in alignment at lines 308--308
[] [] [] [] []
 []


Overfull \hbox (27.4486pt too wide) in alignment at lines 308--308
[] [] [] [] []
 []


Overfull \hbox (27.4486pt too wide) in alignment at lines 308--308
[] [] [] [] []
 []


Overfull \hbox (27.4486pt too wide) in alignment at lines 308--336
[] [] [] [] []
 []


Overfull \hbox (32.69855pt too wide) in alignment at lines 349--349
[] [] [] [] []
 []


Overfull \hbox (32.69855pt too wide) in alignment at lines 349--349
[] [] [] [] []
 []


Overfull \hbox (32.69855pt too wide) in alignment at lines 349--349
[] [] [] [] []
 []


Overfull \hbox (32.69855pt too wide) in alignment at lines 349--349
[] [] [] [] []
 []


Overfull \hbox (32.69855pt too wide) in alignment at lines 349--383
[] [] [] [] []
 []

[75] [76]) (./SectDbivac.tex
Overfull \hbox (23.76208pt too wide) detected at line 47
$ []$ 
 []


Overfull \hbox (20.83122pt too wide) detected at line 70
$ []$ 
 []

[77]
Overfull \hbox (22.23312pt too wide) in alignment at lines 124--124
[] [] [] [] []
 []


Overfull \hbox (22.23312pt too wide) in alignment at lines 124--124
[] [] [] [] []
 []


Overfull \hbox (22.23312pt too wide) in alignment at lines 124--124
[] [] [] [] []
 []


Overfull \hbox (22.23312pt too wide) in alignment at lines 124--124
[] [] [] [] []
 []


Underfull \hbox (badness 1354) in paragraph at lines 141--142
[]|\OT1/cmr/m/n/10 Element-ordered $\OML/cmm/m/it/10 X$\OT1/cmr/m/n/10 -directe
d mesh spac-ings af-ter
 []


Underfull \hbox (badness 1642) in paragraph at lines 145--146
[]|\OT1/cmr/m/n/10 Element-ordered $\OML/cmm/m/it/10 Y$\OT1/cmr/m/n/10 -directe
d mesh spac-ings af-ter
 []


Overfull \hbox (22.23312pt too wide) in alignment at lines 124--172
[] [] [] [] []
 []

[78]
Overfull \hbox (17.14978pt too wide) in alignment at lines 178--178
[] [] [] [] []
 []


Overfull \hbox (17.14978pt too wide) in alignment at lines 178--178
[] [] [] [] []
 []


Overfull \hbox (17.14978pt too wide) in alignment at lines 178--178
[] [] [] [] []
 []


Overfull \hbox (17.14978pt too wide) in alignment at lines 178--178
[] [] [] [] []
 []


Underfull \hbox (badness 6428) in paragraph at lines 202--203
[]|\OT1/cmr/m/n/10 Piolat trans-form cou-pling ma-trix (used with
 []


Overfull \hbox (17.14978pt too wide) in alignment at lines 178--218
[] [] [] [] []
 []

[79]) (./SectDtrivac.tex
Overfull \hbox (7.00967pt too wide) in paragraph at lines 28--33
[][] 
 []

[80]
Overfull \hbox (18.65112pt too wide) detected at line 144
$ []$ 
 []


Overfull \hbox (20.83122pt too wide) detected at line 155
$ []$ 
 []

[81]
Overfull \hbox (30.2657pt too wide) in alignment at lines 257--257
[] [] [] [] []
 []


Overfull \hbox (30.2657pt too wide) in alignment at lines 257--257
[] [] [] [] []
 []


Overfull \hbox (30.2657pt too wide) in alignment at lines 257--257
[] [] [] [] []
 []


Overfull \hbox (30.2657pt too wide) in alignment at lines 257--257
[] [] [] [] []
 []


Underfull \hbox (badness 1354) in paragraph at lines 272--273
[]|\OT1/cmr/m/n/10 Element-ordered $\OML/cmm/m/it/10 X$\OT1/cmr/m/n/10 -directe
d mesh spac-ings af-ter
 []


Underfull \hbox (badness 2573) in paragraph at lines 272--273
\OT1/cmr/m/n/10 mesh-splitting for type 2, 5 or 7 ge-ome-tries.
 []


Underfull \hbox (badness 1642) in paragraph at lines 276--277
[]|\OT1/cmr/m/n/10 Element-ordered $\OML/cmm/m/it/10 Y$\OT1/cmr/m/n/10 -directe
d mesh spac-ings af-ter
 []


Underfull \hbox (badness 1642) in paragraph at lines 280--281
[]|\OT1/cmr/m/n/10 Element-ordered $\OML/cmm/m/it/10 Y$\OT1/cmr/m/n/10 -directe
d mesh spac-ings af-ter
 []


Overfull \hbox (30.2657pt too wide) in alignment at lines 257--322
[] [] [] [] []
 []

[82] [83]
Overfull \hbox (17.21933pt too wide) in alignment at lines 328--328
[] [] [] [] []
 []


Overfull \hbox (17.21933pt too wide) in alignment at lines 328--328
[] [] [] [] []
 []


Overfull \hbox (17.21933pt too wide) in alignment at lines 328--328
[] [] [] [] []
 []


Overfull \hbox (17.21933pt too wide) in alignment at lines 328--328
[] [] [] [] []
 []


Overfull \hbox (17.21933pt too wide) in alignment at lines 328--365
[] [] [] [] []
 []


Overfull \hbox (13.3304pt too wide) in alignment at lines 371--371
[] [] [] [] []
 []


Overfull \hbox (13.3304pt too wide) in alignment at lines 371--371
[] [] [] [] []
 []


Overfull \hbox (13.3304pt too wide) in alignment at lines 371--371
[] [] [] [] []
 []


Overfull \hbox (13.3304pt too wide) in alignment at lines 371--371
[] [] [] [] []
 []


Overfull \hbox (13.3304pt too wide) in alignment at lines 371--432
[] [] [] [] []
 []


Overfull \hbox (13.3304pt too wide) in alignment at lines 432--432
[] [] [] [] []
 []

[84] [85]) (./SectDbihet.tex
Overfull \hbox (33.04155pt too wide) in alignment at lines 6--6
[] [] [] [] []
 []


Overfull \hbox (33.04155pt too wide) in alignment at lines 6--6
[] [] [] [] []
 []


Overfull \hbox (33.04155pt too wide) in alignment at lines 6--6
[] [] [] [] []
 []


Overfull \hbox (33.04155pt too wide) in alignment at lines 6--6
[] [] [] [] []
 []


Underfull \hbox (badness 1629) in paragraph at lines 10--11
[]|\OT1/cmr/m/n/10 Record con-tain-ing the pa-ram-e-ters re-lated to a
 []


Overfull \hbox (33.04155pt too wide) in alignment at lines 6--35
[] [] [] [] []
 []

[86]))
\openout2 = `SectDasminfo.aux'.

 (./SectDasminfo.tex
Section  5.
[87




]
Overfull \hbox (18.5679pt too wide) detected at line 117
$ []$ 
 []


Underfull \hbox (badness 10000) in paragraph at lines 129--130
[]|\OT1/cmr/m/n/10 Signature of the data struc-ture
 []

[88]
Underfull \hbox (badness 1057) in paragraph at lines 168--169
[]|\OT1/cmr/m/n/10 The within group scat-ter-ing cross sec-tion
 []

[89

]
Underfull \hbox (badness 1057) in paragraph at lines 241--242
[]|\OT1/cmr/m/n/10 The within group scat-ter-ing cross sec-tion
 []


Underfull \hbox (badness 1478) in paragraph at lines 251--252
\OT1/cmr/m/n/10 used with the ECCO isotropic stream-ing
 []

[90] [91] [92] (./SectDasmsybil.tex
Underfull \hbox (badness 10000) in paragraph at lines 74--75
[]|\OT1/cmr/m/n/10 Cellwise scattering-reduced trans-mis-sion
 []


Overfull \vbox (23.51465pt too high) has occurred while \output is active []


[93]) (./SectDasmmccg.tex [94]))
\openout2 = `SectDsystem.aux'.

 (./SectDsystem.tex
Section  6.

Overfull \hbox (7.13126pt too wide) in alignment at lines 69--69
[] [] [] [] []
 []


Overfull \hbox (7.13126pt too wide) in alignment at lines 69--69
[] [] [] [] []
 []


Overfull \hbox (7.13126pt too wide) in alignment at lines 69--69
[] [] [] [] []
 []


Overfull \hbox (7.13126pt too wide) in alignment at lines 69--69
[] [] [] [] []
 []


Underfull \hbox (badness 10000) in paragraph at lines 72--73
[]|\OT1/cmr/m/n/10 Signature of the data struc-ture
 []

LaTeX Font Info:    Trying to load font information for OMS+cmtt on input line 
86.
LaTeX Font Info:    No file OMScmtt.fd. on input line 86.

LaTeX Font Warning: Font shape `OMS/cmtt/m/n' undefined
(Font)              using `OMS/cmsy/m/n' instead
(Font)              for symbol `textbraceleft' on input line 86.


Underfull \hbox (badness 2142) in paragraph at lines 86--87
\OT1/cmr/m/n/10 group. The num-ber of phys-i-cal albe-dos $\OMS/cmtt/m/n/10 S[]
$
 []


Underfull \hbox (badness 1418) in paragraph at lines 86--87
\OT1/cmr/m/n/10 is de-fined in Sec-tion [][]1.1[][]. The char-ac-ter suf-
 []


Overfull \hbox (7.13126pt too wide) in alignment at lines 69--105
[] [] [] [] []
 []

[95




]
Package epstopdf Info: Source file: <Fig99.eps>
(epstopdf)                    date: 2022-01-04 13:09:47
(epstopdf)                    size: 31888 bytes
(epstopdf)             Output file: <Fig99-eps-converted-to.pdf>
(epstopdf)                    date: 2022-01-20 13:15:14
(epstopdf)                    size: 13318 bytes
(epstopdf)             Command: <repstopdf --outfile=Fig99-eps-converted-to.pdf
 Fig99.eps>
(epstopdf)             \includegraphics on input line 112.
Package epstopdf Info: Output file is already uptodate.
<Fig99-eps-converted-to.pdf, id=1492, 606.265pt x 185.69376pt>
File: Fig99-eps-converted-to.pdf Graphic file (type pdf)
<use Fig99-eps-converted-to.pdf>
Package pdftex.def Info: Fig99-eps-converted-to.pdf  used on input line 112.
(pdftex.def)             Requested size: 369.88582pt x 113.29285pt.
 [96 <./Fig99-eps-converted-to.pdf>]
Overfull \hbox (4.72443pt too wide) in paragraph at lines 193--206
[][] 
 []

[97] [98])
\openout2 = `SectDkinet.aux'.

 (./SectDkinet.tex
Section  7.
[99




]
Overfull \hbox (19.52052pt too wide) in alignment at lines 101--101
[] [] [] [] []
 []


Overfull \hbox (19.52052pt too wide) in alignment at lines 101--101
[] [] [] [] []
 []


Overfull \hbox (19.52052pt too wide) in alignment at lines 101--101
[] [] [] [] []
 []


Overfull \hbox (19.52052pt too wide) in alignment at lines 101--101
[] [] [] [] []
 []


Underfull \hbox (badness 10000) in paragraph at lines 105--106
[]|\OT1/cmr/m/n/10 Signature of the data struc-ture
 []


Overfull \hbox (19.52052pt too wide) in alignment at lines 101--165
[] [] [] [] []
 []


Overfull \hbox (19.52052pt too wide) in alignment at lines 165--165
[] [] [] [] []
 []


Overfull \vbox (20.8769pt too high) has occurred while \output is active []


[100] [101])
\openout2 = `SectDfluxunk.aux'.

 (./SectDfluxunk.tex
Section  8.
[102




] [103]
Overfull \hbox (7.33046pt too wide) in alignment at lines 163--163
[] [] [] [] []
 []


Overfull \hbox (7.33046pt too wide) in alignment at lines 163--163
[] [] [] [] []
 []


Overfull \hbox (7.33046pt too wide) in alignment at lines 163--163
[] [] [] [] []
 []


Overfull \hbox (7.33046pt too wide) in alignment at lines 163--163
[] [] [] [] []
 []


Underfull \hbox (badness 10000) in paragraph at lines 166--167
[]|\OT1/cmr/m/n/10 Signature of the data struc-ture
 []


Overfull \hbox (7.33046pt too wide) in alignment at lines 163--235
[] [] [] [] []
 []

[104] [105]
Underfull \hbox (badness 3168) in paragraph at lines 257--258
[]|\OT1/cmr/m/n/10 Computed ef-fec-tive mul-ti-pli-ca-tion fac-tor for
 []

[106])
\openout2 = `SectDsource.aux'.

 (./SectDsource.tex
Section  9.

Underfull \hbox (badness 10000) in paragraph at lines 30--31
[]|\OT1/cmr/m/n/10 Signature of the data struc-ture
 []

[107




])
\openout2 = `SectDdepos.aux'.

 (./SectDdepos.tex
Section  10.

Overfull \hbox (13.44595pt too wide) in alignment at lines 33--33
[] [] [] [] []
 []


Overfull \hbox (13.44595pt too wide) in alignment at lines 33--33
[] [] [] [] []
 []


Overfull \hbox (13.44595pt too wide) in alignment at lines 33--33
[] [] [] [] []
 []


Overfull \hbox (13.44595pt too wide) in alignment at lines 33--33
[] [] [] [] []
 []


Underfull \hbox (badness 10000) in paragraph at lines 36--37
[]|\OT1/cmr/m/n/10 Signature of the data struc-ture
 []


Overfull \hbox (13.44595pt too wide) in alignment at lines 33--62
[] [] [] [] []
 []

[108




])
\openout2 = `SectDedition.aux'.

 (./SectDedition.tex
Section  11.

Overfull \hbox (1.29315pt too wide) detected at line 48
$ []$ 
 []

[109




]
Underfull \hbox (badness 10000) in paragraph at lines 116--117
[]|\OT1/cmr/m/n/10 Signature of the data struc-ture
 []


Underfull \hbox (badness 2384) in paragraph at lines 158--159
[]|\OT1/cmr/m/n/10 Macro--\OT1/cmr/m/sl/10 geometry \OT1/cmr/m/n/10 di-rec-tory
. This ge-om-e-
 []


Underfull \hbox (badness 2005) in paragraph at lines 158--159
\OT1/cmr/m/n/10 a-lence (\OT1/cmr/m/sl/10 equigeom\OT1/cmr/m/n/10 ) and/or as t
he macro--
 []

[110] [111] [112])
\openout2 = `SectDburnup.aux'.

 (./SectDburnup.tex
Section  12.
[113





]
Overfull \hbox (14.69733pt too wide) in alignment at lines 135--135
[] [] [] [] []
 []


Overfull \hbox (14.69733pt too wide) in alignment at lines 135--135
[] [] [] [] []
 []


Overfull \hbox (14.69733pt too wide) in alignment at lines 135--135
[] [] [] [] []
 []


Overfull \hbox (14.69733pt too wide) in alignment at lines 135--135
[] [] [] [] []
 []


Underfull \hbox (badness 10000) in paragraph at lines 138--139
[]|\OT1/cmr/m/n/10 Signature of the /bur-nup/[] data struc-ture
 []


Overfull \hbox (14.69733pt too wide) in alignment at lines 135--189
[] [] [] [] []
 []

[114] [115] [116

])
\openout2 = `SectDcompo.aux'.

 (./SectDcompo.tex
Section  13.
Package epstopdf Info: Source file: <compo.eps>
(epstopdf)                    date: 2022-01-04 13:09:47
(epstopdf)                    size: 676422 bytes
(epstopdf)             Output file: <compo-eps-converted-to.pdf>
(epstopdf)                    date: 2022-01-20 13:15:15
(epstopdf)                    size: 18124 bytes
(epstopdf)             Command: <repstopdf --outfile=compo-eps-converted-to.pdf
 compo.eps>
(epstopdf)             \includegraphics on input line 15.
Package epstopdf Info: Output file is already uptodate.
<compo-eps-converted-to.pdf, id=1656, 439.6425pt x 240.9pt>
File: compo-eps-converted-to.pdf Graphic file (type pdf)
<use compo-eps-converted-to.pdf>
Package pdftex.def Info: compo-eps-converted-to.pdf  used on input line 15.
(pdftex.def)             Requested size: 256.0748pt x 140.31757pt.
Package epstopdf Info: Source file: <tree.eps>
(epstopdf)                    date: 2022-01-04 13:09:46
(epstopdf)                    size: 25969 bytes
(epstopdf)             Output file: <tree-eps-converted-to.pdf>
(epstopdf)                    date: 2022-01-20 13:15:16
(epstopdf)                    size: 10675 bytes
(epstopdf)             Command: <repstopdf --outfile=tree-eps-converted-to.pdf 
tree.eps>
(epstopdf)             \includegraphics on input line 41.
Package epstopdf Info: Output file is already uptodate.
<tree-eps-converted-to.pdf, id=1658, 389.455pt x 147.55125pt>
File: tree-eps-converted-to.pdf Graphic file (type pdf)
<use tree-eps-converted-to.pdf>
Package pdftex.def Info: tree-eps-converted-to.pdf  used on input line 41.
(pdftex.def)             Requested size: 341.43306pt x 129.36142pt.
[117




 <./compo-eps-converted-to.pdf> <./tree-eps-converted-to.pdf>]
Overfull \hbox (8.91838pt too wide) detected at line 93
$ []$ 
 []


Underfull \hbox (badness 10000) in paragraph at lines 124--125
[]|\OT1/cmr/m/n/10 Signature of the data struc-ture
 []

[118]
Overfull \hbox (7.42067pt too wide) in alignment at lines 131--131
[] [] [] [] []
 []


Overfull \hbox (7.42067pt too wide) in alignment at lines 131--131
[] [] [] [] []
 []


Overfull \hbox (7.42067pt too wide) in alignment at lines 131--131
[] [] [] [] []
 []


Overfull \hbox (7.42067pt too wide) in alignment at lines 131--131
[] [] [] [] []
 []


Overfull \hbox (7.42067pt too wide) in alignment at lines 131--160
[] [] [] [] []
 []


Overfull \hbox (1.69676pt too wide) in alignment at lines 168--168
[] [] [] [] []
 []


Overfull \hbox (1.69676pt too wide) in alignment at lines 168--168
[] [] [] [] []
 []


Overfull \hbox (1.69676pt too wide) in alignment at lines 168--168
[] [] [] [] []
 []


Overfull \hbox (1.69676pt too wide) in alignment at lines 168--168
[] [] [] [] []
 []


Underfull \hbox (badness 1931) in paragraph at lines 209--210
[]|\OT1/cmr/m/n/10 Set of character$\OMS/cmtt/m/n/10 ^^C\OT1/cmr/m/n/10 12$ glo
bal pa-ram-e-ter ar-
 []


Overfull \hbox (1.69676pt too wide) in alignment at lines 168--210
[] [] [] [] []
 []

[119] [120] [121] [122]
Overfull \hbox (2.42268pt too wide) in paragraph at lines 346--354
[]\OT1/cmr/m/n/10 Each el-e-men-tary cal-cu-la-tion is fully iden-ti-fied by a 
pa-ram-e-ter tu-ple (the For-tran ar-ray \OT1/cmtt/m/n/10 MUPLET(NPTOT)\OT1/cmr
/m/n/10 ),
 []

[123] [124])
\openout2 = `SectDcpo.aux'.

 (./SectDcpo.tex
Section  14.
[125





]
Overfull \hbox (3.57912pt too wide) in alignment at lines 72--72
[] [] [] [] []
 []


Overfull \hbox (3.57912pt too wide) in alignment at lines 72--72
[] [] [] [] []
 []


Overfull \hbox (3.57912pt too wide) in alignment at lines 72--72
[] [] [] [] []
 []


Overfull \hbox (3.57912pt too wide) in alignment at lines 72--72
[] [] [] [] []
 []


Overfull \hbox (3.57912pt too wide) in alignment at lines 72--99
[] [] [] [] []
 []

[126]) [127]
\openout2 = `SectDsaphyb.aux'.

 (./SectDsaphyb.tex
Section  15.
Package epstopdf Info: Source file: <tree.eps>
(epstopdf)                    date: 2022-01-04 13:09:46
(epstopdf)                    size: 25969 bytes
(epstopdf)             Output file: <tree-eps-converted-to.pdf>
(epstopdf)                    date: 2022-01-20 13:15:16
(epstopdf)                    size: 10675 bytes
(epstopdf)             Command: <repstopdf --outfile=tree-eps-converted-to.pdf 
tree.eps>
(epstopdf)             \includegraphics on input line 30.
Package epstopdf Info: Output file is already uptodate.
File: tree-eps-converted-to.pdf Graphic file (type pdf)
<use tree-eps-converted-to.pdf>
Package pdftex.def Info: tree-eps-converted-to.pdf  used on input line 30.
(pdftex.def)             Requested size: 341.43306pt x 129.36142pt.

Overfull \hbox (6.4034pt too wide) in alignment at lines 54--54
[] [] [] [] []
 []


Overfull \hbox (6.4034pt too wide) in alignment at lines 54--54
[] [] [] [] []
 []


Overfull \hbox (6.4034pt too wide) in alignment at lines 54--54
[] [] [] [] []
 []


Overfull \hbox (6.4034pt too wide) in alignment at lines 54--54
[] [] [] [] []
 []


Overfull \hbox (6.4034pt too wide) in alignment at lines 54--98
[] [] [] [] []
 []

[128




] [129] [130]
Underfull \hbox (badness 1715) in paragraph at lines 195--196
[]|\OT1/cmr/m/n/10 Limits of the \OT1/cmr/m/sc/10 saphyb \OT1/cmr/m/n/10 multi-
group en-ergy
 []


Underfull \hbox (badness 1314) in paragraph at lines 226--227
[]|\OT1/cmr/m/n/10 Indices in ar-ray \OT1/cmtt/m/n/10 NOMMAC \OT1/cmr/m/n/10 co
r-re-spond-ing to
 []


Underfull \hbox (badness 3068) in paragraph at lines 226--227
\OT1/cmr/m/n/10 tri-bu-tions for the non--particularized iso-
 []

[131

]
Underfull \hbox (badness 6078) in paragraph at lines 245--246
[]|\OT1/cmr/m/n/10 Array con-tain-ing the par-tic-u-lar-ized iso-
 []


Underfull \hbox (badness 10000) in paragraph at lines 245--246
\OT1/cmr/m/n/10 tope in-dices in each out-put mix-ture.
 []

[132] [133]
Underfull \hbox (badness 1931) in paragraph at lines 384--385
[]|\OT1/cmr/m/n/10 Set of character$\OMS/cmtt/m/n/10 ^^C\OT1/cmr/m/n/10 12$ glo
bal pa-ram-e-ter ar-
 []

[134] [135] [136] [137]
Underfull \hbox (badness 4739) in paragraph at lines 595--596
[]|\OT1/cmr/m/n/10 Number of par-tic-u-lar-ized fis-sile iso-topes
 []


Underfull \hbox (badness 1803) in paragraph at lines 598--599
[]|\OT1/cmr/m/n/10 Number of par-tic-u-lar-ized fis-sion prod-ucts
 []


Underfull \hbox (badness 1609) in paragraph at lines 616--617
\OT1/cmr/m/n/10 (sub-directory \OT1/cmtt/m/n/10 mili//'  m'\OT1/cmr/m/n/10 ) co
r-re-spond-ing
 []

[138]
Underfull \hbox (badness 1859) in paragraph at lines 651--652
[]|\OT1/cmr/m/n/10 Neutron flux val-ues (region-- and group--
 []

[139]
Underfull \hbox (badness 1231) in paragraph at lines 668--669
[]|\OT1/cmr/m/n/10 Surfacic fluxes ($\OML/cmm/m/it/10 N[]$ \OT1/cmr/m/n/10 val-
ues per en-ergy
 []


Overfull \hbox (10.21454pt too wide) in alignment at lines 675--675
[] [] [] [] []
 []


Overfull \hbox (10.21454pt too wide) in alignment at lines 675--675
[] [] [] [] []
 []


Overfull \hbox (10.21454pt too wide) in alignment at lines 675--675
[] [] [] [] []
 []


Overfull \hbox (10.21454pt too wide) in alignment at lines 675--675
[] [] [] [] []
 []


Underfull \hbox (badness 10000) in paragraph at lines 682--683
[]|\OT1/cmr/m/n/10 Values of the lo-cal vari-ables.
 []


Underfull \hbox (badness 10000) in paragraph at lines 685--686
[]|\OT1/cmr/m/n/10 Volume-- and energy--integrated neu-tron
 []


Underfull \hbox (badness 2573) in paragraph at lines 698--699
[]|\OT1/cmr/m/n/10 Cross sec-tion data. []
 []


Overfull \hbox (10.21454pt too wide) in alignment at lines 675--706
[] [] [] [] []
 []

[140

]
Overfull \hbox (10.54724pt too wide) in paragraph at lines 736--748
[][] 
 []

[141]) [142

]
\openout2 = `SectDmc.aux'.

 (./SectDmc.tex
Section  16.

Underfull \hbox (badness 10000) in paragraph at lines 47--48
[]|\OT1/cmr/m/n/10 Signature of the /mc/[] data struc-ture
 []

[143




]) [144]
\openout2 = `SectDdraglib.aux'.

 (./SectDdraglib.tex
Section  17.

Overfull \hbox (5.91373pt too wide) in alignment at lines 34--34
[] [] [] [] []
 []


Overfull \hbox (5.91373pt too wide) in alignment at lines 34--34
[] [] [] [] []
 []


Overfull \hbox (5.91373pt too wide) in alignment at lines 34--34
[] [] [] [] []
 []


Overfull \hbox (5.91373pt too wide) in alignment at lines 34--34
[] [] [] [] []
 []


Underfull \hbox (badness 10000) in paragraph at lines 37--38
[]|\OT1/cmr/m/n/10 Signature of the data struc-ture
 []


Underfull \hbox (badness 10000) in paragraph at lines 41--42
[]|\OT1/cmr/m/n/10 Version iden-ti-fi-ca-tion. Cur-rently equal to
 []


Underfull \hbox (badness 1163) in paragraph at lines 41--42
\OT1/cmr/m/sc/10 draglib \OT1/cmr/m/n/10 spec-i-fi-ca-tion is to be mod-i-fied 
in the
 []


Overfull \hbox (5.91373pt too wide) in alignment at lines 34--63
[] [] [] [] []
 []

[145




] [146] [147] [148])
\openout2 = `SectDfview.aux'.

 (./SectDfview.tex
Section  18.

Underfull \hbox (badness 3428) in paragraph at lines 30--31
[]|\OT1/cmr/m/n/10 Signature of the /fview/[] data struc-ture
 []

) [149




]
\openout2 = `Bibliography.aux'.

 (./Bibliography.tex) [150




]
No file IGE351.ind.
(./IGE351.aux (./SectIntroduction.aux) (./SectStructure.aux)
(./SectDmacrolib.aux) (./SectDmicrolib.aux) (./SectDgeometry.aux)
(./SectDtracking.aux) (./SectDasminfo.aux) (./SectDsystem.aux)
(./SectDkinet.aux) (./SectDfluxunk.aux) (./SectDsource.aux) (./SectDdepos.aux)
(./SectDedition.aux) (./SectDburnup.aux) (./SectDcompo.aux) (./SectDcpo.aux)
(./SectDsaphyb.aux) (./SectDmc.aux) (./SectDdraglib.aux) (./SectDfview.aux)
(./Bibliography.aux))

LaTeX Font Warning: Some font shapes were not available, defaults substituted.


LaTeX Warning: There were multiply-defined labels.

Package rerunfilecheck Info: File `IGE351.out' has not changed.
(rerunfilecheck)             Checksum: 6CFB8D388A69EE6544DCC967C78A8377;29188.
 ) 
Here is how much of TeX's memory you used:
 9791 strings out of 478994
 144157 string characters out of 5858184
 487627 words of memory out of 5000000
 26509 multiletter control sequences out of 15000+600000
 410784 words of font info for 52 fonts, out of 8000000 for 9000
 1141 hyphenation exceptions out of 8191
 98i,15n,102p,589b,472s stack positions out of 5000i,500n,10000p,200000b,80000s
{/usr/local/texlive/2021/texmf-dist/fonts/enc/dvips/cm-super/cm-super-ts1.enc
}</usr/local/texlive/2021/texmf-dist/fonts/type1/public/amsfonts/cm/cmbx10.pfb>
</usr/local/texlive/2021/texmf-dist/fonts/type1/public/amsfonts/cm/cmbx12.pfb><
/usr/local/texlive/2021/texmf-dist/fonts/type1/public/amsfonts/cm/cmbx7.pfb></u
sr/local/texlive/2021/texmf-dist/fonts/type1/public/amsfonts/cm/cmcsc10.pfb></u
sr/local/texlive/2021/texmf-dist/fonts/type1/public/amsfonts/cm/cmex10.pfb></us
r/local/texlive/2021/texmf-dist/fonts/type1/public/amsfonts/cm/cmmi10.pfb></usr
/local/texlive/2021/texmf-dist/fonts/type1/public/amsfonts/cm/cmmi5.pfb></usr/l
ocal/texlive/2021/texmf-dist/fonts/type1/public/amsfonts/cm/cmmi7.pfb></usr/loc
al/texlive/2021/texmf-dist/fonts/type1/public/amsfonts/cm/cmr10.pfb></usr/local
/texlive/2021/texmf-dist/fonts/type1/public/amsfonts/cm/cmr5.pfb></usr/local/te
xlive/2021/texmf-dist/fonts/type1/public/amsfonts/cm/cmr7.pfb></usr/local/texli
ve/2021/texmf-dist/fonts/type1/public/amsfonts/cm/cmsl10.pfb></usr/local/texliv
e/2021/texmf-dist/fonts/type1/public/amsfonts/cm/cmsltt10.pfb></usr/local/texli
ve/2021/texmf-dist/fonts/type1/public/amsfonts/cm/cmss10.pfb></usr/local/texliv
e/2021/texmf-dist/fonts/type1/public/amsfonts/cm/cmsy10.pfb></usr/local/texlive
/2021/texmf-dist/fonts/type1/public/amsfonts/cm/cmsy5.pfb></usr/local/texlive/2
021/texmf-dist/fonts/type1/public/amsfonts/cm/cmsy7.pfb></usr/local/texlive/202
1/texmf-dist/fonts/type1/public/amsfonts/cm/cmti10.pfb></usr/local/texlive/2021
/texmf-dist/fonts/type1/public/amsfonts/cm/cmtt10.pfb></usr/local/texlive/2021/
texmf-dist/fonts/type1/public/amsfonts/cm/cmtt8.pfb></usr/local/texlive/2021/te
xmf-dist/fonts/type1/public/cm-super/sfrm1000.pfb></usr/local/texlive/2021/texm
f-dist/fonts/type1/public/cm-super/sftt1000.pfb>
Output written on IGE351.pdf (158 pages, 900610 bytes).
PDF statistics:
 2021 PDF objects out of 2073 (max. 8388607)
 1699 compressed objects within 17 object streams
 432 named destinations out of 1000 (max. 500000)
 932 words of extra memory for PDF output out of 10000 (max. 10000000)

