\BOOKMARK [1][-]{section*.1}{\376\377\000C\000o\000n\000t\000e\000n\000t\000s\000\040}{}% 1
\BOOKMARK [1][-]{section*.2}{\376\377\000L\000i\000s\000t\000\040\000o\000f\000\040\000T\000a\000b\000l\000e\000s\000\040}{}% 2
\BOOKMARK [1][-]{section*.3}{\376\377\000L\000i\000s\000t\000\040\000o\000f\000\040\000F\000i\000g\000u\000r\000e\000s\000\040}{}% 3
\BOOKMARK [1][-]{section.0.1}{\376\377\000C\000o\000n\000t\000e\000n\000t\000s\000\040\000o\000f\000\040\000a\000\040\000/\000m\000a\000c\000r\000o\000l\000i\000b\000/\000\040\000d\000i\000r\000e\000c\000t\000o\000r\000y\000\040}{}% 4
\BOOKMARK [2][-]{subsection.0.1.1}{\376\377\000S\000t\000a\000t\000e\000\040\000v\000e\000c\000t\000o\000r\000\040\000c\000o\000n\000t\000e\000n\000t\000\040\000f\000o\000r\000\040\000t\000h\000e\000\040\000/\000m\000a\000c\000r\000o\000l\000i\000b\000/\000\040\000d\000a\000t\000a\000\040\000s\000t\000r\000u\000c\000t\000u\000r\000e}{section.0.1}% 5
\BOOKMARK [2][-]{subsection.0.1.2}{\376\377\000T\000h\000e\000\040\000m\000a\000i\000n\000\040\000/\000m\000a\000c\000r\000o\000l\000i\000b\000/\000\040\000d\000i\000r\000e\000c\000t\000o\000r\000y}{section.0.1}% 6
\BOOKMARK [2][-]{subsection.0.1.3}{\376\377\000T\000h\000e\000\040\000g\000r\000o\000u\000p\000\040\000s\000u\000b\000-\000d\000i\000r\000e\000c\000t\000o\000r\000y\000\040\000G\000R\000O\000U\000P\000\040\000i\000n\000\040\000/\000m\000a\000c\000r\000o\000l\000i\000b\000/}{section.0.1}% 7
\BOOKMARK [2][-]{subsection.0.1.4}{\376\377\000T\000h\000e\000\040\000/\000A\000D\000F\000/\000\040\000s\000u\000b\000-\000d\000i\000r\000e\000c\000t\000o\000r\000y\000\040\000i\000n\000\040\000/\000m\000a\000c\000r\000o\000l\000i\000b\000/}{section.0.1}% 8
\BOOKMARK [2][-]{subsection.0.1.5}{\376\377\000T\000h\000e\000\040\000/\000G\000F\000F\000/\000\040\000s\000u\000b\000-\000d\000i\000r\000e\000c\000t\000o\000r\000y\000\040\000i\000n\000\040\000/\000m\000a\000c\000r\000o\000l\000i\000b\000/}{section.0.1}% 9
\BOOKMARK [2][-]{subsection.0.1.6}{\376\377\000T\000h\000e\000\040\000/\000S\000P\000H\000/\000\040\000s\000u\000b\000-\000d\000i\000r\000e\000c\000t\000o\000r\000y\000\040\000i\000n\000\040\000/\000m\000a\000c\000r\000o\000l\000i\000b\000/}{section.0.1}% 10
\BOOKMARK [2][-]{subsection.0.1.7}{\376\377\000D\000e\000l\000a\000y\000e\000d\000\040\000n\000e\000u\000t\000r\000o\000n\000\040\000i\000n\000f\000o\000r\000m\000a\000t\000i\000o\000n}{section.0.1}% 11
\BOOKMARK [1][-]{section.0.2}{\376\377\000C\000o\000n\000t\000e\000n\000t\000s\000\040\000o\000f\000\040\000a\000\040\000/\000m\000i\000c\000r\000o\000l\000i\000b\000/\000\040\000d\000i\000r\000e\000c\000t\000o\000r\000y\000\040}{}% 12
\BOOKMARK [2][-]{subsection.0.2.1}{\376\377\000S\000t\000a\000t\000e\000\040\000v\000e\000c\000t\000o\000r\000\040\000c\000o\000n\000t\000e\000n\000t\000\040\000f\000o\000r\000\040\000t\000h\000e\000\040\000/\000m\000i\000c\000r\000o\000l\000i\000b\000/\000\040\000d\000a\000t\000a\000\040\000s\000t\000r\000u\000c\000t\000u\000r\000e}{section.0.2}% 13
\BOOKMARK [2][-]{subsection.0.2.2}{\376\377\000T\000h\000e\000\040\000m\000a\000i\000n\000\040\000/\000m\000i\000c\000r\000o\000l\000i\000b\000/\000\040\000d\000i\000r\000e\000c\000t\000o\000r\000y}{section.0.2}% 14
\BOOKMARK [2][-]{subsection.0.2.3}{\376\377\000S\000t\000a\000t\000e\000\040\000v\000e\000c\000t\000o\000r\000\040\000c\000o\000n\000t\000e\000n\000t\000\040\000f\000o\000r\000\040\000t\000h\000e\000\040\000d\000e\000p\000l\000e\000t\000i\000o\000n\000\040\000s\000u\000b\000-\000d\000i\000r\000e\000c\000t\000o\000r\000y}{section.0.2}% 15
\BOOKMARK [2][-]{subsection.0.2.4}{\376\377\000T\000h\000e\000\040\000d\000e\000p\000l\000e\000t\000i\000o\000n\000\040\000s\000u\000b\000-\000d\000i\000r\000e\000c\000t\000o\000r\000y\000\040\000/\000d\000e\000p\000l\000e\000t\000i\000o\000n\000/\000\040\000i\000n\000\040\000/\000m\000i\000c\000r\000o\000l\000i\000b\000/}{section.0.2}% 16
\BOOKMARK [2][-]{subsection.0.2.5}{\376\377\000S\000t\000a\000t\000e\000\040\000v\000e\000c\000t\000o\000r\000\040\000c\000o\000n\000t\000e\000n\000t\000\040\000f\000o\000r\000\040\000t\000h\000e\000\040\000s\000h\000i\000b\000a\000\040\000s\000e\000l\000f\000-\000s\000h\000i\000e\000l\000d\000i\000n\000g\000\040\000s\000u\000b\000-\000d\000i\000r\000e\000c\000t\000o\000r\000y}{section.0.2}% 17
\BOOKMARK [2][-]{subsection.0.2.6}{\376\377\000S\000t\000a\000t\000e\000\040\000v\000e\000c\000t\000o\000r\000\040\000c\000o\000n\000t\000e\000n\000t\000\040\000f\000o\000r\000\040\000t\000h\000e\000\040\000s\000u\000b\000g\000r\000o\000u\000p\000\040\000s\000e\000l\000f\000-\000s\000h\000i\000e\000l\000d\000i\000n\000g\000\040\000s\000u\000b\000-\000d\000i\000r\000e\000c\000t\000o\000r\000y}{section.0.2}% 18
\BOOKMARK [2][-]{subsection.0.2.7}{\376\377\000T\000h\000e\000\040\000s\000h\000i\000b\000a\000\040\000s\000e\000l\000f\000-\000s\000h\000i\000e\000l\000d\000i\000n\000g\000\040\000s\000u\000b\000-\000d\000i\000r\000e\000c\000t\000o\000r\000y\000\040\000/\000s\000e\000l\000f\000s\000h\000i\000e\000l\000d\000/\000\040\000i\000n\000\040\000/\000m\000i\000c\000r\000o\000l\000i\000b\000/}{section.0.2}% 19
\BOOKMARK [2][-]{subsection.0.2.8}{\376\377\000T\000h\000e\000\040\000s\000u\000b\000g\000r\000o\000u\000p\000\040\000s\000e\000l\000f\000-\000s\000h\000i\000e\000l\000d\000i\000n\000g\000\040\000s\000u\000b\000-\000d\000i\000r\000e\000c\000t\000o\000r\000y\000\040\000/\000s\000e\000l\000f\000s\000h\000i\000e\000l\000d\000/\000\040\000i\000n\000\040\000/\000m\000i\000c\000r\000o\000l\000i\000b\000/}{section.0.2}% 20
\BOOKMARK [2][-]{subsection.0.2.9}{\376\377\000C\000o\000n\000t\000e\000n\000t\000s\000\040\000o\000f\000\040\000a\000n\000\040\000/\000i\000s\000o\000t\000o\000p\000e\000/\000\040\000d\000i\000r\000e\000c\000t\000o\000r\000y}{section.0.2}% 21
\BOOKMARK [3][-]{subsubsection.0.2.9.1}{\376\377\000T\000h\000e\000\040\000p\000r\000o\000b\000a\000b\000i\000l\000i\000t\000y\000\040\000t\000a\000b\000l\000e\000\040\000d\000i\000r\000e\000c\000t\000o\000r\000y\000\040\000P\000T\000-\000P\000H\000Y\000S\000\040\000i\000n\000\040\000/\000i\000s\000o\000t\000o\000p\000e\000/}{subsection.0.2.9}% 22
\BOOKMARK [1][-]{section.0.3}{\376\377\000C\000o\000n\000t\000e\000n\000t\000s\000\040\000o\000f\000\040\000a\000\040\000/\000g\000e\000o\000m\000e\000t\000r\000y\000/\000\040\000d\000i\000r\000e\000c\000t\000o\000r\000y\000\040}{}% 23
\BOOKMARK [2][-]{subsection.0.3.1}{\376\377\000S\000t\000a\000t\000e\000\040\000v\000e\000c\000t\000o\000r\000\040\000c\000o\000n\000t\000e\000n\000t\000\040\000f\000o\000r\000\040\000t\000h\000e\000\040\000/\000g\000e\000o\000m\000e\000t\000r\000y\000/\000\040\000d\000a\000t\000a\000\040\000s\000t\000r\000u\000c\000t\000u\000r\000e}{section.0.3}% 24
\BOOKMARK [2][-]{subsection.0.3.2}{\376\377\000T\000h\000e\000\040\000m\000a\000i\000n\000\040\000/\000g\000e\000o\000m\000e\000t\000r\000y\000/\000\040\000d\000i\000r\000e\000c\000t\000o\000r\000y}{section.0.3}% 25
\BOOKMARK [2][-]{subsection.0.3.3}{\376\377\000T\000h\000e\000\040\000/\000B\000I\000H\000E\000T\000/\000\040\000s\000u\000b\000-\000d\000i\000r\000e\000c\000t\000o\000r\000y\000\040\000i\000n\000\040\000/\000g\000e\000o\000m\000e\000t\000r\000y\000/}{section.0.3}% 26
\BOOKMARK [1][-]{section.0.4}{\376\377\000C\000o\000n\000t\000e\000n\000t\000s\000\040\000o\000f\000\040\000a\000\040\000/\000t\000r\000a\000c\000k\000i\000n\000g\000/\000\040\000d\000i\000r\000e\000c\000t\000o\000r\000y\000\040}{}% 27
\BOOKMARK [2][-]{subsection.0.4.1}{\376\377\000S\000t\000a\000t\000e\000\040\000v\000e\000c\000t\000o\000r\000\040\000c\000o\000n\000t\000e\000n\000t\000\040\000f\000o\000r\000\040\000t\000h\000e\000\040\000/\000t\000r\000a\000c\000k\000i\000n\000g\000/\000\040\000d\000a\000t\000a\000\040\000s\000t\000r\000u\000c\000t\000u\000r\000e}{section.0.4}% 28
\BOOKMARK [2][-]{subsection.0.4.2}{\376\377\000T\000h\000e\000\040\000m\000a\000i\000n\000\040\000/\000t\000r\000a\000c\000k\000i\000n\000g\000/\000\040\000d\000i\000r\000e\000c\000t\000o\000r\000y}{section.0.4}% 29
\BOOKMARK [2][-]{subsection.0.4.3}{\376\377\000T\000h\000e\000\040\000s\000y\000b\000i\000l\000t\000\040\000d\000e\000p\000e\000n\000d\000e\000n\000t\000\040\000r\000e\000c\000o\000r\000d\000s\000\040\000a\000n\000d\000\040\000s\000u\000b\000-\000d\000i\000r\000e\000c\000t\000o\000r\000i\000e\000s\000\040\000o\000n\000\040\000a\000\040\000/\000t\000r\000a\000c\000k\000i\000n\000g\000/\000\040\000d\000i\000r\000e\000c\000t\000o\000r\000y}{section.0.4}% 30
\BOOKMARK [3][-]{subsubsection.0.4.3.1}{\376\377\000T\000h\000e\000\040\000/\000P\000U\000R\000E\000-\000G\000E\000O\000M\000/\000\040\000s\000u\000b\000-\000d\000i\000r\000e\000c\000t\000o\000r\000y\000\040\000i\000n\000\040\000s\000y\000b\000i\000l\000t}{subsection.0.4.3}% 31
\BOOKMARK [3][-]{subsubsection.0.4.3.2}{\376\377\000T\000h\000e\000\040\000/\000D\000O\000I\000T\000Y\000O\000U\000R\000S\000E\000L\000F\000/\000\040\000s\000u\000b\000-\000d\000i\000r\000e\000c\000t\000o\000r\000y\000\040\000i\000n\000\040\000s\000y\000b\000i\000l\000t}{subsection.0.4.3}% 32
\BOOKMARK [3][-]{subsubsection.0.4.3.3}{\376\377\000T\000h\000e\000\040\000/\000E\000U\000R\000Y\000D\000I\000C\000E\000/\000\040\000s\000u\000b\000-\000d\000i\000r\000e\000c\000t\000o\000r\000y\000\040\000i\000n\000\040\000s\000y\000b\000i\000l\000t}{subsection.0.4.3}% 33
\BOOKMARK [2][-]{subsection.0.4.4}{\376\377\000T\000h\000e\000\040\000e\000x\000c\000e\000l\000t\000\040\000d\000e\000p\000e\000n\000d\000e\000n\000t\000\040\000r\000e\000c\000o\000r\000d\000s\000\040\000o\000n\000\040\000a\000\040\000/\000t\000r\000a\000c\000k\000i\000n\000g\000/\000\040\000d\000i\000r\000e\000c\000t\000o\000r\000y}{section.0.4}% 34
\BOOKMARK [2][-]{subsection.0.4.5}{\376\377\000T\000h\000e\000\040\000m\000c\000c\000g\000t\000\040\000d\000e\000p\000e\000n\000d\000e\000n\000t\000\040\000r\000e\000c\000o\000r\000d\000s\000\040\000o\000n\000\040\000a\000\040\000/\000t\000r\000a\000c\000k\000i\000n\000g\000/\000\040\000d\000i\000r\000e\000c\000t\000o\000r\000y}{section.0.4}% 35
\BOOKMARK [2][-]{subsection.0.4.6}{\376\377\000T\000h\000e\000\040\000s\000n\000t\000\040\000d\000e\000p\000e\000n\000d\000e\000n\000t\000\040\000r\000e\000c\000o\000r\000d\000s\000\040\000o\000n\000\040\000a\000\040\000/\000t\000r\000a\000c\000k\000i\000n\000g\000/\000\040\000d\000i\000r\000e\000c\000t\000o\000r\000y}{section.0.4}% 36
\BOOKMARK [2][-]{subsection.0.4.7}{\376\377\000T\000h\000e\000\040\000b\000i\000v\000a\000c\000t\000\040\000d\000e\000p\000e\000n\000d\000e\000n\000t\000\040\000r\000e\000c\000o\000r\000d\000s\000\040\000o\000n\000\040\000a\000\040\000/\000t\000r\000a\000c\000k\000i\000n\000g\000/\000\040\000d\000i\000r\000e\000c\000t\000o\000r\000y}{section.0.4}% 37
\BOOKMARK [2][-]{subsection.0.4.8}{\376\377\000T\000h\000e\000\040\000t\000r\000i\000v\000a\000t\000\040\000d\000e\000p\000e\000n\000d\000e\000n\000t\000\040\000r\000e\000c\000o\000r\000d\000s\000\040\000o\000n\000\040\000a\000\040\000/\000t\000r\000a\000c\000k\000i\000n\000g\000/\000\040\000d\000i\000r\000e\000c\000t\000o\000r\000y}{section.0.4}% 38
\BOOKMARK [2][-]{subsection.0.4.9}{\376\377\000T\000h\000e\000\040\000/\000B\000I\000H\000E\000T\000/\000\040\000s\000u\000b\000-\000d\000i\000r\000e\000c\000t\000o\000r\000y}{section.0.4}% 39
\BOOKMARK [1][-]{section.0.5}{\376\377\000C\000o\000n\000t\000e\000n\000t\000s\000\040\000o\000f\000\040\000a\000\040\000/\000a\000s\000m\000i\000n\000f\000o\000/\000\040\000d\000i\000r\000e\000c\000t\000o\000r\000y\000\040}{}% 40
\BOOKMARK [2][-]{subsection.0.5.1}{\376\377\000S\000t\000a\000t\000e\000\040\000v\000e\000c\000t\000o\000r\000\040\000c\000o\000n\000t\000e\000n\000t\000\040\000f\000o\000r\000\040\000t\000h\000e\000\040\000/\000a\000s\000m\000i\000n\000f\000o\000/\000\040\000d\000a\000t\000a\000\040\000s\000t\000r\000u\000c\000t\000u\000r\000e}{section.0.5}% 41
\BOOKMARK [2][-]{subsection.0.5.2}{\376\377\000T\000h\000e\000\040\000m\000a\000i\000n\000\040\000/\000a\000s\000m\000i\000n\000f\000o\000/\000\040\000d\000i\000r\000e\000c\000t\000o\000r\000y}{section.0.5}% 42
\BOOKMARK [2][-]{subsection.0.5.3}{\376\377\000T\000h\000e\000\040\000G\000R\000O\000U\000P\000\040\000d\000o\000u\000b\000l\000e\000-\000h\000e\000t\000e\000r\000o\000g\000e\000n\000e\000i\000t\000y\000\040\000g\000r\000o\000u\000p\000\040\000s\000u\000b\000-\000d\000i\000r\000e\000c\000t\000o\000r\000y}{section.0.5}% 43
\BOOKMARK [2][-]{subsection.0.5.4}{\376\377\000T\000h\000e\000\040\000G\000R\000O\000U\000P\000\040\000o\000r\000\040\000B\000I\000H\000E\000T\000\040\000g\000r\000o\000u\000p\000\040\000s\000u\000b\000-\000d\000i\000r\000e\000c\000t\000o\000r\000y}{section.0.5}% 44
\BOOKMARK [3][-]{subsubsection.0.5.4.1}{\376\377\000T\000h\000e\000\040\000t\000r\000a\000f\000i\000c\000t\000\040\000d\000e\000p\000e\000n\000d\000e\000n\000t\000\040\000r\000e\000c\000o\000r\000d\000s\000\040\000o\000n\000\040\000a\000\040\000G\000R\000O\000U\000P\000\040\000d\000i\000r\000e\000c\000t\000o\000r\000y}{subsection.0.5.4}% 45
\BOOKMARK [3][-]{subsubsection.0.5.4.2}{\376\377\000T\000h\000e\000\040\000s\000y\000b\000i\000l\000t\000\040\000d\000e\000p\000e\000n\000d\000e\000n\000t\000\040\000r\000e\000c\000o\000r\000d\000s\000\040\000o\000n\000\040\000a\000\040\000G\000R\000O\000U\000P\000\040\000d\000i\000r\000e\000c\000t\000o\000r\000y}{subsection.0.5.4}% 46
\BOOKMARK [3][-]{subsubsection.0.5.4.3}{\376\377\000T\000h\000e\000\040\000m\000c\000c\000g\000t\000\040\000d\000e\000p\000e\000n\000d\000e\000n\000t\000\040\000r\000e\000c\000o\000r\000d\000s\000\040\000o\000n\000\040\000a\000\040\000G\000R\000O\000U\000P\000\040\000d\000i\000r\000e\000c\000t\000o\000r\000y}{subsection.0.5.4}% 47
\BOOKMARK [1][-]{section.0.6}{\376\377\000C\000o\000n\000t\000e\000n\000t\000s\000\040\000o\000f\000\040\000a\000\040\000/\000s\000y\000s\000t\000e\000m\000/\000\040\000d\000i\000r\000e\000c\000t\000o\000r\000y\000\040}{}% 48
\BOOKMARK [2][-]{subsection.0.6.1}{\376\377\000S\000t\000a\000t\000e\000\040\000v\000e\000c\000t\000o\000r\000\040\000c\000o\000n\000t\000e\000n\000t\000\040\000f\000o\000r\000\040\000t\000h\000e\000\040\000/\000s\000y\000s\000t\000e\000m\000/\000\040\000d\000a\000t\000a\000\040\000s\000t\000r\000u\000c\000t\000u\000r\000e}{section.0.6}% 49
\BOOKMARK [2][-]{subsection.0.6.2}{\376\377\000T\000h\000e\000\040\000m\000a\000i\000n\000\040\000/\000s\000y\000s\000t\000e\000m\000/\000\040\000d\000i\000r\000e\000c\000t\000o\000r\000y}{section.0.6}% 50
\BOOKMARK [1][-]{section.0.7}{\376\377\000C\000o\000n\000t\000e\000n\000t\000s\000\040\000o\000f\000\040\000a\000\040\000/\000k\000i\000n\000e\000t\000/\000\040\000d\000i\000r\000e\000c\000t\000o\000r\000y\000\040}{}% 51
\BOOKMARK [2][-]{subsection.0.7.1}{\376\377\000S\000t\000a\000t\000e\000\040\000v\000e\000c\000t\000o\000r\000\040\000c\000o\000n\000t\000e\000n\000t\000\040\000f\000o\000r\000\040\000t\000h\000e\000\040\000/\000k\000i\000n\000e\000t\000/\000\040\000d\000a\000t\000a\000\040\000s\000t\000r\000u\000c\000t\000u\000r\000e}{section.0.7}% 52
\BOOKMARK [2][-]{subsection.0.7.2}{\376\377\000T\000h\000e\000\040\000m\000a\000i\000n\000\040\000/\000k\000i\000n\000e\000t\000/\000\040\000d\000i\000r\000e\000c\000t\000o\000r\000y}{section.0.7}% 53
\BOOKMARK [1][-]{section.0.8}{\376\377\000C\000o\000n\000t\000e\000n\000t\000s\000\040\000o\000f\000\040\000a\000\040\000/\000f\000l\000u\000x\000u\000n\000k\000/\000\040\000d\000i\000r\000e\000c\000t\000o\000r\000y\000\040}{}% 54
\BOOKMARK [2][-]{subsection.0.8.1}{\376\377\000S\000t\000a\000t\000e\000\040\000v\000e\000c\000t\000o\000r\000\040\000c\000o\000n\000t\000e\000n\000t\000\040\000f\000o\000r\000\040\000t\000h\000e\000\040\000/\000f\000l\000u\000x\000u\000n\000k\000/\000\040\000d\000a\000t\000a\000\040\000s\000t\000r\000u\000c\000t\000u\000r\000e}{section.0.8}% 55
\BOOKMARK [2][-]{subsection.0.8.2}{\376\377\000T\000h\000e\000\040\000m\000a\000i\000n\000\040\000/\000f\000l\000u\000x\000u\000n\000k\000/\000\040\000d\000i\000r\000e\000c\000t\000o\000r\000y}{section.0.8}% 56
\BOOKMARK [2][-]{subsection.0.8.3}{\376\377\000T\000h\000e\000\040\000h\000a\000r\000m\000o\000n\000i\000c\000\040\000m\000o\000d\000e\000\040\000s\000u\000b\000-\000d\000i\000r\000e\000c\000t\000o\000r\000i\000e\000s\000\040\000i\000n\000\040\000/\000f\000l\000u\000x\000u\000n\000k\000/}{section.0.8}% 57
\BOOKMARK [1][-]{section.0.9}{\376\377\000C\000o\000n\000t\000e\000n\000t\000s\000\040\000o\000f\000\040\000a\000\040\000/\000s\000o\000u\000r\000c\000e\000/\000\040\000d\000i\000r\000e\000c\000t\000o\000r\000y\000\040}{}% 58
\BOOKMARK [2][-]{subsection.0.9.1}{\376\377\000S\000t\000a\000t\000e\000\040\000v\000e\000c\000t\000o\000r\000\040\000c\000o\000n\000t\000e\000n\000t\000\040\000f\000o\000r\000\040\000t\000h\000e\000\040\000/\000s\000o\000u\000r\000c\000e\000/\000\040\000d\000a\000t\000a\000\040\000s\000t\000r\000u\000c\000t\000u\000r\000e}{section.0.9}% 59
\BOOKMARK [2][-]{subsection.0.9.2}{\376\377\000T\000h\000e\000\040\000m\000a\000i\000n\000\040\000/\000s\000o\000u\000r\000c\000e\000/\000\040\000d\000i\000r\000e\000c\000t\000o\000r\000y}{section.0.9}% 60
\BOOKMARK [1][-]{section.0.10}{\376\377\000C\000o\000n\000t\000e\000n\000t\000s\000\040\000o\000f\000\040\000a\000\040\000/\000d\000e\000p\000o\000s\000i\000t\000i\000o\000n\000/\000\040\000d\000i\000r\000e\000c\000t\000o\000r\000y\000\040}{}% 61
\BOOKMARK [2][-]{subsection.0.10.1}{\376\377\000S\000t\000a\000t\000e\000\040\000v\000e\000c\000t\000o\000r\000\040\000c\000o\000n\000t\000e\000n\000t\000\040\000f\000o\000r\000\040\000t\000h\000e\000\040\000/\000d\000e\000p\000o\000s\000i\000t\000i\000o\000n\000/\000\040\000d\000a\000t\000a\000\040\000s\000t\000r\000u\000c\000t\000u\000r\000e}{section.0.10}% 62
\BOOKMARK [2][-]{subsection.0.10.2}{\376\377\000T\000h\000e\000\040\000m\000a\000i\000n\000\040\000/\000d\000e\000p\000o\000s\000i\000t\000i\000o\000n\000/\000\040\000d\000i\000r\000e\000c\000t\000o\000r\000y}{section.0.10}% 63
\BOOKMARK [1][-]{section.0.11}{\376\377\000C\000o\000n\000t\000e\000n\000t\000s\000\040\000o\000f\000\040\000a\000\040\000/\000e\000d\000i\000t\000i\000o\000n\000/\000\040\000d\000i\000r\000e\000c\000t\000o\000r\000y\000\040}{}% 64
\BOOKMARK [2][-]{subsection.0.11.1}{\376\377\000S\000t\000a\000t\000e\000\040\000v\000e\000c\000t\000o\000r\000\040\000c\000o\000n\000t\000e\000n\000t\000\040\000f\000o\000r\000\040\000t\000h\000e\000\040\000/\000e\000d\000i\000t\000i\000o\000n\000/\000\040\000d\000a\000t\000a\000\040\000s\000t\000r\000u\000c\000t\000u\000r\000e}{section.0.11}% 65
\BOOKMARK [2][-]{subsection.0.11.2}{\376\377\000T\000h\000e\000\040\000m\000a\000i\000n\000\040\000/\000e\000d\000i\000t\000i\000o\000n\000/\000\040\000d\000i\000r\000e\000c\000t\000o\000r\000y}{section.0.11}% 66
\BOOKMARK [2][-]{subsection.0.11.3}{\376\377\000T\000h\000e\000\040\000/\000R\000E\000F\000:\000A\000D\000F\000/\000\040\000s\000u\000b\000-\000d\000i\000r\000e\000c\000t\000o\000r\000y\000\040\000i\000n\000\040\000/\000e\000d\000i\000t\000i\000o\000n\000/}{section.0.11}% 67
\BOOKMARK [1][-]{section.0.12}{\376\377\000C\000o\000n\000t\000e\000n\000t\000s\000\040\000o\000f\000\040\000a\000\040\000/\000b\000u\000r\000n\000u\000p\000/\000\040\000d\000i\000r\000e\000c\000t\000o\000r\000y\000\040}{}% 68
\BOOKMARK [2][-]{subsection.0.12.1}{\376\377\000S\000t\000a\000t\000e\000\040\000v\000e\000c\000t\000o\000r\000\040\000c\000o\000n\000t\000e\000n\000t\000\040\000f\000o\000r\000\040\000t\000h\000e\000\040\000/\000b\000u\000r\000n\000u\000p\000/\000\040\000d\000a\000t\000a\000\040\000s\000t\000r\000u\000c\000t\000u\000r\000e}{section.0.12}% 69
\BOOKMARK [2][-]{subsection.0.12.2}{\376\377\000T\000h\000e\000\040\000m\000a\000i\000n\000\040\000/\000b\000u\000r\000n\000u\000p\000/\000\040\000d\000i\000r\000e\000c\000t\000o\000r\000y}{section.0.12}% 70
\BOOKMARK [2][-]{subsection.0.12.3}{\376\377\000T\000h\000e\000\040\000d\000e\000p\000l\000e\000t\000i\000o\000n\000\040\000s\000u\000b\000-\000d\000i\000r\000e\000c\000t\000o\000r\000y\000\040\000/\000d\000e\000p\000l\000d\000i\000r\000/\000\040\000i\000n\000\040\000/\000b\000u\000r\000n\000u\000p\000/}{section.0.12}% 71
\BOOKMARK [1][-]{section.0.13}{\376\377\000C\000o\000n\000t\000e\000n\000t\000s\000\040\000o\000f\000\040\000a\000\040\000/\000m\000u\000l\000t\000i\000c\000o\000m\000p\000o\000/\000\040\000d\000i\000r\000e\000c\000t\000o\000r\000y\000\040}{}% 72
\BOOKMARK [2][-]{subsection.0.13.1}{\376\377\000S\000t\000a\000t\000e\000\040\000v\000e\000c\000t\000o\000r\000\040\000c\000o\000n\000t\000e\000n\000t\000\040\000f\000o\000r\000\040\000t\000h\000e\000\040\000/\000m\000u\000l\000t\000i\000c\000o\000m\000p\000o\000/\000\040\000d\000a\000t\000a\000\040\000s\000t\000r\000u\000c\000t\000u\000r\000e}{section.0.13}% 73
\BOOKMARK [2][-]{subsection.0.13.2}{\376\377\000T\000h\000e\000\040\000m\000a\000i\000n\000\040\000/\000m\000u\000l\000t\000i\000c\000o\000m\000p\000o\000/\000\040\000d\000i\000r\000e\000c\000t\000o\000r\000y}{section.0.13}% 74
\BOOKMARK [2][-]{subsection.0.13.3}{\376\377\000T\000h\000e\000\040\000G\000L\000O\000B\000A\000L\000\040\000s\000u\000b\000-\000d\000i\000r\000e\000c\000t\000o\000r\000y\000\040\000i\000n\000\040\000/\000m\000u\000l\000t\000i\000c\000o\000m\000p\000o\000/}{section.0.13}% 75
\BOOKMARK [2][-]{subsection.0.13.4}{\376\377\000T\000h\000e\000\040\000L\000O\000C\000A\000L\000\040\000s\000u\000b\000-\000d\000i\000r\000e\000c\000t\000o\000r\000y\000\040\000i\000n\000\040\000/\000m\000u\000l\000t\000i\000c\000o\000m\000p\000o\000/}{section.0.13}% 76
\BOOKMARK [2][-]{subsection.0.13.5}{\376\377\000T\000h\000e\000\040\000h\000o\000m\000o\000g\000e\000n\000i\000z\000e\000d\000\040\000m\000i\000x\000t\000u\000r\000e\000\040\000s\000u\000b\000-\000d\000i\000r\000e\000c\000t\000o\000r\000y\000\040\000i\000n\000\040\000/\000m\000u\000l\000t\000i\000c\000o\000m\000p\000o\000/}{section.0.13}% 77
\BOOKMARK [2][-]{subsection.0.13.6}{\376\377\000T\000h\000e\000\040\000T\000R\000E\000E\000\040\000s\000u\000b\000-\000d\000i\000r\000e\000c\000t\000o\000r\000y\000\040\000i\000n\000\040\000a\000\040\000M\000I\000X\000T\000U\000R\000E\000S\000\040\000c\000o\000m\000p\000o\000n\000e\000n\000t}{section.0.13}% 78
\BOOKMARK [1][-]{section.0.14}{\376\377\000C\000o\000n\000t\000e\000n\000t\000s\000\040\000o\000f\000\040\000a\000\040\000/\000C\000P\000O\000/\000\040\000d\000i\000r\000e\000c\000t\000o\000r\000y\000\040}{}% 79
\BOOKMARK [2][-]{subsection.0.14.1}{\376\377\000T\000h\000e\000\040\000m\000a\000i\000n\000\040\000d\000i\000r\000e\000c\000t\000o\000r\000y}{section.0.14}% 80
\BOOKMARK [2][-]{subsection.0.14.2}{\376\377\000T\000h\000e\000\040\000m\000i\000x\000t\000u\000r\000e\000\040\000s\000u\000b\000-\000d\000i\000r\000e\000c\000t\000o\000r\000y}{section.0.14}% 81
\BOOKMARK [2][-]{subsection.0.14.3}{\376\377\000T\000h\000e\000\040\000b\000u\000r\000n\000u\000p\000\040\000s\000u\000b\000-\000d\000i\000r\000e\000c\000t\000o\000r\000y}{section.0.14}% 82
\BOOKMARK [1][-]{section.0.15}{\376\377\000C\000o\000n\000t\000e\000n\000t\000s\000\040\000o\000f\000\040\000a\000\040\000/\000s\000a\000p\000h\000y\000b\000/\000\040\000d\000i\000r\000e\000c\000t\000o\000r\000y\000\040}{}% 83
\BOOKMARK [2][-]{subsection.0.15.1}{\376\377\000T\000h\000e\000\040\000m\000a\000i\000n\000\040\000/\000s\000a\000p\000h\000y\000b\000/\000\040\000d\000i\000r\000e\000c\000t\000o\000r\000y}{section.0.15}% 84
\BOOKMARK [2][-]{subsection.0.15.2}{\376\377\000T\000h\000e\000\040\000c\000o\000n\000s\000t\000p\000h\000y\000s\000i\000q\000\040\000s\000u\000b\000-\000d\000i\000r\000e\000c\000t\000o\000r\000y\000\040\000i\000n\000\040\000/\000s\000a\000p\000h\000y\000b\000/}{section.0.15}% 85
\BOOKMARK [2][-]{subsection.0.15.3}{\376\377\000T\000h\000e\000\040\000c\000o\000n\000t\000e\000n\000u\000\040\000s\000u\000b\000-\000d\000i\000r\000e\000c\000t\000o\000r\000y\000\040\000i\000n\000\040\000/\000s\000a\000p\000h\000y\000b\000/}{section.0.15}% 86
\BOOKMARK [2][-]{subsection.0.15.4}{\376\377\000T\000h\000e\000\040\000a\000d\000r\000e\000s\000s\000e\000s\000\040\000s\000u\000b\000-\000d\000i\000r\000e\000c\000t\000o\000r\000y\000\040\000i\000n\000\040\000/\000s\000a\000p\000h\000y\000b\000/}{section.0.15}% 87
\BOOKMARK [2][-]{subsection.0.15.5}{\376\377\000T\000h\000e\000\040\000g\000e\000o\000m\000\040\000s\000u\000b\000-\000d\000i\000r\000e\000c\000t\000o\000r\000y\000\040\000i\000n\000\040\000/\000s\000a\000p\000h\000y\000b\000/}{section.0.15}% 88
\BOOKMARK [2][-]{subsection.0.15.6}{\376\377\000T\000h\000e\000\040\000p\000a\000r\000a\000m\000d\000e\000s\000c\000r\000i\000p\000\040\000s\000u\000b\000-\000d\000i\000r\000e\000c\000t\000o\000r\000y\000\040\000i\000n\000\040\000/\000s\000a\000p\000h\000y\000b\000/}{section.0.15}% 89
\BOOKMARK [2][-]{subsection.0.15.7}{\376\377\000T\000h\000e\000\040\000p\000a\000r\000a\000m\000v\000a\000l\000e\000u\000r\000s\000\040\000s\000u\000b\000-\000d\000i\000r\000e\000c\000t\000o\000r\000y\000\040\000i\000n\000\040\000/\000s\000a\000p\000h\000y\000b\000/}{section.0.15}% 90
\BOOKMARK [2][-]{subsection.0.15.8}{\376\377\000T\000h\000e\000\040\000p\000a\000r\000a\000m\000a\000r\000b\000r\000e\000\040\000s\000u\000b\000-\000d\000i\000r\000e\000c\000t\000o\000r\000y\000\040\000i\000n\000\040\000/\000s\000a\000p\000h\000y\000b\000/}{section.0.15}% 91
\BOOKMARK [2][-]{subsection.0.15.9}{\376\377\000T\000h\000e\000\040\000v\000a\000r\000l\000o\000c\000d\000e\000s\000c\000r\000i\000\040\000s\000u\000b\000-\000d\000i\000r\000e\000c\000t\000o\000r\000y\000\040\000i\000n\000\040\000/\000s\000a\000p\000h\000y\000b\000/}{section.0.15}% 92
\BOOKMARK [2][-]{subsection.0.15.10}{\376\377\000T\000h\000e\000\040\000e\000l\000e\000m\000e\000n\000t\000a\000r\000y\000\040\000c\000a\000l\000c\000u\000l\000a\000t\000i\000o\000n\000\040\000s\000u\000b\000-\000d\000i\000r\000e\000c\000t\000o\000r\000y\000\040\000/\000c\000a\000l\000d\000i\000r\000/\000\040\000i\000n\000\040\000/\000s\000a\000p\000h\000y\000b\000/}{section.0.15}% 93
\BOOKMARK [3][-]{subsubsection.0.15.10.1}{\376\377\000T\000h\000e\000\040\000i\000n\000f\000o\000\040\000s\000u\000b\000-\000d\000i\000r\000e\000c\000t\000o\000r\000y\000\040\000i\000n\000\040\000/\000c\000a\000l\000d\000i\000r\000/}{subsection.0.15.10}% 94
\BOOKMARK [3][-]{subsubsection.0.15.10.2}{\376\377\000T\000h\000e\000\040\000d\000i\000v\000e\000r\000s\000\040\000s\000u\000b\000-\000d\000i\000r\000e\000c\000t\000o\000r\000y\000\040\000i\000n\000\040\000/\000c\000a\000l\000d\000i\000r\000/}{subsection.0.15.10}% 95
\BOOKMARK [3][-]{subsubsection.0.15.10.3}{\376\377\000T\000h\000e\000\040\000m\000i\000x\000t\000u\000r\000e\000\040\000s\000u\000b\000-\000d\000i\000r\000e\000c\000t\000o\000r\000y\000\040\000/\000m\000i\000x\000d\000i\000r\000/\000\040\000i\000n\000\040\000/\000c\000a\000l\000d\000i\000r\000/}{subsection.0.15.10}% 96
\BOOKMARK [3][-]{subsubsection.0.15.10.4}{\376\377\000T\000h\000e\000\040\000c\000i\000n\000e\000t\000i\000q\000u\000e\000\040\000s\000u\000b\000-\000d\000i\000r\000e\000c\000t\000o\000r\000y\000\040\000i\000n\000\040\000/\000m\000i\000x\000d\000i\000r\000/}{subsection.0.15.10}% 97
\BOOKMARK [1][-]{section.0.16}{\376\377\000C\000o\000n\000t\000e\000n\000t\000s\000\040\000o\000f\000\040\000a\000\040\000/\000m\000c\000/\000\040\000D\000i\000r\000e\000c\000t\000o\000r\000y\000\040}{}% 98
\BOOKMARK [2][-]{subsection.0.16.1}{\376\377\000S\000t\000a\000t\000e\000\040\000v\000e\000c\000t\000o\000r\000\040\000c\000o\000n\000t\000e\000n\000t\000\040\000f\000o\000r\000\040\000t\000h\000e\000\040\000/\000m\000c\000/\000\040\000d\000a\000t\000a\000\040\000s\000t\000r\000u\000c\000t\000u\000r\000e}{section.0.16}% 99
\BOOKMARK [2][-]{subsection.0.16.2}{\376\377\000T\000h\000e\000\040\000m\000a\000i\000n\000\040\000/\000m\000c\000/\000\040\000d\000i\000r\000e\000c\000t\000o\000r\000y}{section.0.16}% 100
\BOOKMARK [1][-]{section.0.17}{\376\377\000C\000o\000n\000t\000e\000n\000t\000s\000\040\000o\000f\000\040\000a\000\040\000/\000d\000r\000a\000g\000l\000i\000b\000/\000\040\000d\000i\000r\000e\000c\000t\000o\000r\000y\000\040}{}% 101
\BOOKMARK [2][-]{subsection.0.17.1}{\376\377\000T\000h\000e\000\040\000m\000a\000i\000n\000\040\000/\000d\000r\000a\000g\000l\000i\000b\000/\000\040\000d\000i\000r\000e\000c\000t\000o\000r\000y}{section.0.17}% 102
\BOOKMARK [2][-]{subsection.0.17.2}{\376\377\000C\000o\000n\000t\000e\000n\000t\000s\000\040\000o\000f\000\040\000a\000n\000\040\000/\000i\000s\000o\000t\000o\000p\000e\000/\000\040\000d\000i\000r\000e\000c\000t\000o\000r\000y}{section.0.17}% 103
\BOOKMARK [1][-]{section.0.18}{\376\377\000C\000o\000n\000t\000e\000n\000t\000s\000\040\000o\000f\000\040\000a\000\040\000/\000f\000v\000i\000e\000w\000/\000\040\000d\000a\000t\000a\000\040\000s\000t\000r\000u\000c\000t\000u\000r\000e\000\040}{}% 104
\BOOKMARK [2][-]{subsection.0.18.1}{\376\377\000T\000h\000e\000\040\000s\000t\000a\000t\000e\000-\000v\000e\000c\000t\000o\000r\000\040\000c\000o\000n\000t\000e\000n\000t}{section.0.18}% 105
\BOOKMARK [2][-]{subsection.0.18.2}{\376\377\000T\000h\000e\000\040\000m\000a\000i\000n\000\040\000/\000f\000v\000i\000e\000w\000/\000\040\000d\000i\000r\000e\000c\000t\000o\000r\000y}{section.0.18}% 106
\BOOKMARK [1][-]{table.0.103}{\376\377\000R\000e\000f\000e\000r\000e\000n\000c\000e\000s\000\040}{}% 107
