\BOOKMARK [1][-]{Doc-Start}{\376\377\000C\000o\000p\000y\000r\000i\000g\000h\000t\000\040\000N\000o\000t\000i\000c\000e\000\040\000f\000o\000r\000\040\000T\000R\000I\000V\000A\000C\000\040}{}% 1
\BOOKMARK [1][-]{Doc-Start}{\376\377\000A\000c\000k\000n\000o\000w\000l\000e\000d\000g\000m\000e\000n\000t\000s\000\040}{}% 2
\BOOKMARK [1][-]{section*.1}{\376\377\000C\000o\000n\000t\000e\000n\000t\000s\000\040}{}% 3
\BOOKMARK [1][-]{section*.2}{\376\377\000L\000i\000s\000t\000\040\000o\000f\000\040\000F\000i\000g\000u\000r\000e\000s\000\040}{}% 4
\BOOKMARK [1][-]{section*.3}{\376\377\000L\000i\000s\000t\000\040\000o\000f\000\040\000T\000a\000b\000l\000e\000s\000\040}{}% 5
\BOOKMARK [1][-]{section.0.1}{\376\377\000I\000N\000P\000U\000T\000\040\000D\000A\000T\000A\000\040\000S\000P\000E\000C\000I\000F\000I\000C\000A\000T\000I\000O\000N\000S\000\040}{}% 6
\BOOKMARK [2][-]{subsection.0.1.1}{\376\377\000S\000y\000n\000t\000a\000c\000t\000i\000c\000\040\000r\000u\000l\000e\000s\000\040\000f\000o\000r\000\040\000i\000n\000p\000u\000t\000\040\000d\000a\000t\000a\000\040\000s\000p\000e\000c\000i\000f\000i\000c\000a\000t\000i\000o\000n\000s}{section.0.1}% 7
\BOOKMARK [2][-]{subsection.0.1.2}{\376\377\000T\000h\000e\000\040\000g\000l\000o\000b\000a\000l\000\040\000i\000n\000p\000u\000t\000\040\000s\000t\000r\000u\000c\000t\000u\000r\000e}{section.0.1}% 8
\BOOKMARK [2][-]{subsection.0.1.3}{\376\377\000T\000h\000e\000\040\000G\000E\000O\000:\000\040\000m\000o\000d\000u\000l\000e}{section.0.1}% 9
\BOOKMARK [3][-]{subsubsection.0.1.3.1}{\376\377\000D\000a\000t\000a\000\040\000i\000n\000p\000u\000t\000\040\000f\000o\000r\000\040\000m\000o\000d\000u\000l\000e\000\040\000G\000E\000O\000:}{subsection.0.1.3}% 10
\BOOKMARK [3][-]{subsubsection.0.1.3.2}{\376\377\000E\000x\000a\000m\000p\000l\000e\000s\000\040\000o\000f\000\040\000g\000e\000o\000m\000e\000t\000r\000i\000e\000s}{subsection.0.1.3}% 11
\BOOKMARK [2][-]{subsection.0.1.4}{\376\377\000T\000h\000e\000\040\000M\000A\000C\000:\000\040\000m\000o\000d\000u\000l\000e}{section.0.1}% 12
\BOOKMARK [3][-]{subsubsection.0.1.4.1}{\376\377\000D\000a\000t\000a\000\040\000i\000n\000p\000u\000t\000\040\000f\000o\000r\000\040\000m\000o\000d\000u\000l\000e\000\040\000M\000A\000C\000:}{subsection.0.1.4}% 13
\BOOKMARK [3][-]{subsubsection.0.1.4.2}{\376\377\000D\000e\000s\000c\000r\000i\000p\000t\000i\000o\000n\000\040\000o\000f\000\040\000t\000h\000e\000\040\000n\000u\000c\000l\000e\000a\000r\000\040\000d\000a\000t\000a}{subsection.0.1.4}% 14
\BOOKMARK [2][-]{subsection.0.1.5}{\376\377\000T\000h\000e\000\040\000B\000I\000V\000A\000C\000T\000:\000\040\000m\000o\000d\000u\000l\000e}{section.0.1}% 15
\BOOKMARK [3][-]{subsubsection.0.1.5.1}{\376\377\000D\000a\000t\000a\000\040\000i\000n\000p\000u\000t\000\040\000f\000o\000r\000\040\000m\000o\000d\000u\000l\000e\000\040\000B\000I\000V\000A\000C\000T\000:}{subsection.0.1.5}% 16
\BOOKMARK [2][-]{subsection.0.1.6}{\376\377\000T\000h\000e\000\040\000T\000R\000I\000V\000A\000T\000:\000\040\000m\000o\000d\000u\000l\000e}{section.0.1}% 17
\BOOKMARK [3][-]{subsubsection.0.1.6.1}{\376\377\000D\000a\000t\000a\000\040\000i\000n\000p\000u\000t\000\040\000f\000o\000r\000\040\000m\000o\000d\000u\000l\000e\000\040\000T\000R\000I\000V\000A\000T\000:}{subsection.0.1.6}% 18
\BOOKMARK [2][-]{subsection.0.1.7}{\376\377\000T\000h\000e\000\040\000B\000I\000V\000A\000C\000A\000:\000\040\000m\000o\000d\000u\000l\000e}{section.0.1}% 19
\BOOKMARK [3][-]{subsubsection.0.1.7.1}{\376\377\000D\000a\000t\000a\000\040\000i\000n\000p\000u\000t\000\040\000f\000o\000r\000\040\000m\000o\000d\000u\000l\000e\000\040\000B\000I\000V\000A\000C\000A\000:}{subsection.0.1.7}% 20
\BOOKMARK [2][-]{subsection.0.1.8}{\376\377\000T\000h\000e\000\040\000T\000R\000I\000V\000A\000A\000:\000\040\000m\000o\000d\000u\000l\000e}{section.0.1}% 21
\BOOKMARK [3][-]{subsubsection.0.1.8.1}{\376\377\000D\000a\000t\000a\000\040\000i\000n\000p\000u\000t\000\040\000f\000o\000r\000\040\000m\000o\000d\000u\000l\000e\000\040\000T\000R\000I\000V\000A\000A\000:}{subsection.0.1.8}% 22
\BOOKMARK [2][-]{subsection.0.1.9}{\376\377\000T\000h\000e\000\040\000F\000L\000U\000D\000:\000\040\000m\000o\000d\000u\000l\000e}{section.0.1}% 23
\BOOKMARK [3][-]{subsubsection.0.1.9.1}{\376\377\000D\000a\000t\000a\000\040\000i\000n\000p\000u\000t\000\040\000f\000o\000r\000\040\000m\000o\000d\000u\000l\000e\000\040\000F\000L\000U\000D\000:}{subsection.0.1.9}% 24
\BOOKMARK [2][-]{subsection.0.1.10}{\376\377\000T\000h\000e\000\040\000D\000E\000L\000T\000A\000:\000\040\000m\000o\000d\000u\000l\000e}{section.0.1}% 25
\BOOKMARK [3][-]{subsubsection.0.1.10.1}{\376\377\000D\000a\000t\000a\000\040\000i\000n\000p\000u\000t\000\040\000f\000o\000r\000\040\000m\000o\000d\000u\000l\000e\000\040\000D\000E\000L\000T\000A\000:}{subsection.0.1.10}% 26
\BOOKMARK [2][-]{subsection.0.1.11}{\376\377\000T\000h\000e\000\040\000G\000P\000T\000F\000L\000U\000:\000\040\000m\000o\000d\000u\000l\000e}{section.0.1}% 27
\BOOKMARK [3][-]{subsubsection.0.1.11.1}{\376\377\000D\000a\000t\000a\000\040\000i\000n\000p\000u\000t\000\040\000f\000o\000r\000\040\000m\000o\000d\000u\000l\000e\000\040\000G\000P\000T\000F\000L\000U\000:}{subsection.0.1.11}% 28
\BOOKMARK [2][-]{subsection.0.1.12}{\376\377\000T\000h\000e\000\040\000O\000U\000T\000:\000\040\000m\000o\000d\000u\000l\000e}{section.0.1}% 29
\BOOKMARK [3][-]{subsubsection.0.1.12.1}{\376\377\000D\000a\000t\000a\000\040\000i\000n\000p\000u\000t\000\040\000f\000o\000r\000\040\000m\000o\000d\000u\000l\000e\000\040\000O\000U\000T\000:}{subsection.0.1.12}% 30
\BOOKMARK [2][-]{subsection.0.1.13}{\376\377\000T\000h\000e\000\040\000E\000R\000R\000O\000R\000:\000\040\000m\000o\000d\000u\000l\000e}{section.0.1}% 31
\BOOKMARK [2][-]{subsection.0.1.14}{\376\377\000T\000h\000e\000\040\000I\000N\000I\000K\000I\000N\000:\000\040\000m\000o\000d\000u\000l\000e}{section.0.1}% 32
\BOOKMARK [3][-]{subsubsection.0.1.14.1}{\376\377\000D\000a\000t\000a\000\040\000i\000n\000p\000u\000t\000\040\000f\000o\000r\000\040\000m\000o\000d\000u\000l\000e\000\040\000I\000N\000I\000K\000I\000N\000:}{subsection.0.1.14}% 33
\BOOKMARK [2][-]{subsection.0.1.15}{\376\377\000T\000h\000e\000\040\000K\000I\000N\000S\000O\000L\000:\000\040\000m\000o\000d\000u\000l\000e}{section.0.1}% 34
\BOOKMARK [3][-]{subsubsection.0.1.15.1}{\376\377\000T\000h\000e\000\040\000d\000i\000r\000e\000c\000t\000\040\000\050\000f\000o\000r\000w\000a\000r\000d\000\051\000\040\000s\000o\000l\000u\000t\000i\000o\000n}{subsection.0.1.15}% 35
\BOOKMARK [3][-]{subsubsection.0.1.15.2}{\376\377\000T\000h\000e\000\040\000a\000d\000j\000o\000i\000n\000t\000\040\000\050\000b\000a\000c\000k\000w\000a\000r\000d\000\051\000\040\000s\000o\000l\000u\000t\000i\000o\000n}{subsection.0.1.15}% 36
\BOOKMARK [3][-]{subsubsection.0.1.15.3}{\376\377\000T\000h\000e\000\040\000c\000a\000l\000l\000i\000n\000g\000\040\000s\000p\000e\000c\000i\000f\000i\000c\000a\000t\000i\000o\000n\000s}{subsection.0.1.15}% 37
\BOOKMARK [3][-]{subsubsection.0.1.15.4}{\376\377\000D\000a\000t\000a\000\040\000i\000n\000p\000u\000t\000\040\000f\000o\000r\000\040\000m\000o\000d\000u\000l\000e\000\040\000K\000I\000N\000S\000O\000L\000:}{subsection.0.1.15}% 38
\BOOKMARK [2][-]{subsection.0.1.16}{\376\377\000T\000h\000e\000\040\000V\000A\000L\000:\000\040\000m\000o\000d\000u\000l\000e}{section.0.1}% 39
\BOOKMARK [3][-]{subsubsection.0.1.16.1}{\376\377\000D\000a\000t\000a\000\040\000i\000n\000p\000u\000t\000\040\000f\000o\000r\000\040\000m\000o\000d\000u\000l\000e\000\040\000V\000A\000L\000:}{subsection.0.1.16}% 40
\BOOKMARK [1][-]{section.0.2}{\376\377\000E\000X\000A\000M\000P\000L\000E\000S\000\040\000O\000F\000\040\000I\000N\000P\000U\000T\000\040\000D\000A\000T\000A\000\040\000F\000I\000L\000E\000S\000\040}{}% 41
\BOOKMARK [2][-]{subsection.0.2.1}{\376\377\000I\000A\000E\000A\000-\0002\000D\000\040\000b\000e\000n\000c\000h\000m\000a\000r\000k}{section.0.2}% 42
\BOOKMARK [2][-]{subsection.0.2.2}{\376\377\000B\000i\000b\000l\000i\000s\000-\0002\000D\000\040\000b\000e\000n\000c\000h\000m\000a\000r\000k}{section.0.2}% 43
\BOOKMARK [2][-]{subsection.0.2.3}{\376\377\000I\000A\000E\000A\000-\0003\000D\000\040\000b\000e\000n\000c\000h\000m\000a\000r\000k}{section.0.2}% 44
\BOOKMARK [2][-]{subsection.0.2.4}{\376\377\000S\0003\0000\000\040\000h\000e\000x\000a\000g\000o\000n\000a\000l\000\040\000b\000e\000n\000c\000h\000m\000a\000r\000k\000\040\000i\000n\000\040\0002\000-\000D}{section.0.2}% 45
\BOOKMARK [2][-]{subsection.0.2.5}{\376\377\000L\000M\000W\000\040\000b\000e\000n\000c\000h\000m\000a\000r\000k\000\040\000i\000n\000\040\0002\000-\000D}{section.0.2}% 46
\BOOKMARK [1][-]{section*.4}{\376\377\000R\000e\000f\000e\000r\000e\000n\000c\000e\000s\000\040}{}% 47
