**********************************************************
           Construt NJOY files                            
**********************************************************
--------------------------------------------------
       1- Access ENDF-B.VIII data                 
--------------------------------------------------
--------------------------------------------------
       2- Access CEPXS-BFP data                   
--------------------------------------------------
--------------------------------------------------
       3- NJOY is operating                       
--------------------------------------------------

 njoy 2012.138 01may21                                       12/03/21 21:49:02
 *****************************************************************************

 cepxsr...                                                                0.0s
 enter in readt9 itp9=          40
 read Reilly data
 entered
 debugg: icnt=           1  mfd=          23  mtd=         507 phenom= estc
 ------------------------------------------
 ------------------------------------------
 ------------------------------------------
 ------------------------------------------
 ------------------------------------------
 etff: process mfd=23 and mtd=         507  igp=           1
 etff: process collisional stopping power
 coll spower(           1 )=   565.95854400328039       -    0.0000000000000000     
 etff: process mfd=23 and mtd=         507  igp=           2
 etff: process collisional stopping power
 coll spower(           2 )=   6.4144089331055039       -    0.0000000000000000     
 etff: process mfd=23 and mtd=         507  igp=           1
 etff: process collisional stopping power
 coll spower(           1 )=   6.4144089331055039       -    0.0000000000000000     
 etff: process mfd=23 and mtd=         507  igp=           3
 etff: process collisional stopping power
 coll spower(           3 )=   6.7427007450180207       -    1.2674153327607977E-004
 etff: process mfd=23 and mtd=         507  igp=           2
 etff: process collisional stopping power
 coll spower(           2 )=   6.7427007450180207       -    0.0000000000000000     
 entered
 debugg: icnt=           2  mfd=          23  mtd=         508 phenom= estr
 ------------------------------------------
 ------------------------------------------
 ------------------------------------------
 ------------------------------------------
 ------------------------------------------
 etff: process mfd=23 and mtd=         508  igp=           1
 etff: process radiative stopping power
 brem spower(           1 )=   3.5939771399023622E-003  -    0.0000000000000000     
 etff: process mfd=23 and mtd=         508  igp=           2
 etff: process radiative stopping power
 brem spower(           2 )=   2.2274774915018485E-002  -    0.0000000000000000     
 etff: process mfd=23 and mtd=         508  igp=           1
 etff: process radiative stopping power
 brem spower(           1 )=   2.2274774915018485E-002  -    0.0000000000000000     
 etff: process mfd=23 and mtd=         508  igp=           3
 etff: process radiative stopping power
 brem spower(           3 )=   5.0085199146614676E-002  -    1.2423161550585860E-002
 etff: process mfd=23 and mtd=         508  igp=           2
 etff: process radiative stopping power
 brem spower(           2 )=   5.0085199146614676E-002  -    0.0000000000000000     
 entered
 debugg: icnt=           3  mfd=          26  mtd=         522 phenom= inel
 ------------------------------------------
 ------------------------------------------
 ------------------------------------------
 ------------------------------------------
 ------------------------------------------
 etff: process mfd=26 and mtd=         522  igp=           1  e=   1000.0000000000000     
 etff: process Moller
 etff: process mfd=26 and mtd=         522  igp=           1  e=   81439.135659246938     
 etff: process Moller
 etff: process mfd=26 and mtd=         522  igp=           1  e=   262138.62414480851     
 etff: process Moller
 etff: process mfd=26 and mtd=         522  igp=           1  e=   522900.15505818301     
 etff: process Moller
 etff: process mfd=26 and mtd=         522  igp=           1  e=   835441.41075082950     
 etff: process Moller
 etff: process mfd=26 and mtd=         522  igp=           1  e=   1165888.5892491704     
 etff: process Moller
 etff: process mfd=26 and mtd=         522  igp=           1  e=   1478429.8449418170     
 etff: process Moller
 etff: process mfd=26 and mtd=         522  igp=           1  e=   1739191.3758551916     
 etff: process Moller
 etff: process mfd=26 and mtd=         522  igp=           1  e=   1919890.8643407531     
 etff: process Moller
 etff: process mfd=26 and mtd=         522  igp=           1  e=   2000330.0000000000     
 etff: process Moller
 etff: process mfd=26 and mtd=         522  igp=           2  e=   2000330.0000000000     
 etff: process Moller
 Moller sigtot analytical(           2 )=   0.0000000000000000     
 Moller aslt analytical(           2 )=   0.0000000000000000     
 etff: process mfd=26 and mtd=         522  igp=           2  e=   2080769.5379897058     
 etff: process Moller
 Moller sigtot analytical(           2 )=   0.0000000000000000     
 Moller aslt analytical(           2 )=   0.0000000000000000     
 etff: process mfd=26 and mtd=         522  igp=           2  e=   2261469.9302754831     
 etff: process Moller
 Moller sigtot analytical(           2 )=   0.0000000000000000     
 Moller aslt analytical(           2 )=   0.0000000000000000     
 etff: process mfd=26 and mtd=         522  igp=           2  e=   2522232.7654334339     
 etff: process Moller
 Moller sigtot analytical(           2 )=   0.0000000000000000     
 Moller aslt analytical(           2 )=   0.0000000000000000     
 etff: process mfd=26 and mtd=         522  igp=           2  e=   2834775.5843560412     
 etff: process Moller
 Moller sigtot analytical(           2 )=   0.0000000000000000     
 Moller aslt analytical(           2 )=   0.0000000000000000     
 etff: process mfd=26 and mtd=         522  igp=           2  e=   3165224.4156439588     
 etff: process Moller
 Moller sigtot analytical(           2 )=   0.0000000000000000     
 Moller aslt analytical(           2 )=   0.0000000000000000     
 etff: process mfd=26 and mtd=         522  igp=           2  e=   3477767.2345665661     
 etff: process Moller
 Moller sigtot analytical(           2 )=   0.0000000000000000     
 Moller aslt analytical(           2 )=   0.0000000000000000     
 etff: process mfd=26 and mtd=         522  igp=           2  e=   3738530.0697245169     
 etff: process Moller
 Moller sigtot analytical(           2 )=   0.0000000000000000     
 Moller aslt analytical(           2 )=   0.0000000000000000     
 etff: process mfd=26 and mtd=         522  igp=           2  e=   3919230.4620102942     
 etff: process Moller
 Moller sigtot analytical(           2 )=   0.0000000000000000     
 Moller aslt analytical(           2 )=   0.0000000000000000     
 etff: process mfd=26 and mtd=         522  igp=           2  e=   3999670.0000000000     
 etff: process Moller
 Moller sigtot analytical(           2 )=   0.0000000000000000     
 Moller aslt analytical(           2 )=   0.0000000000000000     
 -----------------------------------------------------
 cepxsr: mfh=          56  mth=           0  group=           2  ng2=           6 inel                                                        
 flux=   1999340.0000000000     
 total xs in group           2 =   0.0000000000000000     
 energy deposition xs in group           2 =  -4345.3481830786732     
 charge deposition xs in group           2 =  -4349.0388065711595     
 electr: scattering electrons
 scat0=   4349.0388065711595        0.0000000000000000     
 scat1=   160.10757215015605        0.0000000000000000     
 -----------------------------------------------------
 entered
 debugg: icnt=           4  mfd=          26  mtd=         525 phenom= elas
 ------------------------------------------
 ------------------------------------------
 ------------------------------------------
 ------------------------------------------
 ------------------------------------------
 etff: process mfd=26 and mtd=         525  igp=           1  e=   1000.0000000000000     


 call xeamot: in-group scatter
 etff: process mfd=26 and mtd=         525  igp=           1  e=   81439.135659246938     


 call xeamot: in-group scatter
 etff: process mfd=26 and mtd=         525  igp=           1  e=   262138.62414480851     


 call xeamot: in-group scatter
 etff: process mfd=26 and mtd=         525  igp=           1  e=   522900.15505818301     


 call xeamot: in-group scatter
 etff: process mfd=26 and mtd=         525  igp=           1  e=   835441.41075082950     


 call xeamot: in-group scatter
 etff: process mfd=26 and mtd=         525  igp=           1  e=   1165888.5892491704     


 call xeamot: in-group scatter
 etff: process mfd=26 and mtd=         525  igp=           1  e=   1478429.8449418170     


 call xeamot: in-group scatter
 etff: process mfd=26 and mtd=         525  igp=           1  e=   1739191.3758551916     


 call xeamot: in-group scatter
 etff: process mfd=26 and mtd=         525  igp=           1  e=   1919890.8643407531     


 call xeamot: in-group scatter
 etff: process mfd=26 and mtd=         525  igp=           1  e=   2000330.0000000000     


 call xeamot: in-group scatter
 -----------------------------------------------------
 cepxsr: mfh=          56  mth=         525  group=           1  ng2=           5 elas                                                        
 flux=   1999330.0000000000     
 total xs in group           1 =   2.2856024186615542     
 energy deposition xs in group           1 =   0.0000000000000000     
 charge deposition xs in group           1 =   0.0000000000000000     
 electr: scattering electrons
 scat0=   2.2856024186615542     
 scat1=   1.4829296934276419     
 -----------------------------------------------------
 etff: process mfd=26 and mtd=         525  igp=           2  e=   2000330.0000000000     


 call xeamot: in-group scatter
 etff: process mfd=26 and mtd=         525  igp=           2  e=   2080769.5379897058     


 call xeamot: in-group scatter
 etff: process mfd=26 and mtd=         525  igp=           2  e=   2261469.9302754831     


 call xeamot: in-group scatter
 etff: process mfd=26 and mtd=         525  igp=           2  e=   2522232.7654334339     


 call xeamot: in-group scatter
 etff: process mfd=26 and mtd=         525  igp=           2  e=   2834775.5843560412     


 call xeamot: in-group scatter
 etff: process mfd=26 and mtd=         525  igp=           2  e=   3165224.4156439588     


 call xeamot: in-group scatter
 etff: process mfd=26 and mtd=         525  igp=           2  e=   3477767.2345665661     


 call xeamot: in-group scatter
 etff: process mfd=26 and mtd=         525  igp=           2  e=   3738530.0697245169     


 call xeamot: in-group scatter
 etff: process mfd=26 and mtd=         525  igp=           2  e=   3919230.4620102942     


 call xeamot: in-group scatter
 etff: process mfd=26 and mtd=         525  igp=           2  e=   3999670.0000000000     


 call xeamot: in-group scatter
 -----------------------------------------------------
 cepxsr: mfh=          56  mth=           0  group=           2  ng2=           5 elas                                                        
 flux=   1999340.0000000000     
 total xs in group           2 =  0.40426839117510216     
 energy deposition xs in group           2 =   0.0000000000000000     
 charge deposition xs in group           2 =   0.0000000000000000     
 electr: scattering electrons
 scat0=  0.40426839117510216     
 scat1=  0.26390682358195050     
 -----------------------------------------------------
 entered
 debugg: icnt=           5  mfd=          26  mtd=         527 phenom= brem
 ------------------------------------------
 ------------------------------------------
 ------------------------------------------
 ------------------------------------------
 ------------------------------------------
 etff: process mfd=26 and mtd=         527  igp=           1  e=   1000.0000000000000     
 etff: process bremsstrahlung
 etff: process mfd=26 and mtd=         527  igp=           1  e=   81439.135659246938     
 etff: process bremsstrahlung
 etff: process mfd=26 and mtd=         527  igp=           1  e=   262138.62414480851     
 etff: process bremsstrahlung
 etff: process mfd=26 and mtd=         527  igp=           1  e=   522900.15505818301     
 etff: process bremsstrahlung
 etff: process mfd=26 and mtd=         527  igp=           1  e=   835441.41075082950     
 etff: process bremsstrahlung
 etff: process mfd=26 and mtd=         527  igp=           1  e=   1165888.5892491704     
 etff: process bremsstrahlung
 etff: process mfd=26 and mtd=         527  igp=           1  e=   1478429.8449418170     
 etff: process bremsstrahlung
 etff: process mfd=26 and mtd=         527  igp=           1  e=   1739191.3758551916     
 etff: process bremsstrahlung
 etff: process mfd=26 and mtd=         527  igp=           1  e=   1919890.8643407531     
 etff: process bremsstrahlung
 etff: process mfd=26 and mtd=         527  igp=           1  e=   2000330.0000000000     
 etff: process bremsstrahlung
 etff: process mfd=26 and mtd=         527  igp=           2  e=   2000330.0000000000     
 etff: process bremsstrahlung
 Brem sigtot numerical(           2 )=   0.0000000000000000     
 Brem aslt numerical(           2 )=   0.0000000000000000     
 etff: process mfd=26 and mtd=         527  igp=           2  e=   2080769.5379897058     
 etff: process bremsstrahlung
 Brem sigtot numerical(           2 )=   0.0000000000000000     
 Brem aslt numerical(           2 )=   0.0000000000000000     
 etff: process mfd=26 and mtd=         527  igp=           2  e=   2261469.9302754831     
 etff: process bremsstrahlung
 Brem sigtot numerical(           2 )=   0.0000000000000000     
 Brem aslt numerical(           2 )=   0.0000000000000000     
 etff: process mfd=26 and mtd=         527  igp=           2  e=   2522232.7654334339     
 etff: process bremsstrahlung
 Brem sigtot numerical(           2 )=   0.0000000000000000     
 Brem aslt numerical(           2 )=   0.0000000000000000     
 etff: process mfd=26 and mtd=         527  igp=           2  e=   2834775.5843560412     
 etff: process bremsstrahlung
 Brem sigtot numerical(           2 )=   0.0000000000000000     
 Brem aslt numerical(           2 )=   0.0000000000000000     
 etff: process mfd=26 and mtd=         527  igp=           2  e=   3165224.4156439588     
 etff: process bremsstrahlung
 Brem sigtot numerical(           2 )=   0.0000000000000000     
 Brem aslt numerical(           2 )=   0.0000000000000000     
 etff: process mfd=26 and mtd=         527  igp=           2  e=   3477767.2345665661     
 etff: process bremsstrahlung
 Brem sigtot numerical(           2 )=   0.0000000000000000     
 Brem aslt numerical(           2 )=   0.0000000000000000     
 etff: process mfd=26 and mtd=         527  igp=           2  e=   3738530.0697245169     
 etff: process bremsstrahlung
 Brem sigtot numerical(           2 )=   0.0000000000000000     
 Brem aslt numerical(           2 )=   0.0000000000000000     
 etff: process mfd=26 and mtd=         527  igp=           2  e=   3919230.4620102942     
 etff: process bremsstrahlung
 Brem sigtot numerical(           2 )=   0.0000000000000000     
 Brem aslt numerical(           2 )=   0.0000000000000000     
 etff: process mfd=26 and mtd=         527  igp=           2  e=   3999670.0000000000     
 etff: process bremsstrahlung
 Brem sigtot numerical(           2 )=   0.0000000000000000     
 Brem aslt numerical(           2 )=   0.0000000000000000     
 -----------------------------------------------------
 cepxsr: mfh=          56  mth=           0  group=           2  ng2=           5 brem                                                        
 flux=   1999340.0000000000     
 total xs in group           2 =   0.0000000000000000     
 energy deposition xs in group           2 =   3.5584430313814343E-002
 charge deposition xs in group           2 =   0.0000000000000000     
 electr: scattering electrons
 scat0=   0.0000000000000000     
 scat1=   0.0000000000000000     
 -----------------------------------------------------
 etffg: process mfd=26 and mtd=         527  igp=           1  e=   1000.0000000000000     
 etffg: process bremsstrahlung photon
 etffg: process mfd=26 and mtd=         527  igp=           1  e=   81439.135659246938     
 etffg: process bremsstrahlung photon
 etffg: process mfd=26 and mtd=         527  igp=           1  e=   262138.62414480851     
 etffg: process bremsstrahlung photon
 etffg: process mfd=26 and mtd=         527  igp=           1  e=   522900.15505818301     
 etffg: process bremsstrahlung photon
 etffg: process mfd=26 and mtd=         527  igp=           1  e=   835441.41075082950     
 etffg: process bremsstrahlung photon
 etffg: process mfd=26 and mtd=         527  igp=           1  e=   1165888.5892491704     
 etffg: process bremsstrahlung photon
 etffg: process mfd=26 and mtd=         527  igp=           1  e=   1478429.8449418170     
 etffg: process bremsstrahlung photon
 etffg: process mfd=26 and mtd=         527  igp=           1  e=   1739191.3758551916     
 etffg: process bremsstrahlung photon
 etffg: process mfd=26 and mtd=         527  igp=           1  e=   1919890.8643407531     
 etffg: process bremsstrahlung photon
 etffg: process mfd=26 and mtd=         527  igp=           1  e=   2000330.0000000000     
 etffg: process bremsstrahlung photon
 -----------------------------------------------------------------------------------------
 cepxsr: mfh=          66  mth=         527  group=           1 brem                                                        
 flux=   1999330.0000000000     
 energy deposition xs from photons in group           1 =   0.0000000000000000     
 charge deposition xs from photons in group           1 =  -2.5777005135123840E-007
 cepxsr: scattering electrons->photon
 scat0=   2.5759874883407047E-007
 scat1=   2.1100382055076307E-007
 -----------------------------------------------------------------------------------------
 etffg: process mfd=26 and mtd=         527  igp=           2  e=   2000330.0000000000     
 etffg: process bremsstrahlung photon
 etffg: process mfd=26 and mtd=         527  igp=           2  e=   2080769.5379897058     
 etffg: process bremsstrahlung photon
 etffg: process mfd=26 and mtd=         527  igp=           2  e=   2261469.9302754831     
 etffg: process bremsstrahlung photon
 etffg: process mfd=26 and mtd=         527  igp=           2  e=   2522232.7654334339     
 etffg: process bremsstrahlung photon
 etffg: process mfd=26 and mtd=         527  igp=           2  e=   2834775.5843560412     
 etffg: process bremsstrahlung photon
 etffg: process mfd=26 and mtd=         527  igp=           2  e=   3165224.4156439588     
 etffg: process bremsstrahlung photon
 etffg: process mfd=26 and mtd=         527  igp=           2  e=   3477767.2345665661     
 etffg: process bremsstrahlung photon
 etffg: process mfd=26 and mtd=         527  igp=           2  e=   3738530.0697245169     
 etffg: process bremsstrahlung photon
 etffg: process mfd=26 and mtd=         527  igp=           2  e=   3919230.4620102942     
 etffg: process bremsstrahlung photon
 etffg: process mfd=26 and mtd=         527  igp=           2  e=   3999670.0000000000     
 etffg: process bremsstrahlung photon
 -----------------------------------------------------------------------------------------
 cepxsr: mfh=          66  mth=           0  group=           2 brem                                                        
 flux=   1999340.0000000000     
 energy deposition xs from photons in group           2 =   0.0000000000000000     
 charge deposition xs from photons in group           2 =  -4.2315912945391374E-007
 cepxsr: scattering electrons->photon
 scat0=   4.1997698805477795E-007   9.6761925681780912E-010
 scat1=   3.9964898955645014E-007   9.2956899040466014E-010
 -----------------------------------------------------------------------------------------
 entered
 debugg: icnt=           6  mfd=          26  mtd=         534 phenom= shk 
 ------------------------------------------
 ------------------------------------------
 ------------------------------------------
 ------------------------------------------
 ------------------------------------------
 etff: process mfd=26 and mtd=         534  igp=           1  e=   1000.0000000000000     
 etff: process Auger electrons shell=           1
 etff: process mfd=26 and mtd=         534  igp=           1  e=   81439.135659246938     
 etff: process Auger electrons shell=           1
 etff: process mfd=26 and mtd=         534  igp=           1  e=   262138.62414480851     
 etff: process Auger electrons shell=           1
 etff: process mfd=26 and mtd=         534  igp=           1  e=   522900.15505818301     
 etff: process Auger electrons shell=           1
 etff: process mfd=26 and mtd=         534  igp=           1  e=   835441.41075082950     
 etff: process Auger electrons shell=           1
 etff: process mfd=26 and mtd=         534  igp=           1  e=   1165888.5892491704     
 etff: process Auger electrons shell=           1
 etff: process mfd=26 and mtd=         534  igp=           1  e=   1478429.8449418170     
 etff: process Auger electrons shell=           1
 etff: process mfd=26 and mtd=         534  igp=           1  e=   1739191.3758551916     
 etff: process Auger electrons shell=           1
 etff: process mfd=26 and mtd=         534  igp=           1  e=   1919890.8643407531     
 etff: process Auger electrons shell=           1
 etff: process mfd=26 and mtd=         534  igp=           1  e=   2000330.0000000000     
 etff: process Auger electrons shell=           1
 etff: process mfd=26 and mtd=         534  igp=           2  e=   2000330.0000000000     
 etff: process Auger electrons shell=           1
 etff: process mfd=26 and mtd=         534  igp=           2  e=   2080769.5379897058     
 etff: process Auger electrons shell=           1
 etff: process mfd=26 and mtd=         534  igp=           2  e=   2261469.9302754831     
 etff: process Auger electrons shell=           1
 etff: process mfd=26 and mtd=         534  igp=           2  e=   2522232.7654334339     
 etff: process Auger electrons shell=           1
 etff: process mfd=26 and mtd=         534  igp=           2  e=   2834775.5843560412     
 etff: process Auger electrons shell=           1
 etff: process mfd=26 and mtd=         534  igp=           2  e=   3165224.4156439588     
 etff: process Auger electrons shell=           1
 etff: process mfd=26 and mtd=         534  igp=           2  e=   3477767.2345665661     
 etff: process Auger electrons shell=           1
 etff: process mfd=26 and mtd=         534  igp=           2  e=   3738530.0697245169     
 etff: process Auger electrons shell=           1
 etff: process mfd=26 and mtd=         534  igp=           2  e=   3919230.4620102942     
 etff: process Auger electrons shell=           1
 etff: process mfd=26 and mtd=         534  igp=           2  e=   3999670.0000000000     
 etff: process Auger electrons shell=           1
 -----------------------------------------------------
 cepxsr: mfh=          56  mth=           0  group=           2  ng2=           5 shk                                                         
 flux=   1999340.0000000000     
 total xs in group           2 =   0.0000000000000000     
 energy deposition xs in group           2 =   0.0000000000000000     
 charge deposition xs in group           2 =   0.0000000000000000     
 electr: scattering electrons
 scat0=   0.0000000000000000     
 scat1=   0.0000000000000000     
 -----------------------------------------------------
 etffg: process mfd=26 and mtd=         534  igp=           1  e=   1000.0000000000000     
 etffg: process fluorescence photons shell=           1
 etffg: process mfd=26 and mtd=         534  igp=           1  e=   81439.135659246938     
 etffg: process fluorescence photons shell=           1
 etffg: process mfd=26 and mtd=         534  igp=           1  e=   262138.62414480851     
 etffg: process fluorescence photons shell=           1
 etffg: process mfd=26 and mtd=         534  igp=           1  e=   522900.15505818301     
 etffg: process fluorescence photons shell=           1
 etffg: process mfd=26 and mtd=         534  igp=           1  e=   835441.41075082950     
 etffg: process fluorescence photons shell=           1
 etffg: process mfd=26 and mtd=         534  igp=           1  e=   1165888.5892491704     
 etffg: process fluorescence photons shell=           1
 etffg: process mfd=26 and mtd=         534  igp=           1  e=   1478429.8449418170     
 etffg: process fluorescence photons shell=           1
 etffg: process mfd=26 and mtd=         534  igp=           1  e=   1739191.3758551916     
 etffg: process fluorescence photons shell=           1
 etffg: process mfd=26 and mtd=         534  igp=           1  e=   1919890.8643407531     
 etffg: process fluorescence photons shell=           1
 etffg: process mfd=26 and mtd=         534  igp=           1  e=   2000330.0000000000     
 etffg: process fluorescence photons shell=           1
 etffg: process mfd=26 and mtd=         534  igp=           2  e=   2000330.0000000000     
 etffg: process fluorescence photons shell=           1
 etffg: process mfd=26 and mtd=         534  igp=           2  e=   2080769.5379897058     
 etffg: process fluorescence photons shell=           1
 etffg: process mfd=26 and mtd=         534  igp=           2  e=   2261469.9302754831     
 etffg: process fluorescence photons shell=           1
 etffg: process mfd=26 and mtd=         534  igp=           2  e=   2522232.7654334339     
 etffg: process fluorescence photons shell=           1
 etffg: process mfd=26 and mtd=         534  igp=           2  e=   2834775.5843560412     
 etffg: process fluorescence photons shell=           1
 etffg: process mfd=26 and mtd=         534  igp=           2  e=   3165224.4156439588     
 etffg: process fluorescence photons shell=           1
 etffg: process mfd=26 and mtd=         534  igp=           2  e=   3477767.2345665661     
 etffg: process fluorescence photons shell=           1
 etffg: process mfd=26 and mtd=         534  igp=           2  e=   3738530.0697245169     
 etffg: process fluorescence photons shell=           1
 etffg: process mfd=26 and mtd=         534  igp=           2  e=   3919230.4620102942     
 etffg: process fluorescence photons shell=           1
 etffg: process mfd=26 and mtd=         534  igp=           2  e=   3999670.0000000000     
 etffg: process fluorescence photons shell=           1
 -----------------------------------------------------------------------------------------
 cepxsr: mfh=          66  mth=           0  group=           2 shk                                                         
 flux=   1999340.0000000000     
 energy deposition xs from photons in group           2 =   0.0000000000000000     
 charge deposition xs from photons in group           2 =   0.0000000000000000     
 cepxsr: scattering electrons->photon
 scat0=   0.0000000000000000     
 scat1=   0.0000000000000000     
 -----------------------------------------------------------------------------------------
 entered
 debugg: icnt=           7  mfd=          26  mtd=         535 phenom= shl1
 ------------------------------------------
 ------------------------------------------
 ------------------------------------------
 ------------------------------------------
 ------------------------------------------
 etff: process mfd=26 and mtd=         535  igp=           1  e=   1000.0000000000000     
 etff: process Auger electrons shell=           2
 etff: process mfd=26 and mtd=         535  igp=           1  e=   81439.135659246938     
 etff: process Auger electrons shell=           2
 etff: process mfd=26 and mtd=         535  igp=           1  e=   262138.62414480851     
 etff: process Auger electrons shell=           2
 etff: process mfd=26 and mtd=         535  igp=           1  e=   522900.15505818301     
 etff: process Auger electrons shell=           2
 etff: process mfd=26 and mtd=         535  igp=           1  e=   835441.41075082950     
 etff: process Auger electrons shell=           2
 etff: process mfd=26 and mtd=         535  igp=           1  e=   1165888.5892491704     
 etff: process Auger electrons shell=           2
 etff: process mfd=26 and mtd=         535  igp=           1  e=   1478429.8449418170     
 etff: process Auger electrons shell=           2
 etff: process mfd=26 and mtd=         535  igp=           1  e=   1739191.3758551916     
 etff: process Auger electrons shell=           2
 etff: process mfd=26 and mtd=         535  igp=           1  e=   1919890.8643407531     
 etff: process Auger electrons shell=           2
 etff: process mfd=26 and mtd=         535  igp=           1  e=   2000330.0000000000     
 etff: process Auger electrons shell=           2
 etff: process mfd=26 and mtd=         535  igp=           2  e=   2000330.0000000000     
 etff: process Auger electrons shell=           2
 etff: process mfd=26 and mtd=         535  igp=           2  e=   2080769.5379897058     
 etff: process Auger electrons shell=           2
 etff: process mfd=26 and mtd=         535  igp=           2  e=   2261469.9302754831     
 etff: process Auger electrons shell=           2
 etff: process mfd=26 and mtd=         535  igp=           2  e=   2522232.7654334339     
 etff: process Auger electrons shell=           2
 etff: process mfd=26 and mtd=         535  igp=           2  e=   2834775.5843560412     
 etff: process Auger electrons shell=           2
 etff: process mfd=26 and mtd=         535  igp=           2  e=   3165224.4156439588     
 etff: process Auger electrons shell=           2
 etff: process mfd=26 and mtd=         535  igp=           2  e=   3477767.2345665661     
 etff: process Auger electrons shell=           2
 etff: process mfd=26 and mtd=         535  igp=           2  e=   3738530.0697245169     
 etff: process Auger electrons shell=           2
 etff: process mfd=26 and mtd=         535  igp=           2  e=   3919230.4620102942     
 etff: process Auger electrons shell=           2
 etff: process mfd=26 and mtd=         535  igp=           2  e=   3999670.0000000000     
 etff: process Auger electrons shell=           2
 -----------------------------------------------------
 cepxsr: mfh=          56  mth=           0  group=           2  ng2=           5 shl1                                                        
 flux=   1999340.0000000000     
 total xs in group           2 =   0.0000000000000000     
 energy deposition xs in group           2 =   0.0000000000000000     
 charge deposition xs in group           2 =   0.0000000000000000     
 electr: scattering electrons
 scat0=   0.0000000000000000     
 scat1=   0.0000000000000000     
 -----------------------------------------------------
 etffg: process mfd=26 and mtd=         535  igp=           1  e=   1000.0000000000000     
 etffg: process fluorescence photons shell=           2
 etffg: process mfd=26 and mtd=         535  igp=           1  e=   81439.135659246938     
 etffg: process fluorescence photons shell=           2
 etffg: process mfd=26 and mtd=         535  igp=           1  e=   262138.62414480851     
 etffg: process fluorescence photons shell=           2
 etffg: process mfd=26 and mtd=         535  igp=           1  e=   522900.15505818301     
 etffg: process fluorescence photons shell=           2
 etffg: process mfd=26 and mtd=         535  igp=           1  e=   835441.41075082950     
 etffg: process fluorescence photons shell=           2
 etffg: process mfd=26 and mtd=         535  igp=           1  e=   1165888.5892491704     
 etffg: process fluorescence photons shell=           2
 etffg: process mfd=26 and mtd=         535  igp=           1  e=   1478429.8449418170     
 etffg: process fluorescence photons shell=           2
 etffg: process mfd=26 and mtd=         535  igp=           1  e=   1739191.3758551916     
 etffg: process fluorescence photons shell=           2
 etffg: process mfd=26 and mtd=         535  igp=           1  e=   1919890.8643407531     
 etffg: process fluorescence photons shell=           2
 etffg: process mfd=26 and mtd=         535  igp=           1  e=   2000330.0000000000     
 etffg: process fluorescence photons shell=           2
 etffg: process mfd=26 and mtd=         535  igp=           2  e=   2000330.0000000000     
 etffg: process fluorescence photons shell=           2
 etffg: process mfd=26 and mtd=         535  igp=           2  e=   2080769.5379897058     
 etffg: process fluorescence photons shell=           2
 etffg: process mfd=26 and mtd=         535  igp=           2  e=   2261469.9302754831     
 etffg: process fluorescence photons shell=           2
 etffg: process mfd=26 and mtd=         535  igp=           2  e=   2522232.7654334339     
 etffg: process fluorescence photons shell=           2
 etffg: process mfd=26 and mtd=         535  igp=           2  e=   2834775.5843560412     
 etffg: process fluorescence photons shell=           2
 etffg: process mfd=26 and mtd=         535  igp=           2  e=   3165224.4156439588     
 etffg: process fluorescence photons shell=           2
 etffg: process mfd=26 and mtd=         535  igp=           2  e=   3477767.2345665661     
 etffg: process fluorescence photons shell=           2
 etffg: process mfd=26 and mtd=         535  igp=           2  e=   3738530.0697245169     
 etffg: process fluorescence photons shell=           2
 etffg: process mfd=26 and mtd=         535  igp=           2  e=   3919230.4620102942     
 etffg: process fluorescence photons shell=           2
 etffg: process mfd=26 and mtd=         535  igp=           2  e=   3999670.0000000000     
 etffg: process fluorescence photons shell=           2
 -----------------------------------------------------------------------------------------
 cepxsr: mfh=          66  mth=           0  group=           2 shl1                                                        
 flux=   1999340.0000000000     
 energy deposition xs from photons in group           2 =   0.0000000000000000     
 charge deposition xs from photons in group           2 =   0.0000000000000000     
 cepxsr: scattering electrons->photon
 scat0=   0.0000000000000000     
 scat1=   0.0000000000000000     
 -----------------------------------------------------------------------------------------
 entered
 debugg: icnt=           8  mfd=          26  mtd=         536 phenom= shl2
 ------------------------------------------
 ------------------------------------------
 ------------------------------------------
 ------------------------------------------
 ------------------------------------------
 etff: process mfd=26 and mtd=         536  igp=           1  e=   1000.0000000000000     
 etff: process Auger electrons shell=           3
 etff: process mfd=26 and mtd=         536  igp=           1  e=   81439.135659246938     
 etff: process Auger electrons shell=           3
 etff: process mfd=26 and mtd=         536  igp=           1  e=   262138.62414480851     
 etff: process Auger electrons shell=           3
 etff: process mfd=26 and mtd=         536  igp=           1  e=   522900.15505818301     
 etff: process Auger electrons shell=           3
 etff: process mfd=26 and mtd=         536  igp=           1  e=   835441.41075082950     
 etff: process Auger electrons shell=           3
 etff: process mfd=26 and mtd=         536  igp=           1  e=   1165888.5892491704     
 etff: process Auger electrons shell=           3
 etff: process mfd=26 and mtd=         536  igp=           1  e=   1478429.8449418170     
 etff: process Auger electrons shell=           3
 etff: process mfd=26 and mtd=         536  igp=           1  e=   1739191.3758551916     
 etff: process Auger electrons shell=           3
 etff: process mfd=26 and mtd=         536  igp=           1  e=   1919890.8643407531     
 etff: process Auger electrons shell=           3
 etff: process mfd=26 and mtd=         536  igp=           1  e=   2000330.0000000000     
 etff: process Auger electrons shell=           3
 etff: process mfd=26 and mtd=         536  igp=           2  e=   2000330.0000000000     
 etff: process Auger electrons shell=           3
 etff: process mfd=26 and mtd=         536  igp=           2  e=   2080769.5379897058     
 etff: process Auger electrons shell=           3
 etff: process mfd=26 and mtd=         536  igp=           2  e=   2261469.9302754831     
 etff: process Auger electrons shell=           3
 etff: process mfd=26 and mtd=         536  igp=           2  e=   2522232.7654334339     
 etff: process Auger electrons shell=           3
 etff: process mfd=26 and mtd=         536  igp=           2  e=   2834775.5843560412     
 etff: process Auger electrons shell=           3
 etff: process mfd=26 and mtd=         536  igp=           2  e=   3165224.4156439588     
 etff: process Auger electrons shell=           3
 etff: process mfd=26 and mtd=         536  igp=           2  e=   3477767.2345665661     
 etff: process Auger electrons shell=           3
 etff: process mfd=26 and mtd=         536  igp=           2  e=   3738530.0697245169     
 etff: process Auger electrons shell=           3
 etff: process mfd=26 and mtd=         536  igp=           2  e=   3919230.4620102942     
 etff: process Auger electrons shell=           3
 etff: process mfd=26 and mtd=         536  igp=           2  e=   3999670.0000000000     
 etff: process Auger electrons shell=           3
 -----------------------------------------------------
 cepxsr: mfh=          56  mth=           0  group=           2  ng2=           5 shl2                                                        
 flux=   1999340.0000000000     
 total xs in group           2 =   0.0000000000000000     
 energy deposition xs in group           2 =   0.0000000000000000     
 charge deposition xs in group           2 =   0.0000000000000000     
 electr: scattering electrons
 scat0=   0.0000000000000000     
 scat1=   0.0000000000000000     
 -----------------------------------------------------
 etffg: process mfd=26 and mtd=         536  igp=           1  e=   1000.0000000000000     
 etffg: process fluorescence photons shell=           3
 etffg: process mfd=26 and mtd=         536  igp=           1  e=   81439.135659246938     
 etffg: process fluorescence photons shell=           3
 etffg: process mfd=26 and mtd=         536  igp=           1  e=   262138.62414480851     
 etffg: process fluorescence photons shell=           3
 etffg: process mfd=26 and mtd=         536  igp=           1  e=   522900.15505818301     
 etffg: process fluorescence photons shell=           3
 etffg: process mfd=26 and mtd=         536  igp=           1  e=   835441.41075082950     
 etffg: process fluorescence photons shell=           3
 etffg: process mfd=26 and mtd=         536  igp=           1  e=   1165888.5892491704     
 etffg: process fluorescence photons shell=           3
 etffg: process mfd=26 and mtd=         536  igp=           1  e=   1478429.8449418170     
 etffg: process fluorescence photons shell=           3
 etffg: process mfd=26 and mtd=         536  igp=           1  e=   1739191.3758551916     
 etffg: process fluorescence photons shell=           3
 etffg: process mfd=26 and mtd=         536  igp=           1  e=   1919890.8643407531     
 etffg: process fluorescence photons shell=           3
 etffg: process mfd=26 and mtd=         536  igp=           1  e=   2000330.0000000000     
 etffg: process fluorescence photons shell=           3
 etffg: process mfd=26 and mtd=         536  igp=           2  e=   2000330.0000000000     
 etffg: process fluorescence photons shell=           3
 etffg: process mfd=26 and mtd=         536  igp=           2  e=   2080769.5379897058     
 etffg: process fluorescence photons shell=           3
 etffg: process mfd=26 and mtd=         536  igp=           2  e=   2261469.9302754831     
 etffg: process fluorescence photons shell=           3
 etffg: process mfd=26 and mtd=         536  igp=           2  e=   2522232.7654334339     
 etffg: process fluorescence photons shell=           3
 etffg: process mfd=26 and mtd=         536  igp=           2  e=   2834775.5843560412     
 etffg: process fluorescence photons shell=           3
 etffg: process mfd=26 and mtd=         536  igp=           2  e=   3165224.4156439588     
 etffg: process fluorescence photons shell=           3
 etffg: process mfd=26 and mtd=         536  igp=           2  e=   3477767.2345665661     
 etffg: process fluorescence photons shell=           3
 etffg: process mfd=26 and mtd=         536  igp=           2  e=   3738530.0697245169     
 etffg: process fluorescence photons shell=           3
 etffg: process mfd=26 and mtd=         536  igp=           2  e=   3919230.4620102942     
 etffg: process fluorescence photons shell=           3
 etffg: process mfd=26 and mtd=         536  igp=           2  e=   3999670.0000000000     
 etffg: process fluorescence photons shell=           3
 -----------------------------------------------------------------------------------------
 cepxsr: mfh=          66  mth=           0  group=           2 shl2                                                        
 flux=   1999340.0000000000     
 energy deposition xs from photons in group           2 =   0.0000000000000000     
 charge deposition xs from photons in group           2 =   0.0000000000000000     
 cepxsr: scattering electrons->photon
 scat0=   0.0000000000000000     
 scat1=   0.0000000000000000     
 -----------------------------------------------------------------------------------------
 entered
 debugg: icnt=           9  mfd=          26  mtd=         537 phenom= shl3
 ------------------------------------------
 ------------------------------------------
 ------------------------------------------
 ------------------------------------------
 ------------------------------------------
 etff: process mfd=26 and mtd=         537  igp=           1  e=   1000.0000000000000     
 etff: process Auger electrons shell=           4
 etff: process mfd=26 and mtd=         537  igp=           1  e=   81439.135659246938     
 etff: process Auger electrons shell=           4
 etff: process mfd=26 and mtd=         537  igp=           1  e=   262138.62414480851     
 etff: process Auger electrons shell=           4
 etff: process mfd=26 and mtd=         537  igp=           1  e=   522900.15505818301     
 etff: process Auger electrons shell=           4
 etff: process mfd=26 and mtd=         537  igp=           1  e=   835441.41075082950     
 etff: process Auger electrons shell=           4
 etff: process mfd=26 and mtd=         537  igp=           1  e=   1165888.5892491704     
 etff: process Auger electrons shell=           4
 etff: process mfd=26 and mtd=         537  igp=           1  e=   1478429.8449418170     
 etff: process Auger electrons shell=           4
 etff: process mfd=26 and mtd=         537  igp=           1  e=   1739191.3758551916     
 etff: process Auger electrons shell=           4
 etff: process mfd=26 and mtd=         537  igp=           1  e=   1919890.8643407531     
 etff: process Auger electrons shell=           4
 etff: process mfd=26 and mtd=         537  igp=           1  e=   2000330.0000000000     
 etff: process Auger electrons shell=           4
 etff: process mfd=26 and mtd=         537  igp=           2  e=   2000330.0000000000     
 etff: process Auger electrons shell=           4
 etff: process mfd=26 and mtd=         537  igp=           2  e=   2080769.5379897058     
 etff: process Auger electrons shell=           4
 etff: process mfd=26 and mtd=         537  igp=           2  e=   2261469.9302754831     
 etff: process Auger electrons shell=           4
 etff: process mfd=26 and mtd=         537  igp=           2  e=   2522232.7654334339     
 etff: process Auger electrons shell=           4
 etff: process mfd=26 and mtd=         537  igp=           2  e=   2834775.5843560412     
 etff: process Auger electrons shell=           4
 etff: process mfd=26 and mtd=         537  igp=           2  e=   3165224.4156439588     
 etff: process Auger electrons shell=           4
 etff: process mfd=26 and mtd=         537  igp=           2  e=   3477767.2345665661     
 etff: process Auger electrons shell=           4
 etff: process mfd=26 and mtd=         537  igp=           2  e=   3738530.0697245169     
 etff: process Auger electrons shell=           4
 etff: process mfd=26 and mtd=         537  igp=           2  e=   3919230.4620102942     
 etff: process Auger electrons shell=           4
 etff: process mfd=26 and mtd=         537  igp=           2  e=   3999670.0000000000     
 etff: process Auger electrons shell=           4
 -----------------------------------------------------
 cepxsr: mfh=          56  mth=           0  group=           2  ng2=           5 shl3                                                        
 flux=   1999340.0000000000     
 total xs in group           2 =   0.0000000000000000     
 energy deposition xs in group           2 =   0.0000000000000000     
 charge deposition xs in group           2 =   0.0000000000000000     
 electr: scattering electrons
 scat0=   0.0000000000000000     
 scat1=   0.0000000000000000     
 -----------------------------------------------------
 etffg: process mfd=26 and mtd=         537  igp=           1  e=   1000.0000000000000     
 etffg: process fluorescence photons shell=           4
 etffg: process mfd=26 and mtd=         537  igp=           1  e=   81439.135659246938     
 etffg: process fluorescence photons shell=           4
 etffg: process mfd=26 and mtd=         537  igp=           1  e=   262138.62414480851     
 etffg: process fluorescence photons shell=           4
 etffg: process mfd=26 and mtd=         537  igp=           1  e=   522900.15505818301     
 etffg: process fluorescence photons shell=           4
 etffg: process mfd=26 and mtd=         537  igp=           1  e=   835441.41075082950     
 etffg: process fluorescence photons shell=           4
 etffg: process mfd=26 and mtd=         537  igp=           1  e=   1165888.5892491704     
 etffg: process fluorescence photons shell=           4
 etffg: process mfd=26 and mtd=         537  igp=           1  e=   1478429.8449418170     
 etffg: process fluorescence photons shell=           4
 etffg: process mfd=26 and mtd=         537  igp=           1  e=   1739191.3758551916     
 etffg: process fluorescence photons shell=           4
 etffg: process mfd=26 and mtd=         537  igp=           1  e=   1919890.8643407531     
 etffg: process fluorescence photons shell=           4
 etffg: process mfd=26 and mtd=         537  igp=           1  e=   2000330.0000000000     
 etffg: process fluorescence photons shell=           4
 etffg: process mfd=26 and mtd=         537  igp=           2  e=   2000330.0000000000     
 etffg: process fluorescence photons shell=           4
 etffg: process mfd=26 and mtd=         537  igp=           2  e=   2080769.5379897058     
 etffg: process fluorescence photons shell=           4
 etffg: process mfd=26 and mtd=         537  igp=           2  e=   2261469.9302754831     
 etffg: process fluorescence photons shell=           4
 etffg: process mfd=26 and mtd=         537  igp=           2  e=   2522232.7654334339     
 etffg: process fluorescence photons shell=           4
 etffg: process mfd=26 and mtd=         537  igp=           2  e=   2834775.5843560412     
 etffg: process fluorescence photons shell=           4
 etffg: process mfd=26 and mtd=         537  igp=           2  e=   3165224.4156439588     
 etffg: process fluorescence photons shell=           4
 etffg: process mfd=26 and mtd=         537  igp=           2  e=   3477767.2345665661     
 etffg: process fluorescence photons shell=           4
 etffg: process mfd=26 and mtd=         537  igp=           2  e=   3738530.0697245169     
 etffg: process fluorescence photons shell=           4
 etffg: process mfd=26 and mtd=         537  igp=           2  e=   3919230.4620102942     
 etffg: process fluorescence photons shell=           4
 etffg: process mfd=26 and mtd=         537  igp=           2  e=   3999670.0000000000     
 etffg: process fluorescence photons shell=           4
 -----------------------------------------------------------------------------------------
 cepxsr: mfh=          66  mth=           0  group=           2 shl3                                                        
 flux=   1999340.0000000000     
 energy deposition xs from photons in group           2 =   0.0000000000000000     
 charge deposition xs from photons in group           2 =   0.0000000000000000     
 cepxsr: scattering electrons->photon
 scat0=   0.0000000000000000     
 scat1=   0.0000000000000000     
 -----------------------------------------------------------------------------------------
 entered
 debugg: icnt=          10  mfd=          26  mtd=         538 phenom= shm 
 ------------------------------------------
 ------------------------------------------
 ------------------------------------------
 ------------------------------------------
 ------------------------------------------
 etff: process mfd=26 and mtd=         538  igp=           1  e=   1000.0000000000000     
 etff: process Auger electrons shell=           5
 etff: process mfd=26 and mtd=         538  igp=           1  e=   81439.135659246938     
 etff: process Auger electrons shell=           5
 etff: process mfd=26 and mtd=         538  igp=           1  e=   262138.62414480851     
 etff: process Auger electrons shell=           5
 etff: process mfd=26 and mtd=         538  igp=           1  e=   522900.15505818301     
 etff: process Auger electrons shell=           5
 etff: process mfd=26 and mtd=         538  igp=           1  e=   835441.41075082950     
 etff: process Auger electrons shell=           5
 etff: process mfd=26 and mtd=         538  igp=           1  e=   1165888.5892491704     
 etff: process Auger electrons shell=           5
 etff: process mfd=26 and mtd=         538  igp=           1  e=   1478429.8449418170     
 etff: process Auger electrons shell=           5
 etff: process mfd=26 and mtd=         538  igp=           1  e=   1739191.3758551916     
 etff: process Auger electrons shell=           5
 etff: process mfd=26 and mtd=         538  igp=           1  e=   1919890.8643407531     
 etff: process Auger electrons shell=           5
 etff: process mfd=26 and mtd=         538  igp=           1  e=   2000330.0000000000     
 etff: process Auger electrons shell=           5
 etff: process mfd=26 and mtd=         538  igp=           2  e=   2000330.0000000000     
 etff: process Auger electrons shell=           5
 etff: process mfd=26 and mtd=         538  igp=           2  e=   2080769.5379897058     
 etff: process Auger electrons shell=           5
 etff: process mfd=26 and mtd=         538  igp=           2  e=   2261469.9302754831     
 etff: process Auger electrons shell=           5
 etff: process mfd=26 and mtd=         538  igp=           2  e=   2522232.7654334339     
 etff: process Auger electrons shell=           5
 etff: process mfd=26 and mtd=         538  igp=           2  e=   2834775.5843560412     
 etff: process Auger electrons shell=           5
 etff: process mfd=26 and mtd=         538  igp=           2  e=   3165224.4156439588     
 etff: process Auger electrons shell=           5
 etff: process mfd=26 and mtd=         538  igp=           2  e=   3477767.2345665661     
 etff: process Auger electrons shell=           5
 etff: process mfd=26 and mtd=         538  igp=           2  e=   3738530.0697245169     
 etff: process Auger electrons shell=           5
 etff: process mfd=26 and mtd=         538  igp=           2  e=   3919230.4620102942     
 etff: process Auger electrons shell=           5
 etff: process mfd=26 and mtd=         538  igp=           2  e=   3999670.0000000000     
 etff: process Auger electrons shell=           5
 -----------------------------------------------------
 cepxsr: mfh=          56  mth=           0  group=           2  ng2=           5 shm                                                         
 flux=   1999340.0000000000     
 total xs in group           2 =   0.0000000000000000     
 energy deposition xs in group           2 =   0.0000000000000000     
 charge deposition xs in group           2 =   0.0000000000000000     
 electr: scattering electrons
 scat0=   0.0000000000000000     
 scat1=   0.0000000000000000     
 -----------------------------------------------------
 etffg: process mfd=26 and mtd=         538  igp=           1  e=   1000.0000000000000     
 etffg: process fluorescence photons shell=           5
 etffg: process mfd=26 and mtd=         538  igp=           1  e=   81439.135659246938     
 etffg: process fluorescence photons shell=           5
 etffg: process mfd=26 and mtd=         538  igp=           1  e=   262138.62414480851     
 etffg: process fluorescence photons shell=           5
 etffg: process mfd=26 and mtd=         538  igp=           1  e=   522900.15505818301     
 etffg: process fluorescence photons shell=           5
 etffg: process mfd=26 and mtd=         538  igp=           1  e=   835441.41075082950     
 etffg: process fluorescence photons shell=           5
 etffg: process mfd=26 and mtd=         538  igp=           1  e=   1165888.5892491704     
 etffg: process fluorescence photons shell=           5
 etffg: process mfd=26 and mtd=         538  igp=           1  e=   1478429.8449418170     
 etffg: process fluorescence photons shell=           5
 etffg: process mfd=26 and mtd=         538  igp=           1  e=   1739191.3758551916     
 etffg: process fluorescence photons shell=           5
 etffg: process mfd=26 and mtd=         538  igp=           1  e=   1919890.8643407531     
 etffg: process fluorescence photons shell=           5
 etffg: process mfd=26 and mtd=         538  igp=           1  e=   2000330.0000000000     
 etffg: process fluorescence photons shell=           5
 etffg: process mfd=26 and mtd=         538  igp=           2  e=   2000330.0000000000     
 etffg: process fluorescence photons shell=           5
 etffg: process mfd=26 and mtd=         538  igp=           2  e=   2080769.5379897058     
 etffg: process fluorescence photons shell=           5
 etffg: process mfd=26 and mtd=         538  igp=           2  e=   2261469.9302754831     
 etffg: process fluorescence photons shell=           5
 etffg: process mfd=26 and mtd=         538  igp=           2  e=   2522232.7654334339     
 etffg: process fluorescence photons shell=           5
 etffg: process mfd=26 and mtd=         538  igp=           2  e=   2834775.5843560412     
 etffg: process fluorescence photons shell=           5
 etffg: process mfd=26 and mtd=         538  igp=           2  e=   3165224.4156439588     
 etffg: process fluorescence photons shell=           5
 etffg: process mfd=26 and mtd=         538  igp=           2  e=   3477767.2345665661     
 etffg: process fluorescence photons shell=           5
 etffg: process mfd=26 and mtd=         538  igp=           2  e=   3738530.0697245169     
 etffg: process fluorescence photons shell=           5
 etffg: process mfd=26 and mtd=         538  igp=           2  e=   3919230.4620102942     
 etffg: process fluorescence photons shell=           5
 etffg: process mfd=26 and mtd=         538  igp=           2  e=   3999670.0000000000     
 etffg: process fluorescence photons shell=           5
 -----------------------------------------------------------------------------------------
 cepxsr: mfh=          66  mth=           0  group=           2 shm                                                         
 flux=   1999340.0000000000     
 energy deposition xs from photons in group           2 =   0.0000000000000000     
 charge deposition xs from photons in group           2 =   0.0000000000000000     
 cepxsr: scattering electrons->photon
 scat0=   0.0000000000000000     
 scat1=   0.0000000000000000     
 -----------------------------------------------------------------------------------------
 entered
 debugg: icnt=          11  mfd=          23  mtd=         501 phenom= totl
 ------------------------------------------
 ------------------------------------------
 ------------------------------------------
 ------------------------------------------
 ------------------------------------------
 entered
 debugg: icnt=          12  mfd=          23  mtd=         530 phenom= heat
 ------------------------------------------
 ------------------------------------------
 ------------------------------------------
 ------------------------------------------
 ------------------------------------------
 entered
 debugg: icnt=          13  mfd=          23  mtd=         531 phenom= char
 ------------------------------------------
 ------------------------------------------
 ------------------------------------------
 ------------------------------------------
 ------------------------------------------
 entered

 matxsr...                                                                4.3s
                                                                          4.3s
 *****************************************************************************
--------------------------------------------------
      4- Saving output and plot files             
--------------------------------------------------
--------------------------------------------------
      5- Input file removed                       
--------------------------------------------------
