This is pdfTeX, Version 3.141592653-2.6-1.40.22 (TeX Live 2021) (preloaded format=pdflatex 2021.9.14)  10 NOV 2021 21:43
entering extended mode
 restricted \write18 enabled.
 %&-line parsing enabled.
**IGE332.tex
(./IGE332.tex
LaTeX2e <2020-10-01> patch level 4
L3 programming layer <2021-02-18>
(/usr/local/texlive/2021/texmf-dist/tex/latex/base/report.cls
Document Class: report 2020/04/10 v1.4m Standard LaTeX document class
(/usr/local/texlive/2021/texmf-dist/tex/latex/base/size10.clo
File: size10.clo 2020/04/10 v1.4m Standard LaTeX file (size option)
)
\c@part=\count179
\c@chapter=\count180
\c@section=\count181
\c@subsection=\count182
\c@subsubsection=\count183
\c@paragraph=\count184
\c@subparagraph=\count185
\c@figure=\count186
\c@table=\count187
\abovecaptionskip=\skip47
\belowcaptionskip=\skip48
\bibindent=\dimen138
)
(./IGNrapport.sty
Package: IGNrapport 1998/09/18
 (/usr/local/texlive/2021/texmf-dist/tex/latex/tools/array.sty
Package: array 2020/10/01 v2.5c Tabular extension package (FMi)
\col@sep=\dimen139
\ar@mcellbox=\box47
\extrarowheight=\dimen140
\NC@list=\toks15
\extratabsurround=\skip49
\backup@length=\skip50
\ar@cellbox=\box48
) (/usr/local/texlive/2021/texmf-dist/tex/latex/cite/cite.sty
LaTeX Info: Redefining \cite on input line 302.
LaTeX Info: Redefining \nocite on input line 332.
Package: cite 2015/02/27  v 5.5
)
(/usr/local/texlive/2021/texmf-dist/tex/latex/tools/indentfirst.sty
Package: indentfirst 1995/11/23 v1.03 Indent first paragraph (DPC)
)
(/usr/local/texlive/2021/texmf-dist/tex/latex/graphics/epsfig.sty
Package: epsfig 2017/06/25 v1.7b (e)psfig emulation (SPQR)

(/usr/local/texlive/2021/texmf-dist/tex/latex/graphics/graphicx.sty
Package: graphicx 2020/09/09 v1.2b Enhanced LaTeX Graphics (DPC,SPQR)

(/usr/local/texlive/2021/texmf-dist/tex/latex/graphics/keyval.sty
Package: keyval 2014/10/28 v1.15 key=value parser (DPC)
\KV@toks@=\toks16
)
(/usr/local/texlive/2021/texmf-dist/tex/latex/graphics/graphics.sty
Package: graphics 2020/08/30 v1.4c Standard LaTeX Graphics (DPC,SPQR)

(/usr/local/texlive/2021/texmf-dist/tex/latex/graphics/trig.sty
Package: trig 2016/01/03 v1.10 sin cos tan (DPC)
)
(/usr/local/texlive/2021/texmf-dist/tex/latex/graphics-cfg/graphics.cfg
File: graphics.cfg 2016/06/04 v1.11 sample graphics configuration
)
Package graphics Info: Driver file: pdftex.def on input line 105.

(/usr/local/texlive/2021/texmf-dist/tex/latex/graphics-def/pdftex.def
File: pdftex.def 2020/10/05 v1.2a Graphics/color driver for pdftex
))
\Gin@req@height=\dimen141
\Gin@req@width=\dimen142
)
\epsfxsize=\dimen143
\epsfysize=\dimen144
)
(/usr/local/texlive/2021/texmf-dist/tex/latex/base/fleqn.sty

LaTeX Warning: inputting `fleqn.clo' instead of obsolete `fleqn.sty'.

(/usr/local/texlive/2021/texmf-dist/tex/latex/base/fleqn.clo
File: fleqn.clo 2016/12/29 v1.2b Standard LaTeX option (flush left equations)
\mathindent=\skip51
Applying: [2015/01/01] Make \[ robust on input line 50.
LaTeX Info: Redefining \[ on input line 51.
Already applied: [0000/00/00] Make \[ robust on input line 62.
Applying: [2015/01/01] Make \] robust on input line 74.
LaTeX Info: Redefining \] on input line 75.
Already applied: [0000/00/00] Make \] robust on input line 83.
))
(/usr/local/texlive/2021/texmf-dist/tex/latex/hyperref/hyperref.sty
Package: hyperref 2021-02-27 v7.00k Hypertext links for LaTeX

(/usr/local/texlive/2021/texmf-dist/tex/generic/ltxcmds/ltxcmds.sty
Package: ltxcmds 2020-05-10 v1.25 LaTeX kernel commands for general use (HO)
)
(/usr/local/texlive/2021/texmf-dist/tex/generic/iftex/iftex.sty
Package: iftex 2020/03/06 v1.0d TeX engine tests
)
(/usr/local/texlive/2021/texmf-dist/tex/generic/pdftexcmds/pdftexcmds.sty
Package: pdftexcmds 2020-06-27 v0.33 Utility functions of pdfTeX for LuaTeX (HO
)

(/usr/local/texlive/2021/texmf-dist/tex/generic/infwarerr/infwarerr.sty
Package: infwarerr 2019/12/03 v1.5 Providing info/warning/error messages (HO)
)
Package pdftexcmds Info: \pdf@primitive is available.
Package pdftexcmds Info: \pdf@ifprimitive is available.
Package pdftexcmds Info: \pdfdraftmode found.
)
(/usr/local/texlive/2021/texmf-dist/tex/generic/kvsetkeys/kvsetkeys.sty
Package: kvsetkeys 2019/12/15 v1.18 Key value parser (HO)
)
(/usr/local/texlive/2021/texmf-dist/tex/generic/kvdefinekeys/kvdefinekeys.sty
Package: kvdefinekeys 2019-12-19 v1.6 Define keys (HO)
)
(/usr/local/texlive/2021/texmf-dist/tex/generic/pdfescape/pdfescape.sty
Package: pdfescape 2019/12/09 v1.15 Implements pdfTeX's escape features (HO)
)
(/usr/local/texlive/2021/texmf-dist/tex/latex/hycolor/hycolor.sty
Package: hycolor 2020-01-27 v1.10 Color options for hyperref/bookmark (HO)
)
(/usr/local/texlive/2021/texmf-dist/tex/latex/letltxmacro/letltxmacro.sty
Package: letltxmacro 2019/12/03 v1.6 Let assignment for LaTeX macros (HO)
)
(/usr/local/texlive/2021/texmf-dist/tex/latex/auxhook/auxhook.sty
Package: auxhook 2019-12-17 v1.6 Hooks for auxiliary files (HO)
)
(/usr/local/texlive/2021/texmf-dist/tex/latex/kvoptions/kvoptions.sty
Package: kvoptions 2020-10-07 v3.14 Key value format for package options (HO)
)
\@linkdim=\dimen145
\Hy@linkcounter=\count188
\Hy@pagecounter=\count189

(/usr/local/texlive/2021/texmf-dist/tex/latex/hyperref/pd1enc.def
File: pd1enc.def 2021-02-27 v7.00k Hyperref: PDFDocEncoding definition (HO)
Now handling font encoding PD1 ...
... no UTF-8 mapping file for font encoding PD1
)
(/usr/local/texlive/2021/texmf-dist/tex/latex/hyperref/hyperref-langpatches.def
File: hyperref-langpatches.def 2021-02-27 v7.00k Hyperref: patches for babel la
nguages
) (/usr/local/texlive/2021/texmf-dist/tex/generic/intcalc/intcalc.sty
Package: intcalc 2019/12/15 v1.3 Expandable calculations with integers (HO)
)
(/usr/local/texlive/2021/texmf-dist/tex/generic/etexcmds/etexcmds.sty
Package: etexcmds 2019/12/15 v1.7 Avoid name clashes with e-TeX commands (HO)
)
\Hy@SavedSpaceFactor=\count190

(/usr/local/texlive/2021/texmf-dist/tex/latex/hyperref/puenc.def
File: puenc.def 2021-02-27 v7.00k Hyperref: PDF Unicode definition (HO)
Now handling font encoding PU ...
... no UTF-8 mapping file for font encoding PU
)
Package hyperref Info: Hyper figures OFF on input line 4192.
Package hyperref Info: Link nesting OFF on input line 4197.
Package hyperref Info: Hyper index ON on input line 4200.
Package hyperref Info: Plain pages OFF on input line 4207.
Package hyperref Info: Backreferencing OFF on input line 4212.
Package hyperref Info: Implicit mode ON; LaTeX internals redefined.
Package hyperref Info: Bookmarks ON on input line 4445.
\c@Hy@tempcnt=\count191

(/usr/local/texlive/2021/texmf-dist/tex/latex/url/url.sty
\Urlmuskip=\muskip16
Package: url 2013/09/16  ver 3.4  Verb mode for urls, etc.
)
LaTeX Info: Redefining \url on input line 4804.
\XeTeXLinkMargin=\dimen146

(/usr/local/texlive/2021/texmf-dist/tex/generic/bitset/bitset.sty
Package: bitset 2019/12/09 v1.3 Handle bit-vector datatype (HO)

(/usr/local/texlive/2021/texmf-dist/tex/generic/bigintcalc/bigintcalc.sty
Package: bigintcalc 2019/12/15 v1.5 Expandable calculations on big integers (HO
)
))
\Fld@menulength=\count192
\Field@Width=\dimen147
\Fld@charsize=\dimen148
Package hyperref Info: Hyper figures OFF on input line 6075.
Package hyperref Info: Link nesting OFF on input line 6080.
Package hyperref Info: Hyper index ON on input line 6083.
Package hyperref Info: backreferencing OFF on input line 6090.
Package hyperref Info: Link coloring OFF on input line 6095.
Package hyperref Info: Link coloring with OCG OFF on input line 6100.
Package hyperref Info: PDF/A mode OFF on input line 6105.
LaTeX Info: Redefining \ref on input line 6145.
LaTeX Info: Redefining \pageref on input line 6149.

(/usr/local/texlive/2021/texmf-dist/tex/latex/base/atbegshi-ltx.sty
Package: atbegshi-ltx 2020/08/17 v1.0a Emulation of the original atbegshi packa
ge
with kernel methods
)
\Hy@abspage=\count193
\c@Item=\count194
\c@Hfootnote=\count195
)
Package hyperref Info: Driver (autodetected): hpdftex.

(/usr/local/texlive/2021/texmf-dist/tex/latex/hyperref/hpdftex.def
File: hpdftex.def 2021-02-27 v7.00k Hyperref driver for pdfTeX

(/usr/local/texlive/2021/texmf-dist/tex/latex/base/atveryend-ltx.sty
Package: atveryend-ltx 2020/08/19 v1.0a Emulation of the original atvery packag
e
with kernel methods
)
\Fld@listcount=\count196
\c@bookmark@seq@number=\count197

(/usr/local/texlive/2021/texmf-dist/tex/latex/rerunfilecheck/rerunfilecheck.sty
Package: rerunfilecheck 2019/12/05 v1.9 Rerun checks for auxiliary files (HO)

(/usr/local/texlive/2021/texmf-dist/tex/generic/uniquecounter/uniquecounter.sty
Package: uniquecounter 2019/12/15 v1.4 Provide unlimited unique counter (HO)
)
Package uniquecounter Info: New unique counter `rerunfilecheck' on input line 2
86.
)
\Hy@SectionHShift=\skip52
)
Package hyperref Info: Option `colorlinks' set `true' on input line 9.
\@indexfile=\write3
\openout3 = `IGE332.idx'.


Writing index file IGE332.idx
\c@nblank=\count198
) (./GuideBW.sty
Package: GuideBW 1999/09/07
 (/usr/local/texlive/2021/texmf-dist/tex/latex/base/ifthen.sty
Package: ifthen 2014/09/29 v1.1c Standard LaTeX ifthen package (DPC)
) (/usr/local/texlive/2021/texmf-dist/tex/latex/tools/longtable.sty
Package: longtable 2020/01/07 v4.13 Multi-page Table package (DPC)
\LTleft=\skip53
\LTright=\skip54
\LTpre=\skip55
\LTpost=\skip56
\LTchunksize=\count199
\LTcapwidth=\dimen149
\LT@head=\box49
\LT@firsthead=\box50
\LT@foot=\box51
\LT@lastfoot=\box52
\LT@cols=\count266
\LT@rows=\count267
\c@LT@tables=\count268
\c@LT@chunks=\count269
\LT@p@ftn=\toks17
)
\NotationLength=\skip57
\DescriptionLength=\skip58
)
(/usr/local/texlive/2021/texmf-dist/tex/latex/base/makeidx.sty
Package: makeidx 2014/09/29 v1.0m Standard LaTeX package
)
(/usr/local/texlive/2021/texmf-dist/tex/latex/l3backend/l3backend-pdftex.def
File: l3backend-pdftex.def 2021-03-18 L3 backend support: PDF output (pdfTeX)
\l__color_backend_stack_int=\count270
\l__pdf_internal_box=\box53
)
(./IGE332.aux)
\openout1 = `IGE332.aux'.

LaTeX Font Info:    Checking defaults for OML/cmm/m/it on input line 12.
LaTeX Font Info:    ... okay on input line 12.
LaTeX Font Info:    Checking defaults for OMS/cmsy/m/n on input line 12.
LaTeX Font Info:    ... okay on input line 12.
LaTeX Font Info:    Checking defaults for OT1/cmr/m/n on input line 12.
LaTeX Font Info:    ... okay on input line 12.
LaTeX Font Info:    Checking defaults for T1/cmr/m/n on input line 12.
LaTeX Font Info:    ... okay on input line 12.
LaTeX Font Info:    Checking defaults for TS1/cmr/m/n on input line 12.
LaTeX Font Info:    ... okay on input line 12.
LaTeX Font Info:    Checking defaults for OMX/cmex/m/n on input line 12.
LaTeX Font Info:    ... okay on input line 12.
LaTeX Font Info:    Checking defaults for U/cmr/m/n on input line 12.
LaTeX Font Info:    ... okay on input line 12.
LaTeX Font Info:    Checking defaults for PD1/pdf/m/n on input line 12.
LaTeX Font Info:    ... okay on input line 12.
LaTeX Font Info:    Checking defaults for PU/pdf/m/n on input line 12.
LaTeX Font Info:    ... okay on input line 12.

(/usr/local/texlive/2021/texmf-dist/tex/context/base/mkii/supp-pdf.mkii
[Loading MPS to PDF converter (version 2006.09.02).]
\scratchcounter=\count271
\scratchdimen=\dimen150
\scratchbox=\box54
\nofMPsegments=\count272
\nofMParguments=\count273
\everyMPshowfont=\toks18
\MPscratchCnt=\count274
\MPscratchDim=\dimen151
\MPnumerator=\count275
\makeMPintoPDFobject=\count276
\everyMPtoPDFconversion=\toks19
) (/usr/local/texlive/2021/texmf-dist/tex/latex/epstopdf-pkg/epstopdf-base.sty
Package: epstopdf-base 2020-01-24 v2.11 Base part for package epstopdf
Package epstopdf-base Info: Redefining graphics rule for `.eps' on input line 4
85.

(/usr/local/texlive/2021/texmf-dist/tex/latex/latexconfig/epstopdf-sys.cfg
File: epstopdf-sys.cfg 2010/07/13 v1.3 Configuration of (r)epstopdf for TeX Liv
e
))
(/usr/local/texlive/2021/texmf-dist/tex/latex/graphics/color.sty
Package: color 2020/02/24 v1.2b Standard LaTeX Color (DPC)

(/usr/local/texlive/2021/texmf-dist/tex/latex/graphics-cfg/color.cfg
File: color.cfg 2016/01/02 v1.6 sample color configuration
)
Package color Info: Driver file: pdftex.def on input line 147.
)
Package hyperref Info: Link coloring ON on input line 12.

(/usr/local/texlive/2021/texmf-dist/tex/latex/hyperref/nameref.sty
Package: nameref 2021-04-02 v2.47 Cross-referencing by name of section

(/usr/local/texlive/2021/texmf-dist/tex/latex/refcount/refcount.sty
Package: refcount 2019/12/15 v3.6 Data extraction from label references (HO)
)
(/usr/local/texlive/2021/texmf-dist/tex/generic/gettitlestring/gettitlestring.s
ty
Package: gettitlestring 2019/12/15 v1.6 Cleanup title references (HO)
)
\c@section@level=\count277
)
LaTeX Info: Redefining \ref on input line 12.
LaTeX Info: Redefining \pageref on input line 12.
LaTeX Info: Redefining \nameref on input line 12.
 (./IGE332.out) (./IGE332.out)
\@outlinefile=\write4
\openout4 = `IGE332.out'.

LaTeX Font Info:    External font `cmex10' loaded for size
(Font)              <7> on input line 20.
LaTeX Font Info:    External font `cmex10' loaded for size
(Font)              <5> on input line 20.

Underfull \hbox (badness 10000) in paragraph at lines 20--20

 []

Package epstopdf Info: Source file: <64_bit.eps>
(epstopdf)                    date: 2021-11-10 20:42:36
(epstopdf)                    size: 174986 bytes
(epstopdf)             Output file: <64_bit-eps-converted-to.pdf>
(epstopdf)                    date: 2021-11-10 21:43:30
(epstopdf)                    size: 13963 bytes
(epstopdf)             Command: <repstopdf --outfile=64_bit-eps-converted-to.pd
f 64_bit.eps>
(epstopdf)             \includegraphics on input line 20.
Package epstopdf Info: Output file is already uptodate.
<64_bit-eps-converted-to.pdf, id=695, 150.5625pt x 177.66376pt>
File: 64_bit-eps-converted-to.pdf Graphic file (type pdf)
<use 64_bit-eps-converted-to.pdf>
Package pdftex.def Info: 64_bit-eps-converted-to.pdf  used on input line 20.
(pdftex.def)             Requested size: 48.22462pt x 56.9055pt.
[1

{/usr/local/texlive/2021/texmf-var/fonts/map/pdftex/updmap/pdftex.map} <./64_bi
t-eps-converted-to.pdf>] (./IGE332.toc [2


] [3] [4])
\tf@toc=\write5
\openout5 = `IGE332.toc'.

 [5] (./chapter1.tex
Section  1.
Package epstopdf Info: Source file: <multiphysics.eps>
(epstopdf)                    date: 2021-11-10 20:42:36
(epstopdf)                    size: 408979 bytes
(epstopdf)             Output file: <multiphysics-eps-converted-to.pdf>
(epstopdf)                    date: 2021-11-10 21:43:33
(epstopdf)                    size: 17917 bytes
(epstopdf)             Command: <repstopdf --outfile=multiphysics-eps-converted
-to.pdf multiphysics.eps>
(epstopdf)             \includegraphics on input line 12.
Package epstopdf Info: Output file is already uptodate.
<multiphysics-eps-converted-to.pdf, id=898, 425.59pt x 276.03125pt>
File: multiphysics-eps-converted-to.pdf Graphic file (type pdf)
<use multiphysics-eps-converted-to.pdf>
Package pdftex.def Info: multiphysics-eps-converted-to.pdf  used on input line 
12.
(pdftex.def)             Requested size: 256.0748pt x 166.09596pt.
[1


 <./multiphysics-eps-converted-to.pdf>] [2]
Section  2.
[3

] [4

] [5] [6] [7] [8] [9] [10] [11] [12] [13] [14] [15] [16] [17]
Package epstopdf Info: Source file: <vect.eps>
(epstopdf)                    date: 2021-11-10 20:42:36
(epstopdf)                    size: 241611 bytes
(epstopdf)             Output file: <vect-eps-converted-to.pdf>
(epstopdf)                    date: 2021-11-10 21:43:35
(epstopdf)                    size: 17064 bytes
(epstopdf)             Command: <repstopdf --outfile=vect-eps-converted-to.pdf 
vect.eps>
(epstopdf)             \includegraphics on input line 1382.
Package epstopdf Info: Output file is already uptodate.
<vect-eps-converted-to.pdf, id=1004, 371.3875pt x 231.86626pt>
File: vect-eps-converted-to.pdf Graphic file (type pdf)
<use vect-eps-converted-to.pdf>
Package pdftex.def Info: vect-eps-converted-to.pdf  used on input line 1382.
(pdftex.def)             Requested size: 256.0748pt x 159.8782pt.
 [18 <./vect-eps-converted-to.pdf>] [19] [20] [21] [22] [23] [24] [25]
Section  3.

Underfull \hbox (badness 2680) in paragraph at lines 2025--2027
[]|\OT1/cmr/m/n/10 recursivity level of \OT1/cmtt/m/n/10 cle2000[]c() \OT1/cmr/
m/n/10 call. We rec-om-mend to call
 []

[26

] [27]
Overfull \hbox (6.75189pt too wide) in paragraph at lines 2188--2188
[]                \OT1/cmtt/m/n/10 sprintf(hsmg, "ganmod: type not supported fo
r file %s", hentry[iloop1]);[] 
 []

[28] [29]
Overfull \hbox (12.00185pt too wide) in paragraph at lines 2295--2295
[]   \OT1/cmtt/m/n/10 strcpy(my_node->name, "MACRO1"); strcpy(my_node->OSname, 
"MACRO1"); my_node->type = 3;[] 
 []


Overfull \hbox (1.50194pt too wide) in paragraph at lines 2295--2295
[]   \OT1/cmtt/m/n/10 strcpy(my_node->name, "value1"); my_node->type = 12; my_n
ode->value.fval = 1.703945;[] 
 []


Overfull \hbox (1.50194pt too wide) in paragraph at lines 2295--2295
[]   \OT1/cmtt/m/n/10 strcpy(my_node->name, "value2"); my_node->type = 12; my_n
ode->value.fval = 1.562276;[] 
 []

[30] [31] [32] [33] [34] [35] [36]
Overfull \hbox (9.28786pt too wide) in paragraph at lines 2731--2733
[]\OT1/cmr/m/n/10 The free-format in-put reader of CLE-2000 is im-ple-mented us
-ing four func-tions: \OT1/cmtt/m/n/10 redopn[]c()\OT1/cmr/m/n/10 , \OT1/cmtt/m
/n/10 redget[]c()\OT1/cmr/m/n/10 ,
 []


Overfull \hbox (7.88968pt too wide) in paragraph at lines 2736--2738
[]\OT1/cmr/m/n/10 Function \OT1/cmtt/m/n/10 redopn[]c() \OT1/cmr/m/n/10 is call
ed to open the in-put reader. The gen-eral spec-i-fi-ca-tion of func-tion \OT1/
cmtt/m/n/10 redopn[]c()
 []

[37]
Overfull \hbox (7.66742pt too wide) in paragraph at lines 2857--2859
[]\OT1/cmr/m/n/10 Function \OT1/cmtt/m/n/10 redcls[]c() \OT1/cmr/m/n/10 is call
ed to close the in-put reader. The gen-eral spec-i-fi-ca-tion of func-tion \OT1
/cmtt/m/n/10 redcls[]c()
 []

[38] [39]
Section  4.
[40

] [41] [42] [43] [44] [45] [46] [47] [48] [49] [50] [51] [52]
Package epstopdf Info: Source file: <vect.eps>
(epstopdf)                    date: 2021-11-10 20:42:36
(epstopdf)                    size: 241611 bytes
(epstopdf)             Output file: <vect-eps-converted-to.pdf>
(epstopdf)                    date: 2021-11-10 21:43:35
(epstopdf)                    size: 17064 bytes
(epstopdf)             Command: <repstopdf --outfile=vect-eps-converted-to.pdf 
vect.eps>
(epstopdf)             \includegraphics on input line 4032.
Package epstopdf Info: Output file is already uptodate.
File: vect-eps-converted-to.pdf Graphic file (type pdf)
<use vect-eps-converted-to.pdf>
Package pdftex.def Info: vect-eps-converted-to.pdf  used on input line 4032.
(pdftex.def)             Requested size: 256.0748pt x 159.8782pt.
 [53] [54]
[55] [56] [57] [58] [59] [60] [61]
Overfull \hbox (3.10046pt too wide) in paragraph at lines 4751--4751
[]|\OT1/cmtt/m/n/10 IDATA[]PTR| 
 []

[62]
Overfull \hbox (3.10046pt too wide) in paragraph at lines 4770--4770
[]|\OT1/cmtt/m/n/10 IDATA[]PTR| 
 []

[63]
Section  5.
[64


] [65

] [66] [67] [68] [69] [70]
Underfull \hbox (badness 1281) in paragraph at lines 5451--5451
[]|\OT1/cmr/m/it/10 DOUBLE PRE-CI-
 []

[71]
Underfull \hbox (badness 1281) in paragraph at lines 5486--5486
[]|\OT1/cmr/m/it/10 DOUBLE PRE-CI-
 []

[72]
Section  6.
Package epstopdf Info: Source file: <cle2000_hierarchy_uml.eps>
(epstopdf)                    date: 2021-11-10 20:42:36
(epstopdf)                    size: 469818 bytes
(epstopdf)             Output file: <cle2000_hierarchy_uml-eps-converted-to.pdf
>
(epstopdf)                    date: 2021-11-10 21:43:37
(epstopdf)                    size: 16062 bytes
(epstopdf)             Command: <repstopdf --outfile=cle2000_hierarchy_uml-eps-
converted-to.pdf cle2000_hierarchy_uml.eps>
(epstopdf)             \includegraphics on input line 5525.
Package epstopdf Info: Output file is already uptodate.
<cle2000_hierarchy_uml-eps-converted-to.pdf, id=1262, 67.25125pt x 119.44624pt>

File: cle2000_hierarchy_uml-eps-converted-to.pdf Graphic file (type pdf)
<use cle2000_hierarchy_uml-eps-converted-to.pdf>
Package pdftex.def Info: cle2000_hierarchy_uml-eps-converted-to.pdf  used on in
put line 5525.
(pdftex.def)             Requested size: 68.28644pt x 121.28676pt.

Overfull \hbox (7.52087pt too wide) in paragraph at lines 5572--5587
[][] 
 []

[73

 <./cle2000_hierarchy_uml-eps-converted-to.pdf>] [74] [75] [76] [77]
Section  7.
[78

] [79] [80]) [81] (./Bibliography.tex) [82


]
No file IGE332.ind.
(./IGE332.aux)
Package rerunfilecheck Info: File `IGE332.out' has not changed.
(rerunfilecheck)             Checksum: DADF4876614F870643D8A981DA84C022;25385.
 ) 
Here is how much of TeX's memory you used:
 8821 strings out of 478994
 131701 string characters out of 5858184
 441917 words of memory out of 5000000
 25912 multiletter control sequences out of 15000+600000
 407221 words of font info for 40 fonts, out of 8000000 for 9000
 1141 hyphenation exceptions out of 8191
 98i,9n,102p,472b,468s stack positions out of 5000i,500n,10000p,200000b,80000s
{/usr/local/texlive/2021/texmf-dist/fonts/enc/dvips/cm-super/cm-super-ts1.enc
}</usr/local/texlive/2021/texmf-dist/fonts/type1/public/amsfonts/cm/cmbx10.pfb>
</usr/local/texlive/2021/texmf-dist/fonts/type1/public/amsfonts/cm/cmbx12.pfb><
/usr/local/texlive/2021/texmf-dist/fonts/type1/public/amsfonts/cm/cmcsc10.pfb><
/usr/local/texlive/2021/texmf-dist/fonts/type1/public/amsfonts/cm/cmmi10.pfb></
usr/local/texlive/2021/texmf-dist/fonts/type1/public/amsfonts/cm/cmr10.pfb></us
r/local/texlive/2021/texmf-dist/fonts/type1/public/amsfonts/cm/cmr5.pfb></usr/l
ocal/texlive/2021/texmf-dist/fonts/type1/public/amsfonts/cm/cmr7.pfb></usr/loca
l/texlive/2021/texmf-dist/fonts/type1/public/amsfonts/cm/cmsl10.pfb></usr/local
/texlive/2021/texmf-dist/fonts/type1/public/amsfonts/cm/cmsy10.pfb></usr/local/
texlive/2021/texmf-dist/fonts/type1/public/amsfonts/cm/cmti10.pfb></usr/local/t
exlive/2021/texmf-dist/fonts/type1/public/amsfonts/cm/cmtt10.pfb></usr/local/te
xlive/2021/texmf-dist/fonts/type1/public/amsfonts/cm/cmtt9.pfb></usr/local/texl
ive/2021/texmf-dist/fonts/type1/public/cm-super/sfrm1000.pfb>
Output written on IGE332.pdf (87 pages, 467010 bytes).
PDF statistics:
 1433 PDF objects out of 1440 (max. 8388607)
 1304 compressed objects within 14 object streams
 272 named destinations out of 1000 (max. 500000)
 1397 words of extra memory for PDF output out of 10000 (max. 10000000)

