\BOOKMARK [1][-]{Doc-Start}{\376\377\000C\000o\000n\000t\000e\000n\000t\000s\000\040}{}% 1
\BOOKMARK [1][-]{section.0.1}{\376\377\000T\000h\000e\000\040\000G\000A\000N\000L\000I\000B\000\040\000V\000e\000r\000s\000i\000o\000n\000\040\0005\000\040\000a\000r\000c\000h\000i\000t\000e\000c\000t\000u\000r\000e\000\040}{}% 2
\BOOKMARK [2][-]{subsection.0.1.1}{\376\377\000F\000r\000o\000m\000\040\000V\000e\000r\000s\000i\000o\000n\000s\000\040\0003\000\040\000o\000r\000\040\0004\000\040\000t\000o\000\040\000V\000e\000r\000s\000i\000o\000n\000\040\0005}{section.0.1}% 3
\BOOKMARK [1][-]{section.0.2}{\376\377\000T\000h\000e\000\040\000A\000N\000S\000I\000\040\000C\000\040\000l\000c\000m\000\040\000A\000P\000I\000\040}{}% 4
\BOOKMARK [2][-]{subsection.0.2.1}{\376\377\000G\000e\000n\000e\000r\000a\000l\000\040\000u\000t\000i\000l\000i\000t\000y\000\040\000f\000u\000n\000c\000t\000i\000o\000n\000s}{section.0.2}% 5
\BOOKMARK [3][-]{subsubsection.0.2.1.1}{\376\377\000s\000t\000r\000c\000u\000t\000\137\000c}{subsection.0.2.1}% 6
\BOOKMARK [3][-]{subsubsection.0.2.1.2}{\376\377\000s\000t\000r\000f\000i\000l\000\137\000c}{subsection.0.2.1}% 7
\BOOKMARK [2][-]{subsection.0.2.2}{\376\377\000O\000p\000e\000n\000i\000n\000g\000,\000\040\000c\000l\000o\000s\000i\000n\000g\000\040\000a\000n\000d\000\040\000v\000a\000l\000i\000d\000a\000t\000i\000o\000n\000\040\000o\000f\000\040\000L\000C\000M\000\040\000o\000b\000j\000e\000c\000t\000s}{section.0.2}% 8
\BOOKMARK [3][-]{subsubsection.0.2.2.1}{\376\377\000l\000c\000m\000o\000p\000\137\000c}{subsection.0.2.2}% 9
\BOOKMARK [3][-]{subsubsection.0.2.2.2}{\376\377\000l\000c\000m\000c\000l\000\137\000c}{subsection.0.2.2}% 10
\BOOKMARK [3][-]{subsubsection.0.2.2.3}{\376\377\000l\000c\000m\000v\000a\000l\000\137\000c}{subsection.0.2.2}% 11
\BOOKMARK [2][-]{subsection.0.2.3}{\376\377\000I\000n\000t\000e\000r\000r\000o\000g\000a\000t\000i\000o\000n\000\040\000o\000f\000\040\000L\000C\000M\000\040\000o\000b\000j\000e\000c\000t\000s}{section.0.2}% 12
\BOOKMARK [3][-]{subsubsection.0.2.3.1}{\376\377\000l\000c\000m\000l\000e\000n\000\137\000c}{subsection.0.2.3}% 13
\BOOKMARK [3][-]{subsubsection.0.2.3.2}{\376\377\000l\000c\000m\000i\000n\000f\000\137\000c}{subsection.0.2.3}% 14
\BOOKMARK [3][-]{subsubsection.0.2.3.3}{\376\377\000l\000c\000m\000n\000x\000t\000\137\000c}{subsection.0.2.3}% 15
\BOOKMARK [3][-]{subsubsection.0.2.3.4}{\376\377\000l\000c\000m\000l\000e\000l\000\137\000c}{subsection.0.2.3}% 16
\BOOKMARK [2][-]{subsection.0.2.4}{\376\377\000M\000a\000n\000a\000g\000e\000m\000e\000n\000t\000\040\000o\000f\000\040\000t\000h\000e\000\040\000a\000r\000r\000a\000y\000\040\000o\000f\000\040\000e\000l\000e\000m\000e\000n\000t\000a\000r\000y\000\040\000t\000y\000p\000e}{section.0.2}% 17
\BOOKMARK [3][-]{subsubsection.0.2.4.1}{\376\377\000l\000c\000m\000g\000e\000t\000\137\000c}{subsection.0.2.4}% 18
\BOOKMARK [3][-]{subsubsection.0.2.4.2}{\376\377\000l\000c\000m\000p\000u\000t\000\137\000c}{subsection.0.2.4}% 19
\BOOKMARK [3][-]{subsubsection.0.2.4.3}{\376\377\000l\000c\000m\000g\000p\000d\000\137\000c}{subsection.0.2.4}% 20
\BOOKMARK [3][-]{subsubsection.0.2.4.4}{\376\377\000l\000c\000m\000p\000p\000d\000\137\000c}{subsection.0.2.4}% 21
\BOOKMARK [3][-]{subsubsection.0.2.4.5}{\376\377\000l\000c\000m\000d\000e\000l\000\137\000c}{subsection.0.2.4}% 22
\BOOKMARK [3][-]{subsubsection.0.2.4.6}{\376\377\000l\000c\000m\000g\000d\000l\000\137\000c}{subsection.0.2.4}% 23
\BOOKMARK [3][-]{subsubsection.0.2.4.7}{\376\377\000l\000c\000m\000p\000d\000l\000\137\000c}{subsection.0.2.4}% 24
\BOOKMARK [3][-]{subsubsection.0.2.4.8}{\376\377\000l\000c\000m\000g\000p\000l\000\137\000c}{subsection.0.2.4}% 25
\BOOKMARK [3][-]{subsubsection.0.2.4.9}{\376\377\000l\000c\000m\000p\000p\000l\000\137\000c}{subsection.0.2.4}% 26
\BOOKMARK [2][-]{subsection.0.2.5}{\376\377\000M\000a\000n\000a\000g\000e\000m\000e\000n\000t\000\040\000o\000f\000\040\000t\000h\000e\000\040\000a\000s\000s\000o\000c\000i\000a\000t\000i\000v\000e\000\040\000t\000a\000b\000l\000e\000s\000\040\000a\000n\000d\000\040\000o\000f\000\040\000t\000h\000e\000\040\000h\000e\000t\000e\000r\000o\000g\000e\000n\000e\000o\000u\000s\000\040\000l\000i\000s\000t\000s}{section.0.2}% 27
\BOOKMARK [3][-]{subsubsection.0.2.5.1}{\376\377\000l\000c\000m\000d\000i\000d\000\137\000c}{subsection.0.2.5}% 28
\BOOKMARK [3][-]{subsubsection.0.2.5.2}{\376\377\000l\000c\000m\000l\000i\000d\000\137\000c}{subsection.0.2.5}% 29
\BOOKMARK [3][-]{subsubsection.0.2.5.3}{\376\377\000l\000c\000m\000l\000i\000l\000\137\000c}{subsection.0.2.5}% 30
\BOOKMARK [3][-]{subsubsection.0.2.5.4}{\376\377\000l\000c\000m\000d\000i\000l\000\137\000c}{subsection.0.2.5}% 31
\BOOKMARK [3][-]{subsubsection.0.2.5.5}{\376\377\000l\000c\000m\000g\000i\000d\000\137\000c}{subsection.0.2.5}% 32
\BOOKMARK [3][-]{subsubsection.0.2.5.6}{\376\377\000l\000c\000m\000g\000i\000l\000\137\000c}{subsection.0.2.5}% 33
\BOOKMARK [3][-]{subsubsection.0.2.5.7}{\376\377\000l\000c\000m\000s\000i\000x\000\137\000c}{subsection.0.2.5}% 34
\BOOKMARK [2][-]{subsection.0.2.6}{\376\377\000L\000C\000M\000\040\000u\000t\000i\000l\000i\000t\000y\000\040\000f\000u\000n\000c\000t\000i\000o\000n\000s}{section.0.2}% 35
\BOOKMARK [3][-]{subsubsection.0.2.6.1}{\376\377\000l\000c\000m\000l\000i\000b\000\137\000c}{subsection.0.2.6}% 36
\BOOKMARK [3][-]{subsubsection.0.2.6.2}{\376\377\000l\000c\000m\000e\000q\000u\000\137\000c}{subsection.0.2.6}% 37
\BOOKMARK [3][-]{subsubsection.0.2.6.3}{\376\377\000l\000c\000m\000e\000x\000p\000\137\000c}{subsection.0.2.6}% 38
\BOOKMARK [2][-]{subsection.0.2.7}{\376\377\000U\000s\000i\000n\000g\000\040\000v\000a\000r\000i\000a\000b\000l\000e\000-\000l\000e\000n\000g\000t\000h\000\040\000s\000t\000r\000i\000n\000g\000\040\000a\000r\000r\000a\000y\000s}{section.0.2}% 39
\BOOKMARK [3][-]{subsubsection.0.2.7.1}{\376\377\000l\000c\000m\000g\000c\000d\000\137\000c}{subsection.0.2.7}% 40
\BOOKMARK [3][-]{subsubsection.0.2.7.2}{\376\377\000l\000c\000m\000p\000c\000d\000\137\000c}{subsection.0.2.7}% 41
\BOOKMARK [3][-]{subsubsection.0.2.7.3}{\376\377\000l\000c\000m\000g\000c\000l\000\137\000c}{subsection.0.2.7}% 42
\BOOKMARK [3][-]{subsubsection.0.2.7.4}{\376\377\000l\000c\000m\000p\000c\000l\000\137\000c}{subsection.0.2.7}% 43
\BOOKMARK [2][-]{subsection.0.2.8}{\376\377\000D\000y\000n\000a\000m\000i\000c\000\040\000a\000l\000l\000o\000c\000a\000t\000i\000o\000n\000\040\000o\000f\000\040\000t\000h\000e\000\040\000e\000l\000e\000m\000e\000n\000t\000a\000r\000y\000\040\000b\000l\000o\000c\000k\000s\000\040\000o\000f\000\040\000d\000a\000t\000a}{section.0.2}% 44
\BOOKMARK [3][-]{subsubsection.0.2.8.1}{\376\377\000s\000e\000t\000a\000r\000a\000\137\000c}{subsection.0.2.8}% 45
\BOOKMARK [3][-]{subsubsection.0.2.8.2}{\376\377\000r\000l\000s\000a\000r\000a\000\137\000c}{subsection.0.2.8}% 46
\BOOKMARK [2][-]{subsection.0.2.9}{\376\377\000A\000b\000n\000o\000r\000m\000a\000l\000\040\000t\000e\000r\000m\000i\000n\000a\000t\000i\000o\000n\000\040\000o\000f\000\040\000t\000h\000e\000\040\000e\000x\000e\000c\000u\000t\000i\000o\000n}{section.0.2}% 47
\BOOKMARK [3][-]{subsubsection.0.2.9.1}{\376\377\000x\000a\000b\000o\000r\000t\000\137\000c}{subsection.0.2.9}% 48
\BOOKMARK [1][-]{section.0.3}{\376\377\000T\000h\000e\000\040\000A\000N\000S\000I\000\040\000C\000\040\000C\000L\000E\000-\0002\0000\0000\0000\000\040\000A\000P\000I\000\040}{}% 49
\BOOKMARK [2][-]{subsection.0.3.1}{\376\377\000T\000h\000e\000\040\000m\000a\000i\000n\000\040\000e\000n\000t\000r\000y\000\040\000p\000o\000i\000n\000t\000\040\000f\000o\000r\000\040\000C\000L\000E\000-\0002\0000\0000\0000}{section.0.3}% 50
\BOOKMARK [3][-]{subsubsection.0.3.1.1}{\376\377\000c\000l\000e\0002\0000\0000\0000\000\137\000c}{subsection.0.3.1}% 51
\BOOKMARK [3][-]{subsubsection.0.3.1.2}{\376\377\000d\000u\000m\000m\000o\000d}{subsection.0.3.1}% 52
\BOOKMARK [3][-]{subsubsection.0.3.1.3}{\376\377\000C\000a\000l\000l\000i\000n\000g\000\040\000a\000\040\000m\000a\000i\000n\000\040\000C\000L\000E\000-\0002\0000\0000\0000\000\040\000p\000r\000o\000c\000e\000d\000u\000r\000e}{subsection.0.3.1}% 53
\BOOKMARK [3][-]{subsubsection.0.3.1.4}{\376\377\000C\000a\000l\000l\000i\000n\000g\000\040\000a\000\040\000p\000a\000r\000a\000m\000e\000t\000r\000i\000z\000e\000d\000\040\000C\000L\000E\000-\0002\0000\0000\0000\000\040\000p\000r\000o\000c\000e\000d\000u\000r\000e}{subsection.0.3.1}% 54
\BOOKMARK [3][-]{subsubsection.0.3.1.5}{\376\377\000C\000a\000l\000l\000i\000n\000g\000\040\000a\000\040\000C\000L\000E\000-\0002\0000\0000\0000\000\040\000p\000r\000o\000c\000e\000d\000u\000r\000e\000\040\000w\000i\000t\000h\000\040\000i\000n\000-\000o\000u\000t\000\040\000C\000L\000E\000-\0002\0000\0000\0000\000\040\000v\000a\000r\000i\000a\000b\000l\000e\000s}{subsection.0.3.1}% 55
\BOOKMARK [2][-]{subsection.0.3.2}{\376\377\000C\000a\000l\000l\000i\000n\000g\000\040\000a\000\040\000c\000a\000l\000c\000u\000l\000a\000t\000i\000o\000n\000\040\000m\000o\000d\000u\000l\000e\000\040\000w\000i\000t\000h\000o\000u\000t\000\040\000a\000\040\000C\000L\000E\000-\0002\0000\0000\0000\000\040\000p\000r\000o\000c\000e\000d\000u\000r\000e}{section.0.3}% 56
\BOOKMARK [3][-]{subsubsection.0.3.2.1}{\376\377\000c\000l\000e\000m\000o\000d\000\137\000c}{subsection.0.3.2}% 57
\BOOKMARK [2][-]{subsection.0.3.3}{\376\377\000M\000a\000n\000a\000g\000e\000m\000e\000n\000t\000\040\000o\000f\000\040\000t\000h\000e\000\040\000l\000a\000s\000t\000-\000i\000n\000-\000f\000i\000r\000s\000t\000-\000o\000u\000t\000\040\000\050\000l\000i\000f\000o\000\051\000\040\000s\000t\000a\000c\000k}{section.0.3}% 58
\BOOKMARK [3][-]{subsubsection.0.3.3.1}{\376\377\000c\000l\000e\000o\000p\000n}{subsection.0.3.3}% 59
\BOOKMARK [3][-]{subsubsection.0.3.3.2}{\376\377\000c\000l\000e\000p\000o\000p}{subsection.0.3.3}% 60
\BOOKMARK [3][-]{subsubsection.0.3.3.3}{\376\377\000c\000l\000e\000p\000u\000s\000h}{subsection.0.3.3}% 61
\BOOKMARK [3][-]{subsubsection.0.3.3.4}{\376\377\000c\000l\000e\000c\000l\000s}{subsection.0.3.3}% 62
\BOOKMARK [3][-]{subsubsection.0.3.3.5}{\376\377\000c\000l\000e\000n\000o\000d\000e}{subsection.0.3.3}% 63
\BOOKMARK [3][-]{subsubsection.0.3.3.6}{\376\377\000c\000l\000e\000p\000o\000s}{subsection.0.3.3}% 64
\BOOKMARK [3][-]{subsubsection.0.3.3.7}{\376\377\000c\000l\000e\000l\000i\000b}{subsection.0.3.3}% 65
\BOOKMARK [2][-]{subsection.0.3.4}{\376\377\000T\000h\000e\000\040\000f\000r\000e\000e\000-\000f\000o\000r\000m\000a\000t\000\040\000i\000n\000p\000u\000t\000\040\000r\000e\000a\000d\000e\000r}{section.0.3}% 66
\BOOKMARK [3][-]{subsubsection.0.3.4.1}{\376\377\000r\000e\000d\000o\000p\000n\000\137\000c}{subsection.0.3.4}% 67
\BOOKMARK [3][-]{subsubsection.0.3.4.2}{\376\377\000r\000e\000d\000g\000e\000t\000\137\000c}{subsection.0.3.4}% 68
\BOOKMARK [3][-]{subsubsection.0.3.4.3}{\376\377\000r\000e\000d\000p\000u\000t\000\137\000c}{subsection.0.3.4}% 69
\BOOKMARK [3][-]{subsubsection.0.3.4.4}{\376\377\000r\000e\000d\000c\000l\000s\000\137\000c}{subsection.0.3.4}% 70
\BOOKMARK [2][-]{subsection.0.3.5}{\376\377\000D\000e\000f\000i\000n\000i\000n\000g\000\040\000b\000u\000i\000l\000t\000-\000i\000n\000\040\000c\000o\000n\000s\000t\000a\000n\000t\000s\000\040\000i\000n\000\040\000C\000L\000E\000-\0002\0000\0000\0000}{section.0.3}% 71
\BOOKMARK [3][-]{subsubsection.0.3.5.1}{\376\377\000c\000l\000e\000c\000s\000t}{subsection.0.3.5}% 72
\BOOKMARK [1][-]{section.0.4}{\376\377\000T\000h\000e\000\040\000I\000S\000O\000\040\000F\000o\000r\000t\000r\000a\000n\000\040\000l\000c\000m\000\040\000A\000P\000I\000\040}{}% 73
\BOOKMARK [2][-]{subsection.0.4.1}{\376\377\000O\000p\000e\000n\000i\000n\000g\000,\000\040\000c\000l\000o\000s\000i\000n\000g\000\040\000a\000n\000d\000\040\000v\000a\000l\000i\000d\000a\000t\000i\000o\000n\000\040\000o\000f\000\040\000L\000C\000M\000\040\000o\000b\000j\000e\000c\000t\000s}{section.0.4}% 74
\BOOKMARK [3][-]{subsubsection.0.4.1.1}{\376\377\000L\000C\000M\000O\000P}{subsection.0.4.1}% 75
\BOOKMARK [3][-]{subsubsection.0.4.1.2}{\376\377\000L\000C\000M\000C\000L}{subsection.0.4.1}% 76
\BOOKMARK [3][-]{subsubsection.0.4.1.3}{\376\377\000L\000C\000M\000V\000A\000L}{subsection.0.4.1}% 77
\BOOKMARK [2][-]{subsection.0.4.2}{\376\377\000I\000n\000t\000e\000r\000r\000o\000g\000a\000t\000i\000o\000n\000\040\000o\000f\000\040\000L\000C\000M\000\040\000o\000b\000j\000e\000c\000t\000s}{section.0.4}% 78
\BOOKMARK [3][-]{subsubsection.0.4.2.1}{\376\377\000L\000C\000M\000L\000E\000N}{subsection.0.4.2}% 79
\BOOKMARK [3][-]{subsubsection.0.4.2.2}{\376\377\000L\000C\000M\000I\000N\000F}{subsection.0.4.2}% 80
\BOOKMARK [3][-]{subsubsection.0.4.2.3}{\376\377\000L\000C\000M\000N\000X\000T}{subsection.0.4.2}% 81
\BOOKMARK [3][-]{subsubsection.0.4.2.4}{\376\377\000L\000C\000M\000L\000E\000L}{subsection.0.4.2}% 82
\BOOKMARK [2][-]{subsection.0.4.3}{\376\377\000M\000a\000n\000a\000g\000e\000m\000e\000n\000t\000\040\000o\000f\000\040\000t\000h\000e\000\040\000a\000r\000r\000a\000y\000\040\000o\000f\000\040\000e\000l\000e\000m\000e\000n\000t\000a\000r\000y\000\040\000t\000y\000p\000e}{section.0.4}% 83
\BOOKMARK [3][-]{subsubsection.0.4.3.1}{\376\377\000L\000C\000M\000G\000E\000T}{subsection.0.4.3}% 84
\BOOKMARK [3][-]{subsubsection.0.4.3.2}{\376\377\000L\000C\000M\000P\000U\000T}{subsection.0.4.3}% 85
\BOOKMARK [3][-]{subsubsection.0.4.3.3}{\376\377\000L\000C\000M\000G\000P\000D}{subsection.0.4.3}% 86
\BOOKMARK [3][-]{subsubsection.0.4.3.4}{\376\377\000L\000C\000M\000P\000P\000D}{subsection.0.4.3}% 87
\BOOKMARK [3][-]{subsubsection.0.4.3.5}{\376\377\000L\000C\000M\000D\000E\000L}{subsection.0.4.3}% 88
\BOOKMARK [3][-]{subsubsection.0.4.3.6}{\376\377\000L\000C\000M\000G\000D\000L}{subsection.0.4.3}% 89
\BOOKMARK [3][-]{subsubsection.0.4.3.7}{\376\377\000L\000C\000M\000P\000D\000L}{subsection.0.4.3}% 90
\BOOKMARK [3][-]{subsubsection.0.4.3.8}{\376\377\000L\000C\000M\000G\000P\000L}{subsection.0.4.3}% 91
\BOOKMARK [3][-]{subsubsection.0.4.3.9}{\376\377\000L\000C\000M\000P\000P\000L}{subsection.0.4.3}% 92
\BOOKMARK [2][-]{subsection.0.4.4}{\376\377\000M\000a\000n\000a\000g\000e\000m\000e\000n\000t\000\040\000o\000f\000\040\000t\000h\000e\000\040\000a\000s\000s\000o\000c\000i\000a\000t\000i\000v\000e\000\040\000t\000a\000b\000l\000e\000s\000\040\000a\000n\000d\000\040\000o\000f\000\040\000t\000h\000e\000\040\000h\000e\000t\000e\000r\000o\000g\000e\000n\000e\000o\000u\000s\000\040\000l\000i\000s\000t\000s}{section.0.4}% 93
\BOOKMARK [3][-]{subsubsection.0.4.4.1}{\376\377\000L\000C\000M\000D\000I\000D}{subsection.0.4.4}% 94
\BOOKMARK [3][-]{subsubsection.0.4.4.2}{\376\377\000L\000C\000M\000L\000I\000D}{subsection.0.4.4}% 95
\BOOKMARK [3][-]{subsubsection.0.4.4.3}{\376\377\000L\000C\000M\000L\000I\000L}{subsection.0.4.4}% 96
\BOOKMARK [3][-]{subsubsection.0.4.4.4}{\376\377\000L\000C\000M\000D\000I\000L}{subsection.0.4.4}% 97
\BOOKMARK [3][-]{subsubsection.0.4.4.5}{\376\377\000L\000C\000M\000G\000I\000D}{subsection.0.4.4}% 98
\BOOKMARK [3][-]{subsubsection.0.4.4.6}{\376\377\000L\000C\000M\000G\000I\000L}{subsection.0.4.4}% 99
\BOOKMARK [3][-]{subsubsection.0.4.4.7}{\376\377\000L\000C\000M\000S\000I\000X}{subsection.0.4.4}% 100
\BOOKMARK [2][-]{subsection.0.4.5}{\376\377\000L\000C\000M\000\040\000u\000t\000i\000l\000i\000t\000y\000\040\000f\000u\000n\000c\000t\000i\000o\000n\000s}{section.0.4}% 101
\BOOKMARK [3][-]{subsubsection.0.4.5.1}{\376\377\000L\000C\000M\000L\000I\000B}{subsection.0.4.5}% 102
\BOOKMARK [3][-]{subsubsection.0.4.5.2}{\376\377\000L\000C\000M\000E\000Q\000U}{subsection.0.4.5}% 103
\BOOKMARK [3][-]{subsubsection.0.4.5.3}{\376\377\000L\000C\000M\000E\000X\000P}{subsection.0.4.5}% 104
\BOOKMARK [2][-]{subsection.0.4.6}{\376\377\000U\000s\000i\000n\000g\000\040\000f\000i\000x\000e\000d\000-\000l\000e\000n\000g\000t\000h\000\040\000c\000h\000a\000r\000a\000c\000t\000e\000r\000\040\000a\000r\000r\000a\000y\000s}{section.0.4}% 105
\BOOKMARK [3][-]{subsubsection.0.4.6.1}{\376\377\000L\000C\000M\000G\000T\000C}{subsection.0.4.6}% 106
\BOOKMARK [3][-]{subsubsection.0.4.6.2}{\376\377\000L\000C\000M\000P\000T\000C}{subsection.0.4.6}% 107
\BOOKMARK [3][-]{subsubsection.0.4.6.3}{\376\377\000L\000C\000M\000G\000L\000C}{subsection.0.4.6}% 108
\BOOKMARK [3][-]{subsubsection.0.4.6.4}{\376\377\000L\000C\000M\000P\000L\000C}{subsection.0.4.6}% 109
\BOOKMARK [2][-]{subsection.0.4.7}{\376\377\000U\000s\000i\000n\000g\000\040\000v\000a\000r\000i\000a\000b\000l\000e\000-\000l\000e\000n\000g\000t\000h\000\040\000c\000h\000a\000r\000a\000c\000t\000e\000r\000\040\000a\000r\000r\000a\000y\000s}{section.0.4}% 110
\BOOKMARK [3][-]{subsubsection.0.4.7.1}{\376\377\000L\000C\000M\000G\000C\000D}{subsection.0.4.7}% 111
\BOOKMARK [3][-]{subsubsection.0.4.7.2}{\376\377\000L\000C\000M\000P\000C\000D}{subsection.0.4.7}% 112
\BOOKMARK [3][-]{subsubsection.0.4.7.3}{\376\377\000L\000C\000M\000G\000C\000L}{subsection.0.4.7}% 113
\BOOKMARK [3][-]{subsubsection.0.4.7.4}{\376\377\000L\000C\000M\000P\000C\000L}{subsection.0.4.7}% 114
\BOOKMARK [2][-]{subsection.0.4.8}{\376\377\000D\000y\000n\000a\000m\000i\000c\000\040\000a\000l\000l\000o\000c\000a\000t\000i\000o\000n\000\040\000o\000f\000\040\000a\000n\000\040\000e\000l\000e\000m\000e\000n\000t\000a\000r\000y\000\040\000b\000l\000o\000c\000k\000s\000\040\000o\000f\000\040\000d\000a\000t\000a\000\040\000i\000n\000\040\000A\000N\000S\000I\000\040\000C}{section.0.4}% 115
\BOOKMARK [3][-]{subsubsection.0.4.8.1}{\376\377\000L\000C\000M\000A\000R\000A}{subsection.0.4.8}% 116
\BOOKMARK [3][-]{subsubsection.0.4.8.2}{\376\377\000L\000C\000M\000D\000R\000D}{subsection.0.4.8}% 117
\BOOKMARK [2][-]{subsection.0.4.9}{\376\377\000A\000b\000n\000o\000r\000m\000a\000l\000\040\000t\000e\000r\000m\000i\000n\000a\000t\000i\000o\000n\000\040\000o\000f\000\040\000t\000h\000e\000\040\000e\000x\000e\000c\000u\000t\000i\000o\000n}{section.0.4}% 118
\BOOKMARK [3][-]{subsubsection.0.4.9.1}{\376\377\000X\000A\000B\000O\000R\000T}{subsection.0.4.9}% 119
\BOOKMARK [1][-]{section.0.5}{\376\377\000T\000h\000e\000\040\000I\000S\000O\000\040\000F\000o\000r\000t\000r\000a\000n\000\040\000C\000L\000E\000-\0002\0000\0000\0000\000\040\000A\000P\000I\000\040}{}% 120
\BOOKMARK [2][-]{subsection.0.5.1}{\376\377\000M\000a\000n\000a\000g\000e\000m\000e\000n\000t\000\040\000o\000f\000\040\000F\000o\000r\000t\000r\000a\000n\000\040\000f\000i\000l\000e\000s\000\040\000o\000u\000t\000s\000i\000d\000e\000\040\000C\000L\000E\000-\0002\0000\0000\0000}{section.0.5}% 121
\BOOKMARK [3][-]{subsubsection.0.5.1.1}{\376\377\000K\000D\000R\000O\000P\000N}{subsection.0.5.1}% 122
\BOOKMARK [3][-]{subsubsection.0.5.1.2}{\376\377\000K\000D\000R\000C\000L\000S}{subsection.0.5.1}% 123
\BOOKMARK [2][-]{subsection.0.5.2}{\376\377\000M\000a\000n\000a\000g\000e\000m\000e\000n\000t\000\040\000o\000f\000\040\000w\000o\000r\000d\000-\000a\000d\000d\000r\000e\000s\000s\000a\000b\000l\000e\000\040\000\050\000K\000D\000I\000\051\000\040\000f\000i\000l\000e\000s\000\040\000o\000u\000t\000s\000i\000d\000e\000\040\000C\000L\000E\000-\0002\0000\0000\0000}{section.0.5}% 124
\BOOKMARK [3][-]{subsubsection.0.5.2.1}{\376\377\000K\000D\000I\000O\000P}{subsection.0.5.2}% 125
\BOOKMARK [3][-]{subsubsection.0.5.2.2}{\376\377\000K\000D\000I\000G\000E\000T}{subsection.0.5.2}% 126
\BOOKMARK [3][-]{subsubsection.0.5.2.3}{\376\377\000K\000D\000I\000P\000U\000T}{subsection.0.5.2}% 127
\BOOKMARK [3][-]{subsubsection.0.5.2.4}{\376\377\000K\000D\000I\000C\000L}{subsection.0.5.2}% 128
\BOOKMARK [2][-]{subsection.0.5.3}{\376\377\000M\000a\000n\000a\000g\000e\000m\000e\000n\000t\000\040\000o\000f\000\040\000F\000o\000r\000t\000r\000a\000n\000\040\000a\000n\000d\000\040\000K\000D\000I\000\040\000f\000i\000l\000e\000s\000\040\000u\000s\000e\000d\000\040\000a\000s\000\040\000C\000L\000E\000-\0002\0000\0000\0000\000\040\000p\000a\000r\000a\000m\000e\000t\000e\000r\000s}{section.0.5}% 129
\BOOKMARK [3][-]{subsubsection.0.5.3.1}{\376\377\000F\000I\000L\000O\000P\000N}{subsection.0.5.3}% 130
\BOOKMARK [3][-]{subsubsection.0.5.3.2}{\376\377\000F\000I\000L\000C\000L\000S}{subsection.0.5.3}% 131
\BOOKMARK [3][-]{subsubsection.0.5.3.3}{\376\377\000F\000I\000L\000U\000N\000I\000T}{subsection.0.5.3}% 132
\BOOKMARK [3][-]{subsubsection.0.5.3.4}{\376\377\000F\000I\000L\000K\000D\000I}{subsection.0.5.3}% 133
\BOOKMARK [2][-]{subsection.0.5.4}{\376\377\000T\000h\000e\000\040\000m\000a\000i\000n\000\040\000e\000n\000t\000r\000y\000\040\000p\000o\000i\000n\000t\000\040\000f\000o\000r\000\040\000C\000L\000E\000-\0002\0000\0000\0000}{section.0.5}% 134
\BOOKMARK [3][-]{subsubsection.0.5.4.1}{\376\377\000K\000E\000R\000N\000E\000L}{subsection.0.5.4}% 135
\BOOKMARK [3][-]{subsubsection.0.5.4.2}{\376\377\000D\000U\000M\000M\000O\000D}{subsection.0.5.4}% 136
\BOOKMARK [2][-]{subsection.0.5.5}{\376\377\000T\000h\000e\000\040\000f\000r\000e\000e\000-\000f\000o\000r\000m\000a\000t\000\040\000i\000n\000p\000u\000t\000\040\000r\000e\000a\000d\000e\000r}{section.0.5}% 137
\BOOKMARK [3][-]{subsubsection.0.5.5.1}{\376\377\000R\000E\000D\000O\000P\000N}{subsection.0.5.5}% 138
\BOOKMARK [3][-]{subsubsection.0.5.5.2}{\376\377\000R\000E\000D\000G\000E\000T}{subsection.0.5.5}% 139
\BOOKMARK [3][-]{subsubsection.0.5.5.3}{\376\377\000R\000E\000D\000P\000U\000T}{subsection.0.5.5}% 140
\BOOKMARK [3][-]{subsubsection.0.5.5.4}{\376\377\000R\000E\000D\000C\000L\000S}{subsection.0.5.5}% 141
\BOOKMARK [1][-]{section.0.6}{\376\377\000T\000h\000e\000\040\000P\000y\000t\000h\000o\000n\0003\000\040\000l\000c\000m\000\040\000A\000P\000I\000\040}{}% 142
\BOOKMARK [2][-]{subsection.0.6.1}{\376\377\000S\000t\000r\000u\000c\000t\000u\000r\000e\000s}{section.0.6}% 143
\BOOKMARK [2][-]{subsection.0.6.2}{\376\377\000L\000C\000M\000\040\000o\000b\000j\000e\000c\000t\000\040\000P\000y\000t\000h\000o\000n\000\040\000A\000P\000I}{section.0.6}% 144
\BOOKMARK [3][-]{subsubsection.0.6.2.1}{\376\377\000A\000t\000t\000r\000i\000b\000u\000t\000e\000\040\000V\000a\000r\000i\000a\000b\000l\000e\000s\000\040}{subsection.0.6.2}% 145
\BOOKMARK [3][-]{subsubsection.0.6.2.2}{\376\377\000l\000c\000m\000.\000n\000e\000w\000\050\000\051}{subsection.0.6.2}% 146
\BOOKMARK [3][-]{subsubsection.0.6.2.3}{\376\377\000o\000.\000k\000e\000y\000s\000\050\000\051}{subsection.0.6.2}% 147
\BOOKMARK [3][-]{subsubsection.0.6.2.4}{\376\377\000o\000.\000l\000i\000b\000\050\000\051}{subsection.0.6.2}% 148
\BOOKMARK [3][-]{subsubsection.0.6.2.5}{\376\377\000o\000.\000v\000a\000l\000\050\000\051}{subsection.0.6.2}% 149
\BOOKMARK [3][-]{subsubsection.0.6.2.6}{\376\377\000o\000.\000l\000e\000n\000\050\000\051}{subsection.0.6.2}% 150
\BOOKMARK [3][-]{subsubsection.0.6.2.7}{\376\377\000o\000.\000r\000e\000p\000\050\000\051}{subsection.0.6.2}% 151
\BOOKMARK [3][-]{subsubsection.0.6.2.8}{\376\377\000o\000.\000l\000i\000s\000\050\000\051}{subsection.0.6.2}% 152
\BOOKMARK [3][-]{subsubsection.0.6.2.9}{\376\377\000o\000.\000c\000o\000p\000y\000\050\000\051}{subsection.0.6.2}% 153
\BOOKMARK [3][-]{subsubsection.0.6.2.10}{\376\377\000o\000.\000e\000x\000p\000o\000r\000\050\000\051}{subsection.0.6.2}% 154
\BOOKMARK [1][-]{section.0.7}{\376\377\000T\000h\000e\000\040\000P\000y\000t\000h\000o\000n\0003\000\040\000C\000L\000E\000-\0002\0000\0000\0000\000\040\000A\000P\000I\000\040}{}% 155
\BOOKMARK [2][-]{subsection.0.7.1}{\376\377\000T\000h\000e\000\040\000l\000i\000f\000o\000\040\000c\000l\000a\000s\000s}{section.0.7}% 156
\BOOKMARK [3][-]{subsubsection.0.7.1.1}{\376\377\000A\000t\000t\000r\000i\000b\000u\000t\000e\000\040\000V\000a\000r\000i\000a\000b\000l\000e\000s\000\040}{subsection.0.7.1}% 157
\BOOKMARK [3][-]{subsubsection.0.7.1.2}{\376\377\000l\000i\000f\000o\000.\000n\000e\000w\000\050\000\051}{subsection.0.7.1}% 158
\BOOKMARK [3][-]{subsubsection.0.7.1.3}{\376\377\000o\000.\000l\000i\000b\000\050\000\051}{subsection.0.7.1}% 159
\BOOKMARK [3][-]{subsubsection.0.7.1.4}{\376\377\000o\000.\000p\000u\000s\000h\000\050\000\051}{subsection.0.7.1}% 160
\BOOKMARK [3][-]{subsubsection.0.7.1.5}{\376\377\000o\000.\000p\000u\000s\000h\000E\000m\000p\000t\000y\000\050\000\051}{subsection.0.7.1}% 161
\BOOKMARK [3][-]{subsubsection.0.7.1.6}{\376\377\000o\000.\000p\000o\000p\000\050\000\051}{subsection.0.7.1}% 162
\BOOKMARK [3][-]{subsubsection.0.7.1.7}{\376\377\000o\000.\000n\000o\000d\000e\000\050\000\051}{subsection.0.7.1}% 163
\BOOKMARK [3][-]{subsubsection.0.7.1.8}{\376\377\000o\000.\000g\000e\000t\000M\000a\000x\000\050\000\051}{subsection.0.7.1}% 164
\BOOKMARK [3][-]{subsubsection.0.7.1.9}{\376\377\000o\000.\000O\000S\000n\000a\000m\000e\000\050\000\051}{subsection.0.7.1}% 165
\BOOKMARK [2][-]{subsection.0.7.2}{\376\377\000T\000h\000e\000\040\000c\000l\000e\0002\0000\0000\0000\000\040\000c\000l\000a\000s\000s}{section.0.7}% 166
\BOOKMARK [3][-]{subsubsection.0.7.2.1}{\376\377\000A\000t\000t\000r\000i\000b\000u\000t\000e\000\040\000V\000a\000r\000i\000a\000b\000l\000e\000s}{subsection.0.7.2}% 167
\BOOKMARK [3][-]{subsubsection.0.7.2.2}{\376\377\000c\000l\000e\0002\0000\0000\0000\000.\000n\000e\000w\000\050\000\051}{subsection.0.7.2}% 168
\BOOKMARK [3][-]{subsubsection.0.7.2.3}{\376\377\000o\000.\000e\000x\000e\000c\000\050\000\051}{subsection.0.7.2}% 169
\BOOKMARK [3][-]{subsubsection.0.7.2.4}{\376\377\000o\000.\000g\000e\000t\000L\000i\000f\000o\000\050\000\051}{subsection.0.7.2}% 170
\BOOKMARK [3][-]{subsubsection.0.7.2.5}{\376\377\000o\000.\000p\000u\000t\000L\000i\000f\000o\000\050\000\051}{subsection.0.7.2}% 171
\BOOKMARK [1][-]{section*.1}{\376\377\000R\000e\000f\000e\000r\000e\000n\000c\000e\000s\000\040}{}% 172
