\BOOKMARK [1][-]{Doc-Start}{\376\377\000C\000o\000p\000y\000r\000i\000g\000h\000t\000\040\000N\000o\000t\000i\000c\000e\000\040\000f\000o\000r\000\040\000D\000R\000A\000G\000O\000N\000\040}{}% 1
\BOOKMARK [1][-]{Doc-Start}{\376\377\000A\000c\000k\000n\000o\000w\000l\000e\000d\000g\000m\000e\000n\000t\000s\000\040}{}% 2
\BOOKMARK [1][-]{section*.1}{\376\377\000C\000o\000n\000t\000e\000n\000t\000s\000\040}{}% 3
\BOOKMARK [1][-]{section*.2}{\376\377\000L\000i\000s\000t\000\040\000o\000f\000\040\000F\000i\000g\000u\000r\000e\000s\000\040}{}% 4
\BOOKMARK [1][-]{section*.3}{\376\377\000L\000i\000s\000t\000\040\000o\000f\000\040\000T\000a\000b\000l\000e\000s\000\040}{}% 5
\BOOKMARK [1][-]{section.0.1}{\376\377\000I\000N\000T\000R\000O\000D\000U\000C\000T\000I\000O\000N\000\040}{}% 6
\BOOKMARK [1][-]{section.0.2}{\376\377\000G\000E\000N\000E\000R\000A\000L\000\040\000S\000T\000R\000U\000C\000T\000U\000R\000E\000\040\000O\000F\000\040\000T\000H\000E\000\040\000D\000R\000A\000G\000O\000N\000\040\000I\000N\000P\000U\000T\000\040}{}% 7
\BOOKMARK [2][-]{subsection.0.2.1}{\376\377\000D\000a\000t\000a\000\040\000o\000r\000g\000a\000n\000i\000z\000a\000t\000i\000o\000n}{section.0.2}% 8
\BOOKMARK [2][-]{subsection.0.2.2}{\376\377\000D\000R\000A\000G\000O\000N\000\040\000D\000a\000t\000a\000\040\000S\000t\000r\000u\000c\000t\000u\000r\000e\000\040\000a\000n\000d\000\040\000M\000o\000d\000u\000l\000e\000\040\000D\000e\000c\000l\000a\000r\000a\000t\000i\000o\000n\000s}{section.0.2}% 9
\BOOKMARK [2][-]{subsection.0.2.3}{\376\377\000T\000h\000e\000\040\000D\000R\000A\000G\000O\000N\000\040\000M\000o\000d\000u\000l\000e\000s}{section.0.2}% 10
\BOOKMARK [2][-]{subsection.0.2.4}{\376\377\000T\000h\000e\000\040\000U\000t\000i\000l\000i\000t\000y\000\040\000M\000o\000d\000u\000l\000e\000s}{section.0.2}% 11
\BOOKMARK [2][-]{subsection.0.2.5}{\376\377\000T\000h\000e\000\040\000D\000R\000A\000G\000O\000N\000\040\000D\000a\000t\000a\000\040\000S\000t\000r\000u\000c\000t\000u\000r\000e\000s}{section.0.2}% 12
\BOOKMARK [2][-]{subsection.0.2.6}{\376\377\000M\000a\000i\000n\000\040\000U\000p\000d\000a\000t\000e\000s\000\040\000i\000n\000\040\000D\000R\000A\000G\000O\000N}{section.0.2}% 13
\BOOKMARK [1][-]{section.0.3}{\376\377\000T\000H\000E\000\040\000D\000R\000A\000G\000O\000N\000\040\000M\000O\000D\000U\000L\000E\000S\000\040}{}% 14
\BOOKMARK [2][-]{subsection.0.3.1}{\376\377\000T\000h\000e\000\040\000M\000A\000C\000:\000\040\000m\000o\000d\000u\000l\000e}{section.0.3}% 15
\BOOKMARK [3][-]{subsubsection.0.3.1.1}{\376\377\000I\000n\000p\000u\000t\000\040\000s\000t\000r\000u\000c\000t\000u\000r\000e\000\040\000f\000o\000r\000\040\000m\000o\000d\000u\000l\000e\000\040\000M\000A\000C\000:}{subsection.0.3.1}% 16
\BOOKMARK [3][-]{subsubsection.0.3.1.2}{\376\377\000M\000a\000c\000r\000o\000s\000c\000o\000p\000i\000c\000\040\000c\000r\000o\000s\000s\000\040\000s\000e\000c\000t\000i\000o\000n\000\040\000d\000e\000f\000i\000n\000i\000t\000i\000o\000n}{subsection.0.3.1}% 17
\BOOKMARK [3][-]{subsubsection.0.3.1.3}{\376\377\000U\000p\000d\000a\000t\000e\000\040\000s\000t\000r\000u\000c\000t\000u\000r\000e\000\040\000f\000o\000r\000\040\000o\000p\000e\000r\000a\000t\000o\000r\000\040\000M\000A\000C\000:}{subsection.0.3.1}% 18
\BOOKMARK [2][-]{subsection.0.3.2}{\376\377\000T\000h\000e\000\040\000L\000I\000B\000:\000\040\000m\000o\000d\000u\000l\000e}{section.0.3}% 19
\BOOKMARK [3][-]{subsubsection.0.3.2.1}{\376\377\000D\000a\000t\000a\000\040\000i\000n\000p\000u\000t\000\040\000f\000o\000r\000\040\000m\000o\000d\000u\000l\000e\000\040\000L\000I\000B\000:}{subsection.0.3.2}% 20
\BOOKMARK [3][-]{subsubsection.0.3.2.2}{\376\377\000D\000e\000p\000l\000e\000t\000i\000o\000n\000\040\000d\000a\000t\000a\000\040\000s\000t\000r\000u\000c\000t\000u\000r\000e}{subsection.0.3.2}% 21
\BOOKMARK [3][-]{subsubsection.0.3.2.3}{\376\377\000M\000i\000x\000t\000u\000r\000e\000\040\000d\000e\000s\000c\000r\000i\000p\000t\000i\000o\000n\000\040\000s\000t\000r\000u\000c\000t\000u\000r\000e}{subsection.0.3.2}% 22
\BOOKMARK [2][-]{subsection.0.3.3}{\376\377\000T\000h\000e\000\040\000G\000E\000O\000:\000\040\000m\000o\000d\000u\000l\000e}{section.0.3}% 23
\BOOKMARK [3][-]{subsubsection.0.3.3.1}{\376\377\000D\000a\000t\000a\000\040\000i\000n\000p\000u\000t\000\040\000f\000o\000r\000\040\000m\000o\000d\000u\000l\000e\000\040\000G\000E\000O\000:}{subsection.0.3.3}% 24
\BOOKMARK [3][-]{subsubsection.0.3.3.2}{\376\377\000B\000o\000u\000n\000d\000a\000r\000y\000\040\000c\000o\000n\000d\000i\000t\000i\000o\000n\000s}{subsection.0.3.3}% 25
\BOOKMARK [3][-]{subsubsection.0.3.3.3}{\376\377\000S\000p\000a\000t\000i\000a\000l\000\040\000p\000r\000o\000p\000e\000r\000t\000i\000e\000s\000\040\000o\000f\000\040\000g\000e\000o\000m\000e\000t\000r\000y}{subsection.0.3.3}% 26
\BOOKMARK [3][-]{subsubsection.0.3.3.4}{\376\377\000P\000h\000y\000s\000i\000c\000a\000l\000\040\000p\000r\000o\000p\000e\000r\000t\000i\000e\000s\000\040\000o\000f\000\040\000g\000e\000o\000m\000e\000t\000r\000y}{subsection.0.3.3}% 27
\BOOKMARK [3][-]{subsubsection.0.3.3.5}{\376\377\000D\000o\000u\000b\000l\000e\000-\000h\000e\000t\000e\000r\000o\000g\000e\000n\000e\000i\000t\000y}{subsection.0.3.3}% 28
\BOOKMARK [3][-]{subsubsection.0.3.3.6}{\376\377\000D\000o\000-\000i\000t\000-\000y\000o\000u\000r\000s\000e\000l\000f\000\040\000g\000e\000o\000m\000e\000t\000r\000i\000e\000s}{subsection.0.3.3}% 29
\BOOKMARK [2][-]{subsection.0.3.4}{\376\377\000T\000h\000e\000\040\000t\000r\000a\000c\000k\000i\000n\000g\000\040\000m\000o\000d\000u\000l\000e\000s}{section.0.3}% 30
\BOOKMARK [3][-]{subsubsection.0.3.4.1}{\376\377\000T\000h\000e\000\040\000S\000Y\000B\000I\000L\000T\000:\000\040\000t\000r\000a\000c\000k\000i\000n\000g\000\040\000m\000o\000d\000u\000l\000e}{subsection.0.3.4}% 31
\BOOKMARK [3][-]{subsubsection.0.3.4.2}{\376\377\000T\000h\000e\000\040\000E\000X\000C\000E\000L\000T\000:\000\040\000t\000r\000a\000c\000k\000i\000n\000g\000\040\000m\000o\000d\000u\000l\000e}{subsection.0.3.4}% 32
\BOOKMARK [3][-]{subsubsection.0.3.4.3}{\376\377\000T\000h\000e\000\040\000N\000X\000T\000:\000\040\000t\000r\000a\000c\000k\000i\000n\000g\000\040\000m\000o\000d\000u\000l\000e}{subsection.0.3.4}% 33
\BOOKMARK [3][-]{subsubsection.0.3.4.4}{\376\377\000T\000h\000e\000\040\000M\000C\000C\000G\000T\000:\000\040\000t\000r\000a\000c\000k\000i\000n\000g\000\040\000m\000o\000d\000u\000l\000e}{subsection.0.3.4}% 34
\BOOKMARK [3][-]{subsubsection.0.3.4.5}{\376\377\000T\000h\000e\000\040\000S\000N\000T\000:\000\040\000t\000r\000a\000c\000k\000i\000n\000g\000\040\000m\000o\000d\000u\000l\000e}{subsection.0.3.4}% 35
\BOOKMARK [3][-]{subsubsection.0.3.4.6}{\376\377\000T\000h\000e\000\040\000B\000I\000V\000A\000C\000T\000:\000\040\000t\000r\000a\000c\000k\000i\000n\000g\000\040\000m\000o\000d\000u\000l\000e}{subsection.0.3.4}% 36
\BOOKMARK [3][-]{subsubsection.0.3.4.7}{\376\377\000T\000h\000e\000\040\000T\000R\000I\000V\000A\000T\000:\000\040\000t\000r\000a\000c\000k\000i\000n\000g\000\040\000m\000o\000d\000u\000l\000e}{subsection.0.3.4}% 37
\BOOKMARK [2][-]{subsection.0.3.5}{\376\377\000T\000h\000e\000\040\000S\000H\000I\000:\000\040\000m\000o\000d\000u\000l\000e}{section.0.3}% 38
\BOOKMARK [3][-]{subsubsection.0.3.5.1}{\376\377\000D\000a\000t\000a\000\040\000i\000n\000p\000u\000t\000\040\000f\000o\000r\000\040\000m\000o\000d\000u\000l\000e\000\040\000S\000H\000I\000:}{subsection.0.3.5}% 39
\BOOKMARK [2][-]{subsection.0.3.6}{\376\377\000T\000h\000e\000\040\000T\000O\000N\000E\000:\000\040\000m\000o\000d\000u\000l\000e}{section.0.3}% 40
\BOOKMARK [3][-]{subsubsection.0.3.6.1}{\376\377\000D\000a\000t\000a\000\040\000i\000n\000p\000u\000t\000\040\000f\000o\000r\000\040\000m\000o\000d\000u\000l\000e\000\040\000T\000O\000N\000E\000:}{subsection.0.3.6}% 41
\BOOKMARK [2][-]{subsection.0.3.7}{\376\377\000T\000h\000e\000\040\000U\000S\000S\000:\000\040\000m\000o\000d\000u\000l\000e}{section.0.3}% 42
\BOOKMARK [3][-]{subsubsection.0.3.7.1}{\376\377\000D\000a\000t\000a\000\040\000i\000n\000p\000u\000t\000\040\000f\000o\000r\000\040\000m\000o\000d\000u\000l\000e\000\040\000U\000S\000S\000:}{subsection.0.3.7}% 43
\BOOKMARK [2][-]{subsection.0.3.8}{\376\377\000T\000h\000e\000\040\000A\000S\000M\000:\000\040\000m\000o\000d\000u\000l\000e}{section.0.3}% 44
\BOOKMARK [3][-]{subsubsection.0.3.8.1}{\376\377\000D\000a\000t\000a\000\040\000i\000n\000p\000u\000t\000\040\000f\000o\000r\000\040\000m\000o\000d\000u\000l\000e\000\040\000A\000S\000M\000:}{subsection.0.3.8}% 45
\BOOKMARK [2][-]{subsection.0.3.9}{\376\377\000T\000h\000e\000\040\000F\000L\000U\000:\000\040\000m\000o\000d\000u\000l\000e}{section.0.3}% 46
\BOOKMARK [3][-]{subsubsection.0.3.9.1}{\376\377\000D\000a\000t\000a\000\040\000i\000n\000p\000u\000t\000\040\000f\000o\000r\000\040\000m\000o\000d\000u\000l\000e\000\040\000F\000L\000U\000:}{subsection.0.3.9}% 47
\BOOKMARK [3][-]{subsubsection.0.3.9.2}{\376\377\000L\000e\000a\000k\000a\000g\000e\000\040\000m\000o\000d\000e\000l\000\040\000s\000p\000e\000c\000i\000f\000i\000c\000a\000t\000i\000o\000n\000\040\000s\000t\000r\000u\000c\000t\000u\000r\000e}{subsection.0.3.9}% 48
\BOOKMARK [2][-]{subsection.0.3.10}{\376\377\000T\000h\000e\000\040\000E\000D\000I\000:\000\040\000m\000o\000d\000u\000l\000e}{section.0.3}% 49
\BOOKMARK [3][-]{subsubsection.0.3.10.1}{\376\377\000D\000a\000t\000a\000\040\000i\000n\000p\000u\000t\000\040\000f\000o\000r\000\040\000m\000o\000d\000u\000l\000e\000\040\000E\000D\000I\000:}{subsection.0.3.10}% 50
\BOOKMARK [3][-]{subsubsection.0.3.10.2}{\376\377\000H\000o\000m\000o\000g\000e\000n\000i\000z\000a\000t\000i\000o\000n\000\040\000a\000n\000d\000\040\000c\000o\000n\000d\000e\000n\000s\000a\000t\000i\000o\000n\000\040\000w\000i\000t\000h\000\040\000t\000h\000e\000\040\000f\000l\000u\000x}{subsection.0.3.10}% 51
\BOOKMARK [3][-]{subsubsection.0.3.10.3}{\376\377\000H\000o\000m\000o\000g\000e\000n\000i\000z\000a\000t\000i\000o\000n\000\040\000a\000n\000d\000\040\000c\000o\000n\000d\000e\000n\000s\000a\000t\000i\000o\000n\000\040\000w\000i\000t\000h\000\040\000t\000h\000e\000\040\000f\000l\000u\000x\000\040\000a\000n\000d\000\040\000a\000d\000j\000o\000i\000n\000t\000\040\000f\000l\000u\000x}{subsection.0.3.10}% 52
\BOOKMARK [2][-]{subsection.0.3.11}{\376\377\000T\000h\000e\000\040\000E\000V\000O\000:\000\040\000m\000o\000d\000u\000l\000e}{section.0.3}% 53
\BOOKMARK [3][-]{subsubsection.0.3.11.1}{\376\377\000D\000a\000t\000a\000\040\000i\000n\000p\000u\000t\000\040\000f\000o\000r\000\040\000m\000o\000d\000u\000l\000e\000\040\000E\000V\000O\000:}{subsection.0.3.11}% 54
\BOOKMARK [3][-]{subsubsection.0.3.11.2}{\376\377\000P\000o\000w\000e\000r\000\040\000n\000o\000r\000m\000a\000l\000i\000z\000a\000t\000i\000o\000n\000\040\000i\000n\000\040\000E\000V\000O\000:}{subsection.0.3.11}% 55
\BOOKMARK [2][-]{subsection.0.3.12}{\376\377\000T\000h\000e\000\040\000S\000P\000H\000:\000\040\000m\000o\000d\000u\000l\000e}{section.0.3}% 56
\BOOKMARK [3][-]{subsubsection.0.3.12.1}{\376\377\000D\000a\000t\000a\000\040\000i\000n\000p\000u\000t\000\040\000f\000o\000r\000\040\000m\000o\000d\000u\000l\000e\000\040\000S\000P\000H\000:}{subsection.0.3.12}% 57
\BOOKMARK [3][-]{subsubsection.0.3.12.2}{\376\377\000S\000p\000e\000c\000i\000f\000i\000c\000a\000t\000i\000o\000n\000\040\000f\000o\000r\000\040\000t\000h\000e\000\040\000t\000y\000p\000e\000\040\000o\000f\000\040\000e\000q\000u\000i\000v\000a\000l\000e\000n\000c\000e\000\040\000c\000a\000l\000c\000u\000l\000a\000t\000i\000o\000n}{subsection.0.3.12}% 58
\BOOKMARK [2][-]{subsection.0.3.13}{\376\377\000T\000h\000e\000\040\000C\000F\000C\000:\000\040\000m\000o\000d\000u\000l\000e}{section.0.3}% 59
\BOOKMARK [3][-]{subsubsection.0.3.13.1}{\376\377\000D\000a\000t\000a\000\040\000i\000n\000p\000u\000t\000\040\000f\000o\000r\000\040\000m\000o\000d\000u\000l\000e\000\040\000C\000F\000C\000:}{subsection.0.3.13}% 60
\BOOKMARK [2][-]{subsection.0.3.14}{\376\377\000T\000h\000e\000\040\000I\000N\000F\000O\000:\000\040\000m\000o\000d\000u\000l\000e}{section.0.3}% 61
\BOOKMARK [3][-]{subsubsection.0.3.14.1}{\376\377\000D\000a\000t\000a\000\040\000i\000n\000p\000u\000t\000\040\000f\000o\000r\000\040\000m\000o\000d\000u\000l\000e\000\040\000I\000N\000F\000O\000:}{subsection.0.3.14}% 62
\BOOKMARK [2][-]{subsection.0.3.15}{\376\377\000T\000h\000e\000\040\000M\000R\000G\000:\000\040\000m\000o\000d\000u\000l\000e}{section.0.3}% 63
\BOOKMARK [3][-]{subsubsection.0.3.15.1}{\376\377\000D\000a\000t\000a\000\040\000i\000n\000p\000u\000t\000\040\000f\000o\000r\000\040\000g\000e\000o\000m\000e\000t\000r\000y\000\040\000p\000r\000e\000-\000h\000o\000m\000o\000g\000e\000n\000i\000z\000a\000t\000i\000o\000n}{subsection.0.3.15}% 64
\BOOKMARK [3][-]{subsubsection.0.3.15.2}{\376\377\000D\000a\000t\000a\000\040\000i\000n\000p\000u\000t\000\040\000f\000o\000r\000\040\000t\000r\000a\000c\000k\000i\000n\000g\000\040\000f\000i\000l\000e\000\040\000p\000a\000r\000t\000i\000t\000i\000o\000n\000i\000n\000g}{subsection.0.3.15}% 65
\BOOKMARK [2][-]{subsection.0.3.16}{\376\377\000T\000h\000e\000\040\000C\000O\000M\000P\000O\000:\000\040\000m\000o\000d\000u\000l\000e}{section.0.3}% 66
\BOOKMARK [3][-]{subsubsection.0.3.16.1}{\376\377\000I\000n\000i\000t\000i\000a\000l\000i\000z\000a\000t\000i\000o\000n\000\040\000d\000a\000t\000a\000\040\000i\000n\000p\000u\000t\000\040\000f\000o\000r\000\040\000m\000o\000d\000u\000l\000e\000\040\000C\000O\000M\000P\000O\000:}{subsection.0.3.16}% 67
\BOOKMARK [3][-]{subsubsection.0.3.16.2}{\376\377\000M\000o\000d\000i\000f\000i\000c\000a\000t\000i\000o\000n\000\040\000d\000a\000t\000a\000\040\000i\000n\000p\000u\000t\000\040\000f\000o\000r\000\040\000m\000o\000d\000u\000l\000e\000\040\000C\000O\000M\000P\000O\000:}{subsection.0.3.16}% 68
\BOOKMARK [3][-]{subsubsection.0.3.16.3}{\376\377\000M\000o\000d\000i\000f\000i\000c\000a\000t\000i\000o\000n\000\040\000\050\000c\000a\000t\000e\000n\000a\000t\000e\000\051\000\040\000d\000a\000t\000a\000\040\000i\000n\000p\000u\000t\000\040\000f\000o\000r\000\040\000m\000o\000d\000u\000l\000e\000\040\000C\000O\000M\000P\000O\000:}{subsection.0.3.16}% 69
\BOOKMARK [3][-]{subsubsection.0.3.16.4}{\376\377\000D\000i\000s\000p\000l\000a\000y\000\040\000d\000a\000t\000a\000\040\000i\000n\000p\000u\000t\000\040\000f\000o\000r\000\040\000m\000o\000d\000u\000l\000e\000\040\000C\000O\000M\000P\000O\000:}{subsection.0.3.16}% 70
\BOOKMARK [2][-]{subsection.0.3.17}{\376\377\000T\000h\000e\000\040\000T\000L\000M\000:\000\040\000m\000o\000d\000u\000l\000e}{section.0.3}% 71
\BOOKMARK [3][-]{subsubsection.0.3.17.1}{\376\377\000D\000a\000t\000a\000\040\000i\000n\000p\000u\000t\000\040\000f\000o\000r\000\040\000m\000o\000d\000u\000l\000e\000\040\000T\000L\000M\000:}{subsection.0.3.17}% 72
\BOOKMARK [2][-]{subsection.0.3.18}{\376\377\000T\000h\000e\000\040\000M\0002\000T\000:\000\040\000m\000o\000d\000u\000l\000e}{section.0.3}% 73
\BOOKMARK [3][-]{subsubsection.0.3.18.1}{\376\377\000D\000a\000t\000a\000\040\000i\000n\000p\000u\000t\000\040\000f\000o\000r\000\040\000m\000o\000d\000u\000l\000e\000\040\000M\0002\000T\000:}{subsection.0.3.18}% 74
\BOOKMARK [2][-]{subsection.0.3.19}{\376\377\000T\000h\000e\000\040\000C\000H\000A\000B\000:\000\040\000m\000o\000d\000u\000l\000e}{section.0.3}% 75
\BOOKMARK [3][-]{subsubsection.0.3.19.1}{\376\377\000D\000a\000t\000a\000\040\000i\000n\000p\000u\000t\000\040\000f\000o\000r\000\040\000m\000o\000d\000u\000l\000e\000\040\000C\000H\000A\000B\000:}{subsection.0.3.19}% 76
\BOOKMARK [2][-]{subsection.0.3.20}{\376\377\000T\000h\000e\000\040\000C\000P\000O\000:\000\040\000m\000o\000d\000u\000l\000e}{section.0.3}% 77
\BOOKMARK [3][-]{subsubsection.0.3.20.1}{\376\377\000D\000a\000t\000a\000\040\000i\000n\000p\000u\000t\000\040\000f\000o\000r\000\040\000m\000o\000d\000u\000l\000e\000\040\000C\000P\000O\000:}{subsection.0.3.20}% 78
\BOOKMARK [2][-]{subsection.0.3.21}{\376\377\000T\000h\000e\000\040\000S\000A\000P\000:\000\040\000m\000o\000d\000u\000l\000e}{section.0.3}% 79
\BOOKMARK [3][-]{subsubsection.0.3.21.1}{\376\377\000I\000n\000i\000t\000i\000a\000l\000i\000z\000a\000t\000i\000o\000n\000\040\000d\000a\000t\000a\000\040\000i\000n\000p\000u\000t\000\040\000f\000o\000r\000\040\000m\000o\000d\000u\000l\000e\000\040\000S\000A\000P\000:}{subsection.0.3.21}% 80
\BOOKMARK [3][-]{subsubsection.0.3.21.2}{\376\377\000M\000o\000d\000i\000f\000i\000c\000a\000t\000i\000o\000n\000\040\000d\000a\000t\000a\000\040\000i\000n\000p\000u\000t\000\040\000f\000o\000r\000\040\000m\000o\000d\000u\000l\000e\000\040\000S\000A\000P\000:}{subsection.0.3.21}% 81
\BOOKMARK [3][-]{subsubsection.0.3.21.3}{\376\377\000M\000o\000d\000i\000f\000i\000c\000a\000t\000i\000o\000n\000\040\000\050\000c\000a\000t\000e\000n\000a\000t\000e\000\051\000\040\000d\000a\000t\000a\000\040\000i\000n\000p\000u\000t\000\040\000f\000o\000r\000\040\000m\000o\000d\000u\000l\000e\000\040\000S\000A\000P\000:}{subsection.0.3.21}% 82
\BOOKMARK [2][-]{subsection.0.3.22}{\376\377\000T\000h\000e\000\040\000M\000C\000:\000\040\000m\000o\000d\000u\000l\000e}{section.0.3}% 83
\BOOKMARK [3][-]{subsubsection.0.3.22.1}{\376\377\000D\000a\000t\000a\000\040\000i\000n\000p\000u\000t\000\040\000f\000o\000r\000\040\000m\000o\000d\000u\000l\000e\000\040\000M\000C\000:}{subsection.0.3.22}% 84
\BOOKMARK [2][-]{subsection.0.3.23}{\376\377\000T\000h\000e\000\040\000T\000:\000\040\000m\000o\000d\000u\000l\000e}{section.0.3}% 85
\BOOKMARK [2][-]{subsection.0.3.24}{\376\377\000T\000h\000e\000\040\000D\000M\000A\000C\000:\000\040\000m\000o\000d\000u\000l\000e}{section.0.3}% 86
\BOOKMARK [3][-]{subsubsection.0.3.24.1}{\376\377\000D\000a\000t\000a\000\040\000i\000n\000p\000u\000t\000\040\000f\000o\000r\000\040\000m\000o\000d\000u\000l\000e\000\040\000D\000M\000A\000C\000:}{subsection.0.3.24}% 87
\BOOKMARK [2][-]{subsection.0.3.25}{\376\377\000T\000h\000e\000\040\000S\000E\000N\000S\000:\000\040\000m\000o\000d\000u\000l\000e}{section.0.3}% 88
\BOOKMARK [3][-]{subsubsection.0.3.25.1}{\376\377\000D\000a\000t\000a\000\040\000i\000n\000p\000u\000t\000\040\000f\000o\000r\000\040\000m\000o\000d\000u\000l\000e\000\040\000S\000E\000N\000S\000:}{subsection.0.3.25}% 89
\BOOKMARK [2][-]{subsection.0.3.26}{\376\377\000T\000h\000e\000\040\000D\000U\000O\000:\000\040\000m\000o\000d\000u\000l\000e}{section.0.3}% 90
\BOOKMARK [3][-]{subsubsection.0.3.26.1}{\376\377\000D\000a\000t\000a\000\040\000i\000n\000p\000u\000t\000\040\000f\000o\000r\000\040\000m\000o\000d\000u\000l\000e\000\040\000D\000U\000O\000:}{subsection.0.3.26}% 91
\BOOKMARK [3][-]{subsubsection.0.3.26.2}{\376\377\000T\000h\000e\000o\000r\000y}{subsection.0.3.26}% 92
\BOOKMARK [2][-]{subsection.0.3.27}{\376\377\000T\000h\000e\000\040\000S\0002\000M\000:\000\040\000m\000o\000d\000u\000l\000e}{section.0.3}% 93
\BOOKMARK [3][-]{subsubsection.0.3.27.1}{\376\377\000D\000a\000t\000a\000\040\000i\000n\000p\000u\000t\000\040\000f\000o\000r\000\040\000m\000o\000d\000u\000l\000e\000\040\000S\0002\000M\000:}{subsection.0.3.27}% 94
\BOOKMARK [2][-]{subsection.0.3.28}{\376\377\000T\000h\000e\000\040\000F\000M\000T\000:\000\040\000m\000o\000d\000u\000l\000e}{section.0.3}% 95
\BOOKMARK [2][-]{subsection.0.3.29}{\376\377\000T\000h\000e\000\040\000F\000M\000A\000C\000:\000\040\000m\000o\000d\000u\000l\000e}{section.0.3}% 96
\BOOKMARK [3][-]{subsubsection.0.3.29.1}{\376\377\000D\000a\000t\000a\000\040\000i\000n\000p\000u\000t\000\040\000f\000o\000r\000\040\000m\000o\000d\000u\000l\000e\000\040\000F\000M\000A\000C\000:}{subsection.0.3.29}% 97
\BOOKMARK [2][-]{subsection.0.3.30}{\376\377\000T\000h\000e\000\040\000P\000S\000O\000U\000R\000:\000\040\000m\000o\000d\000u\000l\000e}{section.0.3}% 98
\BOOKMARK [3][-]{subsubsection.0.3.30.1}{\376\377\000D\000a\000t\000a\000\040\000i\000n\000p\000u\000t\000\040\000f\000o\000r\000\040\000m\000o\000d\000u\000l\000e\000\040\000P\000S\000O\000U\000R\000:}{subsection.0.3.30}% 99
\BOOKMARK [2][-]{subsection.0.3.31}{\376\377\000T\000h\000e\000\040\000H\000E\000A\000T\000:\000\040\000m\000o\000d\000u\000l\000e}{section.0.3}% 100
\BOOKMARK [3][-]{subsubsection.0.3.31.1}{\376\377\000D\000a\000t\000a\000\040\000i\000n\000p\000u\000t\000\040\000f\000o\000r\000\040\000m\000o\000d\000u\000l\000e\000\040\000H\000E\000A\000T\000:}{subsection.0.3.31}% 101
\BOOKMARK [2][-]{subsection.0.3.32}{\376\377\000T\000h\000e\000\040\000P\000S\000P\000:\000\040\000m\000o\000d\000u\000l\000e}{section.0.3}% 102
\BOOKMARK [3][-]{subsubsection.0.3.32.1}{\376\377\000D\000a\000t\000a\000\040\000i\000n\000p\000u\000t\000\040\000f\000o\000r\000\040\000m\000o\000d\000u\000l\000e\000\040\000P\000S\000P\000:}{subsection.0.3.32}% 103
\BOOKMARK [1][-]{section.0.4}{\376\377\000T\000H\000E\000\040\000S\000A\000L\000O\000M\000E\000-\000R\000E\000L\000A\000T\000E\000D\000\040\000M\000O\000D\000U\000L\000E\000S\000\040}{}% 104
\BOOKMARK [2][-]{subsection.0.4.1}{\376\377\000T\000h\000e\000\040\000G\0002\000S\000:\000\040\000m\000o\000d\000u\000l\000e}{section.0.4}% 105
\BOOKMARK [3][-]{subsubsection.0.4.1.1}{\376\377\000D\000a\000t\000a\000\040\000i\000n\000p\000u\000t\000\040\000f\000o\000r\000\040\000m\000o\000d\000u\000l\000e\000\040\000G\0002\000S\000:}{subsection.0.4.1}% 106
\BOOKMARK [2][-]{subsection.0.4.2}{\376\377\000T\000h\000e\000\040\000G\0002\000M\000C\000:\000\040\000m\000o\000d\000u\000l\000e}{section.0.4}% 107
\BOOKMARK [2][-]{subsection.0.4.3}{\376\377\000T\000h\000e\000\040\000S\000A\000L\000T\000:\000\040\000t\000r\000a\000c\000k\000i\000n\000g\000\040\000m\000o\000d\000u\000l\000e}{section.0.4}% 108
\BOOKMARK [1][-]{section.0.5}{\376\377\000T\000H\000E\000\040\000U\000T\000I\000L\000I\000T\000Y\000\040\000M\000O\000D\000U\000L\000E\000S\000\040}{}% 109
\BOOKMARK [2][-]{subsection.0.5.1}{\376\377\000T\000h\000e\000\040\000e\000q\000u\000a\000l\000i\000t\000y\000\040\000m\000o\000d\000u\000l\000e}{section.0.5}% 110
\BOOKMARK [2][-]{subsection.0.5.2}{\376\377\000T\000h\000e\000\040\000U\000T\000L\000:\000\040\000m\000o\000d\000u\000l\000e}{section.0.5}% 111
\BOOKMARK [2][-]{subsection.0.5.3}{\376\377\000T\000h\000e\000\040\000D\000E\000L\000E\000T\000E\000:\000\040\000m\000o\000d\000u\000l\000e}{section.0.5}% 112
\BOOKMARK [2][-]{subsection.0.5.4}{\376\377\000T\000h\000e\000\040\000B\000A\000C\000K\000U\000P\000:\000\040\000m\000o\000d\000u\000l\000e}{section.0.5}% 113
\BOOKMARK [2][-]{subsection.0.5.5}{\376\377\000T\000h\000e\000\040\000R\000E\000C\000O\000V\000E\000R\000:\000\040\000m\000o\000d\000u\000l\000e}{section.0.5}% 114
\BOOKMARK [2][-]{subsection.0.5.6}{\376\377\000T\000h\000e\000\040\000A\000D\000D\000:\000\040\000m\000o\000d\000u\000l\000e}{section.0.5}% 115
\BOOKMARK [2][-]{subsection.0.5.7}{\376\377\000T\000h\000e\000\040\000M\000P\000X\000:\000\040\000m\000o\000d\000u\000l\000e}{section.0.5}% 116
\BOOKMARK [2][-]{subsection.0.5.8}{\376\377\000T\000h\000e\000\040\000S\000T\000A\000T\000:\000\040\000m\000o\000d\000u\000l\000e}{section.0.5}% 117
\BOOKMARK [2][-]{subsection.0.5.9}{\376\377\000T\000h\000e\000\040\000G\000R\000E\000P\000:\000\040\000m\000o\000d\000u\000l\000e}{section.0.5}% 118
\BOOKMARK [2][-]{subsection.0.5.10}{\376\377\000T\000h\000e\000\040\000M\000S\000T\000R\000\040\000m\000o\000d\000u\000l\000e}{section.0.5}% 119
\BOOKMARK [2][-]{subsection.0.5.11}{\376\377\000T\000h\000e\000\040\000F\000I\000N\000D\0000\000:\000\040\000m\000o\000d\000u\000l\000e}{section.0.5}% 120
\BOOKMARK [2][-]{subsection.0.5.12}{\376\377\000T\000h\000e\000\040\000A\000B\000O\000R\000T\000:\000\040\000m\000o\000d\000u\000l\000e}{section.0.5}% 121
\BOOKMARK [2][-]{subsection.0.5.13}{\376\377\000T\000h\000e\000\040\000E\000N\000D\000:\000\040\000m\000o\000d\000u\000l\000e}{section.0.5}% 122
\BOOKMARK [1][-]{section.0.6}{\376\377\000T\000H\000E\000\040\000M\000P\000I\000\040\000M\000O\000D\000U\000L\000E\000S\000\040}{}% 123
\BOOKMARK [2][-]{subsection.0.6.1}{\376\377\000T\000h\000e\000\040\000D\000R\000V\000M\000P\000I\000:\000\040\000m\000o\000d\000u\000l\000e}{section.0.6}% 124
\BOOKMARK [2][-]{subsection.0.6.2}{\376\377\000T\000h\000e\000\040\000S\000N\000D\000M\000P\000I\000:\000\040\000m\000o\000d\000u\000l\000e}{section.0.6}% 125
\BOOKMARK [1][-]{section.0.7}{\376\377\000E\000X\000A\000M\000P\000L\000E\000S\000\040}{}% 126
\BOOKMARK [2][-]{subsection.0.7.1}{\376\377\000S\000c\000a\000t\000t\000e\000r\000i\000n\000g\000\040\000c\000r\000o\000s\000s\000\040\000s\000e\000c\000t\000i\000o\000n\000s}{section.0.7}% 127
\BOOKMARK [2][-]{subsection.0.7.2}{\376\377\000G\000e\000o\000m\000e\000t\000r\000i\000e\000s}{section.0.7}% 128
